[0.040s] Invoking command in '/home/monica/ros2_pelota/build/xolobot_arm_server': AMENT_PREFIX_PATH=/home/monica/ros2_pelota/install/linkattacher_msgs:${AMENT_PREFIX_PATH} CMAKE_PREFIX_PATH=/home/monica/ros2_pelota/install/linkattacher_msgs:/home/monica/ros2_ws/install/xolobot_control:/home/monica/ros2_ws/install/xolobot_arm_server:/home/monica/ros2_ws/install/xolobot_arm:/opt/ros/iron LD_LIBRARY_PATH=/home/monica/ros2_pelota/install/linkattacher_msgs/lib:${LD_LIBRARY_PATH} PYTHONPATH=/home/monica/ros2_pelota/install/linkattacher_msgs/lib/python3.10/site-packages:${PYTHONPATH} /usr/bin/cmake /home/monica/ros2_pelota/src/xolobot_arm_server -DCMAKE_INSTALL_PREFIX=/home/monica/ros2_pelota/install/xolobot_arm_server
[0.232s] -- The C compiler identification is GNU 11.4.0
[0.498s] -- The CXX compiler identification is GNU 11.4.0
[0.526s] -- Detecting C compiler ABI info
[0.772s] -- Detecting C compiler ABI info - done
[0.814s] -- Check for working C compiler: /usr/bin/cc - skipped
[0.815s] -- Detecting C compile features
[0.816s] -- Detecting C compile features - done
[0.824s] -- Detecting CXX compiler ABI info
[1.134s] -- Detecting CXX compiler ABI info - done
[1.161s] -- Check for working CXX compiler: /usr/bin/c++ - skipped
[1.162s] -- Detecting CXX compile features
[1.163s] -- Detecting CXX compile features - done
[1.173s] -- Found ament_cmake: 2.0.7 (/opt/ros/iron/share/ament_cmake/cmake)
[1.769s] -- Found Python3: /usr/bin/python3.10 (found version "3.10.12") found components: Interpreter 
[2.090s] -- Found rclcpp: 21.0.8 (/opt/ros/iron/share/rclcpp/cmake)
[2.243s] -- Found rosidl_generator_c: 4.0.1 (/opt/ros/iron/share/rosidl_generator_c/cmake)
[2.287s] -- Found rosidl_generator_cpp: 4.0.1 (/opt/ros/iron/share/rosidl_generator_cpp/cmake)
[2.357s] -- Using all available rosidl_typesupport_c: rosidl_typesupport_fastrtps_c;rosidl_typesupport_introspection_c
[2.427s] -- Using all available rosidl_typesupport_cpp: rosidl_typesupport_fastrtps_cpp;rosidl_typesupport_introspection_cpp
[3.263s] -- Found rmw_implementation_cmake: 7.1.0 (/opt/ros/iron/share/rmw_implementation_cmake/cmake)
[3.273s] -- Found rmw_fastrtps_cpp: 7.1.4 (/opt/ros/iron/share/rmw_fastrtps_cpp/cmake)
[3.671s] -- Found OpenSSL: /usr/lib/x86_64-linux-gnu/libcrypto.so (found version "3.0.2")  
[3.756s] -- Found FastRTPS: /opt/ros/iron/include  
[3.902s] -- Using RMW implementation 'rmw_fastrtps_cpp' as default
[4.665s] -- Found gazebo_msgs: 3.7.0 (/opt/ros/iron/share/gazebo_msgs/cmake)
[7.221s] -- Found gazebo_ros: 3.7.0 (/opt/ros/iron/share/gazebo_ros/cmake)
[7.267s] -- Found PkgConfig: /usr/bin/pkg-config (found version "0.29.2") 
[7.271s] -- Checking for module 'bullet>=2.82'
[7.314s] --   Found bullet, version 3.05
[7.656s] -- Found fcl: /usr/include (found suitable version "0.7.0", minimum required is "0.5.0") 
[7.821s] -- Found assimp: /usr/include (found version "5.2.0") 
[7.886s] -- Found DART: /usr/include (Required is at least version "6.6") found components: dart 
[8.480s] -- Found Boost: /usr/lib/x86_64-linux-gnu/cmake/Boost-1.74.0/BoostConfig.cmake (found suitable version "1.74.0", minimum required is "1.40.0") found components: thread system filesystem program_options regex iostreams date_time 
[8.529s] -- Found Protobuf: /usr/lib/x86_64-linux-gnu/libprotobuf.so (found version "3.12.4") 
[8.550s] -- Looking for ignition-math6 -- found version 6.15.1
[8.568s] -- Searching for dependencies of ignition-math6
[8.573s] -- Looking for OGRE...
[8.575s] -- OGRE_PREFIX_WATCH changed.
[8.591s] -- Checking for module 'OGRE'
[8.633s] --   Found OGRE, version 1.9.0
[8.745s] -- Found Ogre Ghadamon (1.9.0)
[8.776s] -- Found OGRE: optimized;/usr/lib/x86_64-linux-gnu/libOgreMain.so;debug;/usr/lib/x86_64-linux-gnu/libOgreMain.so
[8.810s] -- Looking for OGRE_Paging...
[8.826s] -- Found OGRE_Paging: optimized;/usr/lib/x86_64-linux-gnu/libOgrePaging.so;debug;/usr/lib/x86_64-linux-gnu/libOgrePaging.so
[8.827s] -- Looking for OGRE_Terrain...
[8.845s] -- Found OGRE_Terrain: optimized;/usr/lib/x86_64-linux-gnu/libOgreTerrain.so;debug;/usr/lib/x86_64-linux-gnu/libOgreTerrain.so
[8.846s] -- Looking for OGRE_Property...
[8.865s] -- Found OGRE_Property: optimized;/usr/lib/x86_64-linux-gnu/libOgreProperty.so;debug;/usr/lib/x86_64-linux-gnu/libOgreProperty.so
[8.868s] -- Looking for OGRE_RTShaderSystem...
[8.894s] -- Found OGRE_RTShaderSystem: optimized;/usr/lib/x86_64-linux-gnu/libOgreRTShaderSystem.so;debug;/usr/lib/x86_64-linux-gnu/libOgreRTShaderSystem.so
[8.894s] -- Looking for OGRE_Volume...
[8.915s] -- Found OGRE_Volume: optimized;/usr/lib/x86_64-linux-gnu/libOgreVolume.so;debug;/usr/lib/x86_64-linux-gnu/libOgreVolume.so
[8.916s] -- Looking for OGRE_Overlay...
[8.932s] -- Found OGRE_Overlay: optimized;/usr/lib/x86_64-linux-gnu/libOgreOverlay.so;debug;/usr/lib/x86_64-linux-gnu/libOgreOverlay.so
[9.427s] -- Looking for ignition-math6 -- found version 6.15.1
[9.435s] -- Looking for ignition-transport8 -- found version 8.2.1
[9.436s] -- Searching for dependencies of ignition-transport8
[9.491s] -- Found Protobuf: /usr/lib/x86_64-linux-gnu/libprotobuf.so (found suitable version "3.12.4", minimum required is "3") 
[9.525s] -- Config-file not installed for ZeroMQ -- checking for pkg-config
[9.543s] -- Checking for module 'libzmq >= 4'
[9.586s] --   Found libzmq , version 4.3.4
[9.711s] -- Found ZeroMQ: TRUE (Required is at least version "4") 
[9.730s] -- Checking for module 'uuid'
[9.770s] --   Found uuid, version 2.37.2
[9.871s] -- Found UUID: TRUE  
[9.880s] -- Looking for ignition-msgs5 -- found version 5.8.1
[9.889s] -- Searching for dependencies of ignition-msgs5
[9.950s] -- Looking for ignition-math6 -- found version 6.15.1
[9.969s] -- Checking for module 'tinyxml2'
[10.017s] --   Found tinyxml2, version 9.0.0
[10.144s] -- Looking for ignition-msgs5 -- found version 5.8.1
[10.153s] -- Looking for ignition-common3 -- found version 3.14.0
[10.155s] -- Searching for dependencies of ignition-common3
[10.157s] -- Looking for dlfcn.h - found
[10.160s] -- Looking for libdl - found
[10.167s] -- Found DL: TRUE  
[10.210s] -- Found tinyobjloader: /usr/lib/x86_64-linux-gnu/cmake/tinyobjloader/tinyobjloader-config.cmake (found version "2.0.0") 
[10.212s] -- Searching for <ignition-common3> component [graphics]
[10.224s] -- Looking for ignition-common3-graphics -- found version 3.14.0
[10.226s] -- Searching for dependencies of ignition-common3-graphics
[10.228s] -- Looking for ignition-math6 -- found version 6.15.1
[10.239s] -- Looking for ignition-fuel_tools4 -- found version 4.4.0
[10.240s] -- Searching for dependencies of ignition-fuel_tools4
[10.502s] -- Found CURL: /usr/lib/x86_64-linux-gnu/libcurl.so (found version "7.81.0")  
[10.540s] -- Checking for module 'jsoncpp'
[10.582s] --   Found jsoncpp, version 1.9.5
[10.717s] -- Found JSONCPP: TRUE  
[10.740s] -- Checking for module 'libzip'
[10.783s] --   Found libzip, version 1.7.3
[10.914s] -- Found ZIP: TRUE  
[10.916s] -- Looking for ignition-common3 -- found version 3.14.0
[10.917s] -- Looking for ignition-math6 -- found version 6.15.1
[10.920s] -- Looking for ignition-msgs5 -- found version 5.8.1
[10.932s] -- Gazebo version: 11.10
[10.934s] -- Checking for module 'tbb'
[10.978s] --   Found tbb, version 2021.5.0
[11.125s] -- Found gazebo_ros2_control: 0.6.8 (/opt/ros/iron/share/gazebo_ros2_control/cmake)
[15.922s] -- Found linkattacher_msgs: 0.0.0 (/home/monica/ros2_pelota/install/linkattacher_msgs/share/linkattacher_msgs/cmake)
[16.367s] -- Configuring done
[18.599s] -- Generating done
[18.676s] -- Build files have been written to: /home/monica/ros2_pelota/build/xolobot_arm_server
[18.728s] Invoked command in '/home/monica/ros2_pelota/build/xolobot_arm_server' returned '0': AMENT_PREFIX_PATH=/home/monica/ros2_pelota/install/linkattacher_msgs:${AMENT_PREFIX_PATH} CMAKE_PREFIX_PATH=/home/monica/ros2_pelota/install/linkattacher_msgs:/home/monica/ros2_ws/install/xolobot_control:/home/monica/ros2_ws/install/xolobot_arm_server:/home/monica/ros2_ws/install/xolobot_arm:/opt/ros/iron LD_LIBRARY_PATH=/home/monica/ros2_pelota/install/linkattacher_msgs/lib:${LD_LIBRARY_PATH} PYTHONPATH=/home/monica/ros2_pelota/install/linkattacher_msgs/lib/python3.10/site-packages:${PYTHONPATH} /usr/bin/cmake /home/monica/ros2_pelota/src/xolobot_arm_server -DCMAKE_INSTALL_PREFIX=/home/monica/ros2_pelota/install/xolobot_arm_server
[18.732s] Invoking command in '/home/monica/ros2_pelota/build/xolobot_arm_server': AMENT_PREFIX_PATH=/home/monica/ros2_pelota/install/linkattacher_msgs:${AMENT_PREFIX_PATH} CMAKE_PREFIX_PATH=/home/monica/ros2_pelota/install/linkattacher_msgs:/home/monica/ros2_ws/install/xolobot_control:/home/monica/ros2_ws/install/xolobot_arm_server:/home/monica/ros2_ws/install/xolobot_arm:/opt/ros/iron LD_LIBRARY_PATH=/home/monica/ros2_pelota/install/linkattacher_msgs/lib:${LD_LIBRARY_PATH} PYTHONPATH=/home/monica/ros2_pelota/install/linkattacher_msgs/lib/python3.10/site-packages:${PYTHONPATH} /usr/bin/cmake --build /home/monica/ros2_pelota/build/xolobot_arm_server -- -j2 -l2
[19.070s] [ 33%] [32mBuilding CXX object CMakeFiles/xolobot_arm_server.dir/src/startServerNode.cpp.o[0m
[33.522s] [ 66%] [32mBuilding CXX object CMakeFiles/xolobot_arm_server.dir/src/SimulationController.cpp.o[0m
[66.109s] [100%] [32m[1mLinking CXX executable xolobot_arm_server[0m
[93.588s] [100%] Built target xolobot_arm_server
[93.651s] Invoked command in '/home/monica/ros2_pelota/build/xolobot_arm_server' returned '0': AMENT_PREFIX_PATH=/home/monica/ros2_pelota/install/linkattacher_msgs:${AMENT_PREFIX_PATH} CMAKE_PREFIX_PATH=/home/monica/ros2_pelota/install/linkattacher_msgs:/home/monica/ros2_ws/install/xolobot_control:/home/monica/ros2_ws/install/xolobot_arm_server:/home/monica/ros2_ws/install/xolobot_arm:/opt/ros/iron LD_LIBRARY_PATH=/home/monica/ros2_pelota/install/linkattacher_msgs/lib:${LD_LIBRARY_PATH} PYTHONPATH=/home/monica/ros2_pelota/install/linkattacher_msgs/lib/python3.10/site-packages:${PYTHONPATH} /usr/bin/cmake --build /home/monica/ros2_pelota/build/xolobot_arm_server -- -j2 -l2
[93.658s] Invoking command in '/home/monica/ros2_pelota/build/xolobot_arm_server': AMENT_PREFIX_PATH=/home/monica/ros2_pelota/install/linkattacher_msgs:${AMENT_PREFIX_PATH} CMAKE_PREFIX_PATH=/home/monica/ros2_pelota/install/linkattacher_msgs:/home/monica/ros2_ws/install/xolobot_control:/home/monica/ros2_ws/install/xolobot_arm_server:/home/monica/ros2_ws/install/xolobot_arm:/opt/ros/iron LD_LIBRARY_PATH=/home/monica/ros2_pelota/install/linkattacher_msgs/lib:${LD_LIBRARY_PATH} PYTHONPATH=/home/monica/ros2_pelota/install/linkattacher_msgs/lib/python3.10/site-packages:${PYTHONPATH} /usr/bin/cmake --install /home/monica/ros2_pelota/build/xolobot_arm_server
[93.675s] -- Install configuration: ""
[93.675s] -- Installing: /home/monica/ros2_pelota/install/xolobot_arm_server/lib/xolobot_arm_server/xolobot_arm_server
[93.695s] -- Set runtime path of "/home/monica/ros2_pelota/install/xolobot_arm_server/lib/xolobot_arm_server/xolobot_arm_server" to ""
[93.695s] -- Installing: /home/monica/ros2_pelota/install/xolobot_arm_server/share/ament_index/resource_index/package_run_dependencies/xolobot_arm_server
[93.696s] -- Installing: /home/monica/ros2_pelota/install/xolobot_arm_server/share/ament_index/resource_index/parent_prefix_path/xolobot_arm_server
[93.697s] -- Installing: /home/monica/ros2_pelota/install/xolobot_arm_server/share/xolobot_arm_server/environment/ament_prefix_path.sh
[93.697s] -- Installing: /home/monica/ros2_pelota/install/xolobot_arm_server/share/xolobot_arm_server/environment/ament_prefix_path.dsv
[93.698s] -- Installing: /home/monica/ros2_pelota/install/xolobot_arm_server/share/xolobot_arm_server/environment/path.sh
[93.698s] -- Installing: /home/monica/ros2_pelota/install/xolobot_arm_server/share/xolobot_arm_server/environment/path.dsv
[93.698s] -- Installing: /home/monica/ros2_pelota/install/xolobot_arm_server/share/xolobot_arm_server/local_setup.bash
[93.699s] -- Installing: /home/monica/ros2_pelota/install/xolobot_arm_server/share/xolobot_arm_server/local_setup.sh
[93.699s] -- Installing: /home/monica/ros2_pelota/install/xolobot_arm_server/share/xolobot_arm_server/local_setup.zsh
[93.700s] -- Installing: /home/monica/ros2_pelota/install/xolobot_arm_server/share/xolobot_arm_server/local_setup.dsv
[93.700s] -- Installing: /home/monica/ros2_pelota/install/xolobot_arm_server/share/xolobot_arm_server/package.dsv
[93.701s] -- Installing: /home/monica/ros2_pelota/install/xolobot_arm_server/share/ament_index/resource_index/packages/xolobot_arm_server
[93.701s] -- Installing: /home/monica/ros2_pelota/install/xolobot_arm_server/share/xolobot_arm_server/cmake/xolobot_arm_serverConfig.cmake
[93.702s] -- Installing: /home/monica/ros2_pelota/install/xolobot_arm_server/share/xolobot_arm_server/cmake/xolobot_arm_serverConfig-version.cmake
[93.702s] -- Installing: /home/monica/ros2_pelota/install/xolobot_arm_server/share/xolobot_arm_server/package.xml
[93.708s] Invoked command in '/home/monica/ros2_pelota/build/xolobot_arm_server' returned '0': AMENT_PREFIX_PATH=/home/monica/ros2_pelota/install/linkattacher_msgs:${AMENT_PREFIX_PATH} CMAKE_PREFIX_PATH=/home/monica/ros2_pelota/install/linkattacher_msgs:/home/monica/ros2_ws/install/xolobot_control:/home/monica/ros2_ws/install/xolobot_arm_server:/home/monica/ros2_ws/install/xolobot_arm:/opt/ros/iron LD_LIBRARY_PATH=/home/monica/ros2_pelota/install/linkattacher_msgs/lib:${LD_LIBRARY_PATH} PYTHONPATH=/home/monica/ros2_pelota/install/linkattacher_msgs/lib/python3.10/site-packages:${PYTHONPATH} /usr/bin/cmake --install /home/monica/ros2_pelota/build/xolobot_arm_server
