[0.050s] Invoking command in '/home/monica/ros2_pelota/build/linkattacher_msgs': CMAKE_PREFIX_PATH=${CMAKE_PREFIX_PATH}:/opt/ros/iron /usr/bin/cmake --build /home/monica/ros2_pelota/build/linkattacher_msgs -- -j2 -l2
[0.196s] [  2%] Built target linkattacher_msgs__rosidl_generator_type_description
[0.363s] [  2%] Built target ament_cmake_python_copy_linkattacher_msgs
[0.501s] [ 20%] Built target linkattacher_msgs__rosidl_generator_c
[0.569s] [ 22%] Built target linkattacher_msgs__cpp
[1.497s] running egg_info
[1.499s] writing linkattacher_msgs.egg-info/PKG-INFO
[1.500s] writing dependency_links to linkattacher_msgs.egg-info/dependency_links.txt
[1.501s] writing top-level names to linkattacher_msgs.egg-info/top_level.txt
[1.511s] reading manifest file 'linkattacher_msgs.egg-info/SOURCES.txt'
[1.513s] writing manifest file 'linkattacher_msgs.egg-info/SOURCES.txt'
[1.600s] [ 22%] Built target ament_cmake_python_build_linkattacher_msgs_egg
[1.680s] [ 31%] Built target linkattacher_msgs__rosidl_typesupport_fastrtps_c
[1.754s] [ 40%] Built target linkattacher_msgs__rosidl_typesupport_introspection_c
[1.824s] [ 50%] Built target linkattacher_msgs__rosidl_typesupport_c
[1.903s] [ 59%] Built target linkattacher_msgs__rosidl_typesupport_fastrtps_cpp
[1.982s] [ 68%] Built target linkattacher_msgs__rosidl_typesupport_introspection_cpp
[2.055s] [ 77%] Built target linkattacher_msgs__rosidl_typesupport_cpp
[2.124s] [ 77%] Built target linkattacher_msgs
[2.194s] [ 79%] Built target linkattacher_msgs__py
[2.270s] [ 86%] Built target linkattacher_msgs__rosidl_generator_py
[2.343s] [ 90%] Built target linkattacher_msgs__rosidl_typesupport_fastrtps_c__pyext
[2.420s] [ 95%] Built target linkattacher_msgs__rosidl_typesupport_introspection_c__pyext
[2.498s] [100%] Built target linkattacher_msgs__rosidl_typesupport_c__pyext
[2.538s] Invoked command in '/home/monica/ros2_pelota/build/linkattacher_msgs' returned '0': CMAKE_PREFIX_PATH=${CMAKE_PREFIX_PATH}:/opt/ros/iron /usr/bin/cmake --build /home/monica/ros2_pelota/build/linkattacher_msgs -- -j2 -l2
[2.545s] Invoking command in '/home/monica/ros2_pelota/build/linkattacher_msgs': CMAKE_PREFIX_PATH=${CMAKE_PREFIX_PATH}:/opt/ros/iron /usr/bin/cmake --install /home/monica/ros2_pelota/build/linkattacher_msgs
[2.579s] -- Install configuration: ""
[2.580s] -- Up-to-date: /home/monica/ros2_pelota/install/linkattacher_msgs/share/linkattacher_msgs/srv
[2.581s] -- Up-to-date: /home/monica/ros2_pelota/install/linkattacher_msgs/share/linkattacher_msgs/srv/DetachLink.srv
[2.581s] -- Up-to-date: /home/monica/ros2_pelota/install/linkattacher_msgs/share/linkattacher_msgs/srv/AttachLink.srv
[2.582s] -- Up-to-date: /home/monica/ros2_pelota/install/linkattacher_msgs/share/ament_index/resource_index/rosidl_interfaces/linkattacher_msgs
[2.582s] -- Up-to-date: /home/monica/ros2_pelota/install/linkattacher_msgs/share/linkattacher_msgs/srv/AttachLink.json
[2.583s] -- Up-to-date: /home/monica/ros2_pelota/install/linkattacher_msgs/share/linkattacher_msgs/srv/DetachLink.json
[2.584s] -- Up-to-date: /home/monica/ros2_pelota/install/linkattacher_msgs/include/linkattacher_msgs/linkattacher_msgs
[2.584s] -- Up-to-date: /home/monica/ros2_pelota/install/linkattacher_msgs/include/linkattacher_msgs/linkattacher_msgs/srv
[2.585s] -- Up-to-date: /home/monica/ros2_pelota/install/linkattacher_msgs/include/linkattacher_msgs/linkattacher_msgs/srv/attach_link.h
[2.586s] -- Up-to-date: /home/monica/ros2_pelota/install/linkattacher_msgs/include/linkattacher_msgs/linkattacher_msgs/srv/detach_link.h
[2.586s] -- Up-to-date: /home/monica/ros2_pelota/install/linkattacher_msgs/include/linkattacher_msgs/linkattacher_msgs/srv/detail
[2.587s] -- Installing: /home/monica/ros2_pelota/install/linkattacher_msgs/include/linkattacher_msgs/linkattacher_msgs/srv/detail/detach_link__type_support.c
[2.587s] -- Up-to-date: /home/monica/ros2_pelota/install/linkattacher_msgs/include/linkattacher_msgs/linkattacher_msgs/srv/detail/detach_link__functions.c
[2.588s] -- Up-to-date: /home/monica/ros2_pelota/install/linkattacher_msgs/include/linkattacher_msgs/linkattacher_msgs/srv/detail/detach_link__type_support.h
[2.589s] -- Installing: /home/monica/ros2_pelota/install/linkattacher_msgs/include/linkattacher_msgs/linkattacher_msgs/srv/detail/attach_link__type_support.c
[2.589s] -- Up-to-date: /home/monica/ros2_pelota/install/linkattacher_msgs/include/linkattacher_msgs/linkattacher_msgs/srv/detail/detach_link__struct.h
[2.590s] -- Up-to-date: /home/monica/ros2_pelota/install/linkattacher_msgs/include/linkattacher_msgs/linkattacher_msgs/srv/detail/detach_link__functions.h
[2.590s] -- Up-to-date: /home/monica/ros2_pelota/install/linkattacher_msgs/include/linkattacher_msgs/linkattacher_msgs/srv/detail/attach_link__functions.h
[2.591s] -- Up-to-date: /home/monica/ros2_pelota/install/linkattacher_msgs/include/linkattacher_msgs/linkattacher_msgs/srv/detail/detach_link__description.c
[2.591s] -- Up-to-date: /home/monica/ros2_pelota/install/linkattacher_msgs/include/linkattacher_msgs/linkattacher_msgs/srv/detail/attach_link__functions.c
[2.593s] -- Up-to-date: /home/monica/ros2_pelota/install/linkattacher_msgs/include/linkattacher_msgs/linkattacher_msgs/srv/detail/attach_link__struct.h
[2.593s] -- Up-to-date: /home/monica/ros2_pelota/install/linkattacher_msgs/include/linkattacher_msgs/linkattacher_msgs/srv/detail/attach_link__description.c
[2.594s] -- Up-to-date: /home/monica/ros2_pelota/install/linkattacher_msgs/include/linkattacher_msgs/linkattacher_msgs/srv/detail/attach_link__type_support.h
[2.594s] -- Up-to-date: /home/monica/ros2_pelota/install/linkattacher_msgs/include/linkattacher_msgs/linkattacher_msgs/msg
[2.594s] -- Up-to-date: /home/monica/ros2_pelota/install/linkattacher_msgs/include/linkattacher_msgs/linkattacher_msgs/msg/rosidl_generator_c__visibility_control.h
[2.595s] -- Up-to-date: /home/monica/ros2_pelota/install/linkattacher_msgs/share/linkattacher_msgs/environment/library_path.sh
[2.595s] -- Up-to-date: /home/monica/ros2_pelota/install/linkattacher_msgs/share/linkattacher_msgs/environment/library_path.dsv
[2.597s] -- Up-to-date: /home/monica/ros2_pelota/install/linkattacher_msgs/lib/liblinkattacher_msgs__rosidl_generator_c.so
[2.597s] -- Up-to-date: /home/monica/ros2_pelota/install/linkattacher_msgs/include/linkattacher_msgs/linkattacher_msgs
[2.598s] -- Up-to-date: /home/monica/ros2_pelota/install/linkattacher_msgs/include/linkattacher_msgs/linkattacher_msgs/srv
[2.599s] -- Up-to-date: /home/monica/ros2_pelota/install/linkattacher_msgs/include/linkattacher_msgs/linkattacher_msgs/srv/detail
[2.600s] -- Up-to-date: /home/monica/ros2_pelota/install/linkattacher_msgs/include/linkattacher_msgs/linkattacher_msgs/srv/detail/attach_link__rosidl_typesupport_fastrtps_c.h
[2.600s] -- Up-to-date: /home/monica/ros2_pelota/install/linkattacher_msgs/include/linkattacher_msgs/linkattacher_msgs/srv/detail/detach_link__rosidl_typesupport_fastrtps_c.h
[2.601s] -- Up-to-date: /home/monica/ros2_pelota/install/linkattacher_msgs/include/linkattacher_msgs/linkattacher_msgs/msg
[2.602s] -- Up-to-date: /home/monica/ros2_pelota/install/linkattacher_msgs/include/linkattacher_msgs/linkattacher_msgs/msg/rosidl_typesupport_fastrtps_c__visibility_control.h
[2.603s] -- Up-to-date: /home/monica/ros2_pelota/install/linkattacher_msgs/lib/liblinkattacher_msgs__rosidl_typesupport_fastrtps_c.so
[2.605s] -- Up-to-date: /home/monica/ros2_pelota/install/linkattacher_msgs/include/linkattacher_msgs/linkattacher_msgs
[2.605s] -- Up-to-date: /home/monica/ros2_pelota/install/linkattacher_msgs/include/linkattacher_msgs/linkattacher_msgs/srv
[2.606s] -- Up-to-date: /home/monica/ros2_pelota/install/linkattacher_msgs/include/linkattacher_msgs/linkattacher_msgs/srv/detail
[2.606s] -- Installing: /home/monica/ros2_pelota/install/linkattacher_msgs/include/linkattacher_msgs/linkattacher_msgs/srv/detail/detach_link__type_support.c
[2.609s] -- Installing: /home/monica/ros2_pelota/install/linkattacher_msgs/include/linkattacher_msgs/linkattacher_msgs/srv/detail/attach_link__type_support.c
[2.611s] -- Up-to-date: /home/monica/ros2_pelota/install/linkattacher_msgs/include/linkattacher_msgs/linkattacher_msgs/srv/detail/attach_link__rosidl_typesupport_introspection_c.h
[2.611s] -- Up-to-date: /home/monica/ros2_pelota/install/linkattacher_msgs/include/linkattacher_msgs/linkattacher_msgs/srv/detail/detach_link__rosidl_typesupport_introspection_c.h
[2.611s] -- Up-to-date: /home/monica/ros2_pelota/install/linkattacher_msgs/include/linkattacher_msgs/linkattacher_msgs/msg
[2.611s] -- Up-to-date: /home/monica/ros2_pelota/install/linkattacher_msgs/include/linkattacher_msgs/linkattacher_msgs/msg/rosidl_typesupport_introspection_c__visibility_control.h
[2.614s] -- Up-to-date: /home/monica/ros2_pelota/install/linkattacher_msgs/lib/liblinkattacher_msgs__rosidl_typesupport_introspection_c.so
[2.615s] -- Up-to-date: /home/monica/ros2_pelota/install/linkattacher_msgs/lib/liblinkattacher_msgs__rosidl_typesupport_c.so
[2.616s] -- Up-to-date: /home/monica/ros2_pelota/install/linkattacher_msgs/include/linkattacher_msgs/linkattacher_msgs
[2.616s] -- Up-to-date: /home/monica/ros2_pelota/install/linkattacher_msgs/include/linkattacher_msgs/linkattacher_msgs/srv
[2.617s] -- Up-to-date: /home/monica/ros2_pelota/install/linkattacher_msgs/include/linkattacher_msgs/linkattacher_msgs/srv/attach_link.hpp
[2.618s] -- Up-to-date: /home/monica/ros2_pelota/install/linkattacher_msgs/include/linkattacher_msgs/linkattacher_msgs/srv/detach_link.hpp
[2.618s] -- Up-to-date: /home/monica/ros2_pelota/install/linkattacher_msgs/include/linkattacher_msgs/linkattacher_msgs/srv/detail
[2.619s] -- Up-to-date: /home/monica/ros2_pelota/install/linkattacher_msgs/include/linkattacher_msgs/linkattacher_msgs/srv/detail/detach_link__struct.hpp
[2.619s] -- Up-to-date: /home/monica/ros2_pelota/install/linkattacher_msgs/include/linkattacher_msgs/linkattacher_msgs/srv/detail/attach_link__builder.hpp
[2.620s] -- Up-to-date: /home/monica/ros2_pelota/install/linkattacher_msgs/include/linkattacher_msgs/linkattacher_msgs/srv/detail/detach_link__traits.hpp
[2.620s] -- Up-to-date: /home/monica/ros2_pelota/install/linkattacher_msgs/include/linkattacher_msgs/linkattacher_msgs/srv/detail/detach_link__builder.hpp
[2.621s] -- Up-to-date: /home/monica/ros2_pelota/install/linkattacher_msgs/include/linkattacher_msgs/linkattacher_msgs/srv/detail/attach_link__struct.hpp
[2.622s] -- Up-to-date: /home/monica/ros2_pelota/install/linkattacher_msgs/include/linkattacher_msgs/linkattacher_msgs/srv/detail/attach_link__traits.hpp
[2.622s] -- Up-to-date: /home/monica/ros2_pelota/install/linkattacher_msgs/include/linkattacher_msgs/linkattacher_msgs
[2.622s] -- Up-to-date: /home/monica/ros2_pelota/install/linkattacher_msgs/include/linkattacher_msgs/linkattacher_msgs/srv
[2.622s] -- Up-to-date: /home/monica/ros2_pelota/install/linkattacher_msgs/include/linkattacher_msgs/linkattacher_msgs/srv/detail
[2.625s] -- Up-to-date: /home/monica/ros2_pelota/install/linkattacher_msgs/include/linkattacher_msgs/linkattacher_msgs/srv/detail/dds_fastrtps
[2.625s] -- Up-to-date: /home/monica/ros2_pelota/install/linkattacher_msgs/include/linkattacher_msgs/linkattacher_msgs/srv/detail/attach_link__rosidl_typesupport_fastrtps_cpp.hpp
[2.625s] -- Up-to-date: /home/monica/ros2_pelota/install/linkattacher_msgs/include/linkattacher_msgs/linkattacher_msgs/srv/detail/detach_link__rosidl_typesupport_fastrtps_cpp.hpp
[2.626s] -- Up-to-date: /home/monica/ros2_pelota/install/linkattacher_msgs/include/linkattacher_msgs/linkattacher_msgs/msg
[2.627s] -- Up-to-date: /home/monica/ros2_pelota/install/linkattacher_msgs/include/linkattacher_msgs/linkattacher_msgs/msg/rosidl_typesupport_fastrtps_cpp__visibility_control.h
[2.627s] -- Up-to-date: /home/monica/ros2_pelota/install/linkattacher_msgs/lib/liblinkattacher_msgs__rosidl_typesupport_fastrtps_cpp.so
[2.628s] -- Up-to-date: /home/monica/ros2_pelota/install/linkattacher_msgs/include/linkattacher_msgs/linkattacher_msgs
[2.628s] -- Up-to-date: /home/monica/ros2_pelota/install/linkattacher_msgs/include/linkattacher_msgs/linkattacher_msgs/srv
[2.629s] -- Up-to-date: /home/monica/ros2_pelota/install/linkattacher_msgs/include/linkattacher_msgs/linkattacher_msgs/srv/detail
[2.629s] -- Up-to-date: /home/monica/ros2_pelota/install/linkattacher_msgs/include/linkattacher_msgs/linkattacher_msgs/srv/detail/attach_link__type_support.cpp
[2.630s] -- Up-to-date: /home/monica/ros2_pelota/install/linkattacher_msgs/include/linkattacher_msgs/linkattacher_msgs/srv/detail/detach_link__rosidl_typesupport_introspection_cpp.hpp
[2.631s] -- Up-to-date: /home/monica/ros2_pelota/install/linkattacher_msgs/include/linkattacher_msgs/linkattacher_msgs/srv/detail/attach_link__rosidl_typesupport_introspection_cpp.hpp
[2.632s] -- Up-to-date: /home/monica/ros2_pelota/install/linkattacher_msgs/include/linkattacher_msgs/linkattacher_msgs/srv/detail/detach_link__type_support.cpp
[2.632s] -- Up-to-date: /home/monica/ros2_pelota/install/linkattacher_msgs/lib/liblinkattacher_msgs__rosidl_typesupport_introspection_cpp.so
[2.635s] -- Up-to-date: /home/monica/ros2_pelota/install/linkattacher_msgs/lib/liblinkattacher_msgs__rosidl_typesupport_cpp.so
[2.636s] -- Up-to-date: /home/monica/ros2_pelota/install/linkattacher_msgs/share/linkattacher_msgs/environment/pythonpath.sh
[2.636s] -- Up-to-date: /home/monica/ros2_pelota/install/linkattacher_msgs/share/linkattacher_msgs/environment/pythonpath.dsv
[2.636s] -- Up-to-date: /home/monica/ros2_pelota/install/linkattacher_msgs/lib/python3.10/site-packages/linkattacher_msgs-0.0.0-py3.10.egg-info
[2.640s] -- Installing: /home/monica/ros2_pelota/install/linkattacher_msgs/lib/python3.10/site-packages/linkattacher_msgs-0.0.0-py3.10.egg-info/PKG-INFO
[2.642s] -- Installing: /home/monica/ros2_pelota/install/linkattacher_msgs/lib/python3.10/site-packages/linkattacher_msgs-0.0.0-py3.10.egg-info/top_level.txt
[2.642s] -- Installing: /home/monica/ros2_pelota/install/linkattacher_msgs/lib/python3.10/site-packages/linkattacher_msgs-0.0.0-py3.10.egg-info/dependency_links.txt
[2.643s] -- Installing: /home/monica/ros2_pelota/install/linkattacher_msgs/lib/python3.10/site-packages/linkattacher_msgs-0.0.0-py3.10.egg-info/SOURCES.txt
[2.644s] -- Up-to-date: /home/monica/ros2_pelota/install/linkattacher_msgs/lib/python3.10/site-packages/linkattacher_msgs
[2.645s] -- Up-to-date: /home/monica/ros2_pelota/install/linkattacher_msgs/lib/python3.10/site-packages/linkattacher_msgs/liblinkattacher_msgs__rosidl_generator_py.so
[2.645s] -- Up-to-date: /home/monica/ros2_pelota/install/linkattacher_msgs/lib/python3.10/site-packages/linkattacher_msgs/_linkattacher_msgs_s.ep.rosidl_typesupport_c.c
[2.645s] -- Up-to-date: /home/monica/ros2_pelota/install/linkattacher_msgs/lib/python3.10/site-packages/linkattacher_msgs/_linkattacher_msgs_s.ep.rosidl_typesupport_introspection_c.c
[2.645s] -- Up-to-date: /home/monica/ros2_pelota/install/linkattacher_msgs/lib/python3.10/site-packages/linkattacher_msgs/srv
[2.646s] -- Up-to-date: /home/monica/ros2_pelota/install/linkattacher_msgs/lib/python3.10/site-packages/linkattacher_msgs/srv/_detach_link.py
[2.648s] -- Up-to-date: /home/monica/ros2_pelota/install/linkattacher_msgs/lib/python3.10/site-packages/linkattacher_msgs/srv/_attach_link_s.c
[2.648s] -- Up-to-date: /home/monica/ros2_pelota/install/linkattacher_msgs/lib/python3.10/site-packages/linkattacher_msgs/srv/__init__.py
[2.648s] -- Up-to-date: /home/monica/ros2_pelota/install/linkattacher_msgs/lib/python3.10/site-packages/linkattacher_msgs/srv/_attach_link.py
[2.649s] -- Up-to-date: /home/monica/ros2_pelota/install/linkattacher_msgs/lib/python3.10/site-packages/linkattacher_msgs/srv/_detach_link_s.c
[2.649s] -- Up-to-date: /home/monica/ros2_pelota/install/linkattacher_msgs/lib/python3.10/site-packages/linkattacher_msgs/linkattacher_msgs_s__rosidl_typesupport_c.cpython-310-x86_64-linux-gnu.so
[2.649s] -- Up-to-date: /home/monica/ros2_pelota/install/linkattacher_msgs/lib/python3.10/site-packages/linkattacher_msgs/__init__.py
[2.649s] -- Up-to-date: /home/monica/ros2_pelota/install/linkattacher_msgs/lib/python3.10/site-packages/linkattacher_msgs/linkattacher_msgs_s__rosidl_typesupport_fastrtps_c.cpython-310-x86_64-linux-gnu.so
[2.650s] -- Up-to-date: /home/monica/ros2_pelota/install/linkattacher_msgs/lib/python3.10/site-packages/linkattacher_msgs/_linkattacher_msgs_s.ep.rosidl_typesupport_fastrtps_c.c
[2.653s] -- Up-to-date: /home/monica/ros2_pelota/install/linkattacher_msgs/lib/python3.10/site-packages/linkattacher_msgs/linkattacher_msgs_s__rosidl_typesupport_introspection_c.cpython-310-x86_64-linux-gnu.so
[2.784s] Listing '/home/monica/ros2_pelota/install/linkattacher_msgs/lib/python3.10/site-packages/linkattacher_msgs'...
[2.785s] Listing '/home/monica/ros2_pelota/install/linkattacher_msgs/lib/python3.10/site-packages/linkattacher_msgs/srv'...
[2.800s] -- Up-to-date: /home/monica/ros2_pelota/install/linkattacher_msgs/lib/python3.10/site-packages/linkattacher_msgs/linkattacher_msgs_s__rosidl_typesupport_fastrtps_c.cpython-310-x86_64-linux-gnu.so
[2.800s] -- Up-to-date: /home/monica/ros2_pelota/install/linkattacher_msgs/lib/python3.10/site-packages/linkattacher_msgs/linkattacher_msgs_s__rosidl_typesupport_introspection_c.cpython-310-x86_64-linux-gnu.so
[2.802s] -- Up-to-date: /home/monica/ros2_pelota/install/linkattacher_msgs/lib/python3.10/site-packages/linkattacher_msgs/linkattacher_msgs_s__rosidl_typesupport_c.cpython-310-x86_64-linux-gnu.so
[2.804s] -- Up-to-date: /home/monica/ros2_pelota/install/linkattacher_msgs/lib/liblinkattacher_msgs__rosidl_generator_py.so
[2.805s] -- Up-to-date: /home/monica/ros2_pelota/install/linkattacher_msgs/share/linkattacher_msgs/srv/AttachLink.idl
[2.806s] -- Up-to-date: /home/monica/ros2_pelota/install/linkattacher_msgs/share/linkattacher_msgs/srv/DetachLink.idl
[2.807s] -- Up-to-date: /home/monica/ros2_pelota/install/linkattacher_msgs/share/linkattacher_msgs/srv/AttachLink.srv
[2.808s] -- Up-to-date: /home/monica/ros2_pelota/install/linkattacher_msgs/share/linkattacher_msgs/srv/AttachLink_Request.msg
[2.808s] -- Up-to-date: /home/monica/ros2_pelota/install/linkattacher_msgs/share/linkattacher_msgs/srv/AttachLink_Response.msg
[2.809s] -- Up-to-date: /home/monica/ros2_pelota/install/linkattacher_msgs/share/linkattacher_msgs/srv/DetachLink.srv
[2.810s] -- Up-to-date: /home/monica/ros2_pelota/install/linkattacher_msgs/share/linkattacher_msgs/srv/DetachLink_Request.msg
[2.810s] -- Up-to-date: /home/monica/ros2_pelota/install/linkattacher_msgs/share/linkattacher_msgs/srv/DetachLink_Response.msg
[2.810s] -- Up-to-date: /home/monica/ros2_pelota/install/linkattacher_msgs/share/ament_index/resource_index/package_run_dependencies/linkattacher_msgs
[2.811s] -- Up-to-date: /home/monica/ros2_pelota/install/linkattacher_msgs/share/ament_index/resource_index/parent_prefix_path/linkattacher_msgs
[2.811s] -- Up-to-date: /home/monica/ros2_pelota/install/linkattacher_msgs/share/linkattacher_msgs/environment/ament_prefix_path.sh
[2.812s] -- Up-to-date: /home/monica/ros2_pelota/install/linkattacher_msgs/share/linkattacher_msgs/environment/ament_prefix_path.dsv
[2.812s] -- Up-to-date: /home/monica/ros2_pelota/install/linkattacher_msgs/share/linkattacher_msgs/environment/path.sh
[2.813s] -- Up-to-date: /home/monica/ros2_pelota/install/linkattacher_msgs/share/linkattacher_msgs/environment/path.dsv
[2.813s] -- Up-to-date: /home/monica/ros2_pelota/install/linkattacher_msgs/share/linkattacher_msgs/local_setup.bash
[2.813s] -- Up-to-date: /home/monica/ros2_pelota/install/linkattacher_msgs/share/linkattacher_msgs/local_setup.sh
[2.814s] -- Up-to-date: /home/monica/ros2_pelota/install/linkattacher_msgs/share/linkattacher_msgs/local_setup.zsh
[2.814s] -- Up-to-date: /home/monica/ros2_pelota/install/linkattacher_msgs/share/linkattacher_msgs/local_setup.dsv
[2.814s] -- Installing: /home/monica/ros2_pelota/install/linkattacher_msgs/share/linkattacher_msgs/package.dsv
[2.815s] -- Up-to-date: /home/monica/ros2_pelota/install/linkattacher_msgs/share/ament_index/resource_index/packages/linkattacher_msgs
[2.815s] -- Up-to-date: /home/monica/ros2_pelota/install/linkattacher_msgs/share/linkattacher_msgs/cmake/export_linkattacher_msgs__rosidl_generator_cExport.cmake
[2.815s] -- Up-to-date: /home/monica/ros2_pelota/install/linkattacher_msgs/share/linkattacher_msgs/cmake/export_linkattacher_msgs__rosidl_generator_cExport-noconfig.cmake
[2.816s] -- Up-to-date: /home/monica/ros2_pelota/install/linkattacher_msgs/share/linkattacher_msgs/cmake/export_linkattacher_msgs__rosidl_typesupport_fastrtps_cExport.cmake
[2.816s] -- Up-to-date: /home/monica/ros2_pelota/install/linkattacher_msgs/share/linkattacher_msgs/cmake/export_linkattacher_msgs__rosidl_typesupport_fastrtps_cExport-noconfig.cmake
[2.816s] -- Up-to-date: /home/monica/ros2_pelota/install/linkattacher_msgs/share/linkattacher_msgs/cmake/linkattacher_msgs__rosidl_typesupport_introspection_cExport.cmake
[2.816s] -- Up-to-date: /home/monica/ros2_pelota/install/linkattacher_msgs/share/linkattacher_msgs/cmake/linkattacher_msgs__rosidl_typesupport_introspection_cExport-noconfig.cmake
[2.817s] -- Up-to-date: /home/monica/ros2_pelota/install/linkattacher_msgs/share/linkattacher_msgs/cmake/linkattacher_msgs__rosidl_typesupport_cExport.cmake
[2.818s] -- Up-to-date: /home/monica/ros2_pelota/install/linkattacher_msgs/share/linkattacher_msgs/cmake/linkattacher_msgs__rosidl_typesupport_cExport-noconfig.cmake
[2.820s] -- Up-to-date: /home/monica/ros2_pelota/install/linkattacher_msgs/share/linkattacher_msgs/cmake/export_linkattacher_msgs__rosidl_generator_cppExport.cmake
[2.821s] -- Up-to-date: /home/monica/ros2_pelota/install/linkattacher_msgs/share/linkattacher_msgs/cmake/export_linkattacher_msgs__rosidl_typesupport_fastrtps_cppExport.cmake
[2.821s] -- Up-to-date: /home/monica/ros2_pelota/install/linkattacher_msgs/share/linkattacher_msgs/cmake/export_linkattacher_msgs__rosidl_typesupport_fastrtps_cppExport-noconfig.cmake
[2.822s] -- Up-to-date: /home/monica/ros2_pelota/install/linkattacher_msgs/share/linkattacher_msgs/cmake/linkattacher_msgs__rosidl_typesupport_introspection_cppExport.cmake
[2.822s] -- Up-to-date: /home/monica/ros2_pelota/install/linkattacher_msgs/share/linkattacher_msgs/cmake/linkattacher_msgs__rosidl_typesupport_introspection_cppExport-noconfig.cmake
[2.822s] -- Up-to-date: /home/monica/ros2_pelota/install/linkattacher_msgs/share/linkattacher_msgs/cmake/linkattacher_msgs__rosidl_typesupport_cppExport.cmake
[2.823s] -- Up-to-date: /home/monica/ros2_pelota/install/linkattacher_msgs/share/linkattacher_msgs/cmake/linkattacher_msgs__rosidl_typesupport_cppExport-noconfig.cmake
[2.823s] -- Up-to-date: /home/monica/ros2_pelota/install/linkattacher_msgs/share/linkattacher_msgs/cmake/export_linkattacher_msgs__rosidl_generator_pyExport.cmake
[2.823s] -- Up-to-date: /home/monica/ros2_pelota/install/linkattacher_msgs/share/linkattacher_msgs/cmake/export_linkattacher_msgs__rosidl_generator_pyExport-noconfig.cmake
[2.824s] -- Up-to-date: /home/monica/ros2_pelota/install/linkattacher_msgs/share/linkattacher_msgs/cmake/rosidl_cmake-extras.cmake
[2.825s] -- Up-to-date: /home/monica/ros2_pelota/install/linkattacher_msgs/share/linkattacher_msgs/cmake/ament_cmake_export_dependencies-extras.cmake
[2.825s] -- Up-to-date: /home/monica/ros2_pelota/install/linkattacher_msgs/share/linkattacher_msgs/cmake/ament_cmake_export_include_directories-extras.cmake
[2.825s] -- Up-to-date: /home/monica/ros2_pelota/install/linkattacher_msgs/share/linkattacher_msgs/cmake/ament_cmake_export_libraries-extras.cmake
[2.827s] -- Up-to-date: /home/monica/ros2_pelota/install/linkattacher_msgs/share/linkattacher_msgs/cmake/ament_cmake_export_targets-extras.cmake
[2.827s] -- Up-to-date: /home/monica/ros2_pelota/install/linkattacher_msgs/share/linkattacher_msgs/cmake/rosidl_cmake_export_typesupport_targets-extras.cmake
[2.828s] -- Up-to-date: /home/monica/ros2_pelota/install/linkattacher_msgs/share/linkattacher_msgs/cmake/rosidl_cmake_export_typesupport_libraries-extras.cmake
[2.828s] -- Up-to-date: /home/monica/ros2_pelota/install/linkattacher_msgs/share/linkattacher_msgs/cmake/linkattacher_msgsConfig.cmake
[2.828s] -- Up-to-date: /home/monica/ros2_pelota/install/linkattacher_msgs/share/linkattacher_msgs/cmake/linkattacher_msgsConfig-version.cmake
[2.828s] -- Up-to-date: /home/monica/ros2_pelota/install/linkattacher_msgs/share/linkattacher_msgs/package.xml
[2.835s] Invoked command in '/home/monica/ros2_pelota/build/linkattacher_msgs' returned '0': CMAKE_PREFIX_PATH=${CMAKE_PREFIX_PATH}:/opt/ros/iron /usr/bin/cmake --install /home/monica/ros2_pelota/build/linkattacher_msgs
