[0.048s] Invoking command in '/home/monica/ros2_pelota/build/linkattacher_msgs': CMAKE_PREFIX_PATH=${CMAKE_PREFIX_PATH}:/opt/ros/iron /usr/bin/cmake --build /home/monica/ros2_pelota/build/linkattacher_msgs -- -j2 -l2
[0.210s] [  2%] Built target linkattacher_msgs__rosidl_generator_type_description
[0.395s] [  2%] Built target ament_cmake_python_copy_linkattacher_msgs
[0.475s] [ 20%] Built target linkattacher_msgs__rosidl_generator_c
[0.526s] [ 22%] Built target linkattacher_msgs__cpp
[1.291s] running egg_info
[1.291s] writing linkattacher_msgs.egg-info/PKG-INFO
[1.293s] writing dependency_links to linkattacher_msgs.egg-info/dependency_links.txt
[1.293s] writing top-level names to linkattacher_msgs.egg-info/top_level.txt
[1.303s] reading manifest file 'linkattacher_msgs.egg-info/SOURCES.txt'
[1.305s] writing manifest file 'linkattacher_msgs.egg-info/SOURCES.txt'
[1.419s] [ 22%] Built target ament_cmake_python_build_linkattacher_msgs_egg
[1.548s] [ 31%] Built target linkattacher_msgs__rosidl_typesupport_fastrtps_c
[1.642s] [ 40%] Built target linkattacher_msgs__rosidl_typesupport_introspection_c
[1.781s] [ 50%] Built target linkattacher_msgs__rosidl_typesupport_c
[1.900s] [ 59%] Built target linkattacher_msgs__rosidl_typesupport_fastrtps_cpp
[2.023s] [ 68%] Built target linkattacher_msgs__rosidl_typesupport_introspection_cpp
[2.182s] [ 77%] Built target linkattacher_msgs__rosidl_typesupport_cpp
[2.273s] [ 77%] Built target linkattacher_msgs
[2.407s] [ 79%] Built target linkattacher_msgs__py
[2.521s] [ 86%] Built target linkattacher_msgs__rosidl_generator_py
[2.626s] [ 90%] Built target linkattacher_msgs__rosidl_typesupport_fastrtps_c__pyext
[2.739s] [ 95%] Built target linkattacher_msgs__rosidl_typesupport_introspection_c__pyext
[2.867s] [100%] Built target linkattacher_msgs__rosidl_typesupport_c__pyext
[2.919s] Invoked command in '/home/monica/ros2_pelota/build/linkattacher_msgs' returned '0': CMAKE_PREFIX_PATH=${CMAKE_PREFIX_PATH}:/opt/ros/iron /usr/bin/cmake --build /home/monica/ros2_pelota/build/linkattacher_msgs -- -j2 -l2
[2.924s] Invoking command in '/home/monica/ros2_pelota/build/linkattacher_msgs': CMAKE_PREFIX_PATH=${CMAKE_PREFIX_PATH}:/opt/ros/iron /usr/bin/cmake --install /home/monica/ros2_pelota/build/linkattacher_msgs
[2.967s] -- Install configuration: ""
[2.968s] -- Up-to-date: /home/monica/ros2_pelota/install/linkattacher_msgs/share/linkattacher_msgs/srv
[2.969s] -- Up-to-date: /home/monica/ros2_pelota/install/linkattacher_msgs/share/linkattacher_msgs/srv/DetachLink.srv
[2.969s] -- Up-to-date: /home/monica/ros2_pelota/install/linkattacher_msgs/share/linkattacher_msgs/srv/AttachLink.srv
[2.971s] -- Up-to-date: /home/monica/ros2_pelota/install/linkattacher_msgs/share/ament_index/resource_index/rosidl_interfaces/linkattacher_msgs
[2.971s] -- Up-to-date: /home/monica/ros2_pelota/install/linkattacher_msgs/share/linkattacher_msgs/srv/AttachLink.json
[2.971s] -- Up-to-date: /home/monica/ros2_pelota/install/linkattacher_msgs/share/linkattacher_msgs/srv/DetachLink.json
[2.973s] -- Up-to-date: /home/monica/ros2_pelota/install/linkattacher_msgs/include/linkattacher_msgs/linkattacher_msgs
[2.974s] -- Up-to-date: /home/monica/ros2_pelota/install/linkattacher_msgs/include/linkattacher_msgs/linkattacher_msgs/srv
[2.974s] -- Up-to-date: /home/monica/ros2_pelota/install/linkattacher_msgs/include/linkattacher_msgs/linkattacher_msgs/srv/attach_link.h
[2.974s] -- Up-to-date: /home/monica/ros2_pelota/install/linkattacher_msgs/include/linkattacher_msgs/linkattacher_msgs/srv/detach_link.h
[2.977s] -- Up-to-date: /home/monica/ros2_pelota/install/linkattacher_msgs/include/linkattacher_msgs/linkattacher_msgs/srv/detail
[2.977s] -- Installing: /home/monica/ros2_pelota/install/linkattacher_msgs/include/linkattacher_msgs/linkattacher_msgs/srv/detail/detach_link__type_support.c
[2.978s] -- Up-to-date: /home/monica/ros2_pelota/install/linkattacher_msgs/include/linkattacher_msgs/linkattacher_msgs/srv/detail/detach_link__functions.c
[2.978s] -- Up-to-date: /home/monica/ros2_pelota/install/linkattacher_msgs/include/linkattacher_msgs/linkattacher_msgs/srv/detail/detach_link__type_support.h
[2.978s] -- Installing: /home/monica/ros2_pelota/install/linkattacher_msgs/include/linkattacher_msgs/linkattacher_msgs/srv/detail/attach_link__type_support.c
[2.980s] -- Up-to-date: /home/monica/ros2_pelota/install/linkattacher_msgs/include/linkattacher_msgs/linkattacher_msgs/srv/detail/detach_link__struct.h
[2.981s] -- Up-to-date: /home/monica/ros2_pelota/install/linkattacher_msgs/include/linkattacher_msgs/linkattacher_msgs/srv/detail/detach_link__functions.h
[2.981s] -- Up-to-date: /home/monica/ros2_pelota/install/linkattacher_msgs/include/linkattacher_msgs/linkattacher_msgs/srv/detail/attach_link__functions.h
[2.981s] -- Up-to-date: /home/monica/ros2_pelota/install/linkattacher_msgs/include/linkattacher_msgs/linkattacher_msgs/srv/detail/detach_link__description.c
[2.982s] -- Up-to-date: /home/monica/ros2_pelota/install/linkattacher_msgs/include/linkattacher_msgs/linkattacher_msgs/srv/detail/attach_link__functions.c
[2.986s] -- Up-to-date: /home/monica/ros2_pelota/install/linkattacher_msgs/include/linkattacher_msgs/linkattacher_msgs/srv/detail/attach_link__struct.h
[2.986s] -- Up-to-date: /home/monica/ros2_pelota/install/linkattacher_msgs/include/linkattacher_msgs/linkattacher_msgs/srv/detail/attach_link__description.c
[2.987s] -- Up-to-date: /home/monica/ros2_pelota/install/linkattacher_msgs/include/linkattacher_msgs/linkattacher_msgs/srv/detail/attach_link__type_support.h
[2.987s] -- Up-to-date: /home/monica/ros2_pelota/install/linkattacher_msgs/include/linkattacher_msgs/linkattacher_msgs/msg
[2.987s] -- Up-to-date: /home/monica/ros2_pelota/install/linkattacher_msgs/include/linkattacher_msgs/linkattacher_msgs/msg/rosidl_generator_c__visibility_control.h
[2.989s] -- Up-to-date: /home/monica/ros2_pelota/install/linkattacher_msgs/share/linkattacher_msgs/environment/library_path.sh
[2.990s] -- Up-to-date: /home/monica/ros2_pelota/install/linkattacher_msgs/share/linkattacher_msgs/environment/library_path.dsv
[2.990s] -- Up-to-date: /home/monica/ros2_pelota/install/linkattacher_msgs/lib/liblinkattacher_msgs__rosidl_generator_c.so
[2.990s] -- Up-to-date: /home/monica/ros2_pelota/install/linkattacher_msgs/include/linkattacher_msgs/linkattacher_msgs
[2.991s] -- Up-to-date: /home/monica/ros2_pelota/install/linkattacher_msgs/include/linkattacher_msgs/linkattacher_msgs/srv
[2.991s] -- Up-to-date: /home/monica/ros2_pelota/install/linkattacher_msgs/include/linkattacher_msgs/linkattacher_msgs/srv/detail
[2.991s] -- Up-to-date: /home/monica/ros2_pelota/install/linkattacher_msgs/include/linkattacher_msgs/linkattacher_msgs/srv/detail/attach_link__rosidl_typesupport_fastrtps_c.h
[2.991s] -- Up-to-date: /home/monica/ros2_pelota/install/linkattacher_msgs/include/linkattacher_msgs/linkattacher_msgs/srv/detail/detach_link__rosidl_typesupport_fastrtps_c.h
[2.992s] -- Up-to-date: /home/monica/ros2_pelota/install/linkattacher_msgs/include/linkattacher_msgs/linkattacher_msgs/msg
[2.992s] -- Up-to-date: /home/monica/ros2_pelota/install/linkattacher_msgs/include/linkattacher_msgs/linkattacher_msgs/msg/rosidl_typesupport_fastrtps_c__visibility_control.h
[2.996s] -- Up-to-date: /home/monica/ros2_pelota/install/linkattacher_msgs/lib/liblinkattacher_msgs__rosidl_typesupport_fastrtps_c.so
[2.997s] -- Up-to-date: /home/monica/ros2_pelota/install/linkattacher_msgs/include/linkattacher_msgs/linkattacher_msgs
[2.997s] -- Up-to-date: /home/monica/ros2_pelota/install/linkattacher_msgs/include/linkattacher_msgs/linkattacher_msgs/srv
[2.997s] -- Up-to-date: /home/monica/ros2_pelota/install/linkattacher_msgs/include/linkattacher_msgs/linkattacher_msgs/srv/detail
[2.998s] -- Installing: /home/monica/ros2_pelota/install/linkattacher_msgs/include/linkattacher_msgs/linkattacher_msgs/srv/detail/detach_link__type_support.c
[3.001s] -- Installing: /home/monica/ros2_pelota/install/linkattacher_msgs/include/linkattacher_msgs/linkattacher_msgs/srv/detail/attach_link__type_support.c
[3.001s] -- Up-to-date: /home/monica/ros2_pelota/install/linkattacher_msgs/include/linkattacher_msgs/linkattacher_msgs/srv/detail/attach_link__rosidl_typesupport_introspection_c.h
[3.003s] -- Up-to-date: /home/monica/ros2_pelota/install/linkattacher_msgs/include/linkattacher_msgs/linkattacher_msgs/srv/detail/detach_link__rosidl_typesupport_introspection_c.h
[3.003s] -- Up-to-date: /home/monica/ros2_pelota/install/linkattacher_msgs/include/linkattacher_msgs/linkattacher_msgs/msg
[3.003s] -- Up-to-date: /home/monica/ros2_pelota/install/linkattacher_msgs/include/linkattacher_msgs/linkattacher_msgs/msg/rosidl_typesupport_introspection_c__visibility_control.h
[3.008s] -- Up-to-date: /home/monica/ros2_pelota/install/linkattacher_msgs/lib/liblinkattacher_msgs__rosidl_typesupport_introspection_c.so
[3.010s] -- Up-to-date: /home/monica/ros2_pelota/install/linkattacher_msgs/lib/liblinkattacher_msgs__rosidl_typesupport_c.so
[3.010s] -- Up-to-date: /home/monica/ros2_pelota/install/linkattacher_msgs/include/linkattacher_msgs/linkattacher_msgs
[3.011s] -- Up-to-date: /home/monica/ros2_pelota/install/linkattacher_msgs/include/linkattacher_msgs/linkattacher_msgs/srv
[3.014s] -- Up-to-date: /home/monica/ros2_pelota/install/linkattacher_msgs/include/linkattacher_msgs/linkattacher_msgs/srv/attach_link.hpp
[3.014s] -- Up-to-date: /home/monica/ros2_pelota/install/linkattacher_msgs/include/linkattacher_msgs/linkattacher_msgs/srv/detach_link.hpp
[3.014s] -- Up-to-date: /home/monica/ros2_pelota/install/linkattacher_msgs/include/linkattacher_msgs/linkattacher_msgs/srv/detail
[3.015s] -- Up-to-date: /home/monica/ros2_pelota/install/linkattacher_msgs/include/linkattacher_msgs/linkattacher_msgs/srv/detail/detach_link__struct.hpp
[3.015s] -- Up-to-date: /home/monica/ros2_pelota/install/linkattacher_msgs/include/linkattacher_msgs/linkattacher_msgs/srv/detail/attach_link__builder.hpp
[3.015s] -- Up-to-date: /home/monica/ros2_pelota/install/linkattacher_msgs/include/linkattacher_msgs/linkattacher_msgs/srv/detail/detach_link__traits.hpp
[3.017s] -- Up-to-date: /home/monica/ros2_pelota/install/linkattacher_msgs/include/linkattacher_msgs/linkattacher_msgs/srv/detail/detach_link__builder.hpp
[3.017s] -- Up-to-date: /home/monica/ros2_pelota/install/linkattacher_msgs/include/linkattacher_msgs/linkattacher_msgs/srv/detail/attach_link__struct.hpp
[3.017s] -- Up-to-date: /home/monica/ros2_pelota/install/linkattacher_msgs/include/linkattacher_msgs/linkattacher_msgs/srv/detail/attach_link__traits.hpp
[3.018s] -- Up-to-date: /home/monica/ros2_pelota/install/linkattacher_msgs/include/linkattacher_msgs/linkattacher_msgs
[3.018s] -- Up-to-date: /home/monica/ros2_pelota/install/linkattacher_msgs/include/linkattacher_msgs/linkattacher_msgs/srv
[3.022s] -- Up-to-date: /home/monica/ros2_pelota/install/linkattacher_msgs/include/linkattacher_msgs/linkattacher_msgs/srv/detail
[3.023s] -- Up-to-date: /home/monica/ros2_pelota/install/linkattacher_msgs/include/linkattacher_msgs/linkattacher_msgs/srv/detail/dds_fastrtps
[3.023s] -- Up-to-date: /home/monica/ros2_pelota/install/linkattacher_msgs/include/linkattacher_msgs/linkattacher_msgs/srv/detail/attach_link__rosidl_typesupport_fastrtps_cpp.hpp
[3.024s] -- Up-to-date: /home/monica/ros2_pelota/install/linkattacher_msgs/include/linkattacher_msgs/linkattacher_msgs/srv/detail/detach_link__rosidl_typesupport_fastrtps_cpp.hpp
[3.024s] -- Up-to-date: /home/monica/ros2_pelota/install/linkattacher_msgs/include/linkattacher_msgs/linkattacher_msgs/msg
[3.025s] -- Up-to-date: /home/monica/ros2_pelota/install/linkattacher_msgs/include/linkattacher_msgs/linkattacher_msgs/msg/rosidl_typesupport_fastrtps_cpp__visibility_control.h
[3.025s] -- Up-to-date: /home/monica/ros2_pelota/install/linkattacher_msgs/lib/liblinkattacher_msgs__rosidl_typesupport_fastrtps_cpp.so
[3.025s] -- Up-to-date: /home/monica/ros2_pelota/install/linkattacher_msgs/include/linkattacher_msgs/linkattacher_msgs
[3.027s] -- Up-to-date: /home/monica/ros2_pelota/install/linkattacher_msgs/include/linkattacher_msgs/linkattacher_msgs/srv
[3.028s] -- Up-to-date: /home/monica/ros2_pelota/install/linkattacher_msgs/include/linkattacher_msgs/linkattacher_msgs/srv/detail
[3.028s] -- Up-to-date: /home/monica/ros2_pelota/install/linkattacher_msgs/include/linkattacher_msgs/linkattacher_msgs/srv/detail/attach_link__type_support.cpp
[3.028s] -- Up-to-date: /home/monica/ros2_pelota/install/linkattacher_msgs/include/linkattacher_msgs/linkattacher_msgs/srv/detail/detach_link__rosidl_typesupport_introspection_cpp.hpp
[3.029s] -- Up-to-date: /home/monica/ros2_pelota/install/linkattacher_msgs/include/linkattacher_msgs/linkattacher_msgs/srv/detail/attach_link__rosidl_typesupport_introspection_cpp.hpp
[3.029s] -- Up-to-date: /home/monica/ros2_pelota/install/linkattacher_msgs/include/linkattacher_msgs/linkattacher_msgs/srv/detail/detach_link__type_support.cpp
[3.029s] -- Up-to-date: /home/monica/ros2_pelota/install/linkattacher_msgs/lib/liblinkattacher_msgs__rosidl_typesupport_introspection_cpp.so
[3.034s] -- Up-to-date: /home/monica/ros2_pelota/install/linkattacher_msgs/lib/liblinkattacher_msgs__rosidl_typesupport_cpp.so
[3.034s] -- Up-to-date: /home/monica/ros2_pelota/install/linkattacher_msgs/share/linkattacher_msgs/environment/pythonpath.sh
[3.034s] -- Up-to-date: /home/monica/ros2_pelota/install/linkattacher_msgs/share/linkattacher_msgs/environment/pythonpath.dsv
[3.038s] -- Up-to-date: /home/monica/ros2_pelota/install/linkattacher_msgs/lib/python3.10/site-packages/linkattacher_msgs-0.0.0-py3.10.egg-info
[3.038s] -- Installing: /home/monica/ros2_pelota/install/linkattacher_msgs/lib/python3.10/site-packages/linkattacher_msgs-0.0.0-py3.10.egg-info/PKG-INFO
[3.039s] -- Installing: /home/monica/ros2_pelota/install/linkattacher_msgs/lib/python3.10/site-packages/linkattacher_msgs-0.0.0-py3.10.egg-info/top_level.txt
[3.040s] -- Installing: /home/monica/ros2_pelota/install/linkattacher_msgs/lib/python3.10/site-packages/linkattacher_msgs-0.0.0-py3.10.egg-info/dependency_links.txt
[3.040s] -- Installing: /home/monica/ros2_pelota/install/linkattacher_msgs/lib/python3.10/site-packages/linkattacher_msgs-0.0.0-py3.10.egg-info/SOURCES.txt
[3.042s] -- Up-to-date: /home/monica/ros2_pelota/install/linkattacher_msgs/lib/python3.10/site-packages/linkattacher_msgs
[3.043s] -- Up-to-date: /home/monica/ros2_pelota/install/linkattacher_msgs/lib/python3.10/site-packages/linkattacher_msgs/liblinkattacher_msgs__rosidl_generator_py.so
[3.043s] -- Up-to-date: /home/monica/ros2_pelota/install/linkattacher_msgs/lib/python3.10/site-packages/linkattacher_msgs/_linkattacher_msgs_s.ep.rosidl_typesupport_c.c
[3.043s] -- Up-to-date: /home/monica/ros2_pelota/install/linkattacher_msgs/lib/python3.10/site-packages/linkattacher_msgs/_linkattacher_msgs_s.ep.rosidl_typesupport_introspection_c.c
[3.045s] -- Up-to-date: /home/monica/ros2_pelota/install/linkattacher_msgs/lib/python3.10/site-packages/linkattacher_msgs/srv
[3.046s] -- Up-to-date: /home/monica/ros2_pelota/install/linkattacher_msgs/lib/python3.10/site-packages/linkattacher_msgs/srv/_detach_link.py
[3.046s] -- Up-to-date: /home/monica/ros2_pelota/install/linkattacher_msgs/lib/python3.10/site-packages/linkattacher_msgs/srv/_attach_link_s.c
[3.046s] -- Up-to-date: /home/monica/ros2_pelota/install/linkattacher_msgs/lib/python3.10/site-packages/linkattacher_msgs/srv/__init__.py
[3.049s] -- Up-to-date: /home/monica/ros2_pelota/install/linkattacher_msgs/lib/python3.10/site-packages/linkattacher_msgs/srv/_attach_link.py
[3.049s] -- Up-to-date: /home/monica/ros2_pelota/install/linkattacher_msgs/lib/python3.10/site-packages/linkattacher_msgs/srv/_detach_link_s.c
[3.049s] -- Up-to-date: /home/monica/ros2_pelota/install/linkattacher_msgs/lib/python3.10/site-packages/linkattacher_msgs/linkattacher_msgs_s__rosidl_typesupport_c.cpython-310-x86_64-linux-gnu.so
[3.050s] -- Up-to-date: /home/monica/ros2_pelota/install/linkattacher_msgs/lib/python3.10/site-packages/linkattacher_msgs/__init__.py
[3.050s] -- Up-to-date: /home/monica/ros2_pelota/install/linkattacher_msgs/lib/python3.10/site-packages/linkattacher_msgs/linkattacher_msgs_s__rosidl_typesupport_fastrtps_c.cpython-310-x86_64-linux-gnu.so
[3.053s] -- Up-to-date: /home/monica/ros2_pelota/install/linkattacher_msgs/lib/python3.10/site-packages/linkattacher_msgs/_linkattacher_msgs_s.ep.rosidl_typesupport_fastrtps_c.c
[3.053s] -- Up-to-date: /home/monica/ros2_pelota/install/linkattacher_msgs/lib/python3.10/site-packages/linkattacher_msgs/linkattacher_msgs_s__rosidl_typesupport_introspection_c.cpython-310-x86_64-linux-gnu.so
[3.235s] Listing '/home/monica/ros2_pelota/install/linkattacher_msgs/lib/python3.10/site-packages/linkattacher_msgs'...
[3.235s] Listing '/home/monica/ros2_pelota/install/linkattacher_msgs/lib/python3.10/site-packages/linkattacher_msgs/srv'...
[3.253s] -- Up-to-date: /home/monica/ros2_pelota/install/linkattacher_msgs/lib/python3.10/site-packages/linkattacher_msgs/linkattacher_msgs_s__rosidl_typesupport_fastrtps_c.cpython-310-x86_64-linux-gnu.so
[3.255s] -- Up-to-date: /home/monica/ros2_pelota/install/linkattacher_msgs/lib/python3.10/site-packages/linkattacher_msgs/linkattacher_msgs_s__rosidl_typesupport_introspection_c.cpython-310-x86_64-linux-gnu.so
[3.258s] -- Up-to-date: /home/monica/ros2_pelota/install/linkattacher_msgs/lib/python3.10/site-packages/linkattacher_msgs/linkattacher_msgs_s__rosidl_typesupport_c.cpython-310-x86_64-linux-gnu.so
[3.262s] -- Up-to-date: /home/monica/ros2_pelota/install/linkattacher_msgs/lib/liblinkattacher_msgs__rosidl_generator_py.so
[3.263s] -- Up-to-date: /home/monica/ros2_pelota/install/linkattacher_msgs/share/linkattacher_msgs/srv/AttachLink.idl
[3.264s] -- Up-to-date: /home/monica/ros2_pelota/install/linkattacher_msgs/share/linkattacher_msgs/srv/DetachLink.idl
[3.265s] -- Up-to-date: /home/monica/ros2_pelota/install/linkattacher_msgs/share/linkattacher_msgs/srv/AttachLink.srv
[3.265s] -- Up-to-date: /home/monica/ros2_pelota/install/linkattacher_msgs/share/linkattacher_msgs/srv/AttachLink_Request.msg
[3.265s] -- Up-to-date: /home/monica/ros2_pelota/install/linkattacher_msgs/share/linkattacher_msgs/srv/AttachLink_Response.msg
[3.266s] -- Up-to-date: /home/monica/ros2_pelota/install/linkattacher_msgs/share/linkattacher_msgs/srv/DetachLink.srv
[3.268s] -- Up-to-date: /home/monica/ros2_pelota/install/linkattacher_msgs/share/linkattacher_msgs/srv/DetachLink_Request.msg
[3.269s] -- Up-to-date: /home/monica/ros2_pelota/install/linkattacher_msgs/share/linkattacher_msgs/srv/DetachLink_Response.msg
[3.269s] -- Up-to-date: /home/monica/ros2_pelota/install/linkattacher_msgs/share/ament_index/resource_index/package_run_dependencies/linkattacher_msgs
[3.269s] -- Up-to-date: /home/monica/ros2_pelota/install/linkattacher_msgs/share/ament_index/resource_index/parent_prefix_path/linkattacher_msgs
[3.270s] -- Up-to-date: /home/monica/ros2_pelota/install/linkattacher_msgs/share/linkattacher_msgs/environment/ament_prefix_path.sh
[3.270s] -- Up-to-date: /home/monica/ros2_pelota/install/linkattacher_msgs/share/linkattacher_msgs/environment/ament_prefix_path.dsv
[3.270s] -- Up-to-date: /home/monica/ros2_pelota/install/linkattacher_msgs/share/linkattacher_msgs/environment/path.sh
[3.274s] -- Up-to-date: /home/monica/ros2_pelota/install/linkattacher_msgs/share/linkattacher_msgs/environment/path.dsv
[3.274s] -- Up-to-date: /home/monica/ros2_pelota/install/linkattacher_msgs/share/linkattacher_msgs/local_setup.bash
[3.274s] -- Up-to-date: /home/monica/ros2_pelota/install/linkattacher_msgs/share/linkattacher_msgs/local_setup.sh
[3.275s] -- Up-to-date: /home/monica/ros2_pelota/install/linkattacher_msgs/share/linkattacher_msgs/local_setup.zsh
[3.275s] -- Up-to-date: /home/monica/ros2_pelota/install/linkattacher_msgs/share/linkattacher_msgs/local_setup.dsv
[3.275s] -- Installing: /home/monica/ros2_pelota/install/linkattacher_msgs/share/linkattacher_msgs/package.dsv
[3.276s] -- Up-to-date: /home/monica/ros2_pelota/install/linkattacher_msgs/share/ament_index/resource_index/packages/linkattacher_msgs
[3.276s] -- Up-to-date: /home/monica/ros2_pelota/install/linkattacher_msgs/share/linkattacher_msgs/cmake/export_linkattacher_msgs__rosidl_generator_cExport.cmake
[3.277s] -- Up-to-date: /home/monica/ros2_pelota/install/linkattacher_msgs/share/linkattacher_msgs/cmake/export_linkattacher_msgs__rosidl_generator_cExport-noconfig.cmake
[3.277s] -- Up-to-date: /home/monica/ros2_pelota/install/linkattacher_msgs/share/linkattacher_msgs/cmake/export_linkattacher_msgs__rosidl_typesupport_fastrtps_cExport.cmake
[3.277s] -- Up-to-date: /home/monica/ros2_pelota/install/linkattacher_msgs/share/linkattacher_msgs/cmake/export_linkattacher_msgs__rosidl_typesupport_fastrtps_cExport-noconfig.cmake
[3.281s] -- Up-to-date: /home/monica/ros2_pelota/install/linkattacher_msgs/share/linkattacher_msgs/cmake/linkattacher_msgs__rosidl_typesupport_introspection_cExport.cmake
[3.281s] -- Up-to-date: /home/monica/ros2_pelota/install/linkattacher_msgs/share/linkattacher_msgs/cmake/linkattacher_msgs__rosidl_typesupport_introspection_cExport-noconfig.cmake
[3.281s] -- Up-to-date: /home/monica/ros2_pelota/install/linkattacher_msgs/share/linkattacher_msgs/cmake/linkattacher_msgs__rosidl_typesupport_cExport.cmake
[3.284s] -- Up-to-date: /home/monica/ros2_pelota/install/linkattacher_msgs/share/linkattacher_msgs/cmake/linkattacher_msgs__rosidl_typesupport_cExport-noconfig.cmake
[3.285s] -- Up-to-date: /home/monica/ros2_pelota/install/linkattacher_msgs/share/linkattacher_msgs/cmake/export_linkattacher_msgs__rosidl_generator_cppExport.cmake
[3.285s] -- Up-to-date: /home/monica/ros2_pelota/install/linkattacher_msgs/share/linkattacher_msgs/cmake/export_linkattacher_msgs__rosidl_typesupport_fastrtps_cppExport.cmake
[3.286s] -- Up-to-date: /home/monica/ros2_pelota/install/linkattacher_msgs/share/linkattacher_msgs/cmake/export_linkattacher_msgs__rosidl_typesupport_fastrtps_cppExport-noconfig.cmake
[3.287s] -- Up-to-date: /home/monica/ros2_pelota/install/linkattacher_msgs/share/linkattacher_msgs/cmake/linkattacher_msgs__rosidl_typesupport_introspection_cppExport.cmake
[3.288s] -- Up-to-date: /home/monica/ros2_pelota/install/linkattacher_msgs/share/linkattacher_msgs/cmake/linkattacher_msgs__rosidl_typesupport_introspection_cppExport-noconfig.cmake
[3.288s] -- Up-to-date: /home/monica/ros2_pelota/install/linkattacher_msgs/share/linkattacher_msgs/cmake/linkattacher_msgs__rosidl_typesupport_cppExport.cmake
[3.289s] -- Up-to-date: /home/monica/ros2_pelota/install/linkattacher_msgs/share/linkattacher_msgs/cmake/linkattacher_msgs__rosidl_typesupport_cppExport-noconfig.cmake
[3.290s] -- Up-to-date: /home/monica/ros2_pelota/install/linkattacher_msgs/share/linkattacher_msgs/cmake/export_linkattacher_msgs__rosidl_generator_pyExport.cmake
[3.290s] -- Up-to-date: /home/monica/ros2_pelota/install/linkattacher_msgs/share/linkattacher_msgs/cmake/export_linkattacher_msgs__rosidl_generator_pyExport-noconfig.cmake
[3.290s] -- Up-to-date: /home/monica/ros2_pelota/install/linkattacher_msgs/share/linkattacher_msgs/cmake/rosidl_cmake-extras.cmake
[3.291s] -- Up-to-date: /home/monica/ros2_pelota/install/linkattacher_msgs/share/linkattacher_msgs/cmake/ament_cmake_export_dependencies-extras.cmake
[3.292s] -- Up-to-date: /home/monica/ros2_pelota/install/linkattacher_msgs/share/linkattacher_msgs/cmake/ament_cmake_export_include_directories-extras.cmake
[3.292s] -- Up-to-date: /home/monica/ros2_pelota/install/linkattacher_msgs/share/linkattacher_msgs/cmake/ament_cmake_export_libraries-extras.cmake
[3.292s] -- Up-to-date: /home/monica/ros2_pelota/install/linkattacher_msgs/share/linkattacher_msgs/cmake/ament_cmake_export_targets-extras.cmake
[3.294s] -- Up-to-date: /home/monica/ros2_pelota/install/linkattacher_msgs/share/linkattacher_msgs/cmake/rosidl_cmake_export_typesupport_targets-extras.cmake
[3.294s] -- Up-to-date: /home/monica/ros2_pelota/install/linkattacher_msgs/share/linkattacher_msgs/cmake/rosidl_cmake_export_typesupport_libraries-extras.cmake
[3.294s] -- Up-to-date: /home/monica/ros2_pelota/install/linkattacher_msgs/share/linkattacher_msgs/cmake/linkattacher_msgsConfig.cmake
[3.295s] -- Up-to-date: /home/monica/ros2_pelota/install/linkattacher_msgs/share/linkattacher_msgs/cmake/linkattacher_msgsConfig-version.cmake
[3.295s] -- Up-to-date: /home/monica/ros2_pelota/install/linkattacher_msgs/share/linkattacher_msgs/package.xml
[3.306s] Invoked command in '/home/monica/ros2_pelota/build/linkattacher_msgs' returned '0': CMAKE_PREFIX_PATH=${CMAKE_PREFIX_PATH}:/opt/ros/iron /usr/bin/cmake --install /home/monica/ros2_pelota/build/linkattacher_msgs
