[0.160s] Invoking command in '/home/monica/ros2_pelota/build/ros2_linkattacher': CMAKE_PREFIX_PATH=/home/monica/ros2_pelota/install/linkattacher_msgs:/home/monica/ros2_pelota/install/xolobot_control:/home/monica/ros2_pelota/install/xolobot_arm_server:/home/monica/ros2_pelota/install/xolobot_arm:/home/monica/ros2_pelota/install/ros2_linkattacher:/home/monica/ros2_ws/install/xolobot_control:/home/monica/ros2_ws/install/xolobot_arm_server:/home/monica/ros2_ws/install/xolobot_arm:/opt/ros/iron LD_LIBRARY_PATH=/home/monica/ros2_pelota/install/linkattacher_msgs/lib:/home/monica/ros2_pelota/install/ros2_linkattacher/lib:/usr/lib/x86_64-linux-gnu/gazebo-11/plugins:/opt/ros/iron/opt/rviz_ogre_vendor/lib:/opt/ros/iron/lib/x86_64-linux-gnu:/opt/ros/iron/lib:/opt/ros/iron/lib /usr/bin/cmake --build /home/monica/ros2_pelota/build/ros2_linkattacher -- -j2 -l2
[1.118s] [100%] Built target gazebo_link_attacher
[1.244s] Invoked command in '/home/monica/ros2_pelota/build/ros2_linkattacher' returned '0': CMAKE_PREFIX_PATH=/home/monica/ros2_pelota/install/linkattacher_msgs:/home/monica/ros2_pelota/install/xolobot_control:/home/monica/ros2_pelota/install/xolobot_arm_server:/home/monica/ros2_pelota/install/xolobot_arm:/home/monica/ros2_pelota/install/ros2_linkattacher:/home/monica/ros2_ws/install/xolobot_control:/home/monica/ros2_ws/install/xolobot_arm_server:/home/monica/ros2_ws/install/xolobot_arm:/opt/ros/iron LD_LIBRARY_PATH=/home/monica/ros2_pelota/install/linkattacher_msgs/lib:/home/monica/ros2_pelota/install/ros2_linkattacher/lib:/usr/lib/x86_64-linux-gnu/gazebo-11/plugins:/opt/ros/iron/opt/rviz_ogre_vendor/lib:/opt/ros/iron/lib/x86_64-linux-gnu:/opt/ros/iron/lib:/opt/ros/iron/lib /usr/bin/cmake --build /home/monica/ros2_pelota/build/ros2_linkattacher -- -j2 -l2
[1.258s] Invoking command in '/home/monica/ros2_pelota/build/ros2_linkattacher': CMAKE_PREFIX_PATH=/home/monica/ros2_pelota/install/linkattacher_msgs:/home/monica/ros2_pelota/install/xolobot_control:/home/monica/ros2_pelota/install/xolobot_arm_server:/home/monica/ros2_pelota/install/xolobot_arm:/home/monica/ros2_pelota/install/ros2_linkattacher:/home/monica/ros2_ws/install/xolobot_control:/home/monica/ros2_ws/install/xolobot_arm_server:/home/monica/ros2_ws/install/xolobot_arm:/opt/ros/iron LD_LIBRARY_PATH=/home/monica/ros2_pelota/install/linkattacher_msgs/lib:/home/monica/ros2_pelota/install/ros2_linkattacher/lib:/usr/lib/x86_64-linux-gnu/gazebo-11/plugins:/opt/ros/iron/opt/rviz_ogre_vendor/lib:/opt/ros/iron/lib/x86_64-linux-gnu:/opt/ros/iron/lib:/opt/ros/iron/lib /usr/bin/cmake --install /home/monica/ros2_pelota/build/ros2_linkattacher
[1.319s] -- Install configuration: ""
[1.330s] -- Up-to-date: /home/monica/ros2_pelota/install/ros2_linkattacher/share/ros2_linkattacher/environment/library_path.sh
[1.330s] -- Up-to-date: /home/monica/ros2_pelota/install/ros2_linkattacher/share/ros2_linkattacher/environment/library_path.dsv
[1.337s] -- Up-to-date: /home/monica/ros2_pelota/install/ros2_linkattacher/lib/libgazebo_link_attacher.so
[1.340s] -- Up-to-date: /home/monica/ros2_pelota/install/ros2_linkattacher/share/ament_index/resource_index/package_run_dependencies/ros2_linkattacher
[1.340s] -- Up-to-date: /home/monica/ros2_pelota/install/ros2_linkattacher/share/ament_index/resource_index/parent_prefix_path/ros2_linkattacher
[1.340s] -- Up-to-date: /home/monica/ros2_pelota/install/ros2_linkattacher/share/ros2_linkattacher/environment/ament_prefix_path.sh
[1.340s] -- Up-to-date: /home/monica/ros2_pelota/install/ros2_linkattacher/share/ros2_linkattacher/environment/ament_prefix_path.dsv
[1.346s] -- Up-to-date: /home/monica/ros2_pelota/install/ros2_linkattacher/share/ros2_linkattacher/environment/path.sh
[1.346s] -- Up-to-date: /home/monica/ros2_pelota/install/ros2_linkattacher/share/ros2_linkattacher/environment/path.dsv
[1.347s] -- Up-to-date: /home/monica/ros2_pelota/install/ros2_linkattacher/share/ros2_linkattacher/local_setup.bash
[1.347s] -- Up-to-date: /home/monica/ros2_pelota/install/ros2_linkattacher/share/ros2_linkattacher/local_setup.sh
[1.347s] -- Up-to-date: /home/monica/ros2_pelota/install/ros2_linkattacher/share/ros2_linkattacher/local_setup.zsh
[1.348s] -- Up-to-date: /home/monica/ros2_pelota/install/ros2_linkattacher/share/ros2_linkattacher/local_setup.dsv
[1.355s] -- Installing: /home/monica/ros2_pelota/install/ros2_linkattacher/share/ros2_linkattacher/package.dsv
[1.358s] -- Up-to-date: /home/monica/ros2_pelota/install/ros2_linkattacher/share/ament_index/resource_index/packages/ros2_linkattacher
[1.359s] -- Up-to-date: /home/monica/ros2_pelota/install/ros2_linkattacher/share/ros2_linkattacher/cmake/ament_cmake_export_libraries-extras.cmake
[1.359s] -- Up-to-date: /home/monica/ros2_pelota/install/ros2_linkattacher/share/ros2_linkattacher/cmake/ros2_linkattacherConfig.cmake
[1.359s] -- Up-to-date: /home/monica/ros2_pelota/install/ros2_linkattacher/share/ros2_linkattacher/cmake/ros2_linkattacherConfig-version.cmake
[1.362s] -- Up-to-date: /home/monica/ros2_pelota/install/ros2_linkattacher/share/ros2_linkattacher/package.xml
[1.368s] Invoked command in '/home/monica/ros2_pelota/build/ros2_linkattacher' returned '0': CMAKE_PREFIX_PATH=/home/monica/ros2_pelota/install/linkattacher_msgs:/home/monica/ros2_pelota/install/xolobot_control:/home/monica/ros2_pelota/install/xolobot_arm_server:/home/monica/ros2_pelota/install/xolobot_arm:/home/monica/ros2_pelota/install/ros2_linkattacher:/home/monica/ros2_ws/install/xolobot_control:/home/monica/ros2_ws/install/xolobot_arm_server:/home/monica/ros2_ws/install/xolobot_arm:/opt/ros/iron LD_LIBRARY_PATH=/home/monica/ros2_pelota/install/linkattacher_msgs/lib:/home/monica/ros2_pelota/install/ros2_linkattacher/lib:/usr/lib/x86_64-linux-gnu/gazebo-11/plugins:/opt/ros/iron/opt/rviz_ogre_vendor/lib:/opt/ros/iron/lib/x86_64-linux-gnu:/opt/ros/iron/lib:/opt/ros/iron/lib /usr/bin/cmake --install /home/monica/ros2_pelota/build/ros2_linkattacher
