[0.081s] Invoking command in '/home/monica/ros2_pelota/build/xolobot_arm': CMAKE_PREFIX_PATH=${CMAKE_PREFIX_PATH}:/opt/ros/iron /usr/bin/cmake --build /home/monica/ros2_pelota/build/xolobot_arm -- -j2 -l2
[0.549s] Invoked command in '/home/monica/ros2_pelota/build/xolobot_arm' returned '0': CMAKE_PREFIX_PATH=${CMAKE_PREFIX_PATH}:/opt/ros/iron /usr/bin/cmake --build /home/monica/ros2_pelota/build/xolobot_arm -- -j2 -l2
[0.604s] Invoking command in '/home/monica/ros2_pelota/build/xolobot_arm': CMAKE_PREFIX_PATH=${CMAKE_PREFIX_PATH}:/opt/ros/iron /usr/bin/cmake --install /home/monica/ros2_pelota/build/xolobot_arm
[0.696s] -- Install configuration: ""
[0.697s] -- Up-to-date: /home/monica/ros2_pelota/install/xolobot_arm/share/xolobot_arm/launch
[0.697s] -- Installing: /home/monica/ros2_pelota/install/xolobot_arm/share/xolobot_arm/launch/xolobot_arm_control.launch.py
[0.705s] -- Up-to-date: /home/monica/ros2_pelota/install/xolobot_arm/share/xolobot_arm/worlds
[0.705s] -- Up-to-date: /home/monica/ros2_pelota/install/xolobot_arm/share/xolobot_arm/worlds/coca_levitando.world
[0.709s] -- Up-to-date: /home/monica/ros2_pelota/install/xolobot_arm/share/xolobot_arm/models
[0.709s] -- Up-to-date: /home/monica/ros2_pelota/install/xolobot_arm/share/xolobot_arm/models/xolobot.urdf
[0.715s] -- Up-to-date: /home/monica/ros2_pelota/install/xolobot_arm/share/xolobot_arm/models/model.config
[0.715s] -- Up-to-date: /home/monica/ros2_pelota/install/xolobot_arm/share/xolobot_arm/models/utileria
[0.715s] -- Installing: /home/monica/ros2_pelota/install/xolobot_arm/share/xolobot_arm/models/utileria/objeto.sdf
[0.716s] -- Up-to-date: /home/monica/ros2_pelota/install/xolobot_arm/share/xolobot_arm/models/utileria/model.config
[0.716s] -- Up-to-date: /home/monica/ros2_pelota/install/xolobot_arm/share/xolobot_arm/models/utileria/objeto2.sdf
[0.722s] -- Up-to-date: /home/monica/ros2_pelota/install/xolobot_arm/share/xolobot_arm/models/utileria/soporte.sdf
[0.724s] -- Up-to-date: /home/monica/ros2_pelota/install/xolobot_arm/share/xolobot_arm/models/utileria/soporte2.sdf
[0.724s] -- Up-to-date: /home/monica/ros2_pelota/install/xolobot_arm/share/xolobot_arm/models/textures
[0.730s] -- Up-to-date: /home/monica/ros2_pelota/install/xolobot_arm/share/xolobot_arm/models/textures/metal.material
[0.730s] -- Up-to-date: /home/monica/ros2_pelota/install/xolobot_arm/share/xolobot_arm/models/textures/images
[0.730s] -- Up-to-date: /home/monica/ros2_pelota/install/xolobot_arm/share/xolobot_arm/models/textures/images/metal-rosa.jpg
[0.735s] -- Up-to-date: /home/monica/ros2_pelota/install/xolobot_arm/share/xolobot_arm/models/textures/images/metal-hoyos.jpg
[0.735s] -- Up-to-date: /home/monica/ros2_pelota/install/xolobot_arm/share/xolobot_arm/models/textures/images/blue-metal.jpg
[0.736s] -- Up-to-date: /home/monica/ros2_pelota/install/xolobot_arm/share/xolobot_arm/models/textures/images/rose-gold.jpg
[0.736s] -- Up-to-date: /home/monica/ros2_pelota/install/xolobot_arm/share/xolobot_arm/models/textures/images/piso-metal-barras.jpg
[0.736s] -- Up-to-date: /home/monica/ros2_pelota/install/xolobot_arm/share/xolobot_arm/models/textures/images/piso-metal-blanco.jpg
[0.744s] -- Up-to-date: /home/monica/ros2_pelota/install/xolobot_arm/share/xolobot_arm/models/textures/model.config
[0.744s] -- Up-to-date: /home/monica/ros2_pelota/install/xolobot_arm/share/xolobot_arm/models/textures/xolobot.material
[0.745s] -- Up-to-date: /home/monica/ros2_pelota/install/xolobot_arm/share/xolobot_arm/models/xolobot_arm.sdf
[0.745s] -- Up-to-date: /home/monica/ros2_pelota/install/xolobot_arm/share/xolobot_arm/models/meshes
[0.745s] -- Up-to-date: /home/monica/ros2_pelota/install/xolobot_arm/share/xolobot_arm/models/meshes/pulgar_2.dae
[0.752s] -- Up-to-date: /home/monica/ros2_pelota/install/xolobot_arm/share/xolobot_arm/models/meshes/antebrazo_mano_izq_2.dae
[0.752s] -- Up-to-date: /home/monica/ros2_pelota/install/xolobot_arm/share/xolobot_arm/models/meshes/biceps_juntos.dae
[0.755s] -- Up-to-date: /home/monica/ros2_pelota/install/xolobot_arm/share/xolobot_arm/models/meshes/biceps_der.dae
[0.755s] -- Up-to-date: /home/monica/ros2_pelota/install/xolobot_arm/share/xolobot_arm/models/meshes/biceps_izq.dae
[0.755s] -- Up-to-date: /home/monica/ros2_pelota/install/xolobot_arm/share/xolobot_arm/models/meshes/banda.blend
[0.759s] -- Up-to-date: /home/monica/ros2_pelota/install/xolobot_arm/share/xolobot_arm/models/meshes/biceps_juntos_nuevo.dae
[0.759s] -- Up-to-date: /home/monica/ros2_pelota/install/xolobot_arm/share/xolobot_arm/models/meshes/antebrazo_mano_izqprueba.dae
[0.763s] -- Up-to-date: /home/monica/ros2_pelota/install/xolobot_arm/share/xolobot_arm/models/meshes/antebrazo_mano_izq_bak.dae
[0.763s] -- Up-to-date: /home/monica/ros2_pelota/install/xolobot_arm/share/xolobot_arm/models/meshes/mono.dae
[0.767s] -- Up-to-date: /home/monica/ros2_pelota/install/xolobot_arm/share/xolobot_arm/models/meshes/hombro_alto.dae
[0.767s] -- Up-to-date: /home/monica/ros2_pelota/install/xolobot_arm/share/xolobot_arm/models/meshes/codo_izq_colision.dae
[0.771s] -- Up-to-date: /home/monica/ros2_pelota/install/xolobot_arm/share/xolobot_arm/models/meshes/hombro_alto_colision.dae
[0.776s] -- Up-to-date: /home/monica/ros2_pelota/install/xolobot_arm/share/xolobot_arm/models/meshes/model.config
[0.776s] -- Up-to-date: /home/monica/ros2_pelota/install/xolobot_arm/share/xolobot_arm/models/meshes/alien.dae
[0.778s] -- Up-to-date: /home/monica/ros2_pelota/install/xolobot_arm/share/xolobot_arm/models/meshes/antebrazo_mano_izq.dae
[0.779s] -- Up-to-date: /home/monica/ros2_pelota/install/xolobot_arm/share/xolobot_arm/models/meshes/codo_izq.dae
[0.779s] -- Up-to-date: /home/monica/ros2_pelota/install/xolobot_arm/share/xolobot_arm/models/meshes/biceps_izq_colision.dae
[0.781s] -- Up-to-date: /home/monica/ros2_pelota/install/xolobot_arm/share/xolobot_arm/models/meshes/backup
[0.782s] -- Up-to-date: /home/monica/ros2_pelota/install/xolobot_arm/share/xolobot_arm/models/meshes/backup/pulgar_2.dae
[0.782s] -- Up-to-date: /home/monica/ros2_pelota/install/xolobot_arm/share/xolobot_arm/models/meshes/backup/biceps_juntos.dae
[0.785s] -- Up-to-date: /home/monica/ros2_pelota/install/xolobot_arm/share/xolobot_arm/models/meshes/backup/biceps_der.dae
[0.785s] -- Up-to-date: /home/monica/ros2_pelota/install/xolobot_arm/share/xolobot_arm/models/meshes/backup/biceps_izq.dae
[0.790s] -- Up-to-date: /home/monica/ros2_pelota/install/xolobot_arm/share/xolobot_arm/models/meshes/backup/biceps_juntos_nuevo.dae
[0.790s] -- Up-to-date: /home/monica/ros2_pelota/install/xolobot_arm/share/xolobot_arm/models/meshes/backup/hombro_alto.dae
[0.793s] -- Up-to-date: /home/monica/ros2_pelota/install/xolobot_arm/share/xolobot_arm/models/meshes/backup/antebrazo_mano_izq.dae
[0.793s] -- Up-to-date: /home/monica/ros2_pelota/install/xolobot_arm/share/xolobot_arm/models/meshes/backup/codo_izq.dae
[0.797s] -- Up-to-date: /home/monica/ros2_pelota/install/xolobot_arm/share/xolobot_arm/models/meshes/backup/hombro_bajo.dae
[0.798s] -- Up-to-date: /home/monica/ros2_pelota/install/xolobot_arm/share/xolobot_arm/models/meshes/backup/dedos
[0.798s] -- Up-to-date: /home/monica/ros2_pelota/install/xolobot_arm/share/xolobot_arm/models/meshes/backup/dedos/dedo_indice.blend1
[0.798s] -- Up-to-date: /home/monica/ros2_pelota/install/xolobot_arm/share/xolobot_arm/models/meshes/backup/dedos/dedo_cordial_1.dae
[0.799s] -- Up-to-date: /home/monica/ros2_pelota/install/xolobot_arm/share/xolobot_arm/models/meshes/backup/dedos/dedo_menique_1.blend
[0.799s] -- Up-to-date: /home/monica/ros2_pelota/install/xolobot_arm/share/xolobot_arm/models/meshes/backup/dedos/dedo_indice_2.dae
[0.799s] -- Up-to-date: /home/monica/ros2_pelota/install/xolobot_arm/share/xolobot_arm/models/meshes/backup/dedos/dedo_cordial.blend
[0.805s] -- Up-to-date: /home/monica/ros2_pelota/install/xolobot_arm/share/xolobot_arm/models/meshes/backup/dedos/dedo_menique_2.blend1
[0.806s] -- Up-to-date: /home/monica/ros2_pelota/install/xolobot_arm/share/xolobot_arm/models/meshes/backup/dedos/dedo_cordial_2.dae
[0.806s] -- Up-to-date: /home/monica/ros2_pelota/install/xolobot_arm/share/xolobot_arm/models/meshes/backup/dedos/dedo_indice_1.dae
[0.809s] -- Up-to-date: /home/monica/ros2_pelota/install/xolobot_arm/share/xolobot_arm/models/meshes/backup/dedos/dedo_menique.blend
[0.813s] -- Up-to-date: /home/monica/ros2_pelota/install/xolobot_arm/share/xolobot_arm/models/meshes/backup/dedos/dedo_menique_1.blend1
[0.816s] -- Up-to-date: /home/monica/ros2_pelota/install/xolobot_arm/share/xolobot_arm/models/meshes/backup/dedos/dedo_menique_2.dae
[0.817s] -- Up-to-date: /home/monica/ros2_pelota/install/xolobot_arm/share/xolobot_arm/models/meshes/backup/dedos/dedo_anular_1.dae
[0.817s] -- Up-to-date: /home/monica/ros2_pelota/install/xolobot_arm/share/xolobot_arm/models/meshes/backup/dedos/dedo_menique_3.dae
[0.824s] -- Up-to-date: /home/monica/ros2_pelota/install/xolobot_arm/share/xolobot_arm/models/meshes/backup/dedos/dedo_cordial_3.dae
[0.825s] -- Up-to-date: /home/monica/ros2_pelota/install/xolobot_arm/share/xolobot_arm/models/meshes/backup/dedos/mano_completa.blend
[0.825s] -- Up-to-date: /home/monica/ros2_pelota/install/xolobot_arm/share/xolobot_arm/models/meshes/backup/dedos/dedo_menique.blend1
[0.829s] -- Up-to-date: /home/monica/ros2_pelota/install/xolobot_arm/share/xolobot_arm/models/meshes/backup/dedos/dedo_menique_2.blend
[0.829s] -- Up-to-date: /home/monica/ros2_pelota/install/xolobot_arm/share/xolobot_arm/models/meshes/backup/dedos/dedo_anular.blend1
[0.831s] -- Up-to-date: /home/monica/ros2_pelota/install/xolobot_arm/share/xolobot_arm/models/meshes/backup/dedos/dedo_menique_3.blend1
[0.831s] -- Up-to-date: /home/monica/ros2_pelota/install/xolobot_arm/share/xolobot_arm/models/meshes/backup/dedos/dedo_menique_3.blend
[0.831s] -- Up-to-date: /home/monica/ros2_pelota/install/xolobot_arm/share/xolobot_arm/models/meshes/backup/dedos/dedo_menique_1.dae
[0.831s] -- Up-to-date: /home/monica/ros2_pelota/install/xolobot_arm/share/xolobot_arm/models/meshes/backup/dedos/dedo_anular.blend
[0.832s] -- Up-to-date: /home/monica/ros2_pelota/install/xolobot_arm/share/xolobot_arm/models/meshes/backup/dedos/dedo_indice.blend
[0.832s] -- Up-to-date: /home/monica/ros2_pelota/install/xolobot_arm/share/xolobot_arm/models/meshes/backup/dedos/mano_completa.blend1
[0.841s] -- Up-to-date: /home/monica/ros2_pelota/install/xolobot_arm/share/xolobot_arm/models/meshes/backup/dedos/dedo_anular_3.dae
[0.841s] -- Up-to-date: /home/monica/ros2_pelota/install/xolobot_arm/share/xolobot_arm/models/meshes/backup/dedos/dedo_anular_2.dae
[0.842s] -- Up-to-date: /home/monica/ros2_pelota/install/xolobot_arm/share/xolobot_arm/models/meshes/backup/dedos/dedo_cordial.blend1
[0.842s] -- Up-to-date: /home/monica/ros2_pelota/install/xolobot_arm/share/xolobot_arm/models/meshes/backup/dedos/dedo_indice_3.dae
[0.847s] -- Up-to-date: /home/monica/ros2_pelota/install/xolobot_arm/share/xolobot_arm/models/meshes/backup/pulgar_1_izq.dae
[0.851s] -- Up-to-date: /home/monica/ros2_pelota/install/xolobot_arm/share/xolobot_arm/models/meshes/backup/pulgar_3.dae
[0.851s] -- Up-to-date: /home/monica/ros2_pelota/install/xolobot_arm/share/xolobot_arm/models/meshes/hombro_bajo.dae
[0.855s] -- Up-to-date: /home/monica/ros2_pelota/install/xolobot_arm/share/xolobot_arm/models/meshes/dedos
[0.857s] -- Up-to-date: /home/monica/ros2_pelota/install/xolobot_arm/share/xolobot_arm/models/meshes/dedos/pulgar_2.dae
[0.857s] -- Up-to-date: /home/monica/ros2_pelota/install/xolobot_arm/share/xolobot_arm/models/meshes/dedos/pulgar_1_izq_colision.dae
[0.860s] -- Up-to-date: /home/monica/ros2_pelota/install/xolobot_arm/share/xolobot_arm/models/meshes/dedos/dedo_menique_3_colision.dae
[0.860s] -- Up-to-date: /home/monica/ros2_pelota/install/xolobot_arm/share/xolobot_arm/models/meshes/dedos/dedo_indice.blend1
[0.865s] -- Up-to-date: /home/monica/ros2_pelota/install/xolobot_arm/share/xolobot_arm/models/meshes/dedos/dedo_cordial_3_colision.dae
[0.865s] -- Up-to-date: /home/monica/ros2_pelota/install/xolobot_arm/share/xolobot_arm/models/meshes/dedos/pulgar_3_colision.dae
[0.865s] -- Up-to-date: /home/monica/ros2_pelota/install/xolobot_arm/share/xolobot_arm/models/meshes/dedos/dedo_cordial_1.dae
[0.866s] -- Up-to-date: /home/monica/ros2_pelota/install/xolobot_arm/share/xolobot_arm/models/meshes/dedos/dedo_menique_2_colision.dae
[0.866s] -- Up-to-date: /home/monica/ros2_pelota/install/xolobot_arm/share/xolobot_arm/models/meshes/dedos/dedo_menique_1.blend
[0.866s] -- Up-to-date: /home/monica/ros2_pelota/install/xolobot_arm/share/xolobot_arm/models/meshes/dedos/dedo_indice_2.dae
[0.871s] -- Up-to-date: /home/monica/ros2_pelota/install/xolobot_arm/share/xolobot_arm/models/meshes/dedos/dedo_indice_3_colision.dae
[0.875s] -- Up-to-date: /home/monica/ros2_pelota/install/xolobot_arm/share/xolobot_arm/models/meshes/dedos/dedo_cordial.blend
[0.875s] -- Up-to-date: /home/monica/ros2_pelota/install/xolobot_arm/share/xolobot_arm/models/meshes/dedos/dedo_menique_2.blend1
[0.879s] -- Up-to-date: /home/monica/ros2_pelota/install/xolobot_arm/share/xolobot_arm/models/meshes/dedos/dedo_cordial_2.dae
[0.880s] -- Up-to-date: /home/monica/ros2_pelota/install/xolobot_arm/share/xolobot_arm/models/meshes/dedos/dedo_indice_1.dae
[0.880s] -- Up-to-date: /home/monica/ros2_pelota/install/xolobot_arm/share/xolobot_arm/models/meshes/dedos/dedo_menique.blend
[0.880s] -- Up-to-date: /home/monica/ros2_pelota/install/xolobot_arm/share/xolobot_arm/models/meshes/dedos/dedo_anular_1_colision.dae
[0.881s] -- Up-to-date: /home/monica/ros2_pelota/install/xolobot_arm/share/xolobot_arm/models/meshes/dedos/dedo_menique_1.blend1
[0.881s] -- Up-to-date: /home/monica/ros2_pelota/install/xolobot_arm/share/xolobot_arm/models/meshes/dedos/dedo_menique_2.dae
[0.888s] -- Up-to-date: /home/monica/ros2_pelota/install/xolobot_arm/share/xolobot_arm/models/meshes/dedos/dedo_anular_1.dae
[0.889s] -- Up-to-date: /home/monica/ros2_pelota/install/xolobot_arm/share/xolobot_arm/models/meshes/dedos/dedo_indice_1_colision.dae
[0.889s] -- Up-to-date: /home/monica/ros2_pelota/install/xolobot_arm/share/xolobot_arm/models/meshes/dedos/dedo_menique_1_colision.dae
[0.892s] -- Up-to-date: /home/monica/ros2_pelota/install/xolobot_arm/share/xolobot_arm/models/meshes/dedos/dedo_menique_3.dae
[0.894s] -- Up-to-date: /home/monica/ros2_pelota/install/xolobot_arm/share/xolobot_arm/models/meshes/dedos/dedo_anular_3_colision.dae
[0.896s] -- Up-to-date: /home/monica/ros2_pelota/install/xolobot_arm/share/xolobot_arm/models/meshes/dedos/dedo_cordial_1_colision.dae
[0.896s] -- Up-to-date: /home/monica/ros2_pelota/install/xolobot_arm/share/xolobot_arm/models/meshes/dedos/dedo_cordial_3.dae
[0.897s] -- Up-to-date: /home/monica/ros2_pelota/install/xolobot_arm/share/xolobot_arm/models/meshes/dedos/pulgar_1_izq.dae
[0.897s] -- Up-to-date: /home/monica/ros2_pelota/install/xolobot_arm/share/xolobot_arm/models/meshes/dedos/mano_completa.blend
[0.897s] -- Up-to-date: /home/monica/ros2_pelota/install/xolobot_arm/share/xolobot_arm/models/meshes/dedos/dedo_menique.blend1
[0.903s] -- Up-to-date: /home/monica/ros2_pelota/install/xolobot_arm/share/xolobot_arm/models/meshes/dedos/dedo_menique_2.blend
[0.905s] -- Up-to-date: /home/monica/ros2_pelota/install/xolobot_arm/share/xolobot_arm/models/meshes/dedos/dedo_indice_2_colision.dae
[0.905s] -- Up-to-date: /home/monica/ros2_pelota/install/xolobot_arm/share/xolobot_arm/models/meshes/dedos/dedo_anular.blend1
[0.905s] -- Up-to-date: /home/monica/ros2_pelota/install/xolobot_arm/share/xolobot_arm/models/meshes/dedos/dedo_cordial_2_colision.dae
[0.912s] -- Up-to-date: /home/monica/ros2_pelota/install/xolobot_arm/share/xolobot_arm/models/meshes/dedos/dedo_menique_3.blend1
[0.918s] -- Up-to-date: /home/monica/ros2_pelota/install/xolobot_arm/share/xolobot_arm/models/meshes/dedos/pulgar_3.dae
[0.919s] -- Up-to-date: /home/monica/ros2_pelota/install/xolobot_arm/share/xolobot_arm/models/meshes/dedos/dedo_menique_3.blend
[0.919s] -- Up-to-date: /home/monica/ros2_pelota/install/xolobot_arm/share/xolobot_arm/models/meshes/dedos/dedo_menique_1.dae
[0.919s] -- Up-to-date: /home/monica/ros2_pelota/install/xolobot_arm/share/xolobot_arm/models/meshes/dedos/dedo_anular.blend
[0.922s] -- Up-to-date: /home/monica/ros2_pelota/install/xolobot_arm/share/xolobot_arm/models/meshes/dedos/dedo_indice.blend
[0.922s] -- Up-to-date: /home/monica/ros2_pelota/install/xolobot_arm/share/xolobot_arm/models/meshes/dedos/mano_completa.blend1
[0.923s] -- Up-to-date: /home/monica/ros2_pelota/install/xolobot_arm/share/xolobot_arm/models/meshes/dedos/dedo_anular_3.dae
[0.923s] -- Up-to-date: /home/monica/ros2_pelota/install/xolobot_arm/share/xolobot_arm/models/meshes/dedos/dedo_anular_2.dae
[0.923s] -- Up-to-date: /home/monica/ros2_pelota/install/xolobot_arm/share/xolobot_arm/models/meshes/dedos/dedo_cordial.blend1
[0.926s] -- Up-to-date: /home/monica/ros2_pelota/install/xolobot_arm/share/xolobot_arm/models/meshes/dedos/pulgar_2_colision.dae
[0.927s] -- Up-to-date: /home/monica/ros2_pelota/install/xolobot_arm/share/xolobot_arm/models/meshes/dedos/dedo_anular_2_colision.dae
[0.927s] -- Up-to-date: /home/monica/ros2_pelota/install/xolobot_arm/share/xolobot_arm/models/meshes/dedos/dedo_indice_3.dae
[0.928s] -- Up-to-date: /home/monica/ros2_pelota/install/xolobot_arm/share/xolobot_arm/models/meshes/pulgar_1_izq.dae
[0.929s] -- Up-to-date: /home/monica/ros2_pelota/install/xolobot_arm/share/xolobot_arm/models/meshes/codo_izq_tuercas.dae
[0.929s] -- Up-to-date: /home/monica/ros2_pelota/install/xolobot_arm/share/xolobot_arm/models/meshes/hombro_bajo_colision.dae
[0.929s] -- Up-to-date: /home/monica/ros2_pelota/install/xolobot_arm/share/xolobot_arm/models/meshes/pulgar_3.dae
[0.929s] -- Up-to-date: /home/monica/ros2_pelota/install/xolobot_arm/share/xolobot_arm/models/meshes/banda_terminada.blend
[0.930s] -- Up-to-date: /home/monica/ros2_pelota/install/xolobot_arm/share/xolobot_arm/models/meshes/palma.dae
[0.930s] -- Up-to-date: /home/monica/ros2_pelota/install/xolobot_arm/share/ament_index/resource_index/package_run_dependencies/xolobot_arm
[0.930s] -- Up-to-date: /home/monica/ros2_pelota/install/xolobot_arm/share/ament_index/resource_index/parent_prefix_path/xolobot_arm
[0.931s] -- Up-to-date: /home/monica/ros2_pelota/install/xolobot_arm/share/xolobot_arm/environment/ament_prefix_path.sh
[0.931s] -- Up-to-date: /home/monica/ros2_pelota/install/xolobot_arm/share/xolobot_arm/environment/ament_prefix_path.dsv
[0.931s] -- Up-to-date: /home/monica/ros2_pelota/install/xolobot_arm/share/xolobot_arm/environment/path.sh
[0.934s] -- Up-to-date: /home/monica/ros2_pelota/install/xolobot_arm/share/xolobot_arm/environment/path.dsv
[0.935s] -- Up-to-date: /home/monica/ros2_pelota/install/xolobot_arm/share/xolobot_arm/local_setup.bash
[0.936s] -- Up-to-date: /home/monica/ros2_pelota/install/xolobot_arm/share/xolobot_arm/local_setup.sh
[0.937s] -- Up-to-date: /home/monica/ros2_pelota/install/xolobot_arm/share/xolobot_arm/local_setup.zsh
[0.937s] -- Up-to-date: /home/monica/ros2_pelota/install/xolobot_arm/share/xolobot_arm/local_setup.dsv
[0.937s] -- Installing: /home/monica/ros2_pelota/install/xolobot_arm/share/xolobot_arm/package.dsv
[0.937s] -- Up-to-date: /home/monica/ros2_pelota/install/xolobot_arm/share/ament_index/resource_index/packages/xolobot_arm
[0.938s] -- Up-to-date: /home/monica/ros2_pelota/install/xolobot_arm/share/xolobot_arm/cmake/xolobot_armConfig.cmake
[0.938s] -- Up-to-date: /home/monica/ros2_pelota/install/xolobot_arm/share/xolobot_arm/cmake/xolobot_armConfig-version.cmake
[0.939s] -- Up-to-date: /home/monica/ros2_pelota/install/xolobot_arm/share/xolobot_arm/package.xml
[0.939s] Invoked command in '/home/monica/ros2_pelota/build/xolobot_arm' returned '0': CMAKE_PREFIX_PATH=${CMAKE_PREFIX_PATH}:/opt/ros/iron /usr/bin/cmake --install /home/monica/ros2_pelota/build/xolobot_arm
