[0.055s] Invoking command in '/home/monica/ros2_pelota/build/ros2_linkattacher': AMENT_PREFIX_PATH=/home/monica/ros2_pelota/install/linkattacher_msgs:${AMENT_PREFIX_PATH} CMAKE_PREFIX_PATH=/home/monica/ros2_pelota/install/linkattacher_msgs:/home/monica/ros2_ws/install/xolobot_control:/home/monica/ros2_ws/install/xolobot_arm_server:/home/monica/ros2_ws/install/xolobot_arm:/opt/ros/iron LD_LIBRARY_PATH=/home/monica/ros2_pelota/install/linkattacher_msgs/lib:${LD_LIBRARY_PATH} PYTHONPATH=/home/monica/ros2_pelota/install/linkattacher_msgs/lib/python3.10/site-packages:${PYTHONPATH} /usr/bin/cmake --build /home/monica/ros2_pelota/build/ros2_linkattacher -- -j2 -l2
[0.598s] [100%] Built target gazebo_link_attacher
[0.632s] Invoked command in '/home/monica/ros2_pelota/build/ros2_linkattacher' returned '0': AMENT_PREFIX_PATH=/home/monica/ros2_pelota/install/linkattacher_msgs:${AMENT_PREFIX_PATH} CMAKE_PREFIX_PATH=/home/monica/ros2_pelota/install/linkattacher_msgs:/home/monica/ros2_ws/install/xolobot_control:/home/monica/ros2_ws/install/xolobot_arm_server:/home/monica/ros2_ws/install/xolobot_arm:/opt/ros/iron LD_LIBRARY_PATH=/home/monica/ros2_pelota/install/linkattacher_msgs/lib:${LD_LIBRARY_PATH} PYTHONPATH=/home/monica/ros2_pelota/install/linkattacher_msgs/lib/python3.10/site-packages:${PYTHONPATH} /usr/bin/cmake --build /home/monica/ros2_pelota/build/ros2_linkattacher -- -j2 -l2
[0.646s] Invoking command in '/home/monica/ros2_pelota/build/ros2_linkattacher': AMENT_PREFIX_PATH=/home/monica/ros2_pelota/install/linkattacher_msgs:${AMENT_PREFIX_PATH} CMAKE_PREFIX_PATH=/home/monica/ros2_pelota/install/linkattacher_msgs:/home/monica/ros2_ws/install/xolobot_control:/home/monica/ros2_ws/install/xolobot_arm_server:/home/monica/ros2_ws/install/xolobot_arm:/opt/ros/iron LD_LIBRARY_PATH=/home/monica/ros2_pelota/install/linkattacher_msgs/lib:${LD_LIBRARY_PATH} PYTHONPATH=/home/monica/ros2_pelota/install/linkattacher_msgs/lib/python3.10/site-packages:${PYTHONPATH} /usr/bin/cmake --install /home/monica/ros2_pelota/build/ros2_linkattacher
[0.690s] -- Install configuration: ""
[0.690s] -- Up-to-date: /home/monica/ros2_pelota/install/ros2_linkattacher/share/ros2_linkattacher/environment/library_path.sh
[0.691s] -- Up-to-date: /home/monica/ros2_pelota/install/ros2_linkattacher/share/ros2_linkattacher/environment/library_path.dsv
[0.694s] -- Up-to-date: /home/monica/ros2_pelota/install/ros2_linkattacher/lib/libgazebo_link_attacher.so
[0.701s] -- Up-to-date: /home/monica/ros2_pelota/install/ros2_linkattacher/share/ament_index/resource_index/package_run_dependencies/ros2_linkattacher
[0.704s] -- Up-to-date: /home/monica/ros2_pelota/install/ros2_linkattacher/share/ament_index/resource_index/parent_prefix_path/ros2_linkattacher
[0.705s] -- Up-to-date: /home/monica/ros2_pelota/install/ros2_linkattacher/share/ros2_linkattacher/environment/ament_prefix_path.sh
[0.705s] -- Up-to-date: /home/monica/ros2_pelota/install/ros2_linkattacher/share/ros2_linkattacher/environment/ament_prefix_path.dsv
[0.705s] -- Up-to-date: /home/monica/ros2_pelota/install/ros2_linkattacher/share/ros2_linkattacher/environment/path.sh
[0.705s] -- Up-to-date: /home/monica/ros2_pelota/install/ros2_linkattacher/share/ros2_linkattacher/environment/path.dsv
[0.705s] -- Up-to-date: /home/monica/ros2_pelota/install/ros2_linkattacher/share/ros2_linkattacher/local_setup.bash
[0.712s] -- Up-to-date: /home/monica/ros2_pelota/install/ros2_linkattacher/share/ros2_linkattacher/local_setup.sh
[0.712s] -- Up-to-date: /home/monica/ros2_pelota/install/ros2_linkattacher/share/ros2_linkattacher/local_setup.zsh
[0.713s] -- Up-to-date: /home/monica/ros2_pelota/install/ros2_linkattacher/share/ros2_linkattacher/local_setup.dsv
[0.713s] -- Installing: /home/monica/ros2_pelota/install/ros2_linkattacher/share/ros2_linkattacher/package.dsv
[0.713s] -- Up-to-date: /home/monica/ros2_pelota/install/ros2_linkattacher/share/ament_index/resource_index/packages/ros2_linkattacher
[0.713s] -- Up-to-date: /home/monica/ros2_pelota/install/ros2_linkattacher/share/ros2_linkattacher/cmake/ament_cmake_export_libraries-extras.cmake
[0.713s] -- Up-to-date: /home/monica/ros2_pelota/install/ros2_linkattacher/share/ros2_linkattacher/cmake/ros2_linkattacherConfig.cmake
[0.719s] -- Up-to-date: /home/monica/ros2_pelota/install/ros2_linkattacher/share/ros2_linkattacher/cmake/ros2_linkattacherConfig-version.cmake
[0.721s] -- Up-to-date: /home/monica/ros2_pelota/install/ros2_linkattacher/share/ros2_linkattacher/package.xml
[0.721s] Invoked command in '/home/monica/ros2_pelota/build/ros2_linkattacher' returned '0': AMENT_PREFIX_PATH=/home/monica/ros2_pelota/install/linkattacher_msgs:${AMENT_PREFIX_PATH} CMAKE_PREFIX_PATH=/home/monica/ros2_pelota/install/linkattacher_msgs:/home/monica/ros2_ws/install/xolobot_control:/home/monica/ros2_ws/install/xolobot_arm_server:/home/monica/ros2_ws/install/xolobot_arm:/opt/ros/iron LD_LIBRARY_PATH=/home/monica/ros2_pelota/install/linkattacher_msgs/lib:${LD_LIBRARY_PATH} PYTHONPATH=/home/monica/ros2_pelota/install/linkattacher_msgs/lib/python3.10/site-packages:${PYTHONPATH} /usr/bin/cmake --install /home/monica/ros2_pelota/build/ros2_linkattacher
