[0.108s] Invoking command in '/home/monica/ros2_pelota/build/xolobot_arm': CMAKE_PREFIX_PATH=${CMAKE_PREFIX_PATH}:/opt/ros/iron /usr/bin/cmake --build /home/monica/ros2_pelota/build/xolobot_arm -- -j2 -l2
[0.729s] Invoked command in '/home/monica/ros2_pelota/build/xolobot_arm' returned '0': CMAKE_PREFIX_PATH=${CMAKE_PREFIX_PATH}:/opt/ros/iron /usr/bin/cmake --build /home/monica/ros2_pelota/build/xolobot_arm -- -j2 -l2
[0.798s] Invoking command in '/home/monica/ros2_pelota/build/xolobot_arm': CMAKE_PREFIX_PATH=${CMAKE_PREFIX_PATH}:/opt/ros/iron /usr/bin/cmake --install /home/monica/ros2_pelota/build/xolobot_arm
[0.875s] -- Install configuration: ""
[0.876s] -- Up-to-date: /home/monica/ros2_pelota/install/xolobot_arm/share/xolobot_arm/launch
[0.876s] -- Up-to-date: /home/monica/ros2_pelota/install/xolobot_arm/share/xolobot_arm/launch/xolobot_arm_control.launch.py
[0.876s] -- Up-to-date: /home/monica/ros2_pelota/install/xolobot_arm/share/xolobot_arm/worlds
[0.880s] -- Up-to-date: /home/monica/ros2_pelota/install/xolobot_arm/share/xolobot_arm/worlds/coca_levitando.world
[0.880s] -- Up-to-date: /home/monica/ros2_pelota/install/xolobot_arm/share/xolobot_arm/models
[0.884s] -- Up-to-date: /home/monica/ros2_pelota/install/xolobot_arm/share/xolobot_arm/models/xolobot.urdf
[0.884s] -- Up-to-date: /home/monica/ros2_pelota/install/xolobot_arm/share/xolobot_arm/models/model.config
[0.886s] -- Up-to-date: /home/monica/ros2_pelota/install/xolobot_arm/share/xolobot_arm/models/utileria
[0.886s] -- Installing: /home/monica/ros2_pelota/install/xolobot_arm/share/xolobot_arm/models/utileria/objeto.sdf
[0.894s] -- Up-to-date: /home/monica/ros2_pelota/install/xolobot_arm/share/xolobot_arm/models/utileria/model.config
[0.899s] -- Up-to-date: /home/monica/ros2_pelota/install/xolobot_arm/share/xolobot_arm/models/utileria/objeto2.sdf
[0.900s] -- Installing: /home/monica/ros2_pelota/install/xolobot_arm/share/xolobot_arm/models/utileria/soporte.sdf
[0.900s] -- Up-to-date: /home/monica/ros2_pelota/install/xolobot_arm/share/xolobot_arm/models/utileria/soporte2.sdf
[0.901s] -- Up-to-date: /home/monica/ros2_pelota/install/xolobot_arm/share/xolobot_arm/models/textures
[0.901s] -- Up-to-date: /home/monica/ros2_pelota/install/xolobot_arm/share/xolobot_arm/models/textures/metal.material
[0.901s] -- Up-to-date: /home/monica/ros2_pelota/install/xolobot_arm/share/xolobot_arm/models/textures/images
[0.910s] -- Up-to-date: /home/monica/ros2_pelota/install/xolobot_arm/share/xolobot_arm/models/textures/images/metal-rosa.jpg
[0.910s] -- Up-to-date: /home/monica/ros2_pelota/install/xolobot_arm/share/xolobot_arm/models/textures/images/metal-hoyos.jpg
[0.913s] -- Up-to-date: /home/monica/ros2_pelota/install/xolobot_arm/share/xolobot_arm/models/textures/images/blue-metal.jpg
[0.913s] -- Up-to-date: /home/monica/ros2_pelota/install/xolobot_arm/share/xolobot_arm/models/textures/images/rose-gold.jpg
[0.917s] -- Up-to-date: /home/monica/ros2_pelota/install/xolobot_arm/share/xolobot_arm/models/textures/images/piso-metal-barras.jpg
[0.925s] -- Up-to-date: /home/monica/ros2_pelota/install/xolobot_arm/share/xolobot_arm/models/textures/images/piso-metal-blanco.jpg
[0.926s] -- Up-to-date: /home/monica/ros2_pelota/install/xolobot_arm/share/xolobot_arm/models/textures/model.config
[0.926s] -- Up-to-date: /home/monica/ros2_pelota/install/xolobot_arm/share/xolobot_arm/models/textures/xolobot.material
[0.926s] -- Up-to-date: /home/monica/ros2_pelota/install/xolobot_arm/share/xolobot_arm/models/xolobot_arm.sdf
[0.932s] -- Up-to-date: /home/monica/ros2_pelota/install/xolobot_arm/share/xolobot_arm/models/meshes
[0.940s] -- Up-to-date: /home/monica/ros2_pelota/install/xolobot_arm/share/xolobot_arm/models/meshes/pulgar_2.dae
[0.941s] -- Up-to-date: /home/monica/ros2_pelota/install/xolobot_arm/share/xolobot_arm/models/meshes/antebrazo_mano_izq_2.dae
[0.943s] -- Up-to-date: /home/monica/ros2_pelota/install/xolobot_arm/share/xolobot_arm/models/meshes/biceps_juntos.dae
[0.944s] -- Up-to-date: /home/monica/ros2_pelota/install/xolobot_arm/share/xolobot_arm/models/meshes/biceps_der.dae
[0.947s] -- Up-to-date: /home/monica/ros2_pelota/install/xolobot_arm/share/xolobot_arm/models/meshes/biceps_izq.dae
[0.950s] -- Up-to-date: /home/monica/ros2_pelota/install/xolobot_arm/share/xolobot_arm/models/meshes/banda.blend
[0.959s] -- Up-to-date: /home/monica/ros2_pelota/install/xolobot_arm/share/xolobot_arm/models/meshes/biceps_juntos_nuevo.dae
[0.959s] -- Up-to-date: /home/monica/ros2_pelota/install/xolobot_arm/share/xolobot_arm/models/meshes/antebrazo_mano_izqprueba.dae
[0.964s] -- Up-to-date: /home/monica/ros2_pelota/install/xolobot_arm/share/xolobot_arm/models/meshes/antebrazo_mano_izq_bak.dae
[0.965s] -- Up-to-date: /home/monica/ros2_pelota/install/xolobot_arm/share/xolobot_arm/models/meshes/mono.dae
[0.966s] -- Up-to-date: /home/monica/ros2_pelota/install/xolobot_arm/share/xolobot_arm/models/meshes/hombro_alto.dae
[0.970s] -- Up-to-date: /home/monica/ros2_pelota/install/xolobot_arm/share/xolobot_arm/models/meshes/codo_izq_colision.dae
[0.971s] -- Up-to-date: /home/monica/ros2_pelota/install/xolobot_arm/share/xolobot_arm/models/meshes/hombro_alto_colision.dae
[0.971s] -- Up-to-date: /home/monica/ros2_pelota/install/xolobot_arm/share/xolobot_arm/models/meshes/model.config
[0.971s] -- Up-to-date: /home/monica/ros2_pelota/install/xolobot_arm/share/xolobot_arm/models/meshes/alien.dae
[0.972s] -- Up-to-date: /home/monica/ros2_pelota/install/xolobot_arm/share/xolobot_arm/models/meshes/antebrazo_mano_izq.dae
[0.977s] -- Up-to-date: /home/monica/ros2_pelota/install/xolobot_arm/share/xolobot_arm/models/meshes/codo_izq.dae
[0.977s] -- Up-to-date: /home/monica/ros2_pelota/install/xolobot_arm/share/xolobot_arm/models/meshes/biceps_izq_colision.dae
[0.978s] -- Up-to-date: /home/monica/ros2_pelota/install/xolobot_arm/share/xolobot_arm/models/meshes/backup
[0.984s] -- Up-to-date: /home/monica/ros2_pelota/install/xolobot_arm/share/xolobot_arm/models/meshes/backup/pulgar_2.dae
[0.984s] -- Up-to-date: /home/monica/ros2_pelota/install/xolobot_arm/share/xolobot_arm/models/meshes/backup/biceps_juntos.dae
[1.003s] -- Up-to-date: /home/monica/ros2_pelota/install/xolobot_arm/share/xolobot_arm/models/meshes/backup/biceps_der.dae
[1.003s] -- Up-to-date: /home/monica/ros2_pelota/install/xolobot_arm/share/xolobot_arm/models/meshes/backup/biceps_izq.dae
[1.004s] -- Up-to-date: /home/monica/ros2_pelota/install/xolobot_arm/share/xolobot_arm/models/meshes/backup/biceps_juntos_nuevo.dae
[1.004s] -- Up-to-date: /home/monica/ros2_pelota/install/xolobot_arm/share/xolobot_arm/models/meshes/backup/hombro_alto.dae
[1.004s] -- Up-to-date: /home/monica/ros2_pelota/install/xolobot_arm/share/xolobot_arm/models/meshes/backup/antebrazo_mano_izq.dae
[1.007s] -- Up-to-date: /home/monica/ros2_pelota/install/xolobot_arm/share/xolobot_arm/models/meshes/backup/codo_izq.dae
[1.007s] -- Up-to-date: /home/monica/ros2_pelota/install/xolobot_arm/share/xolobot_arm/models/meshes/backup/hombro_bajo.dae
[1.008s] -- Up-to-date: /home/monica/ros2_pelota/install/xolobot_arm/share/xolobot_arm/models/meshes/backup/dedos
[1.008s] -- Up-to-date: /home/monica/ros2_pelota/install/xolobot_arm/share/xolobot_arm/models/meshes/backup/dedos/dedo_indice.blend1
[1.012s] -- Up-to-date: /home/monica/ros2_pelota/install/xolobot_arm/share/xolobot_arm/models/meshes/backup/dedos/dedo_cordial_1.dae
[1.019s] -- Up-to-date: /home/monica/ros2_pelota/install/xolobot_arm/share/xolobot_arm/models/meshes/backup/dedos/dedo_menique_1.blend
[1.019s] -- Up-to-date: /home/monica/ros2_pelota/install/xolobot_arm/share/xolobot_arm/models/meshes/backup/dedos/dedo_indice_2.dae
[1.019s] -- Up-to-date: /home/monica/ros2_pelota/install/xolobot_arm/share/xolobot_arm/models/meshes/backup/dedos/dedo_cordial.blend
[1.020s] -- Up-to-date: /home/monica/ros2_pelota/install/xolobot_arm/share/xolobot_arm/models/meshes/backup/dedos/dedo_menique_2.blend1
[1.020s] -- Up-to-date: /home/monica/ros2_pelota/install/xolobot_arm/share/xolobot_arm/models/meshes/backup/dedos/dedo_cordial_2.dae
[1.020s] -- Up-to-date: /home/monica/ros2_pelota/install/xolobot_arm/share/xolobot_arm/models/meshes/backup/dedos/dedo_indice_1.dae
[1.036s] -- Up-to-date: /home/monica/ros2_pelota/install/xolobot_arm/share/xolobot_arm/models/meshes/backup/dedos/dedo_menique.blend
[1.036s] -- Up-to-date: /home/monica/ros2_pelota/install/xolobot_arm/share/xolobot_arm/models/meshes/backup/dedos/dedo_menique_1.blend1
[1.036s] -- Up-to-date: /home/monica/ros2_pelota/install/xolobot_arm/share/xolobot_arm/models/meshes/backup/dedos/dedo_menique_2.dae
[1.037s] -- Up-to-date: /home/monica/ros2_pelota/install/xolobot_arm/share/xolobot_arm/models/meshes/backup/dedos/dedo_anular_1.dae
[1.037s] -- Up-to-date: /home/monica/ros2_pelota/install/xolobot_arm/share/xolobot_arm/models/meshes/backup/dedos/dedo_menique_3.dae
[1.044s] -- Up-to-date: /home/monica/ros2_pelota/install/xolobot_arm/share/xolobot_arm/models/meshes/backup/dedos/dedo_cordial_3.dae
[1.057s] -- Up-to-date: /home/monica/ros2_pelota/install/xolobot_arm/share/xolobot_arm/models/meshes/backup/dedos/mano_completa.blend
[1.064s] -- Up-to-date: /home/monica/ros2_pelota/install/xolobot_arm/share/xolobot_arm/models/meshes/backup/dedos/dedo_menique.blend1
[1.064s] -- Up-to-date: /home/monica/ros2_pelota/install/xolobot_arm/share/xolobot_arm/models/meshes/backup/dedos/dedo_menique_2.blend
[1.067s] -- Up-to-date: /home/monica/ros2_pelota/install/xolobot_arm/share/xolobot_arm/models/meshes/backup/dedos/dedo_anular.blend1
[1.068s] -- Up-to-date: /home/monica/ros2_pelota/install/xolobot_arm/share/xolobot_arm/models/meshes/backup/dedos/dedo_menique_3.blend1
[1.068s] -- Up-to-date: /home/monica/ros2_pelota/install/xolobot_arm/share/xolobot_arm/models/meshes/backup/dedos/dedo_menique_3.blend
[1.068s] -- Up-to-date: /home/monica/ros2_pelota/install/xolobot_arm/share/xolobot_arm/models/meshes/backup/dedos/dedo_menique_1.dae
[1.072s] -- Up-to-date: /home/monica/ros2_pelota/install/xolobot_arm/share/xolobot_arm/models/meshes/backup/dedos/dedo_anular.blend
[1.072s] -- Up-to-date: /home/monica/ros2_pelota/install/xolobot_arm/share/xolobot_arm/models/meshes/backup/dedos/dedo_indice.blend
[1.073s] -- Up-to-date: /home/monica/ros2_pelota/install/xolobot_arm/share/xolobot_arm/models/meshes/backup/dedos/mano_completa.blend1
[1.073s] -- Up-to-date: /home/monica/ros2_pelota/install/xolobot_arm/share/xolobot_arm/models/meshes/backup/dedos/dedo_anular_3.dae
[1.080s] -- Up-to-date: /home/monica/ros2_pelota/install/xolobot_arm/share/xolobot_arm/models/meshes/backup/dedos/dedo_anular_2.dae
[1.081s] -- Up-to-date: /home/monica/ros2_pelota/install/xolobot_arm/share/xolobot_arm/models/meshes/backup/dedos/dedo_cordial.blend1
[1.081s] -- Up-to-date: /home/monica/ros2_pelota/install/xolobot_arm/share/xolobot_arm/models/meshes/backup/dedos/dedo_indice_3.dae
[1.082s] -- Up-to-date: /home/monica/ros2_pelota/install/xolobot_arm/share/xolobot_arm/models/meshes/backup/pulgar_1_izq.dae
[1.082s] -- Up-to-date: /home/monica/ros2_pelota/install/xolobot_arm/share/xolobot_arm/models/meshes/backup/pulgar_3.dae
[1.082s] -- Up-to-date: /home/monica/ros2_pelota/install/xolobot_arm/share/xolobot_arm/models/meshes/hombro_bajo.dae
[1.086s] -- Up-to-date: /home/monica/ros2_pelota/install/xolobot_arm/share/xolobot_arm/models/meshes/dedos
[1.087s] -- Up-to-date: /home/monica/ros2_pelota/install/xolobot_arm/share/xolobot_arm/models/meshes/dedos/pulgar_2.dae
[1.087s] -- Up-to-date: /home/monica/ros2_pelota/install/xolobot_arm/share/xolobot_arm/models/meshes/dedos/pulgar_1_izq_colision.dae
[1.087s] -- Up-to-date: /home/monica/ros2_pelota/install/xolobot_arm/share/xolobot_arm/models/meshes/dedos/dedo_menique_3_colision.dae
[1.087s] -- Up-to-date: /home/monica/ros2_pelota/install/xolobot_arm/share/xolobot_arm/models/meshes/dedos/dedo_indice.blend1
[1.088s] -- Up-to-date: /home/monica/ros2_pelota/install/xolobot_arm/share/xolobot_arm/models/meshes/dedos/dedo_cordial_3_colision.dae
[1.088s] -- Up-to-date: /home/monica/ros2_pelota/install/xolobot_arm/share/xolobot_arm/models/meshes/dedos/pulgar_3_colision.dae
[1.089s] -- Up-to-date: /home/monica/ros2_pelota/install/xolobot_arm/share/xolobot_arm/models/meshes/dedos/dedo_cordial_1.dae
[1.089s] -- Up-to-date: /home/monica/ros2_pelota/install/xolobot_arm/share/xolobot_arm/models/meshes/dedos/dedo_menique_2_colision.dae
[1.091s] -- Up-to-date: /home/monica/ros2_pelota/install/xolobot_arm/share/xolobot_arm/models/meshes/dedos/dedo_menique_1.blend
[1.092s] -- Up-to-date: /home/monica/ros2_pelota/install/xolobot_arm/share/xolobot_arm/models/meshes/dedos/dedo_indice_2.dae
[1.095s] -- Up-to-date: /home/monica/ros2_pelota/install/xolobot_arm/share/xolobot_arm/models/meshes/dedos/dedo_indice_3_colision.dae
[1.096s] -- Up-to-date: /home/monica/ros2_pelota/install/xolobot_arm/share/xolobot_arm/models/meshes/dedos/dedo_cordial.blend
[1.097s] -- Up-to-date: /home/monica/ros2_pelota/install/xolobot_arm/share/xolobot_arm/models/meshes/dedos/dedo_menique_2.blend1
[1.098s] -- Up-to-date: /home/monica/ros2_pelota/install/xolobot_arm/share/xolobot_arm/models/meshes/dedos/dedo_cordial_2.dae
[1.102s] -- Up-to-date: /home/monica/ros2_pelota/install/xolobot_arm/share/xolobot_arm/models/meshes/dedos/dedo_indice_1.dae
[1.102s] -- Up-to-date: /home/monica/ros2_pelota/install/xolobot_arm/share/xolobot_arm/models/meshes/dedos/dedo_menique.blend
[1.102s] -- Up-to-date: /home/monica/ros2_pelota/install/xolobot_arm/share/xolobot_arm/models/meshes/dedos/dedo_anular_1_colision.dae
[1.103s] -- Up-to-date: /home/monica/ros2_pelota/install/xolobot_arm/share/xolobot_arm/models/meshes/dedos/dedo_menique_1.blend1
[1.104s] -- Up-to-date: /home/monica/ros2_pelota/install/xolobot_arm/share/xolobot_arm/models/meshes/dedos/dedo_menique_2.dae
[1.106s] -- Up-to-date: /home/monica/ros2_pelota/install/xolobot_arm/share/xolobot_arm/models/meshes/dedos/dedo_anular_1.dae
[1.108s] -- Up-to-date: /home/monica/ros2_pelota/install/xolobot_arm/share/xolobot_arm/models/meshes/dedos/dedo_indice_1_colision.dae
[1.109s] -- Up-to-date: /home/monica/ros2_pelota/install/xolobot_arm/share/xolobot_arm/models/meshes/dedos/dedo_menique_1_colision.dae
[1.109s] -- Up-to-date: /home/monica/ros2_pelota/install/xolobot_arm/share/xolobot_arm/models/meshes/dedos/dedo_menique_3.dae
[1.109s] -- Up-to-date: /home/monica/ros2_pelota/install/xolobot_arm/share/xolobot_arm/models/meshes/dedos/dedo_anular_3_colision.dae
[1.112s] -- Up-to-date: /home/monica/ros2_pelota/install/xolobot_arm/share/xolobot_arm/models/meshes/dedos/dedo_cordial_1_colision.dae
[1.113s] -- Up-to-date: /home/monica/ros2_pelota/install/xolobot_arm/share/xolobot_arm/models/meshes/dedos/dedo_cordial_3.dae
[1.113s] -- Up-to-date: /home/monica/ros2_pelota/install/xolobot_arm/share/xolobot_arm/models/meshes/dedos/pulgar_1_izq.dae
[1.114s] -- Up-to-date: /home/monica/ros2_pelota/install/xolobot_arm/share/xolobot_arm/models/meshes/dedos/mano_completa.blend
[1.114s] -- Up-to-date: /home/monica/ros2_pelota/install/xolobot_arm/share/xolobot_arm/models/meshes/dedos/dedo_menique.blend1
[1.114s] -- Up-to-date: /home/monica/ros2_pelota/install/xolobot_arm/share/xolobot_arm/models/meshes/dedos/dedo_menique_2.blend
[1.114s] -- Up-to-date: /home/monica/ros2_pelota/install/xolobot_arm/share/xolobot_arm/models/meshes/dedos/dedo_indice_2_colision.dae
[1.117s] -- Up-to-date: /home/monica/ros2_pelota/install/xolobot_arm/share/xolobot_arm/models/meshes/dedos/dedo_anular.blend1
[1.118s] -- Up-to-date: /home/monica/ros2_pelota/install/xolobot_arm/share/xolobot_arm/models/meshes/dedos/dedo_cordial_2_colision.dae
[1.119s] -- Up-to-date: /home/monica/ros2_pelota/install/xolobot_arm/share/xolobot_arm/models/meshes/dedos/dedo_menique_3.blend1
[1.121s] -- Up-to-date: /home/monica/ros2_pelota/install/xolobot_arm/share/xolobot_arm/models/meshes/dedos/pulgar_3.dae
[1.122s] -- Up-to-date: /home/monica/ros2_pelota/install/xolobot_arm/share/xolobot_arm/models/meshes/dedos/dedo_menique_3.blend
[1.122s] -- Up-to-date: /home/monica/ros2_pelota/install/xolobot_arm/share/xolobot_arm/models/meshes/dedos/dedo_menique_1.dae
[1.122s] -- Up-to-date: /home/monica/ros2_pelota/install/xolobot_arm/share/xolobot_arm/models/meshes/dedos/dedo_anular.blend
[1.126s] -- Up-to-date: /home/monica/ros2_pelota/install/xolobot_arm/share/xolobot_arm/models/meshes/dedos/dedo_indice.blend
[1.127s] -- Up-to-date: /home/monica/ros2_pelota/install/xolobot_arm/share/xolobot_arm/models/meshes/dedos/mano_completa.blend1
[1.128s] -- Up-to-date: /home/monica/ros2_pelota/install/xolobot_arm/share/xolobot_arm/models/meshes/dedos/dedo_anular_3.dae
[1.128s] -- Up-to-date: /home/monica/ros2_pelota/install/xolobot_arm/share/xolobot_arm/models/meshes/dedos/dedo_anular_2.dae
[1.128s] -- Up-to-date: /home/monica/ros2_pelota/install/xolobot_arm/share/xolobot_arm/models/meshes/dedos/dedo_cordial.blend1
[1.137s] -- Up-to-date: /home/monica/ros2_pelota/install/xolobot_arm/share/xolobot_arm/models/meshes/dedos/pulgar_2_colision.dae
[1.137s] -- Up-to-date: /home/monica/ros2_pelota/install/xolobot_arm/share/xolobot_arm/models/meshes/dedos/dedo_anular_2_colision.dae
[1.137s] -- Up-to-date: /home/monica/ros2_pelota/install/xolobot_arm/share/xolobot_arm/models/meshes/dedos/dedo_indice_3.dae
[1.141s] -- Up-to-date: /home/monica/ros2_pelota/install/xolobot_arm/share/xolobot_arm/models/meshes/pulgar_1_izq.dae
[1.141s] -- Up-to-date: /home/monica/ros2_pelota/install/xolobot_arm/share/xolobot_arm/models/meshes/codo_izq_tuercas.dae
[1.142s] -- Up-to-date: /home/monica/ros2_pelota/install/xolobot_arm/share/xolobot_arm/models/meshes/hombro_bajo_colision.dae
[1.142s] -- Up-to-date: /home/monica/ros2_pelota/install/xolobot_arm/share/xolobot_arm/models/meshes/pulgar_3.dae
[1.142s] -- Up-to-date: /home/monica/ros2_pelota/install/xolobot_arm/share/xolobot_arm/models/meshes/banda_terminada.blend
[1.142s] -- Up-to-date: /home/monica/ros2_pelota/install/xolobot_arm/share/xolobot_arm/models/meshes/palma.dae
[1.143s] -- Up-to-date: /home/monica/ros2_pelota/install/xolobot_arm/share/ament_index/resource_index/package_run_dependencies/xolobot_arm
[1.143s] -- Up-to-date: /home/monica/ros2_pelota/install/xolobot_arm/share/ament_index/resource_index/parent_prefix_path/xolobot_arm
[1.143s] -- Up-to-date: /home/monica/ros2_pelota/install/xolobot_arm/share/xolobot_arm/environment/ament_prefix_path.sh
[1.146s] -- Up-to-date: /home/monica/ros2_pelota/install/xolobot_arm/share/xolobot_arm/environment/ament_prefix_path.dsv
[1.146s] -- Up-to-date: /home/monica/ros2_pelota/install/xolobot_arm/share/xolobot_arm/environment/path.sh
[1.150s] -- Up-to-date: /home/monica/ros2_pelota/install/xolobot_arm/share/xolobot_arm/environment/path.dsv
[1.150s] -- Up-to-date: /home/monica/ros2_pelota/install/xolobot_arm/share/xolobot_arm/local_setup.bash
[1.158s] -- Up-to-date: /home/monica/ros2_pelota/install/xolobot_arm/share/xolobot_arm/local_setup.sh
[1.158s] -- Up-to-date: /home/monica/ros2_pelota/install/xolobot_arm/share/xolobot_arm/local_setup.zsh
[1.159s] -- Up-to-date: /home/monica/ros2_pelota/install/xolobot_arm/share/xolobot_arm/local_setup.dsv
[1.159s] -- Installing: /home/monica/ros2_pelota/install/xolobot_arm/share/xolobot_arm/package.dsv
[1.159s] -- Up-to-date: /home/monica/ros2_pelota/install/xolobot_arm/share/ament_index/resource_index/packages/xolobot_arm
[1.160s] -- Up-to-date: /home/monica/ros2_pelota/install/xolobot_arm/share/xolobot_arm/cmake/xolobot_armConfig.cmake
[1.160s] -- Up-to-date: /home/monica/ros2_pelota/install/xolobot_arm/share/xolobot_arm/cmake/xolobot_armConfig-version.cmake
[1.160s] -- Up-to-date: /home/monica/ros2_pelota/install/xolobot_arm/share/xolobot_arm/package.xml
[1.163s] Invoked command in '/home/monica/ros2_pelota/build/xolobot_arm' returned '0': CMAKE_PREFIX_PATH=${CMAKE_PREFIX_PATH}:/opt/ros/iron /usr/bin/cmake --install /home/monica/ros2_pelota/build/xolobot_arm
