[0.138s] Invoking command in '/home/monica/ros2_pelota/build/xolobot_arm_server': CMAKE_PREFIX_PATH=/home/monica/ros2_pelota/install/linkattacher_msgs:/home/monica/ros2_pelota/install/xolobot_control:/home/monica/ros2_pelota/install/xolobot_arm_server:/home/monica/ros2_pelota/install/xolobot_arm:/home/monica/ros2_pelota/install/ros2_linkattacher:/home/monica/ros2_ws/install/xolobot_control:/home/monica/ros2_ws/install/xolobot_arm_server:/home/monica/ros2_ws/install/xolobot_arm:/opt/ros/iron LD_LIBRARY_PATH=/home/monica/ros2_pelota/install/linkattacher_msgs/lib:/home/monica/ros2_pelota/install/ros2_linkattacher/lib:/usr/lib/x86_64-linux-gnu/gazebo-11/plugins:/opt/ros/iron/opt/rviz_ogre_vendor/lib:/opt/ros/iron/lib/x86_64-linux-gnu:/opt/ros/iron/lib:/opt/ros/iron/lib /usr/bin/cmake --build /home/monica/ros2_pelota/build/xolobot_arm_server -- -j2 -l2
[1.329s] [100%] Built target xolobot_arm_server
[1.464s] Invoked command in '/home/monica/ros2_pelota/build/xolobot_arm_server' returned '0': CMAKE_PREFIX_PATH=/home/monica/ros2_pelota/install/linkattacher_msgs:/home/monica/ros2_pelota/install/xolobot_control:/home/monica/ros2_pelota/install/xolobot_arm_server:/home/monica/ros2_pelota/install/xolobot_arm:/home/monica/ros2_pelota/install/ros2_linkattacher:/home/monica/ros2_ws/install/xolobot_control:/home/monica/ros2_ws/install/xolobot_arm_server:/home/monica/ros2_ws/install/xolobot_arm:/opt/ros/iron LD_LIBRARY_PATH=/home/monica/ros2_pelota/install/linkattacher_msgs/lib:/home/monica/ros2_pelota/install/ros2_linkattacher/lib:/usr/lib/x86_64-linux-gnu/gazebo-11/plugins:/opt/ros/iron/opt/rviz_ogre_vendor/lib:/opt/ros/iron/lib/x86_64-linux-gnu:/opt/ros/iron/lib:/opt/ros/iron/lib /usr/bin/cmake --build /home/monica/ros2_pelota/build/xolobot_arm_server -- -j2 -l2
[1.472s] Invoking command in '/home/monica/ros2_pelota/build/xolobot_arm_server': CMAKE_PREFIX_PATH=/home/monica/ros2_pelota/install/linkattacher_msgs:/home/monica/ros2_pelota/install/xolobot_control:/home/monica/ros2_pelota/install/xolobot_arm_server:/home/monica/ros2_pelota/install/xolobot_arm:/home/monica/ros2_pelota/install/ros2_linkattacher:/home/monica/ros2_ws/install/xolobot_control:/home/monica/ros2_ws/install/xolobot_arm_server:/home/monica/ros2_ws/install/xolobot_arm:/opt/ros/iron LD_LIBRARY_PATH=/home/monica/ros2_pelota/install/linkattacher_msgs/lib:/home/monica/ros2_pelota/install/ros2_linkattacher/lib:/usr/lib/x86_64-linux-gnu/gazebo-11/plugins:/opt/ros/iron/opt/rviz_ogre_vendor/lib:/opt/ros/iron/lib/x86_64-linux-gnu:/opt/ros/iron/lib:/opt/ros/iron/lib /usr/bin/cmake --install /home/monica/ros2_pelota/build/xolobot_arm_server
[1.528s] -- Install configuration: ""
[1.535s] -- Up-to-date: /home/monica/ros2_pelota/install/xolobot_arm_server/lib/xolobot_arm_server/xolobot_arm_server
[1.537s] -- Up-to-date: /home/monica/ros2_pelota/install/xolobot_arm_server/share/ament_index/resource_index/package_run_dependencies/xolobot_arm_server
[1.539s] -- Up-to-date: /home/monica/ros2_pelota/install/xolobot_arm_server/share/ament_index/resource_index/parent_prefix_path/xolobot_arm_server
[1.543s] -- Up-to-date: /home/monica/ros2_pelota/install/xolobot_arm_server/share/xolobot_arm_server/environment/ament_prefix_path.sh
[1.543s] -- Up-to-date: /home/monica/ros2_pelota/install/xolobot_arm_server/share/xolobot_arm_server/environment/ament_prefix_path.dsv
[1.543s] -- Up-to-date: /home/monica/ros2_pelota/install/xolobot_arm_server/share/xolobot_arm_server/environment/path.sh
[1.543s] -- Up-to-date: /home/monica/ros2_pelota/install/xolobot_arm_server/share/xolobot_arm_server/environment/path.dsv
[1.544s] -- Up-to-date: /home/monica/ros2_pelota/install/xolobot_arm_server/share/xolobot_arm_server/local_setup.bash
[1.544s] -- Up-to-date: /home/monica/ros2_pelota/install/xolobot_arm_server/share/xolobot_arm_server/local_setup.sh
[1.548s] -- Up-to-date: /home/monica/ros2_pelota/install/xolobot_arm_server/share/xolobot_arm_server/local_setup.zsh
[1.548s] -- Up-to-date: /home/monica/ros2_pelota/install/xolobot_arm_server/share/xolobot_arm_server/local_setup.dsv
[1.549s] -- Installing: /home/monica/ros2_pelota/install/xolobot_arm_server/share/xolobot_arm_server/package.dsv
[1.554s] -- Up-to-date: /home/monica/ros2_pelota/install/xolobot_arm_server/share/ament_index/resource_index/packages/xolobot_arm_server
[1.558s] -- Up-to-date: /home/monica/ros2_pelota/install/xolobot_arm_server/share/xolobot_arm_server/cmake/xolobot_arm_serverConfig.cmake
[1.559s] -- Up-to-date: /home/monica/ros2_pelota/install/xolobot_arm_server/share/xolobot_arm_server/cmake/xolobot_arm_serverConfig-version.cmake
[1.564s] -- Up-to-date: /home/monica/ros2_pelota/install/xolobot_arm_server/share/xolobot_arm_server/package.xml
[1.570s] Invoked command in '/home/monica/ros2_pelota/build/xolobot_arm_server' returned '0': CMAKE_PREFIX_PATH=/home/monica/ros2_pelota/install/linkattacher_msgs:/home/monica/ros2_pelota/install/xolobot_control:/home/monica/ros2_pelota/install/xolobot_arm_server:/home/monica/ros2_pelota/install/xolobot_arm:/home/monica/ros2_pelota/install/ros2_linkattacher:/home/monica/ros2_ws/install/xolobot_control:/home/monica/ros2_ws/install/xolobot_arm_server:/home/monica/ros2_ws/install/xolobot_arm:/opt/ros/iron LD_LIBRARY_PATH=/home/monica/ros2_pelota/install/linkattacher_msgs/lib:/home/monica/ros2_pelota/install/ros2_linkattacher/lib:/usr/lib/x86_64-linux-gnu/gazebo-11/plugins:/opt/ros/iron/opt/rviz_ogre_vendor/lib:/opt/ros/iron/lib/x86_64-linux-gnu:/opt/ros/iron/lib:/opt/ros/iron/lib /usr/bin/cmake --install /home/monica/ros2_pelota/build/xolobot_arm_server
