[0.147s] Invoking command in '/home/monica/ros2_pelota/build/xolobot_arm_server': CMAKE_PREFIX_PATH=/home/monica/ros2_pelota/install/linkattacher_msgs:/home/monica/ros2_pelota/install/xolobot_control:/home/monica/ros2_pelota/install/xolobot_arm_server:/home/monica/ros2_pelota/install/xolobot_arm:/home/monica/ros2_pelota/install/ros2_linkattacher:/home/monica/ros2_ws/install/xolobot_control:/home/monica/ros2_ws/install/xolobot_arm_server:/home/monica/ros2_ws/install/xolobot_arm:/opt/ros/iron LD_LIBRARY_PATH=/home/monica/ros2_pelota/install/linkattacher_msgs/lib:/home/monica/ros2_pelota/install/ros2_linkattacher/lib:/usr/lib/x86_64-linux-gnu/gazebo-11/plugins:/opt/ros/iron/opt/rviz_ogre_vendor/lib:/opt/ros/iron/lib/x86_64-linux-gnu:/opt/ros/iron/lib:/opt/ros/iron/lib /usr/bin/cmake --build /home/monica/ros2_pelota/build/xolobot_arm_server -- -j2 -l2
[0.937s] [ 33%] [32mBuilding CXX object CMakeFiles/xolobot_arm_server.dir/src/SimulationController.cpp.o[0m
[40.281s] [ 66%] [32m[1mLinking CXX executable xolobot_arm_server[0m
[77.659s] [100%] Built target xolobot_arm_server
[77.705s] Invoked command in '/home/monica/ros2_pelota/build/xolobot_arm_server' returned '0': CMAKE_PREFIX_PATH=/home/monica/ros2_pelota/install/linkattacher_msgs:/home/monica/ros2_pelota/install/xolobot_control:/home/monica/ros2_pelota/install/xolobot_arm_server:/home/monica/ros2_pelota/install/xolobot_arm:/home/monica/ros2_pelota/install/ros2_linkattacher:/home/monica/ros2_ws/install/xolobot_control:/home/monica/ros2_ws/install/xolobot_arm_server:/home/monica/ros2_ws/install/xolobot_arm:/opt/ros/iron LD_LIBRARY_PATH=/home/monica/ros2_pelota/install/linkattacher_msgs/lib:/home/monica/ros2_pelota/install/ros2_linkattacher/lib:/usr/lib/x86_64-linux-gnu/gazebo-11/plugins:/opt/ros/iron/opt/rviz_ogre_vendor/lib:/opt/ros/iron/lib/x86_64-linux-gnu:/opt/ros/iron/lib:/opt/ros/iron/lib /usr/bin/cmake --build /home/monica/ros2_pelota/build/xolobot_arm_server -- -j2 -l2
[77.717s] Invoking command in '/home/monica/ros2_pelota/build/xolobot_arm_server': CMAKE_PREFIX_PATH=/home/monica/ros2_pelota/install/linkattacher_msgs:/home/monica/ros2_pelota/install/xolobot_control:/home/monica/ros2_pelota/install/xolobot_arm_server:/home/monica/ros2_pelota/install/xolobot_arm:/home/monica/ros2_pelota/install/ros2_linkattacher:/home/monica/ros2_ws/install/xolobot_control:/home/monica/ros2_ws/install/xolobot_arm_server:/home/monica/ros2_ws/install/xolobot_arm:/opt/ros/iron LD_LIBRARY_PATH=/home/monica/ros2_pelota/install/linkattacher_msgs/lib:/home/monica/ros2_pelota/install/ros2_linkattacher/lib:/usr/lib/x86_64-linux-gnu/gazebo-11/plugins:/opt/ros/iron/opt/rviz_ogre_vendor/lib:/opt/ros/iron/lib/x86_64-linux-gnu:/opt/ros/iron/lib:/opt/ros/iron/lib /usr/bin/cmake --install /home/monica/ros2_pelota/build/xolobot_arm_server
[77.744s] -- Install configuration: ""
[77.748s] -- Installing: /home/monica/ros2_pelota/install/xolobot_arm_server/lib/xolobot_arm_server/xolobot_arm_server
[77.800s] -- Set runtime path of "/home/monica/ros2_pelota/install/xolobot_arm_server/lib/xolobot_arm_server/xolobot_arm_server" to ""
[77.803s] -- Up-to-date: /home/monica/ros2_pelota/install/xolobot_arm_server/share/ament_index/resource_index/package_run_dependencies/xolobot_arm_server
[77.804s] -- Up-to-date: /home/monica/ros2_pelota/install/xolobot_arm_server/share/ament_index/resource_index/parent_prefix_path/xolobot_arm_server
[77.805s] -- Up-to-date: /home/monica/ros2_pelota/install/xolobot_arm_server/share/xolobot_arm_server/environment/ament_prefix_path.sh
[77.805s] -- Up-to-date: /home/monica/ros2_pelota/install/xolobot_arm_server/share/xolobot_arm_server/environment/ament_prefix_path.dsv
[77.805s] -- Up-to-date: /home/monica/ros2_pelota/install/xolobot_arm_server/share/xolobot_arm_server/environment/path.sh
[77.806s] -- Up-to-date: /home/monica/ros2_pelota/install/xolobot_arm_server/share/xolobot_arm_server/environment/path.dsv
[77.809s] -- Up-to-date: /home/monica/ros2_pelota/install/xolobot_arm_server/share/xolobot_arm_server/local_setup.bash
[77.809s] -- Up-to-date: /home/monica/ros2_pelota/install/xolobot_arm_server/share/xolobot_arm_server/local_setup.sh
[77.810s] -- Up-to-date: /home/monica/ros2_pelota/install/xolobot_arm_server/share/xolobot_arm_server/local_setup.zsh
[77.810s] -- Up-to-date: /home/monica/ros2_pelota/install/xolobot_arm_server/share/xolobot_arm_server/local_setup.dsv
[77.810s] -- Installing: /home/monica/ros2_pelota/install/xolobot_arm_server/share/xolobot_arm_server/package.dsv
[77.825s] -- Up-to-date: /home/monica/ros2_pelota/install/xolobot_arm_server/share/ament_index/resource_index/packages/xolobot_arm_server
[77.826s] -- Up-to-date: /home/monica/ros2_pelota/install/xolobot_arm_server/share/xolobot_arm_server/cmake/xolobot_arm_serverConfig.cmake
[77.826s] -- Up-to-date: /home/monica/ros2_pelota/install/xolobot_arm_server/share/xolobot_arm_server/cmake/xolobot_arm_serverConfig-version.cmake
[77.826s] -- Up-to-date: /home/monica/ros2_pelota/install/xolobot_arm_server/share/xolobot_arm_server/package.xml
[77.834s] Invoked command in '/home/monica/ros2_pelota/build/xolobot_arm_server' returned '0': CMAKE_PREFIX_PATH=/home/monica/ros2_pelota/install/linkattacher_msgs:/home/monica/ros2_pelota/install/xolobot_control:/home/monica/ros2_pelota/install/xolobot_arm_server:/home/monica/ros2_pelota/install/xolobot_arm:/home/monica/ros2_pelota/install/ros2_linkattacher:/home/monica/ros2_ws/install/xolobot_control:/home/monica/ros2_ws/install/xolobot_arm_server:/home/monica/ros2_ws/install/xolobot_arm:/opt/ros/iron LD_LIBRARY_PATH=/home/monica/ros2_pelota/install/linkattacher_msgs/lib:/home/monica/ros2_pelota/install/ros2_linkattacher/lib:/usr/lib/x86_64-linux-gnu/gazebo-11/plugins:/opt/ros/iron/opt/rviz_ogre_vendor/lib:/opt/ros/iron/lib/x86_64-linux-gnu:/opt/ros/iron/lib:/opt/ros/iron/lib /usr/bin/cmake --install /home/monica/ros2_pelota/build/xolobot_arm_server
