[0.092s] Invoking command in '/home/monica/ros2_pelota/build/ros2_linkattacher': AMENT_PREFIX_PATH=/home/monica/ros2_pelota/install/linkattacher_msgs:${AMENT_PREFIX_PATH} CMAKE_PREFIX_PATH=/home/monica/ros2_pelota/install/linkattacher_msgs:/home/monica/ros2_ws/install/xolobot_control:/home/monica/ros2_ws/install/xolobot_arm_server:/home/monica/ros2_ws/install/xolobot_arm:/opt/ros/iron LD_LIBRARY_PATH=/home/monica/ros2_pelota/install/linkattacher_msgs/lib:${LD_LIBRARY_PATH} PYTHONPATH=/home/monica/ros2_pelota/install/linkattacher_msgs/lib/python3.10/site-packages:${PYTHONPATH} /usr/bin/cmake --build /home/monica/ros2_pelota/build/ros2_linkattacher -- -j2 -l2
[1.297s] [100%] Built target gazebo_link_attacher
[1.439s] Invoked command in '/home/monica/ros2_pelota/build/ros2_linkattacher' returned '0': AMENT_PREFIX_PATH=/home/monica/ros2_pelota/install/linkattacher_msgs:${AMENT_PREFIX_PATH} CMAKE_PREFIX_PATH=/home/monica/ros2_pelota/install/linkattacher_msgs:/home/monica/ros2_ws/install/xolobot_control:/home/monica/ros2_ws/install/xolobot_arm_server:/home/monica/ros2_ws/install/xolobot_arm:/opt/ros/iron LD_LIBRARY_PATH=/home/monica/ros2_pelota/install/linkattacher_msgs/lib:${LD_LIBRARY_PATH} PYTHONPATH=/home/monica/ros2_pelota/install/linkattacher_msgs/lib/python3.10/site-packages:${PYTHONPATH} /usr/bin/cmake --build /home/monica/ros2_pelota/build/ros2_linkattacher -- -j2 -l2
[1.450s] Invoking command in '/home/monica/ros2_pelota/build/ros2_linkattacher': AMENT_PREFIX_PATH=/home/monica/ros2_pelota/install/linkattacher_msgs:${AMENT_PREFIX_PATH} CMAKE_PREFIX_PATH=/home/monica/ros2_pelota/install/linkattacher_msgs:/home/monica/ros2_ws/install/xolobot_control:/home/monica/ros2_ws/install/xolobot_arm_server:/home/monica/ros2_ws/install/xolobot_arm:/opt/ros/iron LD_LIBRARY_PATH=/home/monica/ros2_pelota/install/linkattacher_msgs/lib:${LD_LIBRARY_PATH} PYTHONPATH=/home/monica/ros2_pelota/install/linkattacher_msgs/lib/python3.10/site-packages:${PYTHONPATH} /usr/bin/cmake --install /home/monica/ros2_pelota/build/ros2_linkattacher
[1.551s] -- Install configuration: ""
[1.555s] -- Up-to-date: /home/monica/ros2_pelota/install/ros2_linkattacher/share/ros2_linkattacher/environment/library_path.sh
[1.556s] -- Up-to-date: /home/monica/ros2_pelota/install/ros2_linkattacher/share/ros2_linkattacher/environment/library_path.dsv
[1.562s] -- Up-to-date: /home/monica/ros2_pelota/install/ros2_linkattacher/lib/libgazebo_link_attacher.so
[1.576s] -- Up-to-date: /home/monica/ros2_pelota/install/ros2_linkattacher/share/ament_index/resource_index/package_run_dependencies/ros2_linkattacher
[1.576s] -- Up-to-date: /home/monica/ros2_pelota/install/ros2_linkattacher/share/ament_index/resource_index/parent_prefix_path/ros2_linkattacher
[1.577s] -- Up-to-date: /home/monica/ros2_pelota/install/ros2_linkattacher/share/ros2_linkattacher/environment/ament_prefix_path.sh
[1.577s] -- Up-to-date: /home/monica/ros2_pelota/install/ros2_linkattacher/share/ros2_linkattacher/environment/ament_prefix_path.dsv
[1.577s] -- Up-to-date: /home/monica/ros2_pelota/install/ros2_linkattacher/share/ros2_linkattacher/environment/path.sh
[1.588s] -- Up-to-date: /home/monica/ros2_pelota/install/ros2_linkattacher/share/ros2_linkattacher/environment/path.dsv
[1.588s] -- Up-to-date: /home/monica/ros2_pelota/install/ros2_linkattacher/share/ros2_linkattacher/local_setup.bash
[1.588s] -- Up-to-date: /home/monica/ros2_pelota/install/ros2_linkattacher/share/ros2_linkattacher/local_setup.sh
[1.593s] -- Up-to-date: /home/monica/ros2_pelota/install/ros2_linkattacher/share/ros2_linkattacher/local_setup.zsh
[1.596s] -- Up-to-date: /home/monica/ros2_pelota/install/ros2_linkattacher/share/ros2_linkattacher/local_setup.dsv
[1.596s] -- Installing: /home/monica/ros2_pelota/install/ros2_linkattacher/share/ros2_linkattacher/package.dsv
[1.601s] -- Up-to-date: /home/monica/ros2_pelota/install/ros2_linkattacher/share/ament_index/resource_index/packages/ros2_linkattacher
[1.601s] -- Up-to-date: /home/monica/ros2_pelota/install/ros2_linkattacher/share/ros2_linkattacher/cmake/ament_cmake_export_libraries-extras.cmake
[1.609s] -- Up-to-date: /home/monica/ros2_pelota/install/ros2_linkattacher/share/ros2_linkattacher/cmake/ros2_linkattacherConfig.cmake
[1.609s] -- Up-to-date: /home/monica/ros2_pelota/install/ros2_linkattacher/share/ros2_linkattacher/cmake/ros2_linkattacherConfig-version.cmake
[1.614s] -- Up-to-date: /home/monica/ros2_pelota/install/ros2_linkattacher/share/ros2_linkattacher/package.xml
[1.635s] Invoked command in '/home/monica/ros2_pelota/build/ros2_linkattacher' returned '0': AMENT_PREFIX_PATH=/home/monica/ros2_pelota/install/linkattacher_msgs:${AMENT_PREFIX_PATH} CMAKE_PREFIX_PATH=/home/monica/ros2_pelota/install/linkattacher_msgs:/home/monica/ros2_ws/install/xolobot_control:/home/monica/ros2_ws/install/xolobot_arm_server:/home/monica/ros2_ws/install/xolobot_arm:/opt/ros/iron LD_LIBRARY_PATH=/home/monica/ros2_pelota/install/linkattacher_msgs/lib:${LD_LIBRARY_PATH} PYTHONPATH=/home/monica/ros2_pelota/install/linkattacher_msgs/lib/python3.10/site-packages:${PYTHONPATH} /usr/bin/cmake --install /home/monica/ros2_pelota/build/ros2_linkattacher
