[0.298s] DEBUG:colcon:Command line arguments: ['/usr/bin/colcon', 'build']
[0.298s] DEBUG:colcon:Parsed command line arguments: Namespace(log_base=None, log_level=None, verb_name='build', build_base='build', install_base='install', merge_install=False, symlink_install=False, test_result_base=None, continue_on_error=False, executor='parallel', parallel_workers=2, event_handlers=None, ignore_user_meta=False, metas=['./colcon.meta'], base_paths=['.'], packages_ignore=None, packages_ignore_regex=None, paths=None, packages_up_to=None, packages_up_to_regex=None, packages_above=None, packages_above_and_dependencies=None, packages_above_depth=None, packages_select_by_dep=None, packages_skip_by_dep=None, packages_skip_up_to=None, packages_select_build_failed=False, packages_skip_build_finished=False, packages_select_test_failures=False, packages_skip_test_passed=False, packages_select=None, packages_skip=None, packages_select_regex=None, packages_skip_regex=None, packages_start=None, packages_end=None, allow_overriding=[], cmake_args=None, cmake_target=None, cmake_target_skip_unavailable=False, cmake_clean_cache=False, cmake_clean_first=False, cmake_force_configure=False, ament_cmake_args=None, catkin_cmake_args=None, catkin_skip_building_tests=False, mixin_files=None, mixin=None, verb_parser=<colcon_mixin.mixin.mixin_argument.MixinArgumentDecorator object at 0x7502c7a6eb30>, verb_extension=<colcon_core.verb.build.BuildVerb object at 0x7502c7a6e650>, main=<bound method BuildVerb.main of <colcon_core.verb.build.BuildVerb object at 0x7502c7a6e650>>, mixin_verb=('build',))
[0.772s] Level 1:colcon.colcon_core.package_discovery:discover_packages(colcon_meta) check parameters
[0.773s] Level 1:colcon.colcon_core.package_discovery:discover_packages(recursive) check parameters
[0.773s] Level 1:colcon.colcon_core.package_discovery:discover_packages(ignore) check parameters
[0.773s] Level 1:colcon.colcon_core.package_discovery:discover_packages(path) check parameters
[0.773s] Level 1:colcon.colcon_core.package_discovery:discover_packages(colcon_meta) discover
[0.773s] Level 1:colcon.colcon_core.package_discovery:discover_packages(recursive) discover
[0.773s] INFO:colcon.colcon_core.package_discovery:Crawling recursively for packages in '/home/monica/ros2_pelota'
[0.773s] Level 1:colcon.colcon_core.package_identification:_identify(.) by extensions ['ignore', 'ignore_ament_install']
[0.774s] Level 1:colcon.colcon_core.package_identification:_identify(.) by extension 'ignore'
[0.774s] Level 1:colcon.colcon_core.package_identification:_identify(.) by extension 'ignore_ament_install'
[0.774s] Level 1:colcon.colcon_core.package_identification:_identify(.) by extensions ['colcon_pkg']
[0.774s] Level 1:colcon.colcon_core.package_identification:_identify(.) by extension 'colcon_pkg'
[0.774s] Level 1:colcon.colcon_core.package_identification:_identify(.) by extensions ['colcon_meta']
[0.774s] Level 1:colcon.colcon_core.package_identification:_identify(.) by extension 'colcon_meta'
[0.774s] Level 1:colcon.colcon_core.package_identification:_identify(.) by extensions ['ros']
[0.774s] Level 1:colcon.colcon_core.package_identification:_identify(.) by extension 'ros'
[0.804s] Level 1:colcon.colcon_core.package_identification:_identify(.) by extensions ['cmake', 'python']
[0.804s] Level 1:colcon.colcon_core.package_identification:_identify(.) by extension 'cmake'
[0.804s] Level 1:colcon.colcon_core.package_identification:_identify(.) by extension 'python'
[0.804s] Level 1:colcon.colcon_core.package_identification:_identify(.) by extensions ['python_setup_py']
[0.804s] Level 1:colcon.colcon_core.package_identification:_identify(.) by extension 'python_setup_py'
[0.805s] Level 1:colcon.colcon_core.package_identification:_identify(build) by extensions ['ignore', 'ignore_ament_install']
[0.805s] Level 1:colcon.colcon_core.package_identification:_identify(build) by extension 'ignore'
[0.805s] Level 1:colcon.colcon_core.package_identification:_identify(build) ignored
[0.805s] Level 1:colcon.colcon_core.package_identification:_identify(install) by extensions ['ignore', 'ignore_ament_install']
[0.805s] Level 1:colcon.colcon_core.package_identification:_identify(install) by extension 'ignore'
[0.805s] Level 1:colcon.colcon_core.package_identification:_identify(install) ignored
[0.806s] Level 1:colcon.colcon_core.package_identification:_identify(log) by extensions ['ignore', 'ignore_ament_install']
[0.806s] Level 1:colcon.colcon_core.package_identification:_identify(log) by extension 'ignore'
[0.806s] Level 1:colcon.colcon_core.package_identification:_identify(log) ignored
[0.806s] Level 1:colcon.colcon_core.package_identification:_identify(src) by extensions ['ignore', 'ignore_ament_install']
[0.807s] Level 1:colcon.colcon_core.package_identification:_identify(src) by extension 'ignore'
[0.807s] Level 1:colcon.colcon_core.package_identification:_identify(src) by extension 'ignore_ament_install'
[0.807s] Level 1:colcon.colcon_core.package_identification:_identify(src) by extensions ['colcon_pkg']
[0.807s] Level 1:colcon.colcon_core.package_identification:_identify(src) by extension 'colcon_pkg'
[0.807s] Level 1:colcon.colcon_core.package_identification:_identify(src) by extensions ['colcon_meta']
[0.807s] Level 1:colcon.colcon_core.package_identification:_identify(src) by extension 'colcon_meta'
[0.807s] Level 1:colcon.colcon_core.package_identification:_identify(src) by extensions ['ros']
[0.807s] Level 1:colcon.colcon_core.package_identification:_identify(src) by extension 'ros'
[0.807s] Level 1:colcon.colcon_core.package_identification:_identify(src) by extensions ['cmake', 'python']
[0.808s] Level 1:colcon.colcon_core.package_identification:_identify(src) by extension 'cmake'
[0.808s] Level 1:colcon.colcon_core.package_identification:_identify(src) by extension 'python'
[0.808s] Level 1:colcon.colcon_core.package_identification:_identify(src) by extensions ['python_setup_py']
[0.808s] Level 1:colcon.colcon_core.package_identification:_identify(src) by extension 'python_setup_py'
[0.808s] Level 1:colcon.colcon_core.package_identification:_identify(src/linkattacher_msgs) by extensions ['ignore', 'ignore_ament_install']
[0.808s] Level 1:colcon.colcon_core.package_identification:_identify(src/linkattacher_msgs) by extension 'ignore'
[0.808s] Level 1:colcon.colcon_core.package_identification:_identify(src/linkattacher_msgs) by extension 'ignore_ament_install'
[0.809s] Level 1:colcon.colcon_core.package_identification:_identify(src/linkattacher_msgs) by extensions ['colcon_pkg']
[0.809s] Level 1:colcon.colcon_core.package_identification:_identify(src/linkattacher_msgs) by extension 'colcon_pkg'
[0.809s] Level 1:colcon.colcon_core.package_identification:_identify(src/linkattacher_msgs) by extensions ['colcon_meta']
[0.809s] Level 1:colcon.colcon_core.package_identification:_identify(src/linkattacher_msgs) by extension 'colcon_meta'
[0.809s] Level 1:colcon.colcon_core.package_identification:_identify(src/linkattacher_msgs) by extensions ['ros']
[0.809s] Level 1:colcon.colcon_core.package_identification:_identify(src/linkattacher_msgs) by extension 'ros'
[0.817s] DEBUG:colcon.colcon_core.package_identification:Package 'src/linkattacher_msgs' with type 'ros.ament_cmake' and name 'linkattacher_msgs'
[0.817s] Level 1:colcon.colcon_core.package_identification:_identify(src/ros2_linkattacher) by extensions ['ignore', 'ignore_ament_install']
[0.817s] Level 1:colcon.colcon_core.package_identification:_identify(src/ros2_linkattacher) by extension 'ignore'
[0.817s] Level 1:colcon.colcon_core.package_identification:_identify(src/ros2_linkattacher) by extension 'ignore_ament_install'
[0.818s] Level 1:colcon.colcon_core.package_identification:_identify(src/ros2_linkattacher) by extensions ['colcon_pkg']
[0.818s] Level 1:colcon.colcon_core.package_identification:_identify(src/ros2_linkattacher) by extension 'colcon_pkg'
[0.818s] Level 1:colcon.colcon_core.package_identification:_identify(src/ros2_linkattacher) by extensions ['colcon_meta']
[0.818s] Level 1:colcon.colcon_core.package_identification:_identify(src/ros2_linkattacher) by extension 'colcon_meta'
[0.818s] Level 1:colcon.colcon_core.package_identification:_identify(src/ros2_linkattacher) by extensions ['ros']
[0.818s] Level 1:colcon.colcon_core.package_identification:_identify(src/ros2_linkattacher) by extension 'ros'
[0.843s] DEBUG:colcon.colcon_core.package_identification:Package 'src/ros2_linkattacher' with type 'ros.ament_cmake' and name 'ros2_linkattacher'
[0.843s] Level 1:colcon.colcon_core.package_identification:_identify(src/xolobot_arm) by extensions ['ignore', 'ignore_ament_install']
[0.844s] Level 1:colcon.colcon_core.package_identification:_identify(src/xolobot_arm) by extension 'ignore'
[0.844s] Level 1:colcon.colcon_core.package_identification:_identify(src/xolobot_arm) by extension 'ignore_ament_install'
[0.844s] Level 1:colcon.colcon_core.package_identification:_identify(src/xolobot_arm) by extensions ['colcon_pkg']
[0.844s] Level 1:colcon.colcon_core.package_identification:_identify(src/xolobot_arm) by extension 'colcon_pkg'
[0.844s] Level 1:colcon.colcon_core.package_identification:_identify(src/xolobot_arm) by extensions ['colcon_meta']
[0.844s] Level 1:colcon.colcon_core.package_identification:_identify(src/xolobot_arm) by extension 'colcon_meta'
[0.844s] Level 1:colcon.colcon_core.package_identification:_identify(src/xolobot_arm) by extensions ['ros']
[0.844s] Level 1:colcon.colcon_core.package_identification:_identify(src/xolobot_arm) by extension 'ros'
[0.846s] DEBUG:colcon.colcon_core.package_identification:Package 'src/xolobot_arm' with type 'ros.ament_cmake' and name 'xolobot_arm'
[0.846s] Level 1:colcon.colcon_core.package_identification:_identify(src/xolobot_arm_server) by extensions ['ignore', 'ignore_ament_install']
[0.847s] Level 1:colcon.colcon_core.package_identification:_identify(src/xolobot_arm_server) by extension 'ignore'
[0.847s] Level 1:colcon.colcon_core.package_identification:_identify(src/xolobot_arm_server) by extension 'ignore_ament_install'
[0.847s] Level 1:colcon.colcon_core.package_identification:_identify(src/xolobot_arm_server) by extensions ['colcon_pkg']
[0.847s] Level 1:colcon.colcon_core.package_identification:_identify(src/xolobot_arm_server) by extension 'colcon_pkg'
[0.847s] Level 1:colcon.colcon_core.package_identification:_identify(src/xolobot_arm_server) by extensions ['colcon_meta']
[0.847s] Level 1:colcon.colcon_core.package_identification:_identify(src/xolobot_arm_server) by extension 'colcon_meta'
[0.847s] Level 1:colcon.colcon_core.package_identification:_identify(src/xolobot_arm_server) by extensions ['ros']
[0.847s] Level 1:colcon.colcon_core.package_identification:_identify(src/xolobot_arm_server) by extension 'ros'
[0.850s] DEBUG:colcon.colcon_core.package_identification:Package 'src/xolobot_arm_server' with type 'ros.ament_cmake' and name 'xolobot_arm_server'
[0.850s] Level 1:colcon.colcon_core.package_identification:_identify(src/xolobot_control) by extensions ['ignore', 'ignore_ament_install']
[0.850s] Level 1:colcon.colcon_core.package_identification:_identify(src/xolobot_control) by extension 'ignore'
[0.850s] Level 1:colcon.colcon_core.package_identification:_identify(src/xolobot_control) by extension 'ignore_ament_install'
[0.850s] Level 1:colcon.colcon_core.package_identification:_identify(src/xolobot_control) by extensions ['colcon_pkg']
[0.850s] Level 1:colcon.colcon_core.package_identification:_identify(src/xolobot_control) by extension 'colcon_pkg'
[0.851s] Level 1:colcon.colcon_core.package_identification:_identify(src/xolobot_control) by extensions ['colcon_meta']
[0.851s] Level 1:colcon.colcon_core.package_identification:_identify(src/xolobot_control) by extension 'colcon_meta'
[0.851s] Level 1:colcon.colcon_core.package_identification:_identify(src/xolobot_control) by extensions ['ros']
[0.851s] Level 1:colcon.colcon_core.package_identification:_identify(src/xolobot_control) by extension 'ros'
[0.853s] DEBUG:colcon.colcon_core.package_identification:Package 'src/xolobot_control' with type 'ros.ament_cmake' and name 'xolobot_control'
[0.853s] Level 1:colcon.colcon_core.package_discovery:discover_packages(recursive) using defaults
[0.853s] Level 1:colcon.colcon_core.package_discovery:discover_packages(ignore) discover
[0.853s] Level 1:colcon.colcon_core.package_discovery:discover_packages(ignore) using defaults
[0.853s] Level 1:colcon.colcon_core.package_discovery:discover_packages(path) discover
[0.853s] Level 1:colcon.colcon_core.package_discovery:discover_packages(path) using defaults
[0.905s] Level 1:colcon.colcon_core.package_discovery:discover_packages(prefix_path) check parameters
[0.905s] Level 1:colcon.colcon_core.package_discovery:discover_packages(prefix_path) discover
[0.913s] DEBUG:colcon.colcon_installed_package_information.package_discovery:Found 5 installed packages in /home/monica/ros2_pelota/install
[0.914s] DEBUG:colcon.colcon_installed_package_information.package_discovery:Found 3 installed packages in /home/monica/ros2_ws/install
[0.920s] DEBUG:colcon.colcon_installed_package_information.package_discovery:Found 355 installed packages in /opt/ros/iron
[0.925s] Level 1:colcon.colcon_core.package_discovery:discover_packages(prefix_path) using defaults
[1.206s] Level 5:colcon.colcon_core.verb:set package 'linkattacher_msgs' build argument 'cmake_args' from command line to 'None'
[1.206s] Level 5:colcon.colcon_core.verb:set package 'linkattacher_msgs' build argument 'cmake_target' from command line to 'None'
[1.206s] Level 5:colcon.colcon_core.verb:set package 'linkattacher_msgs' build argument 'cmake_target_skip_unavailable' from command line to 'False'
[1.206s] Level 5:colcon.colcon_core.verb:set package 'linkattacher_msgs' build argument 'cmake_clean_cache' from command line to 'False'
[1.206s] Level 5:colcon.colcon_core.verb:set package 'linkattacher_msgs' build argument 'cmake_clean_first' from command line to 'False'
[1.206s] Level 5:colcon.colcon_core.verb:set package 'linkattacher_msgs' build argument 'cmake_force_configure' from command line to 'False'
[1.206s] Level 5:colcon.colcon_core.verb:set package 'linkattacher_msgs' build argument 'ament_cmake_args' from command line to 'None'
[1.206s] Level 5:colcon.colcon_core.verb:set package 'linkattacher_msgs' build argument 'catkin_cmake_args' from command line to 'None'
[1.206s] Level 5:colcon.colcon_core.verb:set package 'linkattacher_msgs' build argument 'catkin_skip_building_tests' from command line to 'False'
[1.207s] DEBUG:colcon.colcon_core.verb:Building package 'linkattacher_msgs' with the following arguments: {'ament_cmake_args': None, 'build_base': '/home/monica/ros2_pelota/build/linkattacher_msgs', 'catkin_cmake_args': None, 'catkin_skip_building_tests': False, 'cmake_args': None, 'cmake_clean_cache': False, 'cmake_clean_first': False, 'cmake_force_configure': False, 'cmake_target': None, 'cmake_target_skip_unavailable': False, 'install_base': '/home/monica/ros2_pelota/install/linkattacher_msgs', 'merge_install': False, 'path': '/home/monica/ros2_pelota/src/linkattacher_msgs', 'symlink_install': False, 'test_result_base': None}
[1.207s] Level 5:colcon.colcon_core.verb:set package 'xolobot_arm' build argument 'cmake_args' from command line to 'None'
[1.207s] Level 5:colcon.colcon_core.verb:set package 'xolobot_arm' build argument 'cmake_target' from command line to 'None'
[1.207s] Level 5:colcon.colcon_core.verb:set package 'xolobot_arm' build argument 'cmake_target_skip_unavailable' from command line to 'False'
[1.208s] Level 5:colcon.colcon_core.verb:set package 'xolobot_arm' build argument 'cmake_clean_cache' from command line to 'False'
[1.208s] Level 5:colcon.colcon_core.verb:set package 'xolobot_arm' build argument 'cmake_clean_first' from command line to 'False'
[1.208s] Level 5:colcon.colcon_core.verb:set package 'xolobot_arm' build argument 'cmake_force_configure' from command line to 'False'
[1.208s] Level 5:colcon.colcon_core.verb:set package 'xolobot_arm' build argument 'ament_cmake_args' from command line to 'None'
[1.208s] Level 5:colcon.colcon_core.verb:set package 'xolobot_arm' build argument 'catkin_cmake_args' from command line to 'None'
[1.208s] Level 5:colcon.colcon_core.verb:set package 'xolobot_arm' build argument 'catkin_skip_building_tests' from command line to 'False'
[1.208s] DEBUG:colcon.colcon_core.verb:Building package 'xolobot_arm' with the following arguments: {'ament_cmake_args': None, 'build_base': '/home/monica/ros2_pelota/build/xolobot_arm', 'catkin_cmake_args': None, 'catkin_skip_building_tests': False, 'cmake_args': None, 'cmake_clean_cache': False, 'cmake_clean_first': False, 'cmake_force_configure': False, 'cmake_target': None, 'cmake_target_skip_unavailable': False, 'install_base': '/home/monica/ros2_pelota/install/xolobot_arm', 'merge_install': False, 'path': '/home/monica/ros2_pelota/src/xolobot_arm', 'symlink_install': False, 'test_result_base': None}
[1.209s] Level 5:colcon.colcon_core.verb:set package 'xolobot_control' build argument 'cmake_args' from command line to 'None'
[1.209s] Level 5:colcon.colcon_core.verb:set package 'xolobot_control' build argument 'cmake_target' from command line to 'None'
[1.209s] Level 5:colcon.colcon_core.verb:set package 'xolobot_control' build argument 'cmake_target_skip_unavailable' from command line to 'False'
[1.209s] Level 5:colcon.colcon_core.verb:set package 'xolobot_control' build argument 'cmake_clean_cache' from command line to 'False'
[1.209s] Level 5:colcon.colcon_core.verb:set package 'xolobot_control' build argument 'cmake_clean_first' from command line to 'False'
[1.209s] Level 5:colcon.colcon_core.verb:set package 'xolobot_control' build argument 'cmake_force_configure' from command line to 'False'
[1.209s] Level 5:colcon.colcon_core.verb:set package 'xolobot_control' build argument 'ament_cmake_args' from command line to 'None'
[1.209s] Level 5:colcon.colcon_core.verb:set package 'xolobot_control' build argument 'catkin_cmake_args' from command line to 'None'
[1.209s] Level 5:colcon.colcon_core.verb:set package 'xolobot_control' build argument 'catkin_skip_building_tests' from command line to 'False'
[1.209s] DEBUG:colcon.colcon_core.verb:Building package 'xolobot_control' with the following arguments: {'ament_cmake_args': None, 'build_base': '/home/monica/ros2_pelota/build/xolobot_control', 'catkin_cmake_args': None, 'catkin_skip_building_tests': False, 'cmake_args': None, 'cmake_clean_cache': False, 'cmake_clean_first': False, 'cmake_force_configure': False, 'cmake_target': None, 'cmake_target_skip_unavailable': False, 'install_base': '/home/monica/ros2_pelota/install/xolobot_control', 'merge_install': False, 'path': '/home/monica/ros2_pelota/src/xolobot_control', 'symlink_install': False, 'test_result_base': None}
[1.210s] Level 5:colcon.colcon_core.verb:set package 'ros2_linkattacher' build argument 'cmake_args' from command line to 'None'
[1.210s] Level 5:colcon.colcon_core.verb:set package 'ros2_linkattacher' build argument 'cmake_target' from command line to 'None'
[1.210s] Level 5:colcon.colcon_core.verb:set package 'ros2_linkattacher' build argument 'cmake_target_skip_unavailable' from command line to 'False'
[1.210s] Level 5:colcon.colcon_core.verb:set package 'ros2_linkattacher' build argument 'cmake_clean_cache' from command line to 'False'
[1.211s] Level 5:colcon.colcon_core.verb:set package 'ros2_linkattacher' build argument 'cmake_clean_first' from command line to 'False'
[1.211s] Level 5:colcon.colcon_core.verb:set package 'ros2_linkattacher' build argument 'cmake_force_configure' from command line to 'False'
[1.211s] Level 5:colcon.colcon_core.verb:set package 'ros2_linkattacher' build argument 'ament_cmake_args' from command line to 'None'
[1.211s] Level 5:colcon.colcon_core.verb:set package 'ros2_linkattacher' build argument 'catkin_cmake_args' from command line to 'None'
[1.211s] Level 5:colcon.colcon_core.verb:set package 'ros2_linkattacher' build argument 'catkin_skip_building_tests' from command line to 'False'
[1.211s] DEBUG:colcon.colcon_core.verb:Building package 'ros2_linkattacher' with the following arguments: {'ament_cmake_args': None, 'build_base': '/home/monica/ros2_pelota/build/ros2_linkattacher', 'catkin_cmake_args': None, 'catkin_skip_building_tests': False, 'cmake_args': None, 'cmake_clean_cache': False, 'cmake_clean_first': False, 'cmake_force_configure': False, 'cmake_target': None, 'cmake_target_skip_unavailable': False, 'install_base': '/home/monica/ros2_pelota/install/ros2_linkattacher', 'merge_install': False, 'path': '/home/monica/ros2_pelota/src/ros2_linkattacher', 'symlink_install': False, 'test_result_base': None}
[1.212s] Level 5:colcon.colcon_core.verb:set package 'xolobot_arm_server' build argument 'cmake_args' from command line to 'None'
[1.212s] Level 5:colcon.colcon_core.verb:set package 'xolobot_arm_server' build argument 'cmake_target' from command line to 'None'
[1.212s] Level 5:colcon.colcon_core.verb:set package 'xolobot_arm_server' build argument 'cmake_target_skip_unavailable' from command line to 'False'
[1.212s] Level 5:colcon.colcon_core.verb:set package 'xolobot_arm_server' build argument 'cmake_clean_cache' from command line to 'False'
[1.212s] Level 5:colcon.colcon_core.verb:set package 'xolobot_arm_server' build argument 'cmake_clean_first' from command line to 'False'
[1.212s] Level 5:colcon.colcon_core.verb:set package 'xolobot_arm_server' build argument 'cmake_force_configure' from command line to 'False'
[1.212s] Level 5:colcon.colcon_core.verb:set package 'xolobot_arm_server' build argument 'ament_cmake_args' from command line to 'None'
[1.212s] Level 5:colcon.colcon_core.verb:set package 'xolobot_arm_server' build argument 'catkin_cmake_args' from command line to 'None'
[1.212s] Level 5:colcon.colcon_core.verb:set package 'xolobot_arm_server' build argument 'catkin_skip_building_tests' from command line to 'False'
[1.212s] DEBUG:colcon.colcon_core.verb:Building package 'xolobot_arm_server' with the following arguments: {'ament_cmake_args': None, 'build_base': '/home/monica/ros2_pelota/build/xolobot_arm_server', 'catkin_cmake_args': None, 'catkin_skip_building_tests': False, 'cmake_args': None, 'cmake_clean_cache': False, 'cmake_clean_first': False, 'cmake_force_configure': False, 'cmake_target': None, 'cmake_target_skip_unavailable': False, 'install_base': '/home/monica/ros2_pelota/install/xolobot_arm_server', 'merge_install': False, 'path': '/home/monica/ros2_pelota/src/xolobot_arm_server', 'symlink_install': False, 'test_result_base': None}
[1.213s] INFO:colcon.colcon_core.executor:Executing jobs using 'parallel' executor
[1.215s] DEBUG:colcon.colcon_parallel_executor.executor.parallel:run_until_complete
[1.216s] INFO:colcon.colcon_ros.task.ament_cmake.build:Building ROS package in '/home/monica/ros2_pelota/src/linkattacher_msgs' with build type 'ament_cmake'
[1.216s] INFO:colcon.colcon_cmake.task.cmake.build:Building CMake package in '/home/monica/ros2_pelota/src/linkattacher_msgs'
[1.223s] INFO:colcon.colcon_core.plugin_system:Skipping extension 'colcon_core.shell.bat': Not used on non-Windows systems
[1.224s] INFO:colcon.colcon_core.shell:Skip shell extension 'powershell' for command environment: Not usable outside of PowerShell
[1.224s] DEBUG:colcon.colcon_core.shell:Skip shell extension 'dsv' for command environment
[1.237s] INFO:colcon.colcon_ros.task.ament_cmake.build:Building ROS package in '/home/monica/ros2_pelota/src/xolobot_arm' with build type 'ament_cmake'
[1.238s] INFO:colcon.colcon_cmake.task.cmake.build:Building CMake package in '/home/monica/ros2_pelota/src/xolobot_arm'
[1.239s] INFO:colcon.colcon_core.shell:Skip shell extension 'powershell' for command environment: Not usable outside of PowerShell
[1.239s] DEBUG:colcon.colcon_core.shell:Skip shell extension 'dsv' for command environment
[1.261s] DEBUG:colcon.colcon_core.event_handler.log_command:Invoking command in '/home/monica/ros2_pelota/build/linkattacher_msgs': CMAKE_PREFIX_PATH=${CMAKE_PREFIX_PATH}:/opt/ros/iron /usr/bin/cmake --build /home/monica/ros2_pelota/build/linkattacher_msgs -- -j2 -l2
[1.271s] DEBUG:colcon.colcon_core.event_handler.log_command:Invoking command in '/home/monica/ros2_pelota/build/xolobot_arm': CMAKE_PREFIX_PATH=${CMAKE_PREFIX_PATH}:/opt/ros/iron /usr/bin/cmake --build /home/monica/ros2_pelota/build/xolobot_arm -- -j2 -l2
[1.396s] DEBUG:colcon.colcon_core.event_handler.log_command:Invoked command in '/home/monica/ros2_pelota/build/xolobot_arm' returned '0': CMAKE_PREFIX_PATH=${CMAKE_PREFIX_PATH}:/opt/ros/iron /usr/bin/cmake --build /home/monica/ros2_pelota/build/xolobot_arm -- -j2 -l2
[1.421s] DEBUG:colcon.colcon_core.event_handler.log_command:Invoking command in '/home/monica/ros2_pelota/build/xolobot_arm': CMAKE_PREFIX_PATH=${CMAKE_PREFIX_PATH}:/opt/ros/iron /usr/bin/cmake --install /home/monica/ros2_pelota/build/xolobot_arm
[1.489s] Level 1:colcon.colcon_core.environment:create_environment_scripts_only(xolobot_arm)
[1.528s] Level 1:colcon.colcon_core.environment:checking '/home/monica/ros2_pelota/install/xolobot_arm' for CMake module files
[1.530s] Level 1:colcon.colcon_core.environment:checking '/home/monica/ros2_pelota/install/xolobot_arm' for CMake config files
[1.540s] Level 1:colcon.colcon_core.shell:create_environment_hook('xolobot_arm', 'cmake_prefix_path')
[1.540s] INFO:colcon.colcon_core.shell:Creating environment hook '/home/monica/ros2_pelota/install/xolobot_arm/share/xolobot_arm/hook/cmake_prefix_path.ps1'
[1.542s] INFO:colcon.colcon_core.shell:Creating environment descriptor '/home/monica/ros2_pelota/install/xolobot_arm/share/xolobot_arm/hook/cmake_prefix_path.dsv'
[1.546s] INFO:colcon.colcon_core.shell:Creating environment hook '/home/monica/ros2_pelota/install/xolobot_arm/share/xolobot_arm/hook/cmake_prefix_path.sh'
[1.549s] Level 1:colcon.colcon_core.environment:checking '/home/monica/ros2_pelota/install/xolobot_arm/bin'
[1.549s] Level 1:colcon.colcon_core.environment:checking '/home/monica/ros2_pelota/install/xolobot_arm/lib/pkgconfig/xolobot_arm.pc'
[1.550s] Level 1:colcon.colcon_core.environment:checking '/home/monica/ros2_pelota/install/xolobot_arm/lib/python3.10/site-packages'
[1.552s] Level 1:colcon.colcon_core.environment:checking '/home/monica/ros2_pelota/install/xolobot_arm/bin'
[1.553s] INFO:colcon.colcon_core.shell:Creating package script '/home/monica/ros2_pelota/install/xolobot_arm/share/xolobot_arm/package.ps1'
[1.558s] DEBUG:colcon.colcon_core.event_handler.log_command:Invoked command in '/home/monica/ros2_pelota/build/xolobot_arm' returned '0': CMAKE_PREFIX_PATH=${CMAKE_PREFIX_PATH}:/opt/ros/iron /usr/bin/cmake --install /home/monica/ros2_pelota/build/xolobot_arm
[1.560s] INFO:colcon.colcon_core.shell:Creating package descriptor '/home/monica/ros2_pelota/install/xolobot_arm/share/xolobot_arm/package.dsv'
[1.562s] INFO:colcon.colcon_core.shell:Creating package script '/home/monica/ros2_pelota/install/xolobot_arm/share/xolobot_arm/package.sh'
[1.564s] INFO:colcon.colcon_core.shell:Creating package script '/home/monica/ros2_pelota/install/xolobot_arm/share/xolobot_arm/package.bash'
[1.566s] INFO:colcon.colcon_core.shell:Creating package script '/home/monica/ros2_pelota/install/xolobot_arm/share/xolobot_arm/package.zsh'
[1.568s] Level 1:colcon.colcon_core.environment:create_file_with_runtime_dependencies(/home/monica/ros2_pelota/install/xolobot_arm/share/colcon-core/packages/xolobot_arm)
[1.570s] Level 1:colcon.colcon_core.environment:create_environment_scripts_only(xolobot_arm)
[1.570s] Level 1:colcon.colcon_core.environment:checking '/home/monica/ros2_pelota/install/xolobot_arm' for CMake module files
[1.574s] Level 1:colcon.colcon_core.environment:checking '/home/monica/ros2_pelota/install/xolobot_arm' for CMake config files
[1.575s] Level 1:colcon.colcon_core.shell:create_environment_hook('xolobot_arm', 'cmake_prefix_path')
[1.576s] INFO:colcon.colcon_core.shell:Creating environment hook '/home/monica/ros2_pelota/install/xolobot_arm/share/xolobot_arm/hook/cmake_prefix_path.ps1'
[1.577s] INFO:colcon.colcon_core.shell:Creating environment descriptor '/home/monica/ros2_pelota/install/xolobot_arm/share/xolobot_arm/hook/cmake_prefix_path.dsv'
[1.579s] INFO:colcon.colcon_core.shell:Creating environment hook '/home/monica/ros2_pelota/install/xolobot_arm/share/xolobot_arm/hook/cmake_prefix_path.sh'
[1.581s] Level 1:colcon.colcon_core.environment:checking '/home/monica/ros2_pelota/install/xolobot_arm/bin'
[1.582s] Level 1:colcon.colcon_core.environment:checking '/home/monica/ros2_pelota/install/xolobot_arm/lib/pkgconfig/xolobot_arm.pc'
[1.582s] Level 1:colcon.colcon_core.environment:checking '/home/monica/ros2_pelota/install/xolobot_arm/lib/python3.10/site-packages'
[1.582s] Level 1:colcon.colcon_core.environment:checking '/home/monica/ros2_pelota/install/xolobot_arm/bin'
[1.583s] INFO:colcon.colcon_core.shell:Creating package script '/home/monica/ros2_pelota/install/xolobot_arm/share/xolobot_arm/package.ps1'
[1.584s] INFO:colcon.colcon_core.shell:Creating package descriptor '/home/monica/ros2_pelota/install/xolobot_arm/share/xolobot_arm/package.dsv'
[1.585s] INFO:colcon.colcon_core.shell:Creating package script '/home/monica/ros2_pelota/install/xolobot_arm/share/xolobot_arm/package.sh'
[1.586s] INFO:colcon.colcon_core.shell:Creating package script '/home/monica/ros2_pelota/install/xolobot_arm/share/xolobot_arm/package.bash'
[1.587s] INFO:colcon.colcon_core.shell:Creating package script '/home/monica/ros2_pelota/install/xolobot_arm/share/xolobot_arm/package.zsh'
[1.588s] Level 1:colcon.colcon_core.environment:create_file_with_runtime_dependencies(/home/monica/ros2_pelota/install/xolobot_arm/share/colcon-core/packages/xolobot_arm)
[1.590s] INFO:colcon.colcon_ros.task.ament_cmake.build:Building ROS package in '/home/monica/ros2_pelota/src/xolobot_control' with build type 'ament_cmake'
[1.590s] INFO:colcon.colcon_cmake.task.cmake.build:Building CMake package in '/home/monica/ros2_pelota/src/xolobot_control'
[1.591s] INFO:colcon.colcon_core.shell:Skip shell extension 'powershell' for command environment: Not usable outside of PowerShell
[1.591s] DEBUG:colcon.colcon_core.shell:Skip shell extension 'dsv' for command environment
[1.624s] DEBUG:colcon.colcon_core.event_handler.log_command:Invoking command in '/home/monica/ros2_pelota/build/xolobot_control': CMAKE_PREFIX_PATH=${CMAKE_PREFIX_PATH}:/opt/ros/iron /usr/bin/cmake --build /home/monica/ros2_pelota/build/xolobot_control -- -j2 -l2
[1.755s] DEBUG:colcon.colcon_core.event_handler.log_command:Invoked command in '/home/monica/ros2_pelota/build/xolobot_control' returned '0': CMAKE_PREFIX_PATH=${CMAKE_PREFIX_PATH}:/opt/ros/iron /usr/bin/cmake --build /home/monica/ros2_pelota/build/xolobot_control -- -j2 -l2
[1.756s] DEBUG:colcon.colcon_core.event_handler.log_command:Invoking command in '/home/monica/ros2_pelota/build/xolobot_control': CMAKE_PREFIX_PATH=${CMAKE_PREFIX_PATH}:/opt/ros/iron /usr/bin/cmake --install /home/monica/ros2_pelota/build/xolobot_control
[1.781s] Level 1:colcon.colcon_core.environment:create_environment_scripts_only(xolobot_control)
[1.782s] Level 1:colcon.colcon_core.environment:checking '/home/monica/ros2_pelota/install/xolobot_control' for CMake module files
[1.784s] DEBUG:colcon.colcon_core.event_handler.log_command:Invoked command in '/home/monica/ros2_pelota/build/xolobot_control' returned '0': CMAKE_PREFIX_PATH=${CMAKE_PREFIX_PATH}:/opt/ros/iron /usr/bin/cmake --install /home/monica/ros2_pelota/build/xolobot_control
[1.785s] Level 1:colcon.colcon_core.environment:checking '/home/monica/ros2_pelota/install/xolobot_control' for CMake config files
[1.786s] Level 1:colcon.colcon_core.shell:create_environment_hook('xolobot_control', 'cmake_prefix_path')
[1.786s] INFO:colcon.colcon_core.shell:Creating environment hook '/home/monica/ros2_pelota/install/xolobot_control/share/xolobot_control/hook/cmake_prefix_path.ps1'
[1.787s] INFO:colcon.colcon_core.shell:Creating environment descriptor '/home/monica/ros2_pelota/install/xolobot_control/share/xolobot_control/hook/cmake_prefix_path.dsv'
[1.788s] INFO:colcon.colcon_core.shell:Creating environment hook '/home/monica/ros2_pelota/install/xolobot_control/share/xolobot_control/hook/cmake_prefix_path.sh'
[1.789s] Level 1:colcon.colcon_core.environment:checking '/home/monica/ros2_pelota/install/xolobot_control/bin'
[1.789s] Level 1:colcon.colcon_core.environment:checking '/home/monica/ros2_pelota/install/xolobot_control/lib/pkgconfig/xolobot_control.pc'
[1.790s] Level 1:colcon.colcon_core.environment:checking '/home/monica/ros2_pelota/install/xolobot_control/lib/python3.10/site-packages'
[1.790s] Level 1:colcon.colcon_core.environment:checking '/home/monica/ros2_pelota/install/xolobot_control/bin'
[1.791s] INFO:colcon.colcon_core.shell:Creating package script '/home/monica/ros2_pelota/install/xolobot_control/share/xolobot_control/package.ps1'
[1.792s] INFO:colcon.colcon_core.shell:Creating package descriptor '/home/monica/ros2_pelota/install/xolobot_control/share/xolobot_control/package.dsv'
[1.793s] INFO:colcon.colcon_core.shell:Creating package script '/home/monica/ros2_pelota/install/xolobot_control/share/xolobot_control/package.sh'
[1.793s] INFO:colcon.colcon_core.shell:Creating package script '/home/monica/ros2_pelota/install/xolobot_control/share/xolobot_control/package.bash'
[1.794s] INFO:colcon.colcon_core.shell:Creating package script '/home/monica/ros2_pelota/install/xolobot_control/share/xolobot_control/package.zsh'
[1.797s] Level 1:colcon.colcon_core.environment:create_file_with_runtime_dependencies(/home/monica/ros2_pelota/install/xolobot_control/share/colcon-core/packages/xolobot_control)
[1.798s] Level 1:colcon.colcon_core.environment:create_environment_scripts_only(xolobot_control)
[1.798s] Level 1:colcon.colcon_core.environment:checking '/home/monica/ros2_pelota/install/xolobot_control' for CMake module files
[1.800s] Level 1:colcon.colcon_core.environment:checking '/home/monica/ros2_pelota/install/xolobot_control' for CMake config files
[1.800s] Level 1:colcon.colcon_core.shell:create_environment_hook('xolobot_control', 'cmake_prefix_path')
[1.801s] INFO:colcon.colcon_core.shell:Creating environment hook '/home/monica/ros2_pelota/install/xolobot_control/share/xolobot_control/hook/cmake_prefix_path.ps1'
[1.802s] INFO:colcon.colcon_core.shell:Creating environment descriptor '/home/monica/ros2_pelota/install/xolobot_control/share/xolobot_control/hook/cmake_prefix_path.dsv'
[1.802s] INFO:colcon.colcon_core.shell:Creating environment hook '/home/monica/ros2_pelota/install/xolobot_control/share/xolobot_control/hook/cmake_prefix_path.sh'
[1.803s] Level 1:colcon.colcon_core.environment:checking '/home/monica/ros2_pelota/install/xolobot_control/bin'
[1.803s] Level 1:colcon.colcon_core.environment:checking '/home/monica/ros2_pelota/install/xolobot_control/lib/pkgconfig/xolobot_control.pc'
[1.804s] Level 1:colcon.colcon_core.environment:checking '/home/monica/ros2_pelota/install/xolobot_control/lib/python3.10/site-packages'
[1.804s] Level 1:colcon.colcon_core.environment:checking '/home/monica/ros2_pelota/install/xolobot_control/bin'
[1.805s] INFO:colcon.colcon_core.shell:Creating package script '/home/monica/ros2_pelota/install/xolobot_control/share/xolobot_control/package.ps1'
[1.806s] INFO:colcon.colcon_core.shell:Creating package descriptor '/home/monica/ros2_pelota/install/xolobot_control/share/xolobot_control/package.dsv'
[1.807s] INFO:colcon.colcon_core.shell:Creating package script '/home/monica/ros2_pelota/install/xolobot_control/share/xolobot_control/package.sh'
[1.808s] INFO:colcon.colcon_core.shell:Creating package script '/home/monica/ros2_pelota/install/xolobot_control/share/xolobot_control/package.bash'
[1.809s] INFO:colcon.colcon_core.shell:Creating package script '/home/monica/ros2_pelota/install/xolobot_control/share/xolobot_control/package.zsh'
[1.810s] Level 1:colcon.colcon_core.environment:create_file_with_runtime_dependencies(/home/monica/ros2_pelota/install/xolobot_control/share/colcon-core/packages/xolobot_control)
[3.326s] DEBUG:colcon.colcon_core.event_handler.log_command:Invoked command in '/home/monica/ros2_pelota/build/linkattacher_msgs' returned '0': CMAKE_PREFIX_PATH=${CMAKE_PREFIX_PATH}:/opt/ros/iron /usr/bin/cmake --build /home/monica/ros2_pelota/build/linkattacher_msgs -- -j2 -l2
[3.333s] DEBUG:colcon.colcon_core.event_handler.log_command:Invoking command in '/home/monica/ros2_pelota/build/linkattacher_msgs': CMAKE_PREFIX_PATH=${CMAKE_PREFIX_PATH}:/opt/ros/iron /usr/bin/cmake --install /home/monica/ros2_pelota/build/linkattacher_msgs
[3.597s] Level 1:colcon.colcon_core.environment:create_environment_scripts_only(linkattacher_msgs)
[3.597s] Level 1:colcon.colcon_core.environment:checking '/home/monica/ros2_pelota/install/linkattacher_msgs' for CMake module files
[3.600s] DEBUG:colcon.colcon_core.event_handler.log_command:Invoked command in '/home/monica/ros2_pelota/build/linkattacher_msgs' returned '0': CMAKE_PREFIX_PATH=${CMAKE_PREFIX_PATH}:/opt/ros/iron /usr/bin/cmake --install /home/monica/ros2_pelota/build/linkattacher_msgs
[3.602s] Level 1:colcon.colcon_core.environment:checking '/home/monica/ros2_pelota/install/linkattacher_msgs' for CMake config files
[3.604s] Level 1:colcon.colcon_core.shell:create_environment_hook('linkattacher_msgs', 'cmake_prefix_path')
[3.604s] INFO:colcon.colcon_core.shell:Creating environment hook '/home/monica/ros2_pelota/install/linkattacher_msgs/share/linkattacher_msgs/hook/cmake_prefix_path.ps1'
[3.606s] INFO:colcon.colcon_core.shell:Creating environment descriptor '/home/monica/ros2_pelota/install/linkattacher_msgs/share/linkattacher_msgs/hook/cmake_prefix_path.dsv'
[3.607s] INFO:colcon.colcon_core.shell:Creating environment hook '/home/monica/ros2_pelota/install/linkattacher_msgs/share/linkattacher_msgs/hook/cmake_prefix_path.sh'
[3.608s] Level 1:colcon.colcon_core.environment:checking '/home/monica/ros2_pelota/install/linkattacher_msgs/lib'
[3.609s] Level 1:colcon.colcon_core.shell:create_environment_hook('linkattacher_msgs', 'ld_library_path_lib')
[3.611s] INFO:colcon.colcon_core.shell:Creating environment hook '/home/monica/ros2_pelota/install/linkattacher_msgs/share/linkattacher_msgs/hook/ld_library_path_lib.ps1'
[3.612s] INFO:colcon.colcon_core.shell:Creating environment descriptor '/home/monica/ros2_pelota/install/linkattacher_msgs/share/linkattacher_msgs/hook/ld_library_path_lib.dsv'
[3.613s] INFO:colcon.colcon_core.shell:Creating environment hook '/home/monica/ros2_pelota/install/linkattacher_msgs/share/linkattacher_msgs/hook/ld_library_path_lib.sh'
[3.615s] Level 1:colcon.colcon_core.environment:checking '/home/monica/ros2_pelota/install/linkattacher_msgs/bin'
[3.616s] Level 1:colcon.colcon_core.environment:checking '/home/monica/ros2_pelota/install/linkattacher_msgs/lib/pkgconfig/linkattacher_msgs.pc'
[3.616s] Level 1:colcon.colcon_core.environment:checking '/home/monica/ros2_pelota/install/linkattacher_msgs/lib/python3.10/site-packages'
[3.616s] Level 1:colcon.colcon_core.shell:create_environment_hook('linkattacher_msgs', 'pythonpath')
[3.617s] INFO:colcon.colcon_core.shell:Creating environment hook '/home/monica/ros2_pelota/install/linkattacher_msgs/share/linkattacher_msgs/hook/pythonpath.ps1'
[3.618s] INFO:colcon.colcon_core.shell:Creating environment descriptor '/home/monica/ros2_pelota/install/linkattacher_msgs/share/linkattacher_msgs/hook/pythonpath.dsv'
[3.619s] INFO:colcon.colcon_core.shell:Creating environment hook '/home/monica/ros2_pelota/install/linkattacher_msgs/share/linkattacher_msgs/hook/pythonpath.sh'
[3.621s] Level 1:colcon.colcon_core.environment:checking '/home/monica/ros2_pelota/install/linkattacher_msgs/bin'
[3.624s] INFO:colcon.colcon_core.shell:Creating package script '/home/monica/ros2_pelota/install/linkattacher_msgs/share/linkattacher_msgs/package.ps1'
[3.625s] INFO:colcon.colcon_core.shell:Creating package descriptor '/home/monica/ros2_pelota/install/linkattacher_msgs/share/linkattacher_msgs/package.dsv'
[3.626s] INFO:colcon.colcon_core.shell:Creating package script '/home/monica/ros2_pelota/install/linkattacher_msgs/share/linkattacher_msgs/package.sh'
[3.629s] INFO:colcon.colcon_core.shell:Creating package script '/home/monica/ros2_pelota/install/linkattacher_msgs/share/linkattacher_msgs/package.bash'
[3.630s] INFO:colcon.colcon_core.shell:Creating package script '/home/monica/ros2_pelota/install/linkattacher_msgs/share/linkattacher_msgs/package.zsh'
[3.631s] Level 1:colcon.colcon_core.environment:create_file_with_runtime_dependencies(/home/monica/ros2_pelota/install/linkattacher_msgs/share/colcon-core/packages/linkattacher_msgs)
[3.632s] Level 1:colcon.colcon_core.environment:create_environment_scripts_only(linkattacher_msgs)
[3.632s] Level 1:colcon.colcon_core.environment:checking '/home/monica/ros2_pelota/install/linkattacher_msgs' for CMake module files
[3.636s] Level 1:colcon.colcon_core.environment:checking '/home/monica/ros2_pelota/install/linkattacher_msgs' for CMake config files
[3.638s] Level 1:colcon.colcon_core.shell:create_environment_hook('linkattacher_msgs', 'cmake_prefix_path')
[3.638s] INFO:colcon.colcon_core.shell:Creating environment hook '/home/monica/ros2_pelota/install/linkattacher_msgs/share/linkattacher_msgs/hook/cmake_prefix_path.ps1'
[3.640s] INFO:colcon.colcon_core.shell:Creating environment descriptor '/home/monica/ros2_pelota/install/linkattacher_msgs/share/linkattacher_msgs/hook/cmake_prefix_path.dsv'
[3.643s] INFO:colcon.colcon_core.shell:Creating environment hook '/home/monica/ros2_pelota/install/linkattacher_msgs/share/linkattacher_msgs/hook/cmake_prefix_path.sh'
[3.644s] Level 1:colcon.colcon_core.environment:checking '/home/monica/ros2_pelota/install/linkattacher_msgs/lib'
[3.645s] Level 1:colcon.colcon_core.shell:create_environment_hook('linkattacher_msgs', 'ld_library_path_lib')
[3.645s] INFO:colcon.colcon_core.shell:Creating environment hook '/home/monica/ros2_pelota/install/linkattacher_msgs/share/linkattacher_msgs/hook/ld_library_path_lib.ps1'
[3.648s] INFO:colcon.colcon_core.shell:Creating environment descriptor '/home/monica/ros2_pelota/install/linkattacher_msgs/share/linkattacher_msgs/hook/ld_library_path_lib.dsv'
[3.649s] INFO:colcon.colcon_core.shell:Creating environment hook '/home/monica/ros2_pelota/install/linkattacher_msgs/share/linkattacher_msgs/hook/ld_library_path_lib.sh'
[3.650s] Level 1:colcon.colcon_core.environment:checking '/home/monica/ros2_pelota/install/linkattacher_msgs/bin'
[3.650s] Level 1:colcon.colcon_core.environment:checking '/home/monica/ros2_pelota/install/linkattacher_msgs/lib/pkgconfig/linkattacher_msgs.pc'
[3.650s] Level 1:colcon.colcon_core.environment:checking '/home/monica/ros2_pelota/install/linkattacher_msgs/lib/python3.10/site-packages'
[3.650s] Level 1:colcon.colcon_core.shell:create_environment_hook('linkattacher_msgs', 'pythonpath')
[3.651s] INFO:colcon.colcon_core.shell:Creating environment hook '/home/monica/ros2_pelota/install/linkattacher_msgs/share/linkattacher_msgs/hook/pythonpath.ps1'
[3.654s] INFO:colcon.colcon_core.shell:Creating environment descriptor '/home/monica/ros2_pelota/install/linkattacher_msgs/share/linkattacher_msgs/hook/pythonpath.dsv'
[3.655s] INFO:colcon.colcon_core.shell:Creating environment hook '/home/monica/ros2_pelota/install/linkattacher_msgs/share/linkattacher_msgs/hook/pythonpath.sh'
[3.656s] Level 1:colcon.colcon_core.environment:checking '/home/monica/ros2_pelota/install/linkattacher_msgs/bin'
[3.657s] INFO:colcon.colcon_core.shell:Creating package script '/home/monica/ros2_pelota/install/linkattacher_msgs/share/linkattacher_msgs/package.ps1'
[3.661s] INFO:colcon.colcon_core.shell:Creating package descriptor '/home/monica/ros2_pelota/install/linkattacher_msgs/share/linkattacher_msgs/package.dsv'
[3.662s] INFO:colcon.colcon_core.shell:Creating package script '/home/monica/ros2_pelota/install/linkattacher_msgs/share/linkattacher_msgs/package.sh'
[3.663s] INFO:colcon.colcon_core.shell:Creating package script '/home/monica/ros2_pelota/install/linkattacher_msgs/share/linkattacher_msgs/package.bash'
[3.664s] INFO:colcon.colcon_core.shell:Creating package script '/home/monica/ros2_pelota/install/linkattacher_msgs/share/linkattacher_msgs/package.zsh'
[3.666s] Level 1:colcon.colcon_core.environment:create_file_with_runtime_dependencies(/home/monica/ros2_pelota/install/linkattacher_msgs/share/colcon-core/packages/linkattacher_msgs)
[3.668s] INFO:colcon.colcon_ros.task.ament_cmake.build:Building ROS package in '/home/monica/ros2_pelota/src/ros2_linkattacher' with build type 'ament_cmake'
[3.668s] INFO:colcon.colcon_cmake.task.cmake.build:Building CMake package in '/home/monica/ros2_pelota/src/ros2_linkattacher'
[3.668s] INFO:colcon.colcon_core.shell:Skip shell extension 'powershell' for command environment: Not usable outside of PowerShell
[3.671s] DEBUG:colcon.colcon_core.shell:Skip shell extension 'dsv' for command environment
[3.689s] INFO:colcon.colcon_ros.task.ament_cmake.build:Building ROS package in '/home/monica/ros2_pelota/src/xolobot_arm_server' with build type 'ament_cmake'
[3.690s] INFO:colcon.colcon_cmake.task.cmake.build:Building CMake package in '/home/monica/ros2_pelota/src/xolobot_arm_server'
[3.690s] INFO:colcon.colcon_core.shell:Skip shell extension 'powershell' for command environment: Not usable outside of PowerShell
[3.690s] DEBUG:colcon.colcon_core.shell:Skip shell extension 'dsv' for command environment
[3.738s] DEBUG:colcon.colcon_core.event_handler.log_command:Invoking command in '/home/monica/ros2_pelota/build/ros2_linkattacher': CMAKE_PREFIX_PATH=/home/monica/ros2_pelota/install/linkattacher_msgs:/home/monica/ros2_pelota/install/xolobot_control:/home/monica/ros2_pelota/install/xolobot_arm_server:/home/monica/ros2_pelota/install/xolobot_arm:/home/monica/ros2_pelota/install/ros2_linkattacher:/home/monica/ros2_ws/install/xolobot_control:/home/monica/ros2_ws/install/xolobot_arm_server:/home/monica/ros2_ws/install/xolobot_arm:/opt/ros/iron LD_LIBRARY_PATH=/home/monica/ros2_pelota/install/linkattacher_msgs/lib:/home/monica/ros2_pelota/install/ros2_linkattacher/lib:/usr/lib/x86_64-linux-gnu/gazebo-11/plugins:/opt/ros/iron/opt/rviz_ogre_vendor/lib:/opt/ros/iron/lib/x86_64-linux-gnu:/opt/ros/iron/lib:/opt/ros/iron/lib /usr/bin/cmake --build /home/monica/ros2_pelota/build/ros2_linkattacher -- -j2 -l2
[3.772s] DEBUG:colcon.colcon_core.event_handler.log_command:Invoking command in '/home/monica/ros2_pelota/build/xolobot_arm_server': CMAKE_PREFIX_PATH=/home/monica/ros2_pelota/install/linkattacher_msgs:/home/monica/ros2_pelota/install/xolobot_control:/home/monica/ros2_pelota/install/xolobot_arm_server:/home/monica/ros2_pelota/install/xolobot_arm:/home/monica/ros2_pelota/install/ros2_linkattacher:/home/monica/ros2_ws/install/xolobot_control:/home/monica/ros2_ws/install/xolobot_arm_server:/home/monica/ros2_ws/install/xolobot_arm:/opt/ros/iron LD_LIBRARY_PATH=/home/monica/ros2_pelota/install/linkattacher_msgs/lib:/home/monica/ros2_pelota/install/ros2_linkattacher/lib:/usr/lib/x86_64-linux-gnu/gazebo-11/plugins:/opt/ros/iron/opt/rviz_ogre_vendor/lib:/opt/ros/iron/lib/x86_64-linux-gnu:/opt/ros/iron/lib:/opt/ros/iron/lib /usr/bin/cmake --build /home/monica/ros2_pelota/build/xolobot_arm_server -- -j2 -l2
[4.148s] DEBUG:colcon.colcon_core.event_handler.log_command:Invoked command in '/home/monica/ros2_pelota/build/ros2_linkattacher' returned '0': CMAKE_PREFIX_PATH=/home/monica/ros2_pelota/install/linkattacher_msgs:/home/monica/ros2_pelota/install/xolobot_control:/home/monica/ros2_pelota/install/xolobot_arm_server:/home/monica/ros2_pelota/install/xolobot_arm:/home/monica/ros2_pelota/install/ros2_linkattacher:/home/monica/ros2_ws/install/xolobot_control:/home/monica/ros2_ws/install/xolobot_arm_server:/home/monica/ros2_ws/install/xolobot_arm:/opt/ros/iron LD_LIBRARY_PATH=/home/monica/ros2_pelota/install/linkattacher_msgs/lib:/home/monica/ros2_pelota/install/ros2_linkattacher/lib:/usr/lib/x86_64-linux-gnu/gazebo-11/plugins:/opt/ros/iron/opt/rviz_ogre_vendor/lib:/opt/ros/iron/lib/x86_64-linux-gnu:/opt/ros/iron/lib:/opt/ros/iron/lib /usr/bin/cmake --build /home/monica/ros2_pelota/build/ros2_linkattacher -- -j2 -l2
[4.159s] DEBUG:colcon.colcon_core.event_handler.log_command:Invoking command in '/home/monica/ros2_pelota/build/ros2_linkattacher': CMAKE_PREFIX_PATH=/home/monica/ros2_pelota/install/linkattacher_msgs:/home/monica/ros2_pelota/install/xolobot_control:/home/monica/ros2_pelota/install/xolobot_arm_server:/home/monica/ros2_pelota/install/xolobot_arm:/home/monica/ros2_pelota/install/ros2_linkattacher:/home/monica/ros2_ws/install/xolobot_control:/home/monica/ros2_ws/install/xolobot_arm_server:/home/monica/ros2_ws/install/xolobot_arm:/opt/ros/iron LD_LIBRARY_PATH=/home/monica/ros2_pelota/install/linkattacher_msgs/lib:/home/monica/ros2_pelota/install/ros2_linkattacher/lib:/usr/lib/x86_64-linux-gnu/gazebo-11/plugins:/opt/ros/iron/opt/rviz_ogre_vendor/lib:/opt/ros/iron/lib/x86_64-linux-gnu:/opt/ros/iron/lib:/opt/ros/iron/lib /usr/bin/cmake --install /home/monica/ros2_pelota/build/ros2_linkattacher
[4.231s] Level 1:colcon.colcon_core.environment:create_environment_scripts_only(ros2_linkattacher)
[4.234s] Level 1:colcon.colcon_core.environment:checking '/home/monica/ros2_pelota/install/ros2_linkattacher' for CMake module files
[4.238s] DEBUG:colcon.colcon_core.event_handler.log_command:Invoked command in '/home/monica/ros2_pelota/build/ros2_linkattacher' returned '0': CMAKE_PREFIX_PATH=/home/monica/ros2_pelota/install/linkattacher_msgs:/home/monica/ros2_pelota/install/xolobot_control:/home/monica/ros2_pelota/install/xolobot_arm_server:/home/monica/ros2_pelota/install/xolobot_arm:/home/monica/ros2_pelota/install/ros2_linkattacher:/home/monica/ros2_ws/install/xolobot_control:/home/monica/ros2_ws/install/xolobot_arm_server:/home/monica/ros2_ws/install/xolobot_arm:/opt/ros/iron LD_LIBRARY_PATH=/home/monica/ros2_pelota/install/linkattacher_msgs/lib:/home/monica/ros2_pelota/install/ros2_linkattacher/lib:/usr/lib/x86_64-linux-gnu/gazebo-11/plugins:/opt/ros/iron/opt/rviz_ogre_vendor/lib:/opt/ros/iron/lib/x86_64-linux-gnu:/opt/ros/iron/lib:/opt/ros/iron/lib /usr/bin/cmake --install /home/monica/ros2_pelota/build/ros2_linkattacher
[4.239s] Level 1:colcon.colcon_core.environment:checking '/home/monica/ros2_pelota/install/ros2_linkattacher' for CMake config files
[4.244s] Level 1:colcon.colcon_core.shell:create_environment_hook('ros2_linkattacher', 'cmake_prefix_path')
[4.244s] INFO:colcon.colcon_core.shell:Creating environment hook '/home/monica/ros2_pelota/install/ros2_linkattacher/share/ros2_linkattacher/hook/cmake_prefix_path.ps1'
[4.249s] INFO:colcon.colcon_core.shell:Creating environment descriptor '/home/monica/ros2_pelota/install/ros2_linkattacher/share/ros2_linkattacher/hook/cmake_prefix_path.dsv'
[4.250s] INFO:colcon.colcon_core.shell:Creating environment hook '/home/monica/ros2_pelota/install/ros2_linkattacher/share/ros2_linkattacher/hook/cmake_prefix_path.sh'
[4.256s] Level 1:colcon.colcon_core.environment:checking '/home/monica/ros2_pelota/install/ros2_linkattacher/lib'
[4.256s] Level 1:colcon.colcon_core.shell:create_environment_hook('ros2_linkattacher', 'ld_library_path_lib')
[4.257s] INFO:colcon.colcon_core.shell:Creating environment hook '/home/monica/ros2_pelota/install/ros2_linkattacher/share/ros2_linkattacher/hook/ld_library_path_lib.ps1'
[4.261s] INFO:colcon.colcon_core.shell:Creating environment descriptor '/home/monica/ros2_pelota/install/ros2_linkattacher/share/ros2_linkattacher/hook/ld_library_path_lib.dsv'
[4.265s] INFO:colcon.colcon_core.shell:Creating environment hook '/home/monica/ros2_pelota/install/ros2_linkattacher/share/ros2_linkattacher/hook/ld_library_path_lib.sh'
[4.267s] Level 1:colcon.colcon_core.environment:checking '/home/monica/ros2_pelota/install/ros2_linkattacher/bin'
[4.269s] Level 1:colcon.colcon_core.environment:checking '/home/monica/ros2_pelota/install/ros2_linkattacher/lib/pkgconfig/ros2_linkattacher.pc'
[4.270s] Level 1:colcon.colcon_core.environment:checking '/home/monica/ros2_pelota/install/ros2_linkattacher/lib/python3.10/site-packages'
[4.270s] Level 1:colcon.colcon_core.environment:checking '/home/monica/ros2_pelota/install/ros2_linkattacher/bin'
[4.271s] INFO:colcon.colcon_core.shell:Creating package script '/home/monica/ros2_pelota/install/ros2_linkattacher/share/ros2_linkattacher/package.ps1'
[4.277s] INFO:colcon.colcon_core.shell:Creating package descriptor '/home/monica/ros2_pelota/install/ros2_linkattacher/share/ros2_linkattacher/package.dsv'
[4.279s] INFO:colcon.colcon_core.shell:Creating package script '/home/monica/ros2_pelota/install/ros2_linkattacher/share/ros2_linkattacher/package.sh'
[4.282s] INFO:colcon.colcon_core.shell:Creating package script '/home/monica/ros2_pelota/install/ros2_linkattacher/share/ros2_linkattacher/package.bash'
[4.285s] INFO:colcon.colcon_core.shell:Creating package script '/home/monica/ros2_pelota/install/ros2_linkattacher/share/ros2_linkattacher/package.zsh'
[4.287s] Level 1:colcon.colcon_core.environment:create_file_with_runtime_dependencies(/home/monica/ros2_pelota/install/ros2_linkattacher/share/colcon-core/packages/ros2_linkattacher)
[4.292s] Level 1:colcon.colcon_core.environment:create_environment_scripts_only(ros2_linkattacher)
[4.293s] Level 1:colcon.colcon_core.environment:checking '/home/monica/ros2_pelota/install/ros2_linkattacher' for CMake module files
[4.296s] Level 1:colcon.colcon_core.environment:checking '/home/monica/ros2_pelota/install/ros2_linkattacher' for CMake config files
[4.301s] Level 1:colcon.colcon_core.shell:create_environment_hook('ros2_linkattacher', 'cmake_prefix_path')
[4.301s] INFO:colcon.colcon_core.shell:Creating environment hook '/home/monica/ros2_pelota/install/ros2_linkattacher/share/ros2_linkattacher/hook/cmake_prefix_path.ps1'
[4.304s] INFO:colcon.colcon_core.shell:Creating environment descriptor '/home/monica/ros2_pelota/install/ros2_linkattacher/share/ros2_linkattacher/hook/cmake_prefix_path.dsv'
[4.306s] INFO:colcon.colcon_core.shell:Creating environment hook '/home/monica/ros2_pelota/install/ros2_linkattacher/share/ros2_linkattacher/hook/cmake_prefix_path.sh'
[4.307s] Level 1:colcon.colcon_core.environment:checking '/home/monica/ros2_pelota/install/ros2_linkattacher/lib'
[4.307s] Level 1:colcon.colcon_core.shell:create_environment_hook('ros2_linkattacher', 'ld_library_path_lib')
[4.309s] INFO:colcon.colcon_core.shell:Creating environment hook '/home/monica/ros2_pelota/install/ros2_linkattacher/share/ros2_linkattacher/hook/ld_library_path_lib.ps1'
[4.311s] INFO:colcon.colcon_core.shell:Creating environment descriptor '/home/monica/ros2_pelota/install/ros2_linkattacher/share/ros2_linkattacher/hook/ld_library_path_lib.dsv'
[4.313s] INFO:colcon.colcon_core.shell:Creating environment hook '/home/monica/ros2_pelota/install/ros2_linkattacher/share/ros2_linkattacher/hook/ld_library_path_lib.sh'
[4.315s] Level 1:colcon.colcon_core.environment:checking '/home/monica/ros2_pelota/install/ros2_linkattacher/bin'
[4.316s] Level 1:colcon.colcon_core.environment:checking '/home/monica/ros2_pelota/install/ros2_linkattacher/lib/pkgconfig/ros2_linkattacher.pc'
[4.316s] Level 1:colcon.colcon_core.environment:checking '/home/monica/ros2_pelota/install/ros2_linkattacher/lib/python3.10/site-packages'
[4.317s] Level 1:colcon.colcon_core.environment:checking '/home/monica/ros2_pelota/install/ros2_linkattacher/bin'
[4.318s] INFO:colcon.colcon_core.shell:Creating package script '/home/monica/ros2_pelota/install/ros2_linkattacher/share/ros2_linkattacher/package.ps1'
[4.321s] INFO:colcon.colcon_core.shell:Creating package descriptor '/home/monica/ros2_pelota/install/ros2_linkattacher/share/ros2_linkattacher/package.dsv'
[4.323s] INFO:colcon.colcon_core.shell:Creating package script '/home/monica/ros2_pelota/install/ros2_linkattacher/share/ros2_linkattacher/package.sh'
[4.325s] INFO:colcon.colcon_core.shell:Creating package script '/home/monica/ros2_pelota/install/ros2_linkattacher/share/ros2_linkattacher/package.bash'
[4.327s] INFO:colcon.colcon_core.shell:Creating package script '/home/monica/ros2_pelota/install/ros2_linkattacher/share/ros2_linkattacher/package.zsh'
[4.328s] Level 1:colcon.colcon_core.environment:create_file_with_runtime_dependencies(/home/monica/ros2_pelota/install/ros2_linkattacher/share/colcon-core/packages/ros2_linkattacher)
[4.407s] DEBUG:colcon.colcon_core.event_handler.log_command:Invoked command in '/home/monica/ros2_pelota/build/xolobot_arm_server' returned '0': CMAKE_PREFIX_PATH=/home/monica/ros2_pelota/install/linkattacher_msgs:/home/monica/ros2_pelota/install/xolobot_control:/home/monica/ros2_pelota/install/xolobot_arm_server:/home/monica/ros2_pelota/install/xolobot_arm:/home/monica/ros2_pelota/install/ros2_linkattacher:/home/monica/ros2_ws/install/xolobot_control:/home/monica/ros2_ws/install/xolobot_arm_server:/home/monica/ros2_ws/install/xolobot_arm:/opt/ros/iron LD_LIBRARY_PATH=/home/monica/ros2_pelota/install/linkattacher_msgs/lib:/home/monica/ros2_pelota/install/ros2_linkattacher/lib:/usr/lib/x86_64-linux-gnu/gazebo-11/plugins:/opt/ros/iron/opt/rviz_ogre_vendor/lib:/opt/ros/iron/lib/x86_64-linux-gnu:/opt/ros/iron/lib:/opt/ros/iron/lib /usr/bin/cmake --build /home/monica/ros2_pelota/build/xolobot_arm_server -- -j2 -l2
[4.413s] DEBUG:colcon.colcon_core.event_handler.log_command:Invoking command in '/home/monica/ros2_pelota/build/xolobot_arm_server': CMAKE_PREFIX_PATH=/home/monica/ros2_pelota/install/linkattacher_msgs:/home/monica/ros2_pelota/install/xolobot_control:/home/monica/ros2_pelota/install/xolobot_arm_server:/home/monica/ros2_pelota/install/xolobot_arm:/home/monica/ros2_pelota/install/ros2_linkattacher:/home/monica/ros2_ws/install/xolobot_control:/home/monica/ros2_ws/install/xolobot_arm_server:/home/monica/ros2_ws/install/xolobot_arm:/opt/ros/iron LD_LIBRARY_PATH=/home/monica/ros2_pelota/install/linkattacher_msgs/lib:/home/monica/ros2_pelota/install/ros2_linkattacher/lib:/usr/lib/x86_64-linux-gnu/gazebo-11/plugins:/opt/ros/iron/opt/rviz_ogre_vendor/lib:/opt/ros/iron/lib/x86_64-linux-gnu:/opt/ros/iron/lib:/opt/ros/iron/lib /usr/bin/cmake --install /home/monica/ros2_pelota/build/xolobot_arm_server
[4.466s] Level 1:colcon.colcon_core.environment:create_environment_scripts_only(xolobot_arm_server)
[4.467s] Level 1:colcon.colcon_core.environment:checking '/home/monica/ros2_pelota/install/xolobot_arm_server' for CMake module files
[4.468s] DEBUG:colcon.colcon_core.event_handler.log_command:Invoked command in '/home/monica/ros2_pelota/build/xolobot_arm_server' returned '0': CMAKE_PREFIX_PATH=/home/monica/ros2_pelota/install/linkattacher_msgs:/home/monica/ros2_pelota/install/xolobot_control:/home/monica/ros2_pelota/install/xolobot_arm_server:/home/monica/ros2_pelota/install/xolobot_arm:/home/monica/ros2_pelota/install/ros2_linkattacher:/home/monica/ros2_ws/install/xolobot_control:/home/monica/ros2_ws/install/xolobot_arm_server:/home/monica/ros2_ws/install/xolobot_arm:/opt/ros/iron LD_LIBRARY_PATH=/home/monica/ros2_pelota/install/linkattacher_msgs/lib:/home/monica/ros2_pelota/install/ros2_linkattacher/lib:/usr/lib/x86_64-linux-gnu/gazebo-11/plugins:/opt/ros/iron/opt/rviz_ogre_vendor/lib:/opt/ros/iron/lib/x86_64-linux-gnu:/opt/ros/iron/lib:/opt/ros/iron/lib /usr/bin/cmake --install /home/monica/ros2_pelota/build/xolobot_arm_server
[4.472s] Level 1:colcon.colcon_core.environment:checking '/home/monica/ros2_pelota/install/xolobot_arm_server' for CMake config files
[4.475s] Level 1:colcon.colcon_core.shell:create_environment_hook('xolobot_arm_server', 'cmake_prefix_path')
[4.476s] INFO:colcon.colcon_core.shell:Creating environment hook '/home/monica/ros2_pelota/install/xolobot_arm_server/share/xolobot_arm_server/hook/cmake_prefix_path.ps1'
[4.477s] INFO:colcon.colcon_core.shell:Creating environment descriptor '/home/monica/ros2_pelota/install/xolobot_arm_server/share/xolobot_arm_server/hook/cmake_prefix_path.dsv'
[4.478s] INFO:colcon.colcon_core.shell:Creating environment hook '/home/monica/ros2_pelota/install/xolobot_arm_server/share/xolobot_arm_server/hook/cmake_prefix_path.sh'
[4.482s] Level 1:colcon.colcon_core.environment:checking '/home/monica/ros2_pelota/install/xolobot_arm_server/lib'
[4.482s] Level 1:colcon.colcon_core.environment:checking '/home/monica/ros2_pelota/install/xolobot_arm_server/bin'
[4.482s] Level 1:colcon.colcon_core.environment:checking '/home/monica/ros2_pelota/install/xolobot_arm_server/lib/pkgconfig/xolobot_arm_server.pc'
[4.483s] Level 1:colcon.colcon_core.environment:checking '/home/monica/ros2_pelota/install/xolobot_arm_server/lib/python3.10/site-packages'
[4.483s] Level 1:colcon.colcon_core.environment:checking '/home/monica/ros2_pelota/install/xolobot_arm_server/bin'
[4.486s] INFO:colcon.colcon_core.shell:Creating package script '/home/monica/ros2_pelota/install/xolobot_arm_server/share/xolobot_arm_server/package.ps1'
[4.488s] INFO:colcon.colcon_core.shell:Creating package descriptor '/home/monica/ros2_pelota/install/xolobot_arm_server/share/xolobot_arm_server/package.dsv'
[4.491s] INFO:colcon.colcon_core.shell:Creating package script '/home/monica/ros2_pelota/install/xolobot_arm_server/share/xolobot_arm_server/package.sh'
[4.492s] INFO:colcon.colcon_core.shell:Creating package script '/home/monica/ros2_pelota/install/xolobot_arm_server/share/xolobot_arm_server/package.bash'
[4.494s] INFO:colcon.colcon_core.shell:Creating package script '/home/monica/ros2_pelota/install/xolobot_arm_server/share/xolobot_arm_server/package.zsh'
[4.495s] Level 1:colcon.colcon_core.environment:create_file_with_runtime_dependencies(/home/monica/ros2_pelota/install/xolobot_arm_server/share/colcon-core/packages/xolobot_arm_server)
[4.500s] Level 1:colcon.colcon_core.environment:create_environment_scripts_only(xolobot_arm_server)
[4.501s] Level 1:colcon.colcon_core.environment:checking '/home/monica/ros2_pelota/install/xolobot_arm_server' for CMake module files
[4.504s] Level 1:colcon.colcon_core.environment:checking '/home/monica/ros2_pelota/install/xolobot_arm_server' for CMake config files
[4.505s] Level 1:colcon.colcon_core.shell:create_environment_hook('xolobot_arm_server', 'cmake_prefix_path')
[4.506s] INFO:colcon.colcon_core.shell:Creating environment hook '/home/monica/ros2_pelota/install/xolobot_arm_server/share/xolobot_arm_server/hook/cmake_prefix_path.ps1'
[4.508s] INFO:colcon.colcon_core.shell:Creating environment descriptor '/home/monica/ros2_pelota/install/xolobot_arm_server/share/xolobot_arm_server/hook/cmake_prefix_path.dsv'
[4.510s] INFO:colcon.colcon_core.shell:Creating environment hook '/home/monica/ros2_pelota/install/xolobot_arm_server/share/xolobot_arm_server/hook/cmake_prefix_path.sh'
[4.513s] Level 1:colcon.colcon_core.environment:checking '/home/monica/ros2_pelota/install/xolobot_arm_server/lib'
[4.513s] Level 1:colcon.colcon_core.environment:checking '/home/monica/ros2_pelota/install/xolobot_arm_server/bin'
[4.514s] Level 1:colcon.colcon_core.environment:checking '/home/monica/ros2_pelota/install/xolobot_arm_server/lib/pkgconfig/xolobot_arm_server.pc'
[4.515s] Level 1:colcon.colcon_core.environment:checking '/home/monica/ros2_pelota/install/xolobot_arm_server/lib/python3.10/site-packages'
[4.516s] Level 1:colcon.colcon_core.environment:checking '/home/monica/ros2_pelota/install/xolobot_arm_server/bin'
[4.517s] INFO:colcon.colcon_core.shell:Creating package script '/home/monica/ros2_pelota/install/xolobot_arm_server/share/xolobot_arm_server/package.ps1'
[4.519s] INFO:colcon.colcon_core.shell:Creating package descriptor '/home/monica/ros2_pelota/install/xolobot_arm_server/share/xolobot_arm_server/package.dsv'
[4.521s] INFO:colcon.colcon_core.shell:Creating package script '/home/monica/ros2_pelota/install/xolobot_arm_server/share/xolobot_arm_server/package.sh'
[4.523s] INFO:colcon.colcon_core.shell:Creating package script '/home/monica/ros2_pelota/install/xolobot_arm_server/share/xolobot_arm_server/package.bash'
[4.525s] INFO:colcon.colcon_core.shell:Creating package script '/home/monica/ros2_pelota/install/xolobot_arm_server/share/xolobot_arm_server/package.zsh'
[4.527s] Level 1:colcon.colcon_core.environment:create_file_with_runtime_dependencies(/home/monica/ros2_pelota/install/xolobot_arm_server/share/colcon-core/packages/xolobot_arm_server)
[4.530s] DEBUG:colcon.colcon_parallel_executor.executor.parallel:closing loop
[4.531s] DEBUG:colcon.colcon_parallel_executor.executor.parallel:loop closed
[4.532s] DEBUG:colcon.colcon_parallel_executor.executor.parallel:run_until_complete finished with '0'
[4.532s] DEBUG:colcon.colcon_core.event_reactor:joining thread
[4.563s] INFO:colcon.colcon_core.plugin_system:Skipping extension 'colcon_notification.desktop_notification.terminal_notifier': Not used on non-Darwin systems
[4.564s] INFO:colcon.colcon_core.plugin_system:Skipping extension 'colcon_notification.desktop_notification.win32': Not used on non-Windows systems
[4.565s] INFO:colcon.colcon_notification.desktop_notification:Sending desktop notification using 'notify2'
[4.616s] DEBUG:colcon.colcon_core.event_reactor:joined thread
[4.617s] INFO:colcon.colcon_core.shell:Creating prefix script '/home/monica/ros2_pelota/install/local_setup.ps1'
[4.623s] INFO:colcon.colcon_core.shell:Creating prefix util module '/home/monica/ros2_pelota/install/_local_setup_util_ps1.py'
[4.630s] INFO:colcon.colcon_core.shell:Creating prefix chain script '/home/monica/ros2_pelota/install/setup.ps1'
[4.639s] INFO:colcon.colcon_core.shell:Creating prefix script '/home/monica/ros2_pelota/install/local_setup.sh'
[4.641s] INFO:colcon.colcon_core.shell:Creating prefix util module '/home/monica/ros2_pelota/install/_local_setup_util_sh.py'
[4.645s] INFO:colcon.colcon_core.shell:Creating prefix chain script '/home/monica/ros2_pelota/install/setup.sh'
[4.656s] INFO:colcon.colcon_core.shell:Creating prefix script '/home/monica/ros2_pelota/install/local_setup.bash'
[4.659s] INFO:colcon.colcon_core.shell:Creating prefix chain script '/home/monica/ros2_pelota/install/setup.bash'
[4.667s] INFO:colcon.colcon_core.shell:Creating prefix script '/home/monica/ros2_pelota/install/local_setup.zsh'
[4.670s] INFO:colcon.colcon_core.shell:Creating prefix chain script '/home/monica/ros2_pelota/install/setup.zsh'
