[0.418s] DEBUG:colcon:Command line arguments: ['/usr/bin/colcon', 'build']
[0.418s] DEBUG:colcon:Parsed command line arguments: Namespace(log_base=None, log_level=None, verb_name='build', build_base='build', install_base='install', merge_install=False, symlink_install=False, test_result_base=None, continue_on_error=False, executor='parallel', parallel_workers=2, event_handlers=None, ignore_user_meta=False, metas=['./colcon.meta'], base_paths=['.'], packages_ignore=None, packages_ignore_regex=None, paths=None, packages_up_to=None, packages_up_to_regex=None, packages_above=None, packages_above_and_dependencies=None, packages_above_depth=None, packages_select_by_dep=None, packages_skip_by_dep=None, packages_skip_up_to=None, packages_select_build_failed=False, packages_skip_build_finished=False, packages_select_test_failures=False, packages_skip_test_passed=False, packages_select=None, packages_skip=None, packages_select_regex=None, packages_skip_regex=None, packages_start=None, packages_end=None, allow_overriding=[], cmake_args=None, cmake_target=None, cmake_target_skip_unavailable=False, cmake_clean_cache=False, cmake_clean_first=False, cmake_force_configure=False, ament_cmake_args=None, catkin_cmake_args=None, catkin_skip_building_tests=False, mixin_files=None, mixin=None, verb_parser=<colcon_mixin.mixin.mixin_argument.MixinArgumentDecorator object at 0x7cb11ca66b30>, verb_extension=<colcon_core.verb.build.BuildVerb object at 0x7cb11ca66650>, main=<bound method BuildVerb.main of <colcon_core.verb.build.BuildVerb object at 0x7cb11ca66650>>, mixin_verb=('build',))
[1.101s] Level 1:colcon.colcon_core.package_discovery:discover_packages(colcon_meta) check parameters
[1.102s] Level 1:colcon.colcon_core.package_discovery:discover_packages(recursive) check parameters
[1.102s] Level 1:colcon.colcon_core.package_discovery:discover_packages(ignore) check parameters
[1.102s] Level 1:colcon.colcon_core.package_discovery:discover_packages(path) check parameters
[1.102s] Level 1:colcon.colcon_core.package_discovery:discover_packages(colcon_meta) discover
[1.102s] Level 1:colcon.colcon_core.package_discovery:discover_packages(recursive) discover
[1.102s] INFO:colcon.colcon_core.package_discovery:Crawling recursively for packages in '/home/monica/ros2_pelota'
[1.103s] Level 1:colcon.colcon_core.package_identification:_identify(.) by extensions ['ignore', 'ignore_ament_install']
[1.103s] Level 1:colcon.colcon_core.package_identification:_identify(.) by extension 'ignore'
[1.103s] Level 1:colcon.colcon_core.package_identification:_identify(.) by extension 'ignore_ament_install'
[1.103s] Level 1:colcon.colcon_core.package_identification:_identify(.) by extensions ['colcon_pkg']
[1.103s] Level 1:colcon.colcon_core.package_identification:_identify(.) by extension 'colcon_pkg'
[1.104s] Level 1:colcon.colcon_core.package_identification:_identify(.) by extensions ['colcon_meta']
[1.104s] Level 1:colcon.colcon_core.package_identification:_identify(.) by extension 'colcon_meta'
[1.104s] Level 1:colcon.colcon_core.package_identification:_identify(.) by extensions ['ros']
[1.104s] Level 1:colcon.colcon_core.package_identification:_identify(.) by extension 'ros'
[1.142s] Level 1:colcon.colcon_core.package_identification:_identify(.) by extensions ['cmake', 'python']
[1.142s] Level 1:colcon.colcon_core.package_identification:_identify(.) by extension 'cmake'
[1.142s] Level 1:colcon.colcon_core.package_identification:_identify(.) by extension 'python'
[1.142s] Level 1:colcon.colcon_core.package_identification:_identify(.) by extensions ['python_setup_py']
[1.142s] Level 1:colcon.colcon_core.package_identification:_identify(.) by extension 'python_setup_py'
[1.143s] Level 1:colcon.colcon_core.package_identification:_identify(build) by extensions ['ignore', 'ignore_ament_install']
[1.143s] Level 1:colcon.colcon_core.package_identification:_identify(build) by extension 'ignore'
[1.143s] Level 1:colcon.colcon_core.package_identification:_identify(build) ignored
[1.143s] Level 1:colcon.colcon_core.package_identification:_identify(install) by extensions ['ignore', 'ignore_ament_install']
[1.144s] Level 1:colcon.colcon_core.package_identification:_identify(install) by extension 'ignore'
[1.144s] Level 1:colcon.colcon_core.package_identification:_identify(install) ignored
[1.144s] Level 1:colcon.colcon_core.package_identification:_identify(log) by extensions ['ignore', 'ignore_ament_install']
[1.144s] Level 1:colcon.colcon_core.package_identification:_identify(log) by extension 'ignore'
[1.145s] Level 1:colcon.colcon_core.package_identification:_identify(log) ignored
[1.145s] Level 1:colcon.colcon_core.package_identification:_identify(src) by extensions ['ignore', 'ignore_ament_install']
[1.145s] Level 1:colcon.colcon_core.package_identification:_identify(src) by extension 'ignore'
[1.145s] Level 1:colcon.colcon_core.package_identification:_identify(src) by extension 'ignore_ament_install'
[1.145s] Level 1:colcon.colcon_core.package_identification:_identify(src) by extensions ['colcon_pkg']
[1.146s] Level 1:colcon.colcon_core.package_identification:_identify(src) by extension 'colcon_pkg'
[1.146s] Level 1:colcon.colcon_core.package_identification:_identify(src) by extensions ['colcon_meta']
[1.146s] Level 1:colcon.colcon_core.package_identification:_identify(src) by extension 'colcon_meta'
[1.146s] Level 1:colcon.colcon_core.package_identification:_identify(src) by extensions ['ros']
[1.146s] Level 1:colcon.colcon_core.package_identification:_identify(src) by extension 'ros'
[1.146s] Level 1:colcon.colcon_core.package_identification:_identify(src) by extensions ['cmake', 'python']
[1.146s] Level 1:colcon.colcon_core.package_identification:_identify(src) by extension 'cmake'
[1.147s] Level 1:colcon.colcon_core.package_identification:_identify(src) by extension 'python'
[1.147s] Level 1:colcon.colcon_core.package_identification:_identify(src) by extensions ['python_setup_py']
[1.147s] Level 1:colcon.colcon_core.package_identification:_identify(src) by extension 'python_setup_py'
[1.147s] Level 1:colcon.colcon_core.package_identification:_identify(src/linkattacher_msgs) by extensions ['ignore', 'ignore_ament_install']
[1.147s] Level 1:colcon.colcon_core.package_identification:_identify(src/linkattacher_msgs) by extension 'ignore'
[1.148s] Level 1:colcon.colcon_core.package_identification:_identify(src/linkattacher_msgs) by extension 'ignore_ament_install'
[1.148s] Level 1:colcon.colcon_core.package_identification:_identify(src/linkattacher_msgs) by extensions ['colcon_pkg']
[1.148s] Level 1:colcon.colcon_core.package_identification:_identify(src/linkattacher_msgs) by extension 'colcon_pkg'
[1.148s] Level 1:colcon.colcon_core.package_identification:_identify(src/linkattacher_msgs) by extensions ['colcon_meta']
[1.148s] Level 1:colcon.colcon_core.package_identification:_identify(src/linkattacher_msgs) by extension 'colcon_meta'
[1.148s] Level 1:colcon.colcon_core.package_identification:_identify(src/linkattacher_msgs) by extensions ['ros']
[1.149s] Level 1:colcon.colcon_core.package_identification:_identify(src/linkattacher_msgs) by extension 'ros'
[1.155s] DEBUG:colcon.colcon_core.package_identification:Package 'src/linkattacher_msgs' with type 'ros.ament_cmake' and name 'linkattacher_msgs'
[1.156s] Level 1:colcon.colcon_core.package_identification:_identify(src/ros2_linkattacher) by extensions ['ignore', 'ignore_ament_install']
[1.157s] Level 1:colcon.colcon_core.package_identification:_identify(src/ros2_linkattacher) by extension 'ignore'
[1.157s] Level 1:colcon.colcon_core.package_identification:_identify(src/ros2_linkattacher) by extension 'ignore_ament_install'
[1.157s] Level 1:colcon.colcon_core.package_identification:_identify(src/ros2_linkattacher) by extensions ['colcon_pkg']
[1.157s] Level 1:colcon.colcon_core.package_identification:_identify(src/ros2_linkattacher) by extension 'colcon_pkg'
[1.157s] Level 1:colcon.colcon_core.package_identification:_identify(src/ros2_linkattacher) by extensions ['colcon_meta']
[1.158s] Level 1:colcon.colcon_core.package_identification:_identify(src/ros2_linkattacher) by extension 'colcon_meta'
[1.158s] Level 1:colcon.colcon_core.package_identification:_identify(src/ros2_linkattacher) by extensions ['ros']
[1.158s] Level 1:colcon.colcon_core.package_identification:_identify(src/ros2_linkattacher) by extension 'ros'
[1.187s] DEBUG:colcon.colcon_core.package_identification:Package 'src/ros2_linkattacher' with type 'ros.ament_cmake' and name 'ros2_linkattacher'
[1.188s] Level 1:colcon.colcon_core.package_identification:_identify(src/xolobot_arm) by extensions ['ignore', 'ignore_ament_install']
[1.188s] Level 1:colcon.colcon_core.package_identification:_identify(src/xolobot_arm) by extension 'ignore'
[1.188s] Level 1:colcon.colcon_core.package_identification:_identify(src/xolobot_arm) by extension 'ignore_ament_install'
[1.189s] Level 1:colcon.colcon_core.package_identification:_identify(src/xolobot_arm) by extensions ['colcon_pkg']
[1.189s] Level 1:colcon.colcon_core.package_identification:_identify(src/xolobot_arm) by extension 'colcon_pkg'
[1.189s] Level 1:colcon.colcon_core.package_identification:_identify(src/xolobot_arm) by extensions ['colcon_meta']
[1.189s] Level 1:colcon.colcon_core.package_identification:_identify(src/xolobot_arm) by extension 'colcon_meta'
[1.189s] Level 1:colcon.colcon_core.package_identification:_identify(src/xolobot_arm) by extensions ['ros']
[1.189s] Level 1:colcon.colcon_core.package_identification:_identify(src/xolobot_arm) by extension 'ros'
[1.192s] DEBUG:colcon.colcon_core.package_identification:Package 'src/xolobot_arm' with type 'ros.ament_cmake' and name 'xolobot_arm'
[1.192s] Level 1:colcon.colcon_core.package_identification:_identify(src/xolobot_arm_server) by extensions ['ignore', 'ignore_ament_install']
[1.192s] Level 1:colcon.colcon_core.package_identification:_identify(src/xolobot_arm_server) by extension 'ignore'
[1.193s] Level 1:colcon.colcon_core.package_identification:_identify(src/xolobot_arm_server) by extension 'ignore_ament_install'
[1.193s] Level 1:colcon.colcon_core.package_identification:_identify(src/xolobot_arm_server) by extensions ['colcon_pkg']
[1.193s] Level 1:colcon.colcon_core.package_identification:_identify(src/xolobot_arm_server) by extension 'colcon_pkg'
[1.193s] Level 1:colcon.colcon_core.package_identification:_identify(src/xolobot_arm_server) by extensions ['colcon_meta']
[1.193s] Level 1:colcon.colcon_core.package_identification:_identify(src/xolobot_arm_server) by extension 'colcon_meta'
[1.193s] Level 1:colcon.colcon_core.package_identification:_identify(src/xolobot_arm_server) by extensions ['ros']
[1.194s] Level 1:colcon.colcon_core.package_identification:_identify(src/xolobot_arm_server) by extension 'ros'
[1.197s] DEBUG:colcon.colcon_core.package_identification:Package 'src/xolobot_arm_server' with type 'ros.ament_cmake' and name 'xolobot_arm_server'
[1.197s] Level 1:colcon.colcon_core.package_identification:_identify(src/xolobot_control) by extensions ['ignore', 'ignore_ament_install']
[1.197s] Level 1:colcon.colcon_core.package_identification:_identify(src/xolobot_control) by extension 'ignore'
[1.197s] Level 1:colcon.colcon_core.package_identification:_identify(src/xolobot_control) by extension 'ignore_ament_install'
[1.198s] Level 1:colcon.colcon_core.package_identification:_identify(src/xolobot_control) by extensions ['colcon_pkg']
[1.198s] Level 1:colcon.colcon_core.package_identification:_identify(src/xolobot_control) by extension 'colcon_pkg'
[1.198s] Level 1:colcon.colcon_core.package_identification:_identify(src/xolobot_control) by extensions ['colcon_meta']
[1.198s] Level 1:colcon.colcon_core.package_identification:_identify(src/xolobot_control) by extension 'colcon_meta'
[1.198s] Level 1:colcon.colcon_core.package_identification:_identify(src/xolobot_control) by extensions ['ros']
[1.198s] Level 1:colcon.colcon_core.package_identification:_identify(src/xolobot_control) by extension 'ros'
[1.201s] DEBUG:colcon.colcon_core.package_identification:Package 'src/xolobot_control' with type 'ros.ament_cmake' and name 'xolobot_control'
[1.201s] Level 1:colcon.colcon_core.package_discovery:discover_packages(recursive) using defaults
[1.201s] Level 1:colcon.colcon_core.package_discovery:discover_packages(ignore) discover
[1.201s] Level 1:colcon.colcon_core.package_discovery:discover_packages(ignore) using defaults
[1.201s] Level 1:colcon.colcon_core.package_discovery:discover_packages(path) discover
[1.201s] Level 1:colcon.colcon_core.package_discovery:discover_packages(path) using defaults
[1.261s] Level 1:colcon.colcon_core.package_discovery:discover_packages(prefix_path) check parameters
[1.261s] Level 1:colcon.colcon_core.package_discovery:discover_packages(prefix_path) discover
[1.267s] DEBUG:colcon.colcon_installed_package_information.package_discovery:Found 5 installed packages in /home/monica/ros2_pelota/install
[1.269s] DEBUG:colcon.colcon_installed_package_information.package_discovery:Found 3 installed packages in /home/monica/ros2_ws/install
[1.278s] DEBUG:colcon.colcon_installed_package_information.package_discovery:Found 355 installed packages in /opt/ros/iron
[1.285s] Level 1:colcon.colcon_core.package_discovery:discover_packages(prefix_path) using defaults
[1.468s] Level 5:colcon.colcon_core.verb:set package 'linkattacher_msgs' build argument 'cmake_args' from command line to 'None'
[1.469s] Level 5:colcon.colcon_core.verb:set package 'linkattacher_msgs' build argument 'cmake_target' from command line to 'None'
[1.469s] Level 5:colcon.colcon_core.verb:set package 'linkattacher_msgs' build argument 'cmake_target_skip_unavailable' from command line to 'False'
[1.469s] Level 5:colcon.colcon_core.verb:set package 'linkattacher_msgs' build argument 'cmake_clean_cache' from command line to 'False'
[1.469s] Level 5:colcon.colcon_core.verb:set package 'linkattacher_msgs' build argument 'cmake_clean_first' from command line to 'False'
[1.469s] Level 5:colcon.colcon_core.verb:set package 'linkattacher_msgs' build argument 'cmake_force_configure' from command line to 'False'
[1.469s] Level 5:colcon.colcon_core.verb:set package 'linkattacher_msgs' build argument 'ament_cmake_args' from command line to 'None'
[1.469s] Level 5:colcon.colcon_core.verb:set package 'linkattacher_msgs' build argument 'catkin_cmake_args' from command line to 'None'
[1.469s] Level 5:colcon.colcon_core.verb:set package 'linkattacher_msgs' build argument 'catkin_skip_building_tests' from command line to 'False'
[1.470s] DEBUG:colcon.colcon_core.verb:Building package 'linkattacher_msgs' with the following arguments: {'ament_cmake_args': None, 'build_base': '/home/monica/ros2_pelota/build/linkattacher_msgs', 'catkin_cmake_args': None, 'catkin_skip_building_tests': False, 'cmake_args': None, 'cmake_clean_cache': False, 'cmake_clean_first': False, 'cmake_force_configure': False, 'cmake_target': None, 'cmake_target_skip_unavailable': False, 'install_base': '/home/monica/ros2_pelota/install/linkattacher_msgs', 'merge_install': False, 'path': '/home/monica/ros2_pelota/src/linkattacher_msgs', 'symlink_install': False, 'test_result_base': None}
[1.472s] Level 5:colcon.colcon_core.verb:set package 'xolobot_arm' build argument 'cmake_args' from command line to 'None'
[1.472s] Level 5:colcon.colcon_core.verb:set package 'xolobot_arm' build argument 'cmake_target' from command line to 'None'
[1.472s] Level 5:colcon.colcon_core.verb:set package 'xolobot_arm' build argument 'cmake_target_skip_unavailable' from command line to 'False'
[1.472s] Level 5:colcon.colcon_core.verb:set package 'xolobot_arm' build argument 'cmake_clean_cache' from command line to 'False'
[1.472s] Level 5:colcon.colcon_core.verb:set package 'xolobot_arm' build argument 'cmake_clean_first' from command line to 'False'
[1.472s] Level 5:colcon.colcon_core.verb:set package 'xolobot_arm' build argument 'cmake_force_configure' from command line to 'False'
[1.472s] Level 5:colcon.colcon_core.verb:set package 'xolobot_arm' build argument 'ament_cmake_args' from command line to 'None'
[1.473s] Level 5:colcon.colcon_core.verb:set package 'xolobot_arm' build argument 'catkin_cmake_args' from command line to 'None'
[1.473s] Level 5:colcon.colcon_core.verb:set package 'xolobot_arm' build argument 'catkin_skip_building_tests' from command line to 'False'
[1.473s] DEBUG:colcon.colcon_core.verb:Building package 'xolobot_arm' with the following arguments: {'ament_cmake_args': None, 'build_base': '/home/monica/ros2_pelota/build/xolobot_arm', 'catkin_cmake_args': None, 'catkin_skip_building_tests': False, 'cmake_args': None, 'cmake_clean_cache': False, 'cmake_clean_first': False, 'cmake_force_configure': False, 'cmake_target': None, 'cmake_target_skip_unavailable': False, 'install_base': '/home/monica/ros2_pelota/install/xolobot_arm', 'merge_install': False, 'path': '/home/monica/ros2_pelota/src/xolobot_arm', 'symlink_install': False, 'test_result_base': None}
[1.474s] Level 5:colcon.colcon_core.verb:set package 'xolobot_control' build argument 'cmake_args' from command line to 'None'
[1.474s] Level 5:colcon.colcon_core.verb:set package 'xolobot_control' build argument 'cmake_target' from command line to 'None'
[1.474s] Level 5:colcon.colcon_core.verb:set package 'xolobot_control' build argument 'cmake_target_skip_unavailable' from command line to 'False'
[1.474s] Level 5:colcon.colcon_core.verb:set package 'xolobot_control' build argument 'cmake_clean_cache' from command line to 'False'
[1.474s] Level 5:colcon.colcon_core.verb:set package 'xolobot_control' build argument 'cmake_clean_first' from command line to 'False'
[1.475s] Level 5:colcon.colcon_core.verb:set package 'xolobot_control' build argument 'cmake_force_configure' from command line to 'False'
[1.475s] Level 5:colcon.colcon_core.verb:set package 'xolobot_control' build argument 'ament_cmake_args' from command line to 'None'
[1.475s] Level 5:colcon.colcon_core.verb:set package 'xolobot_control' build argument 'catkin_cmake_args' from command line to 'None'
[1.475s] Level 5:colcon.colcon_core.verb:set package 'xolobot_control' build argument 'catkin_skip_building_tests' from command line to 'False'
[1.475s] DEBUG:colcon.colcon_core.verb:Building package 'xolobot_control' with the following arguments: {'ament_cmake_args': None, 'build_base': '/home/monica/ros2_pelota/build/xolobot_control', 'catkin_cmake_args': None, 'catkin_skip_building_tests': False, 'cmake_args': None, 'cmake_clean_cache': False, 'cmake_clean_first': False, 'cmake_force_configure': False, 'cmake_target': None, 'cmake_target_skip_unavailable': False, 'install_base': '/home/monica/ros2_pelota/install/xolobot_control', 'merge_install': False, 'path': '/home/monica/ros2_pelota/src/xolobot_control', 'symlink_install': False, 'test_result_base': None}
[1.476s] Level 5:colcon.colcon_core.verb:set package 'ros2_linkattacher' build argument 'cmake_args' from command line to 'None'
[1.476s] Level 5:colcon.colcon_core.verb:set package 'ros2_linkattacher' build argument 'cmake_target' from command line to 'None'
[1.476s] Level 5:colcon.colcon_core.verb:set package 'ros2_linkattacher' build argument 'cmake_target_skip_unavailable' from command line to 'False'
[1.476s] Level 5:colcon.colcon_core.verb:set package 'ros2_linkattacher' build argument 'cmake_clean_cache' from command line to 'False'
[1.476s] Level 5:colcon.colcon_core.verb:set package 'ros2_linkattacher' build argument 'cmake_clean_first' from command line to 'False'
[1.477s] Level 5:colcon.colcon_core.verb:set package 'ros2_linkattacher' build argument 'cmake_force_configure' from command line to 'False'
[1.477s] Level 5:colcon.colcon_core.verb:set package 'ros2_linkattacher' build argument 'ament_cmake_args' from command line to 'None'
[1.477s] Level 5:colcon.colcon_core.verb:set package 'ros2_linkattacher' build argument 'catkin_cmake_args' from command line to 'None'
[1.477s] Level 5:colcon.colcon_core.verb:set package 'ros2_linkattacher' build argument 'catkin_skip_building_tests' from command line to 'False'
[1.477s] DEBUG:colcon.colcon_core.verb:Building package 'ros2_linkattacher' with the following arguments: {'ament_cmake_args': None, 'build_base': '/home/monica/ros2_pelota/build/ros2_linkattacher', 'catkin_cmake_args': None, 'catkin_skip_building_tests': False, 'cmake_args': None, 'cmake_clean_cache': False, 'cmake_clean_first': False, 'cmake_force_configure': False, 'cmake_target': None, 'cmake_target_skip_unavailable': False, 'install_base': '/home/monica/ros2_pelota/install/ros2_linkattacher', 'merge_install': False, 'path': '/home/monica/ros2_pelota/src/ros2_linkattacher', 'symlink_install': False, 'test_result_base': None}
[1.478s] Level 5:colcon.colcon_core.verb:set package 'xolobot_arm_server' build argument 'cmake_args' from command line to 'None'
[1.478s] Level 5:colcon.colcon_core.verb:set package 'xolobot_arm_server' build argument 'cmake_target' from command line to 'None'
[1.478s] Level 5:colcon.colcon_core.verb:set package 'xolobot_arm_server' build argument 'cmake_target_skip_unavailable' from command line to 'False'
[1.478s] Level 5:colcon.colcon_core.verb:set package 'xolobot_arm_server' build argument 'cmake_clean_cache' from command line to 'False'
[1.478s] Level 5:colcon.colcon_core.verb:set package 'xolobot_arm_server' build argument 'cmake_clean_first' from command line to 'False'
[1.479s] Level 5:colcon.colcon_core.verb:set package 'xolobot_arm_server' build argument 'cmake_force_configure' from command line to 'False'
[1.479s] Level 5:colcon.colcon_core.verb:set package 'xolobot_arm_server' build argument 'ament_cmake_args' from command line to 'None'
[1.479s] Level 5:colcon.colcon_core.verb:set package 'xolobot_arm_server' build argument 'catkin_cmake_args' from command line to 'None'
[1.479s] Level 5:colcon.colcon_core.verb:set package 'xolobot_arm_server' build argument 'catkin_skip_building_tests' from command line to 'False'
[1.479s] DEBUG:colcon.colcon_core.verb:Building package 'xolobot_arm_server' with the following arguments: {'ament_cmake_args': None, 'build_base': '/home/monica/ros2_pelota/build/xolobot_arm_server', 'catkin_cmake_args': None, 'catkin_skip_building_tests': False, 'cmake_args': None, 'cmake_clean_cache': False, 'cmake_clean_first': False, 'cmake_force_configure': False, 'cmake_target': None, 'cmake_target_skip_unavailable': False, 'install_base': '/home/monica/ros2_pelota/install/xolobot_arm_server', 'merge_install': False, 'path': '/home/monica/ros2_pelota/src/xolobot_arm_server', 'symlink_install': False, 'test_result_base': None}
[1.479s] INFO:colcon.colcon_core.executor:Executing jobs using 'parallel' executor
[1.482s] DEBUG:colcon.colcon_parallel_executor.executor.parallel:run_until_complete
[1.483s] INFO:colcon.colcon_ros.task.ament_cmake.build:Building ROS package in '/home/monica/ros2_pelota/src/linkattacher_msgs' with build type 'ament_cmake'
[1.483s] INFO:colcon.colcon_cmake.task.cmake.build:Building CMake package in '/home/monica/ros2_pelota/src/linkattacher_msgs'
[1.490s] INFO:colcon.colcon_core.plugin_system:Skipping extension 'colcon_core.shell.bat': Not used on non-Windows systems
[1.490s] INFO:colcon.colcon_core.shell:Skip shell extension 'powershell' for command environment: Not usable outside of PowerShell
[1.491s] DEBUG:colcon.colcon_core.shell:Skip shell extension 'dsv' for command environment
[1.511s] INFO:colcon.colcon_ros.task.ament_cmake.build:Building ROS package in '/home/monica/ros2_pelota/src/xolobot_arm' with build type 'ament_cmake'
[1.511s] INFO:colcon.colcon_cmake.task.cmake.build:Building CMake package in '/home/monica/ros2_pelota/src/xolobot_arm'
[1.514s] INFO:colcon.colcon_core.shell:Skip shell extension 'powershell' for command environment: Not usable outside of PowerShell
[1.515s] DEBUG:colcon.colcon_core.shell:Skip shell extension 'dsv' for command environment
[1.564s] DEBUG:colcon.colcon_core.event_handler.log_command:Invoking command in '/home/monica/ros2_pelota/build/linkattacher_msgs': CMAKE_PREFIX_PATH=${CMAKE_PREFIX_PATH}:/opt/ros/iron /usr/bin/cmake --build /home/monica/ros2_pelota/build/linkattacher_msgs -- -j2 -l2
[1.613s] DEBUG:colcon.colcon_core.event_handler.log_command:Invoking command in '/home/monica/ros2_pelota/build/xolobot_arm': CMAKE_PREFIX_PATH=${CMAKE_PREFIX_PATH}:/opt/ros/iron /usr/bin/cmake --build /home/monica/ros2_pelota/build/xolobot_arm -- -j2 -l2
[1.930s] DEBUG:colcon.colcon_core.event_handler.log_command:Invoked command in '/home/monica/ros2_pelota/build/xolobot_arm' returned '0': CMAKE_PREFIX_PATH=${CMAKE_PREFIX_PATH}:/opt/ros/iron /usr/bin/cmake --build /home/monica/ros2_pelota/build/xolobot_arm -- -j2 -l2
[1.999s] DEBUG:colcon.colcon_core.event_handler.log_command:Invoking command in '/home/monica/ros2_pelota/build/xolobot_arm': CMAKE_PREFIX_PATH=${CMAKE_PREFIX_PATH}:/opt/ros/iron /usr/bin/cmake --install /home/monica/ros2_pelota/build/xolobot_arm
[2.136s] Level 1:colcon.colcon_core.environment:create_environment_scripts_only(xolobot_arm)
[2.157s] Level 1:colcon.colcon_core.environment:checking '/home/monica/ros2_pelota/install/xolobot_arm' for CMake module files
[2.173s] Level 1:colcon.colcon_core.environment:checking '/home/monica/ros2_pelota/install/xolobot_arm' for CMake config files
[2.174s] Level 1:colcon.colcon_core.shell:create_environment_hook('xolobot_arm', 'cmake_prefix_path')
[2.175s] INFO:colcon.colcon_core.shell:Creating environment hook '/home/monica/ros2_pelota/install/xolobot_arm/share/xolobot_arm/hook/cmake_prefix_path.ps1'
[2.180s] INFO:colcon.colcon_core.shell:Creating environment descriptor '/home/monica/ros2_pelota/install/xolobot_arm/share/xolobot_arm/hook/cmake_prefix_path.dsv'
[2.192s] INFO:colcon.colcon_core.shell:Creating environment hook '/home/monica/ros2_pelota/install/xolobot_arm/share/xolobot_arm/hook/cmake_prefix_path.sh'
[2.200s] Level 1:colcon.colcon_core.environment:checking '/home/monica/ros2_pelota/install/xolobot_arm/bin'
[2.201s] Level 1:colcon.colcon_core.environment:checking '/home/monica/ros2_pelota/install/xolobot_arm/lib/pkgconfig/xolobot_arm.pc'
[2.201s] Level 1:colcon.colcon_core.environment:checking '/home/monica/ros2_pelota/install/xolobot_arm/lib/python3.10/site-packages'
[2.208s] Level 1:colcon.colcon_core.environment:checking '/home/monica/ros2_pelota/install/xolobot_arm/bin'
[2.211s] INFO:colcon.colcon_core.shell:Creating package script '/home/monica/ros2_pelota/install/xolobot_arm/share/xolobot_arm/package.ps1'
[2.215s] DEBUG:colcon.colcon_core.event_handler.log_command:Invoked command in '/home/monica/ros2_pelota/build/xolobot_arm' returned '0': CMAKE_PREFIX_PATH=${CMAKE_PREFIX_PATH}:/opt/ros/iron /usr/bin/cmake --install /home/monica/ros2_pelota/build/xolobot_arm
[2.218s] INFO:colcon.colcon_core.shell:Creating package descriptor '/home/monica/ros2_pelota/install/xolobot_arm/share/xolobot_arm/package.dsv'
[2.222s] INFO:colcon.colcon_core.shell:Creating package script '/home/monica/ros2_pelota/install/xolobot_arm/share/xolobot_arm/package.sh'
[2.229s] INFO:colcon.colcon_core.shell:Creating package script '/home/monica/ros2_pelota/install/xolobot_arm/share/xolobot_arm/package.bash'
[2.236s] INFO:colcon.colcon_core.shell:Creating package script '/home/monica/ros2_pelota/install/xolobot_arm/share/xolobot_arm/package.zsh'
[2.240s] Level 1:colcon.colcon_core.environment:create_file_with_runtime_dependencies(/home/monica/ros2_pelota/install/xolobot_arm/share/colcon-core/packages/xolobot_arm)
[2.243s] Level 1:colcon.colcon_core.environment:create_environment_scripts_only(xolobot_arm)
[2.247s] Level 1:colcon.colcon_core.environment:checking '/home/monica/ros2_pelota/install/xolobot_arm' for CMake module files
[2.251s] Level 1:colcon.colcon_core.environment:checking '/home/monica/ros2_pelota/install/xolobot_arm' for CMake config files
[2.252s] Level 1:colcon.colcon_core.shell:create_environment_hook('xolobot_arm', 'cmake_prefix_path')
[2.257s] INFO:colcon.colcon_core.shell:Creating environment hook '/home/monica/ros2_pelota/install/xolobot_arm/share/xolobot_arm/hook/cmake_prefix_path.ps1'
[2.259s] INFO:colcon.colcon_core.shell:Creating environment descriptor '/home/monica/ros2_pelota/install/xolobot_arm/share/xolobot_arm/hook/cmake_prefix_path.dsv'
[2.263s] INFO:colcon.colcon_core.shell:Creating environment hook '/home/monica/ros2_pelota/install/xolobot_arm/share/xolobot_arm/hook/cmake_prefix_path.sh'
[2.266s] Level 1:colcon.colcon_core.environment:checking '/home/monica/ros2_pelota/install/xolobot_arm/bin'
[2.269s] Level 1:colcon.colcon_core.environment:checking '/home/monica/ros2_pelota/install/xolobot_arm/lib/pkgconfig/xolobot_arm.pc'
[2.269s] Level 1:colcon.colcon_core.environment:checking '/home/monica/ros2_pelota/install/xolobot_arm/lib/python3.10/site-packages'
[2.270s] Level 1:colcon.colcon_core.environment:checking '/home/monica/ros2_pelota/install/xolobot_arm/bin'
[2.273s] INFO:colcon.colcon_core.shell:Creating package script '/home/monica/ros2_pelota/install/xolobot_arm/share/xolobot_arm/package.ps1'
[2.276s] INFO:colcon.colcon_core.shell:Creating package descriptor '/home/monica/ros2_pelota/install/xolobot_arm/share/xolobot_arm/package.dsv'
[2.281s] INFO:colcon.colcon_core.shell:Creating package script '/home/monica/ros2_pelota/install/xolobot_arm/share/xolobot_arm/package.sh'
[2.282s] INFO:colcon.colcon_core.shell:Creating package script '/home/monica/ros2_pelota/install/xolobot_arm/share/xolobot_arm/package.bash'
[2.285s] INFO:colcon.colcon_core.shell:Creating package script '/home/monica/ros2_pelota/install/xolobot_arm/share/xolobot_arm/package.zsh'
[2.287s] Level 1:colcon.colcon_core.environment:create_file_with_runtime_dependencies(/home/monica/ros2_pelota/install/xolobot_arm/share/colcon-core/packages/xolobot_arm)
[2.289s] INFO:colcon.colcon_ros.task.ament_cmake.build:Building ROS package in '/home/monica/ros2_pelota/src/xolobot_control' with build type 'ament_cmake'
[2.289s] INFO:colcon.colcon_cmake.task.cmake.build:Building CMake package in '/home/monica/ros2_pelota/src/xolobot_control'
[2.291s] INFO:colcon.colcon_core.shell:Skip shell extension 'powershell' for command environment: Not usable outside of PowerShell
[2.294s] DEBUG:colcon.colcon_core.shell:Skip shell extension 'dsv' for command environment
[2.356s] DEBUG:colcon.colcon_core.event_handler.log_command:Invoking command in '/home/monica/ros2_pelota/build/xolobot_control': CMAKE_PREFIX_PATH=${CMAKE_PREFIX_PATH}:/opt/ros/iron /usr/bin/cmake --build /home/monica/ros2_pelota/build/xolobot_control -- -j2 -l2
[2.643s] DEBUG:colcon.colcon_core.event_handler.log_command:Invoked command in '/home/monica/ros2_pelota/build/xolobot_control' returned '0': CMAKE_PREFIX_PATH=${CMAKE_PREFIX_PATH}:/opt/ros/iron /usr/bin/cmake --build /home/monica/ros2_pelota/build/xolobot_control -- -j2 -l2
[2.660s] DEBUG:colcon.colcon_core.event_handler.log_command:Invoking command in '/home/monica/ros2_pelota/build/xolobot_control': CMAKE_PREFIX_PATH=${CMAKE_PREFIX_PATH}:/opt/ros/iron /usr/bin/cmake --install /home/monica/ros2_pelota/build/xolobot_control
[2.729s] Level 1:colcon.colcon_core.environment:create_environment_scripts_only(xolobot_control)
[2.731s] Level 1:colcon.colcon_core.environment:checking '/home/monica/ros2_pelota/install/xolobot_control' for CMake module files
[2.730s] DEBUG:colcon.colcon_core.event_handler.log_command:Invoked command in '/home/monica/ros2_pelota/build/xolobot_control' returned '0': CMAKE_PREFIX_PATH=${CMAKE_PREFIX_PATH}:/opt/ros/iron /usr/bin/cmake --install /home/monica/ros2_pelota/build/xolobot_control
[2.737s] Level 1:colcon.colcon_core.environment:checking '/home/monica/ros2_pelota/install/xolobot_control' for CMake config files
[2.738s] Level 1:colcon.colcon_core.shell:create_environment_hook('xolobot_control', 'cmake_prefix_path')
[2.739s] INFO:colcon.colcon_core.shell:Creating environment hook '/home/monica/ros2_pelota/install/xolobot_control/share/xolobot_control/hook/cmake_prefix_path.ps1'
[2.740s] INFO:colcon.colcon_core.shell:Creating environment descriptor '/home/monica/ros2_pelota/install/xolobot_control/share/xolobot_control/hook/cmake_prefix_path.dsv'
[2.744s] INFO:colcon.colcon_core.shell:Creating environment hook '/home/monica/ros2_pelota/install/xolobot_control/share/xolobot_control/hook/cmake_prefix_path.sh'
[2.749s] Level 1:colcon.colcon_core.environment:checking '/home/monica/ros2_pelota/install/xolobot_control/bin'
[2.749s] Level 1:colcon.colcon_core.environment:checking '/home/monica/ros2_pelota/install/xolobot_control/lib/pkgconfig/xolobot_control.pc'
[2.751s] Level 1:colcon.colcon_core.environment:checking '/home/monica/ros2_pelota/install/xolobot_control/lib/python3.10/site-packages'
[2.751s] Level 1:colcon.colcon_core.environment:checking '/home/monica/ros2_pelota/install/xolobot_control/bin'
[2.754s] INFO:colcon.colcon_core.shell:Creating package script '/home/monica/ros2_pelota/install/xolobot_control/share/xolobot_control/package.ps1'
[2.758s] INFO:colcon.colcon_core.shell:Creating package descriptor '/home/monica/ros2_pelota/install/xolobot_control/share/xolobot_control/package.dsv'
[2.759s] INFO:colcon.colcon_core.shell:Creating package script '/home/monica/ros2_pelota/install/xolobot_control/share/xolobot_control/package.sh'
[2.763s] INFO:colcon.colcon_core.shell:Creating package script '/home/monica/ros2_pelota/install/xolobot_control/share/xolobot_control/package.bash'
[2.765s] INFO:colcon.colcon_core.shell:Creating package script '/home/monica/ros2_pelota/install/xolobot_control/share/xolobot_control/package.zsh'
[2.768s] Level 1:colcon.colcon_core.environment:create_file_with_runtime_dependencies(/home/monica/ros2_pelota/install/xolobot_control/share/colcon-core/packages/xolobot_control)
[2.771s] Level 1:colcon.colcon_core.environment:create_environment_scripts_only(xolobot_control)
[2.772s] Level 1:colcon.colcon_core.environment:checking '/home/monica/ros2_pelota/install/xolobot_control' for CMake module files
[2.775s] Level 1:colcon.colcon_core.environment:checking '/home/monica/ros2_pelota/install/xolobot_control' for CMake config files
[2.776s] Level 1:colcon.colcon_core.shell:create_environment_hook('xolobot_control', 'cmake_prefix_path')
[2.778s] INFO:colcon.colcon_core.shell:Creating environment hook '/home/monica/ros2_pelota/install/xolobot_control/share/xolobot_control/hook/cmake_prefix_path.ps1'
[2.782s] INFO:colcon.colcon_core.shell:Creating environment descriptor '/home/monica/ros2_pelota/install/xolobot_control/share/xolobot_control/hook/cmake_prefix_path.dsv'
[2.783s] INFO:colcon.colcon_core.shell:Creating environment hook '/home/monica/ros2_pelota/install/xolobot_control/share/xolobot_control/hook/cmake_prefix_path.sh'
[2.787s] Level 1:colcon.colcon_core.environment:checking '/home/monica/ros2_pelota/install/xolobot_control/bin'
[2.787s] Level 1:colcon.colcon_core.environment:checking '/home/monica/ros2_pelota/install/xolobot_control/lib/pkgconfig/xolobot_control.pc'
[2.788s] Level 1:colcon.colcon_core.environment:checking '/home/monica/ros2_pelota/install/xolobot_control/lib/python3.10/site-packages'
[2.788s] Level 1:colcon.colcon_core.environment:checking '/home/monica/ros2_pelota/install/xolobot_control/bin'
[2.792s] INFO:colcon.colcon_core.shell:Creating package script '/home/monica/ros2_pelota/install/xolobot_control/share/xolobot_control/package.ps1'
[2.797s] INFO:colcon.colcon_core.shell:Creating package descriptor '/home/monica/ros2_pelota/install/xolobot_control/share/xolobot_control/package.dsv'
[2.802s] INFO:colcon.colcon_core.shell:Creating package script '/home/monica/ros2_pelota/install/xolobot_control/share/xolobot_control/package.sh'
[2.805s] INFO:colcon.colcon_core.shell:Creating package script '/home/monica/ros2_pelota/install/xolobot_control/share/xolobot_control/package.bash'
[2.809s] INFO:colcon.colcon_core.shell:Creating package script '/home/monica/ros2_pelota/install/xolobot_control/share/xolobot_control/package.zsh'
[2.812s] Level 1:colcon.colcon_core.environment:create_file_with_runtime_dependencies(/home/monica/ros2_pelota/install/xolobot_control/share/colcon-core/packages/xolobot_control)
[5.383s] DEBUG:colcon.colcon_core.event_handler.log_command:Invoked command in '/home/monica/ros2_pelota/build/linkattacher_msgs' returned '0': CMAKE_PREFIX_PATH=${CMAKE_PREFIX_PATH}:/opt/ros/iron /usr/bin/cmake --build /home/monica/ros2_pelota/build/linkattacher_msgs -- -j2 -l2
[5.392s] DEBUG:colcon.colcon_core.event_handler.log_command:Invoking command in '/home/monica/ros2_pelota/build/linkattacher_msgs': CMAKE_PREFIX_PATH=${CMAKE_PREFIX_PATH}:/opt/ros/iron /usr/bin/cmake --install /home/monica/ros2_pelota/build/linkattacher_msgs
[5.808s] Level 1:colcon.colcon_core.environment:create_environment_scripts_only(linkattacher_msgs)
[5.809s] Level 1:colcon.colcon_core.environment:checking '/home/monica/ros2_pelota/install/linkattacher_msgs' for CMake module files
[5.811s] DEBUG:colcon.colcon_core.event_handler.log_command:Invoked command in '/home/monica/ros2_pelota/build/linkattacher_msgs' returned '0': CMAKE_PREFIX_PATH=${CMAKE_PREFIX_PATH}:/opt/ros/iron /usr/bin/cmake --install /home/monica/ros2_pelota/build/linkattacher_msgs
[5.816s] Level 1:colcon.colcon_core.environment:checking '/home/monica/ros2_pelota/install/linkattacher_msgs' for CMake config files
[5.819s] Level 1:colcon.colcon_core.shell:create_environment_hook('linkattacher_msgs', 'cmake_prefix_path')
[5.820s] INFO:colcon.colcon_core.shell:Creating environment hook '/home/monica/ros2_pelota/install/linkattacher_msgs/share/linkattacher_msgs/hook/cmake_prefix_path.ps1'
[5.822s] INFO:colcon.colcon_core.shell:Creating environment descriptor '/home/monica/ros2_pelota/install/linkattacher_msgs/share/linkattacher_msgs/hook/cmake_prefix_path.dsv'
[5.826s] INFO:colcon.colcon_core.shell:Creating environment hook '/home/monica/ros2_pelota/install/linkattacher_msgs/share/linkattacher_msgs/hook/cmake_prefix_path.sh'
[5.828s] Level 1:colcon.colcon_core.environment:checking '/home/monica/ros2_pelota/install/linkattacher_msgs/lib'
[5.829s] Level 1:colcon.colcon_core.shell:create_environment_hook('linkattacher_msgs', 'ld_library_path_lib')
[5.830s] INFO:colcon.colcon_core.shell:Creating environment hook '/home/monica/ros2_pelota/install/linkattacher_msgs/share/linkattacher_msgs/hook/ld_library_path_lib.ps1'
[5.831s] INFO:colcon.colcon_core.shell:Creating environment descriptor '/home/monica/ros2_pelota/install/linkattacher_msgs/share/linkattacher_msgs/hook/ld_library_path_lib.dsv'
[5.834s] INFO:colcon.colcon_core.shell:Creating environment hook '/home/monica/ros2_pelota/install/linkattacher_msgs/share/linkattacher_msgs/hook/ld_library_path_lib.sh'
[5.836s] Level 1:colcon.colcon_core.environment:checking '/home/monica/ros2_pelota/install/linkattacher_msgs/bin'
[5.836s] Level 1:colcon.colcon_core.environment:checking '/home/monica/ros2_pelota/install/linkattacher_msgs/lib/pkgconfig/linkattacher_msgs.pc'
[5.837s] Level 1:colcon.colcon_core.environment:checking '/home/monica/ros2_pelota/install/linkattacher_msgs/lib/python3.10/site-packages'
[5.837s] Level 1:colcon.colcon_core.shell:create_environment_hook('linkattacher_msgs', 'pythonpath')
[5.838s] INFO:colcon.colcon_core.shell:Creating environment hook '/home/monica/ros2_pelota/install/linkattacher_msgs/share/linkattacher_msgs/hook/pythonpath.ps1'
[5.839s] INFO:colcon.colcon_core.shell:Creating environment descriptor '/home/monica/ros2_pelota/install/linkattacher_msgs/share/linkattacher_msgs/hook/pythonpath.dsv'
[5.841s] INFO:colcon.colcon_core.shell:Creating environment hook '/home/monica/ros2_pelota/install/linkattacher_msgs/share/linkattacher_msgs/hook/pythonpath.sh'
[5.844s] Level 1:colcon.colcon_core.environment:checking '/home/monica/ros2_pelota/install/linkattacher_msgs/bin'
[5.846s] INFO:colcon.colcon_core.shell:Creating package script '/home/monica/ros2_pelota/install/linkattacher_msgs/share/linkattacher_msgs/package.ps1'
[5.848s] INFO:colcon.colcon_core.shell:Creating package descriptor '/home/monica/ros2_pelota/install/linkattacher_msgs/share/linkattacher_msgs/package.dsv'
[5.850s] INFO:colcon.colcon_core.shell:Creating package script '/home/monica/ros2_pelota/install/linkattacher_msgs/share/linkattacher_msgs/package.sh'
[5.852s] INFO:colcon.colcon_core.shell:Creating package script '/home/monica/ros2_pelota/install/linkattacher_msgs/share/linkattacher_msgs/package.bash'
[5.855s] INFO:colcon.colcon_core.shell:Creating package script '/home/monica/ros2_pelota/install/linkattacher_msgs/share/linkattacher_msgs/package.zsh'
[5.858s] Level 1:colcon.colcon_core.environment:create_file_with_runtime_dependencies(/home/monica/ros2_pelota/install/linkattacher_msgs/share/colcon-core/packages/linkattacher_msgs)
[5.861s] Level 1:colcon.colcon_core.environment:create_environment_scripts_only(linkattacher_msgs)
[5.862s] Level 1:colcon.colcon_core.environment:checking '/home/monica/ros2_pelota/install/linkattacher_msgs' for CMake module files
[5.866s] Level 1:colcon.colcon_core.environment:checking '/home/monica/ros2_pelota/install/linkattacher_msgs' for CMake config files
[5.868s] Level 1:colcon.colcon_core.shell:create_environment_hook('linkattacher_msgs', 'cmake_prefix_path')
[5.869s] INFO:colcon.colcon_core.shell:Creating environment hook '/home/monica/ros2_pelota/install/linkattacher_msgs/share/linkattacher_msgs/hook/cmake_prefix_path.ps1'
[5.871s] INFO:colcon.colcon_core.shell:Creating environment descriptor '/home/monica/ros2_pelota/install/linkattacher_msgs/share/linkattacher_msgs/hook/cmake_prefix_path.dsv'
[5.873s] INFO:colcon.colcon_core.shell:Creating environment hook '/home/monica/ros2_pelota/install/linkattacher_msgs/share/linkattacher_msgs/hook/cmake_prefix_path.sh'
[5.875s] Level 1:colcon.colcon_core.environment:checking '/home/monica/ros2_pelota/install/linkattacher_msgs/lib'
[5.876s] Level 1:colcon.colcon_core.shell:create_environment_hook('linkattacher_msgs', 'ld_library_path_lib')
[5.878s] INFO:colcon.colcon_core.shell:Creating environment hook '/home/monica/ros2_pelota/install/linkattacher_msgs/share/linkattacher_msgs/hook/ld_library_path_lib.ps1'
[5.879s] INFO:colcon.colcon_core.shell:Creating environment descriptor '/home/monica/ros2_pelota/install/linkattacher_msgs/share/linkattacher_msgs/hook/ld_library_path_lib.dsv'
[5.880s] INFO:colcon.colcon_core.shell:Creating environment hook '/home/monica/ros2_pelota/install/linkattacher_msgs/share/linkattacher_msgs/hook/ld_library_path_lib.sh'
[5.882s] Level 1:colcon.colcon_core.environment:checking '/home/monica/ros2_pelota/install/linkattacher_msgs/bin'
[5.883s] Level 1:colcon.colcon_core.environment:checking '/home/monica/ros2_pelota/install/linkattacher_msgs/lib/pkgconfig/linkattacher_msgs.pc'
[5.883s] Level 1:colcon.colcon_core.environment:checking '/home/monica/ros2_pelota/install/linkattacher_msgs/lib/python3.10/site-packages'
[5.884s] Level 1:colcon.colcon_core.shell:create_environment_hook('linkattacher_msgs', 'pythonpath')
[5.885s] INFO:colcon.colcon_core.shell:Creating environment hook '/home/monica/ros2_pelota/install/linkattacher_msgs/share/linkattacher_msgs/hook/pythonpath.ps1'
[5.888s] INFO:colcon.colcon_core.shell:Creating environment descriptor '/home/monica/ros2_pelota/install/linkattacher_msgs/share/linkattacher_msgs/hook/pythonpath.dsv'
[5.889s] INFO:colcon.colcon_core.shell:Creating environment hook '/home/monica/ros2_pelota/install/linkattacher_msgs/share/linkattacher_msgs/hook/pythonpath.sh'
[5.893s] Level 1:colcon.colcon_core.environment:checking '/home/monica/ros2_pelota/install/linkattacher_msgs/bin'
[5.896s] INFO:colcon.colcon_core.shell:Creating package script '/home/monica/ros2_pelota/install/linkattacher_msgs/share/linkattacher_msgs/package.ps1'
[5.900s] INFO:colcon.colcon_core.shell:Creating package descriptor '/home/monica/ros2_pelota/install/linkattacher_msgs/share/linkattacher_msgs/package.dsv'
[5.903s] INFO:colcon.colcon_core.shell:Creating package script '/home/monica/ros2_pelota/install/linkattacher_msgs/share/linkattacher_msgs/package.sh'
[5.906s] INFO:colcon.colcon_core.shell:Creating package script '/home/monica/ros2_pelota/install/linkattacher_msgs/share/linkattacher_msgs/package.bash'
[5.907s] INFO:colcon.colcon_core.shell:Creating package script '/home/monica/ros2_pelota/install/linkattacher_msgs/share/linkattacher_msgs/package.zsh'
[5.909s] Level 1:colcon.colcon_core.environment:create_file_with_runtime_dependencies(/home/monica/ros2_pelota/install/linkattacher_msgs/share/colcon-core/packages/linkattacher_msgs)
[5.913s] INFO:colcon.colcon_ros.task.ament_cmake.build:Building ROS package in '/home/monica/ros2_pelota/src/ros2_linkattacher' with build type 'ament_cmake'
[5.914s] INFO:colcon.colcon_cmake.task.cmake.build:Building CMake package in '/home/monica/ros2_pelota/src/ros2_linkattacher'
[5.916s] INFO:colcon.colcon_core.shell:Skip shell extension 'powershell' for command environment: Not usable outside of PowerShell
[5.917s] DEBUG:colcon.colcon_core.shell:Skip shell extension 'dsv' for command environment
[5.945s] INFO:colcon.colcon_ros.task.ament_cmake.build:Building ROS package in '/home/monica/ros2_pelota/src/xolobot_arm_server' with build type 'ament_cmake'
[5.948s] INFO:colcon.colcon_cmake.task.cmake.build:Building CMake package in '/home/monica/ros2_pelota/src/xolobot_arm_server'
[5.950s] INFO:colcon.colcon_core.shell:Skip shell extension 'powershell' for command environment: Not usable outside of PowerShell
[5.951s] DEBUG:colcon.colcon_core.shell:Skip shell extension 'dsv' for command environment
[6.031s] DEBUG:colcon.colcon_core.event_handler.log_command:Invoking command in '/home/monica/ros2_pelota/build/ros2_linkattacher': CMAKE_PREFIX_PATH=/home/monica/ros2_pelota/install/linkattacher_msgs:/home/monica/ros2_pelota/install/xolobot_control:/home/monica/ros2_pelota/install/xolobot_arm_server:/home/monica/ros2_pelota/install/xolobot_arm:/home/monica/ros2_pelota/install/ros2_linkattacher:/home/monica/ros2_ws/install/xolobot_control:/home/monica/ros2_ws/install/xolobot_arm_server:/home/monica/ros2_ws/install/xolobot_arm:/opt/ros/iron LD_LIBRARY_PATH=/home/monica/ros2_pelota/install/linkattacher_msgs/lib:/home/monica/ros2_pelota/install/ros2_linkattacher/lib:/usr/lib/x86_64-linux-gnu/gazebo-11/plugins:/opt/ros/iron/opt/rviz_ogre_vendor/lib:/opt/ros/iron/lib/x86_64-linux-gnu:/opt/ros/iron/lib:/opt/ros/iron/lib /usr/bin/cmake --build /home/monica/ros2_pelota/build/ros2_linkattacher -- -j2 -l2
[6.062s] DEBUG:colcon.colcon_core.event_handler.log_command:Invoking command in '/home/monica/ros2_pelota/build/xolobot_arm_server': CMAKE_PREFIX_PATH=/home/monica/ros2_pelota/install/linkattacher_msgs:/home/monica/ros2_pelota/install/xolobot_control:/home/monica/ros2_pelota/install/xolobot_arm_server:/home/monica/ros2_pelota/install/xolobot_arm:/home/monica/ros2_pelota/install/ros2_linkattacher:/home/monica/ros2_ws/install/xolobot_control:/home/monica/ros2_ws/install/xolobot_arm_server:/home/monica/ros2_ws/install/xolobot_arm:/opt/ros/iron LD_LIBRARY_PATH=/home/monica/ros2_pelota/install/linkattacher_msgs/lib:/home/monica/ros2_pelota/install/ros2_linkattacher/lib:/usr/lib/x86_64-linux-gnu/gazebo-11/plugins:/opt/ros/iron/opt/rviz_ogre_vendor/lib:/opt/ros/iron/lib/x86_64-linux-gnu:/opt/ros/iron/lib:/opt/ros/iron/lib /usr/bin/cmake --build /home/monica/ros2_pelota/build/xolobot_arm_server -- -j2 -l2
[6.725s] DEBUG:colcon.colcon_core.event_handler.log_command:Invoked command in '/home/monica/ros2_pelota/build/ros2_linkattacher' returned '0': CMAKE_PREFIX_PATH=/home/monica/ros2_pelota/install/linkattacher_msgs:/home/monica/ros2_pelota/install/xolobot_control:/home/monica/ros2_pelota/install/xolobot_arm_server:/home/monica/ros2_pelota/install/xolobot_arm:/home/monica/ros2_pelota/install/ros2_linkattacher:/home/monica/ros2_ws/install/xolobot_control:/home/monica/ros2_ws/install/xolobot_arm_server:/home/monica/ros2_ws/install/xolobot_arm:/opt/ros/iron LD_LIBRARY_PATH=/home/monica/ros2_pelota/install/linkattacher_msgs/lib:/home/monica/ros2_pelota/install/ros2_linkattacher/lib:/usr/lib/x86_64-linux-gnu/gazebo-11/plugins:/opt/ros/iron/opt/rviz_ogre_vendor/lib:/opt/ros/iron/lib/x86_64-linux-gnu:/opt/ros/iron/lib:/opt/ros/iron/lib /usr/bin/cmake --build /home/monica/ros2_pelota/build/ros2_linkattacher -- -j2 -l2
[6.730s] DEBUG:colcon.colcon_core.event_handler.log_command:Invoking command in '/home/monica/ros2_pelota/build/ros2_linkattacher': CMAKE_PREFIX_PATH=/home/monica/ros2_pelota/install/linkattacher_msgs:/home/monica/ros2_pelota/install/xolobot_control:/home/monica/ros2_pelota/install/xolobot_arm_server:/home/monica/ros2_pelota/install/xolobot_arm:/home/monica/ros2_pelota/install/ros2_linkattacher:/home/monica/ros2_ws/install/xolobot_control:/home/monica/ros2_ws/install/xolobot_arm_server:/home/monica/ros2_ws/install/xolobot_arm:/opt/ros/iron LD_LIBRARY_PATH=/home/monica/ros2_pelota/install/linkattacher_msgs/lib:/home/monica/ros2_pelota/install/ros2_linkattacher/lib:/usr/lib/x86_64-linux-gnu/gazebo-11/plugins:/opt/ros/iron/opt/rviz_ogre_vendor/lib:/opt/ros/iron/lib/x86_64-linux-gnu:/opt/ros/iron/lib:/opt/ros/iron/lib /usr/bin/cmake --install /home/monica/ros2_pelota/build/ros2_linkattacher
[6.799s] Level 1:colcon.colcon_core.environment:create_environment_scripts_only(ros2_linkattacher)
[6.800s] Level 1:colcon.colcon_core.environment:checking '/home/monica/ros2_pelota/install/ros2_linkattacher' for CMake module files
[6.801s] DEBUG:colcon.colcon_core.event_handler.log_command:Invoked command in '/home/monica/ros2_pelota/build/ros2_linkattacher' returned '0': CMAKE_PREFIX_PATH=/home/monica/ros2_pelota/install/linkattacher_msgs:/home/monica/ros2_pelota/install/xolobot_control:/home/monica/ros2_pelota/install/xolobot_arm_server:/home/monica/ros2_pelota/install/xolobot_arm:/home/monica/ros2_pelota/install/ros2_linkattacher:/home/monica/ros2_ws/install/xolobot_control:/home/monica/ros2_ws/install/xolobot_arm_server:/home/monica/ros2_ws/install/xolobot_arm:/opt/ros/iron LD_LIBRARY_PATH=/home/monica/ros2_pelota/install/linkattacher_msgs/lib:/home/monica/ros2_pelota/install/ros2_linkattacher/lib:/usr/lib/x86_64-linux-gnu/gazebo-11/plugins:/opt/ros/iron/opt/rviz_ogre_vendor/lib:/opt/ros/iron/lib/x86_64-linux-gnu:/opt/ros/iron/lib:/opt/ros/iron/lib /usr/bin/cmake --install /home/monica/ros2_pelota/build/ros2_linkattacher
[6.805s] Level 1:colcon.colcon_core.environment:checking '/home/monica/ros2_pelota/install/ros2_linkattacher' for CMake config files
[6.806s] Level 1:colcon.colcon_core.shell:create_environment_hook('ros2_linkattacher', 'cmake_prefix_path')
[6.809s] INFO:colcon.colcon_core.shell:Creating environment hook '/home/monica/ros2_pelota/install/ros2_linkattacher/share/ros2_linkattacher/hook/cmake_prefix_path.ps1'
[6.813s] INFO:colcon.colcon_core.shell:Creating environment descriptor '/home/monica/ros2_pelota/install/ros2_linkattacher/share/ros2_linkattacher/hook/cmake_prefix_path.dsv'
[6.815s] INFO:colcon.colcon_core.shell:Creating environment hook '/home/monica/ros2_pelota/install/ros2_linkattacher/share/ros2_linkattacher/hook/cmake_prefix_path.sh'
[6.817s] Level 1:colcon.colcon_core.environment:checking '/home/monica/ros2_pelota/install/ros2_linkattacher/lib'
[6.817s] Level 1:colcon.colcon_core.shell:create_environment_hook('ros2_linkattacher', 'ld_library_path_lib')
[6.818s] INFO:colcon.colcon_core.shell:Creating environment hook '/home/monica/ros2_pelota/install/ros2_linkattacher/share/ros2_linkattacher/hook/ld_library_path_lib.ps1'
[6.823s] INFO:colcon.colcon_core.shell:Creating environment descriptor '/home/monica/ros2_pelota/install/ros2_linkattacher/share/ros2_linkattacher/hook/ld_library_path_lib.dsv'
[6.825s] INFO:colcon.colcon_core.shell:Creating environment hook '/home/monica/ros2_pelota/install/ros2_linkattacher/share/ros2_linkattacher/hook/ld_library_path_lib.sh'
[6.827s] Level 1:colcon.colcon_core.environment:checking '/home/monica/ros2_pelota/install/ros2_linkattacher/bin'
[6.828s] Level 1:colcon.colcon_core.environment:checking '/home/monica/ros2_pelota/install/ros2_linkattacher/lib/pkgconfig/ros2_linkattacher.pc'
[6.828s] Level 1:colcon.colcon_core.environment:checking '/home/monica/ros2_pelota/install/ros2_linkattacher/lib/python3.10/site-packages'
[6.837s] Level 1:colcon.colcon_core.environment:checking '/home/monica/ros2_pelota/install/ros2_linkattacher/bin'
[6.838s] INFO:colcon.colcon_core.shell:Creating package script '/home/monica/ros2_pelota/install/ros2_linkattacher/share/ros2_linkattacher/package.ps1'
[6.842s] INFO:colcon.colcon_core.shell:Creating package descriptor '/home/monica/ros2_pelota/install/ros2_linkattacher/share/ros2_linkattacher/package.dsv'
[6.843s] INFO:colcon.colcon_core.shell:Creating package script '/home/monica/ros2_pelota/install/ros2_linkattacher/share/ros2_linkattacher/package.sh'
[6.846s] INFO:colcon.colcon_core.shell:Creating package script '/home/monica/ros2_pelota/install/ros2_linkattacher/share/ros2_linkattacher/package.bash'
[6.848s] INFO:colcon.colcon_core.shell:Creating package script '/home/monica/ros2_pelota/install/ros2_linkattacher/share/ros2_linkattacher/package.zsh'
[6.849s] Level 1:colcon.colcon_core.environment:create_file_with_runtime_dependencies(/home/monica/ros2_pelota/install/ros2_linkattacher/share/colcon-core/packages/ros2_linkattacher)
[6.852s] Level 1:colcon.colcon_core.environment:create_environment_scripts_only(ros2_linkattacher)
[6.853s] Level 1:colcon.colcon_core.environment:checking '/home/monica/ros2_pelota/install/ros2_linkattacher' for CMake module files
[6.855s] Level 1:colcon.colcon_core.environment:checking '/home/monica/ros2_pelota/install/ros2_linkattacher' for CMake config files
[6.857s] Level 1:colcon.colcon_core.shell:create_environment_hook('ros2_linkattacher', 'cmake_prefix_path')
[6.858s] INFO:colcon.colcon_core.shell:Creating environment hook '/home/monica/ros2_pelota/install/ros2_linkattacher/share/ros2_linkattacher/hook/cmake_prefix_path.ps1'
[6.859s] INFO:colcon.colcon_core.shell:Creating environment descriptor '/home/monica/ros2_pelota/install/ros2_linkattacher/share/ros2_linkattacher/hook/cmake_prefix_path.dsv'
[6.862s] INFO:colcon.colcon_core.shell:Creating environment hook '/home/monica/ros2_pelota/install/ros2_linkattacher/share/ros2_linkattacher/hook/cmake_prefix_path.sh'
[6.864s] Level 1:colcon.colcon_core.environment:checking '/home/monica/ros2_pelota/install/ros2_linkattacher/lib'
[6.864s] Level 1:colcon.colcon_core.shell:create_environment_hook('ros2_linkattacher', 'ld_library_path_lib')
[6.865s] INFO:colcon.colcon_core.shell:Creating environment hook '/home/monica/ros2_pelota/install/ros2_linkattacher/share/ros2_linkattacher/hook/ld_library_path_lib.ps1'
[6.867s] INFO:colcon.colcon_core.shell:Creating environment descriptor '/home/monica/ros2_pelota/install/ros2_linkattacher/share/ros2_linkattacher/hook/ld_library_path_lib.dsv'
[6.869s] INFO:colcon.colcon_core.shell:Creating environment hook '/home/monica/ros2_pelota/install/ros2_linkattacher/share/ros2_linkattacher/hook/ld_library_path_lib.sh'
[6.871s] Level 1:colcon.colcon_core.environment:checking '/home/monica/ros2_pelota/install/ros2_linkattacher/bin'
[6.871s] Level 1:colcon.colcon_core.environment:checking '/home/monica/ros2_pelota/install/ros2_linkattacher/lib/pkgconfig/ros2_linkattacher.pc'
[6.872s] Level 1:colcon.colcon_core.environment:checking '/home/monica/ros2_pelota/install/ros2_linkattacher/lib/python3.10/site-packages'
[6.872s] Level 1:colcon.colcon_core.environment:checking '/home/monica/ros2_pelota/install/ros2_linkattacher/bin'
[6.873s] INFO:colcon.colcon_core.shell:Creating package script '/home/monica/ros2_pelota/install/ros2_linkattacher/share/ros2_linkattacher/package.ps1'
[6.877s] INFO:colcon.colcon_core.shell:Creating package descriptor '/home/monica/ros2_pelota/install/ros2_linkattacher/share/ros2_linkattacher/package.dsv'
[6.879s] INFO:colcon.colcon_core.shell:Creating package script '/home/monica/ros2_pelota/install/ros2_linkattacher/share/ros2_linkattacher/package.sh'
[6.883s] INFO:colcon.colcon_core.shell:Creating package script '/home/monica/ros2_pelota/install/ros2_linkattacher/share/ros2_linkattacher/package.bash'
[6.885s] INFO:colcon.colcon_core.shell:Creating package script '/home/monica/ros2_pelota/install/ros2_linkattacher/share/ros2_linkattacher/package.zsh'
[6.887s] Level 1:colcon.colcon_core.environment:create_file_with_runtime_dependencies(/home/monica/ros2_pelota/install/ros2_linkattacher/share/colcon-core/packages/ros2_linkattacher)
[6.978s] DEBUG:colcon.colcon_core.event_handler.log_command:Invoked command in '/home/monica/ros2_pelota/build/xolobot_arm_server' returned '0': CMAKE_PREFIX_PATH=/home/monica/ros2_pelota/install/linkattacher_msgs:/home/monica/ros2_pelota/install/xolobot_control:/home/monica/ros2_pelota/install/xolobot_arm_server:/home/monica/ros2_pelota/install/xolobot_arm:/home/monica/ros2_pelota/install/ros2_linkattacher:/home/monica/ros2_ws/install/xolobot_control:/home/monica/ros2_ws/install/xolobot_arm_server:/home/monica/ros2_ws/install/xolobot_arm:/opt/ros/iron LD_LIBRARY_PATH=/home/monica/ros2_pelota/install/linkattacher_msgs/lib:/home/monica/ros2_pelota/install/ros2_linkattacher/lib:/usr/lib/x86_64-linux-gnu/gazebo-11/plugins:/opt/ros/iron/opt/rviz_ogre_vendor/lib:/opt/ros/iron/lib/x86_64-linux-gnu:/opt/ros/iron/lib:/opt/ros/iron/lib /usr/bin/cmake --build /home/monica/ros2_pelota/build/xolobot_arm_server -- -j2 -l2
[6.987s] DEBUG:colcon.colcon_core.event_handler.log_command:Invoking command in '/home/monica/ros2_pelota/build/xolobot_arm_server': CMAKE_PREFIX_PATH=/home/monica/ros2_pelota/install/linkattacher_msgs:/home/monica/ros2_pelota/install/xolobot_control:/home/monica/ros2_pelota/install/xolobot_arm_server:/home/monica/ros2_pelota/install/xolobot_arm:/home/monica/ros2_pelota/install/ros2_linkattacher:/home/monica/ros2_ws/install/xolobot_control:/home/monica/ros2_ws/install/xolobot_arm_server:/home/monica/ros2_ws/install/xolobot_arm:/opt/ros/iron LD_LIBRARY_PATH=/home/monica/ros2_pelota/install/linkattacher_msgs/lib:/home/monica/ros2_pelota/install/ros2_linkattacher/lib:/usr/lib/x86_64-linux-gnu/gazebo-11/plugins:/opt/ros/iron/opt/rviz_ogre_vendor/lib:/opt/ros/iron/lib/x86_64-linux-gnu:/opt/ros/iron/lib:/opt/ros/iron/lib /usr/bin/cmake --install /home/monica/ros2_pelota/build/xolobot_arm_server
[7.050s] Level 1:colcon.colcon_core.environment:create_environment_scripts_only(xolobot_arm_server)
[7.052s] Level 1:colcon.colcon_core.environment:checking '/home/monica/ros2_pelota/install/xolobot_arm_server' for CMake module files
[7.053s] DEBUG:colcon.colcon_core.event_handler.log_command:Invoked command in '/home/monica/ros2_pelota/build/xolobot_arm_server' returned '0': CMAKE_PREFIX_PATH=/home/monica/ros2_pelota/install/linkattacher_msgs:/home/monica/ros2_pelota/install/xolobot_control:/home/monica/ros2_pelota/install/xolobot_arm_server:/home/monica/ros2_pelota/install/xolobot_arm:/home/monica/ros2_pelota/install/ros2_linkattacher:/home/monica/ros2_ws/install/xolobot_control:/home/monica/ros2_ws/install/xolobot_arm_server:/home/monica/ros2_ws/install/xolobot_arm:/opt/ros/iron LD_LIBRARY_PATH=/home/monica/ros2_pelota/install/linkattacher_msgs/lib:/home/monica/ros2_pelota/install/ros2_linkattacher/lib:/usr/lib/x86_64-linux-gnu/gazebo-11/plugins:/opt/ros/iron/opt/rviz_ogre_vendor/lib:/opt/ros/iron/lib/x86_64-linux-gnu:/opt/ros/iron/lib:/opt/ros/iron/lib /usr/bin/cmake --install /home/monica/ros2_pelota/build/xolobot_arm_server
[7.058s] Level 1:colcon.colcon_core.environment:checking '/home/monica/ros2_pelota/install/xolobot_arm_server' for CMake config files
[7.059s] Level 1:colcon.colcon_core.shell:create_environment_hook('xolobot_arm_server', 'cmake_prefix_path')
[7.062s] INFO:colcon.colcon_core.shell:Creating environment hook '/home/monica/ros2_pelota/install/xolobot_arm_server/share/xolobot_arm_server/hook/cmake_prefix_path.ps1'
[7.064s] INFO:colcon.colcon_core.shell:Creating environment descriptor '/home/monica/ros2_pelota/install/xolobot_arm_server/share/xolobot_arm_server/hook/cmake_prefix_path.dsv'
[7.065s] INFO:colcon.colcon_core.shell:Creating environment hook '/home/monica/ros2_pelota/install/xolobot_arm_server/share/xolobot_arm_server/hook/cmake_prefix_path.sh'
[7.069s] Level 1:colcon.colcon_core.environment:checking '/home/monica/ros2_pelota/install/xolobot_arm_server/lib'
[7.069s] Level 1:colcon.colcon_core.environment:checking '/home/monica/ros2_pelota/install/xolobot_arm_server/bin'
[7.070s] Level 1:colcon.colcon_core.environment:checking '/home/monica/ros2_pelota/install/xolobot_arm_server/lib/pkgconfig/xolobot_arm_server.pc'
[7.070s] Level 1:colcon.colcon_core.environment:checking '/home/monica/ros2_pelota/install/xolobot_arm_server/lib/python3.10/site-packages'
[7.071s] Level 1:colcon.colcon_core.environment:checking '/home/monica/ros2_pelota/install/xolobot_arm_server/bin'
[7.072s] INFO:colcon.colcon_core.shell:Creating package script '/home/monica/ros2_pelota/install/xolobot_arm_server/share/xolobot_arm_server/package.ps1'
[7.076s] INFO:colcon.colcon_core.shell:Creating package descriptor '/home/monica/ros2_pelota/install/xolobot_arm_server/share/xolobot_arm_server/package.dsv'
[7.077s] INFO:colcon.colcon_core.shell:Creating package script '/home/monica/ros2_pelota/install/xolobot_arm_server/share/xolobot_arm_server/package.sh'
[7.079s] INFO:colcon.colcon_core.shell:Creating package script '/home/monica/ros2_pelota/install/xolobot_arm_server/share/xolobot_arm_server/package.bash'
[7.080s] INFO:colcon.colcon_core.shell:Creating package script '/home/monica/ros2_pelota/install/xolobot_arm_server/share/xolobot_arm_server/package.zsh'
[7.083s] Level 1:colcon.colcon_core.environment:create_file_with_runtime_dependencies(/home/monica/ros2_pelota/install/xolobot_arm_server/share/colcon-core/packages/xolobot_arm_server)
[7.086s] Level 1:colcon.colcon_core.environment:create_environment_scripts_only(xolobot_arm_server)
[7.087s] Level 1:colcon.colcon_core.environment:checking '/home/monica/ros2_pelota/install/xolobot_arm_server' for CMake module files
[7.091s] Level 1:colcon.colcon_core.environment:checking '/home/monica/ros2_pelota/install/xolobot_arm_server' for CMake config files
[7.093s] Level 1:colcon.colcon_core.shell:create_environment_hook('xolobot_arm_server', 'cmake_prefix_path')
[7.096s] INFO:colcon.colcon_core.shell:Creating environment hook '/home/monica/ros2_pelota/install/xolobot_arm_server/share/xolobot_arm_server/hook/cmake_prefix_path.ps1'
[7.097s] INFO:colcon.colcon_core.shell:Creating environment descriptor '/home/monica/ros2_pelota/install/xolobot_arm_server/share/xolobot_arm_server/hook/cmake_prefix_path.dsv'
[7.098s] INFO:colcon.colcon_core.shell:Creating environment hook '/home/monica/ros2_pelota/install/xolobot_arm_server/share/xolobot_arm_server/hook/cmake_prefix_path.sh'
[7.103s] Level 1:colcon.colcon_core.environment:checking '/home/monica/ros2_pelota/install/xolobot_arm_server/lib'
[7.103s] Level 1:colcon.colcon_core.environment:checking '/home/monica/ros2_pelota/install/xolobot_arm_server/bin'
[7.103s] Level 1:colcon.colcon_core.environment:checking '/home/monica/ros2_pelota/install/xolobot_arm_server/lib/pkgconfig/xolobot_arm_server.pc'
[7.104s] Level 1:colcon.colcon_core.environment:checking '/home/monica/ros2_pelota/install/xolobot_arm_server/lib/python3.10/site-packages'
[7.105s] Level 1:colcon.colcon_core.environment:checking '/home/monica/ros2_pelota/install/xolobot_arm_server/bin'
[7.106s] INFO:colcon.colcon_core.shell:Creating package script '/home/monica/ros2_pelota/install/xolobot_arm_server/share/xolobot_arm_server/package.ps1'
[7.109s] INFO:colcon.colcon_core.shell:Creating package descriptor '/home/monica/ros2_pelota/install/xolobot_arm_server/share/xolobot_arm_server/package.dsv'
[7.111s] INFO:colcon.colcon_core.shell:Creating package script '/home/monica/ros2_pelota/install/xolobot_arm_server/share/xolobot_arm_server/package.sh'
[7.114s] INFO:colcon.colcon_core.shell:Creating package script '/home/monica/ros2_pelota/install/xolobot_arm_server/share/xolobot_arm_server/package.bash'
[7.119s] INFO:colcon.colcon_core.shell:Creating package script '/home/monica/ros2_pelota/install/xolobot_arm_server/share/xolobot_arm_server/package.zsh'
[7.121s] Level 1:colcon.colcon_core.environment:create_file_with_runtime_dependencies(/home/monica/ros2_pelota/install/xolobot_arm_server/share/colcon-core/packages/xolobot_arm_server)
[7.124s] DEBUG:colcon.colcon_parallel_executor.executor.parallel:closing loop
[7.125s] DEBUG:colcon.colcon_parallel_executor.executor.parallel:loop closed
[7.126s] DEBUG:colcon.colcon_parallel_executor.executor.parallel:run_until_complete finished with '0'
[7.127s] DEBUG:colcon.colcon_core.event_reactor:joining thread
[7.145s] INFO:colcon.colcon_core.plugin_system:Skipping extension 'colcon_notification.desktop_notification.terminal_notifier': Not used on non-Darwin systems
[7.147s] INFO:colcon.colcon_core.plugin_system:Skipping extension 'colcon_notification.desktop_notification.win32': Not used on non-Windows systems
[7.147s] INFO:colcon.colcon_notification.desktop_notification:Sending desktop notification using 'notify2'
[7.205s] DEBUG:colcon.colcon_core.event_reactor:joined thread
[7.206s] INFO:colcon.colcon_core.shell:Creating prefix script '/home/monica/ros2_pelota/install/local_setup.ps1'
[7.213s] INFO:colcon.colcon_core.shell:Creating prefix util module '/home/monica/ros2_pelota/install/_local_setup_util_ps1.py'
[7.219s] INFO:colcon.colcon_core.shell:Creating prefix chain script '/home/monica/ros2_pelota/install/setup.ps1'
[7.226s] INFO:colcon.colcon_core.shell:Creating prefix script '/home/monica/ros2_pelota/install/local_setup.sh'
[7.228s] INFO:colcon.colcon_core.shell:Creating prefix util module '/home/monica/ros2_pelota/install/_local_setup_util_sh.py'
[7.231s] INFO:colcon.colcon_core.shell:Creating prefix chain script '/home/monica/ros2_pelota/install/setup.sh'
[7.239s] INFO:colcon.colcon_core.shell:Creating prefix script '/home/monica/ros2_pelota/install/local_setup.bash'
[7.242s] INFO:colcon.colcon_core.shell:Creating prefix chain script '/home/monica/ros2_pelota/install/setup.bash'
[7.249s] INFO:colcon.colcon_core.shell:Creating prefix script '/home/monica/ros2_pelota/install/local_setup.zsh'
[7.251s] INFO:colcon.colcon_core.shell:Creating prefix chain script '/home/monica/ros2_pelota/install/setup.zsh'
