[0.049s] Invoking command in '/home/monica/ros2_pelota/build/linkattacher_msgs': CMAKE_PREFIX_PATH=${CMAKE_PREFIX_PATH}:/opt/ros/iron /usr/bin/cmake --build /home/monica/ros2_pelota/build/linkattacher_msgs -- -j2 -l2
[0.171s] [  2%] Built target linkattacher_msgs__rosidl_generator_type_description
[0.248s] [  2%] Built target ament_cmake_python_copy_linkattacher_msgs
[0.393s] [ 20%] Built target linkattacher_msgs__rosidl_generator_c
[0.457s] [ 22%] Built target linkattacher_msgs__cpp
[1.324s] running egg_info
[1.327s] writing linkattacher_msgs.egg-info/PKG-INFO
[1.329s] writing dependency_links to linkattacher_msgs.egg-info/dependency_links.txt
[1.332s] writing top-level names to linkattacher_msgs.egg-info/top_level.txt
[1.338s] reading manifest file 'linkattacher_msgs.egg-info/SOURCES.txt'
[1.343s] writing manifest file 'linkattacher_msgs.egg-info/SOURCES.txt'
[1.414s] [ 22%] Built target ament_cmake_python_build_linkattacher_msgs_egg
[1.476s] [ 31%] Built target linkattacher_msgs__rosidl_typesupport_fastrtps_c
[1.540s] [ 40%] Built target linkattacher_msgs__rosidl_typesupport_introspection_c
[1.598s] [ 50%] Built target linkattacher_msgs__rosidl_typesupport_c
[1.657s] [ 59%] Built target linkattacher_msgs__rosidl_typesupport_fastrtps_cpp
[1.720s] [ 68%] Built target linkattacher_msgs__rosidl_typesupport_introspection_cpp
[1.781s] [ 77%] Built target linkattacher_msgs__rosidl_typesupport_cpp
[1.836s] [ 77%] Built target linkattacher_msgs
[1.884s] [ 79%] Built target linkattacher_msgs__py
[1.940s] [ 86%] Built target linkattacher_msgs__rosidl_generator_py
[2.000s] [ 90%] Built target linkattacher_msgs__rosidl_typesupport_fastrtps_c__pyext
[2.055s] [ 95%] Built target linkattacher_msgs__rosidl_typesupport_introspection_c__pyext
[2.113s] [100%] Built target linkattacher_msgs__rosidl_typesupport_c__pyext
[2.141s] Invoked command in '/home/monica/ros2_pelota/build/linkattacher_msgs' returned '0': CMAKE_PREFIX_PATH=${CMAKE_PREFIX_PATH}:/opt/ros/iron /usr/bin/cmake --build /home/monica/ros2_pelota/build/linkattacher_msgs -- -j2 -l2
[2.144s] Invoking command in '/home/monica/ros2_pelota/build/linkattacher_msgs': CMAKE_PREFIX_PATH=${CMAKE_PREFIX_PATH}:/opt/ros/iron /usr/bin/cmake --install /home/monica/ros2_pelota/build/linkattacher_msgs
[2.167s] -- Install configuration: ""
[2.168s] -- Up-to-date: /home/monica/ros2_pelota/install/linkattacher_msgs/share/linkattacher_msgs/srv
[2.168s] -- Up-to-date: /home/monica/ros2_pelota/install/linkattacher_msgs/share/linkattacher_msgs/srv/DetachLink.srv
[2.169s] -- Up-to-date: /home/monica/ros2_pelota/install/linkattacher_msgs/share/linkattacher_msgs/srv/AttachLink.srv
[2.169s] -- Up-to-date: /home/monica/ros2_pelota/install/linkattacher_msgs/share/ament_index/resource_index/rosidl_interfaces/linkattacher_msgs
[2.169s] -- Up-to-date: /home/monica/ros2_pelota/install/linkattacher_msgs/share/linkattacher_msgs/srv/AttachLink.json
[2.170s] -- Up-to-date: /home/monica/ros2_pelota/install/linkattacher_msgs/share/linkattacher_msgs/srv/DetachLink.json
[2.170s] -- Up-to-date: /home/monica/ros2_pelota/install/linkattacher_msgs/include/linkattacher_msgs/linkattacher_msgs
[2.171s] -- Up-to-date: /home/monica/ros2_pelota/install/linkattacher_msgs/include/linkattacher_msgs/linkattacher_msgs/srv
[2.171s] -- Up-to-date: /home/monica/ros2_pelota/install/linkattacher_msgs/include/linkattacher_msgs/linkattacher_msgs/srv/attach_link.h
[2.172s] -- Up-to-date: /home/monica/ros2_pelota/install/linkattacher_msgs/include/linkattacher_msgs/linkattacher_msgs/srv/detach_link.h
[2.173s] -- Up-to-date: /home/monica/ros2_pelota/install/linkattacher_msgs/include/linkattacher_msgs/linkattacher_msgs/srv/detail
[2.173s] -- Installing: /home/monica/ros2_pelota/install/linkattacher_msgs/include/linkattacher_msgs/linkattacher_msgs/srv/detail/detach_link__type_support.c
[2.173s] -- Up-to-date: /home/monica/ros2_pelota/install/linkattacher_msgs/include/linkattacher_msgs/linkattacher_msgs/srv/detail/detach_link__functions.c
[2.173s] -- Up-to-date: /home/monica/ros2_pelota/install/linkattacher_msgs/include/linkattacher_msgs/linkattacher_msgs/srv/detail/detach_link__type_support.h
[2.174s] -- Installing: /home/monica/ros2_pelota/install/linkattacher_msgs/include/linkattacher_msgs/linkattacher_msgs/srv/detail/attach_link__type_support.c
[2.174s] -- Up-to-date: /home/monica/ros2_pelota/install/linkattacher_msgs/include/linkattacher_msgs/linkattacher_msgs/srv/detail/detach_link__struct.h
[2.175s] -- Up-to-date: /home/monica/ros2_pelota/install/linkattacher_msgs/include/linkattacher_msgs/linkattacher_msgs/srv/detail/detach_link__functions.h
[2.175s] -- Up-to-date: /home/monica/ros2_pelota/install/linkattacher_msgs/include/linkattacher_msgs/linkattacher_msgs/srv/detail/attach_link__functions.h
[2.176s] -- Up-to-date: /home/monica/ros2_pelota/install/linkattacher_msgs/include/linkattacher_msgs/linkattacher_msgs/srv/detail/detach_link__description.c
[2.176s] -- Up-to-date: /home/monica/ros2_pelota/install/linkattacher_msgs/include/linkattacher_msgs/linkattacher_msgs/srv/detail/attach_link__functions.c
[2.176s] -- Up-to-date: /home/monica/ros2_pelota/install/linkattacher_msgs/include/linkattacher_msgs/linkattacher_msgs/srv/detail/attach_link__struct.h
[2.177s] -- Up-to-date: /home/monica/ros2_pelota/install/linkattacher_msgs/include/linkattacher_msgs/linkattacher_msgs/srv/detail/attach_link__description.c
[2.177s] -- Up-to-date: /home/monica/ros2_pelota/install/linkattacher_msgs/include/linkattacher_msgs/linkattacher_msgs/srv/detail/attach_link__type_support.h
[2.177s] -- Up-to-date: /home/monica/ros2_pelota/install/linkattacher_msgs/include/linkattacher_msgs/linkattacher_msgs/msg
[2.178s] -- Up-to-date: /home/monica/ros2_pelota/install/linkattacher_msgs/include/linkattacher_msgs/linkattacher_msgs/msg/rosidl_generator_c__visibility_control.h
[2.178s] -- Up-to-date: /home/monica/ros2_pelota/install/linkattacher_msgs/share/linkattacher_msgs/environment/library_path.sh
[2.179s] -- Up-to-date: /home/monica/ros2_pelota/install/linkattacher_msgs/share/linkattacher_msgs/environment/library_path.dsv
[2.180s] -- Up-to-date: /home/monica/ros2_pelota/install/linkattacher_msgs/lib/liblinkattacher_msgs__rosidl_generator_c.so
[2.181s] -- Up-to-date: /home/monica/ros2_pelota/install/linkattacher_msgs/include/linkattacher_msgs/linkattacher_msgs
[2.181s] -- Up-to-date: /home/monica/ros2_pelota/install/linkattacher_msgs/include/linkattacher_msgs/linkattacher_msgs/srv
[2.182s] -- Up-to-date: /home/monica/ros2_pelota/install/linkattacher_msgs/include/linkattacher_msgs/linkattacher_msgs/srv/detail
[2.182s] -- Up-to-date: /home/monica/ros2_pelota/install/linkattacher_msgs/include/linkattacher_msgs/linkattacher_msgs/srv/detail/attach_link__rosidl_typesupport_fastrtps_c.h
[2.182s] -- Up-to-date: /home/monica/ros2_pelota/install/linkattacher_msgs/include/linkattacher_msgs/linkattacher_msgs/srv/detail/detach_link__rosidl_typesupport_fastrtps_c.h
[2.183s] -- Up-to-date: /home/monica/ros2_pelota/install/linkattacher_msgs/include/linkattacher_msgs/linkattacher_msgs/msg
[2.183s] -- Up-to-date: /home/monica/ros2_pelota/install/linkattacher_msgs/include/linkattacher_msgs/linkattacher_msgs/msg/rosidl_typesupport_fastrtps_c__visibility_control.h
[2.184s] -- Up-to-date: /home/monica/ros2_pelota/install/linkattacher_msgs/lib/liblinkattacher_msgs__rosidl_typesupport_fastrtps_c.so
[2.185s] -- Up-to-date: /home/monica/ros2_pelota/install/linkattacher_msgs/include/linkattacher_msgs/linkattacher_msgs
[2.186s] -- Up-to-date: /home/monica/ros2_pelota/install/linkattacher_msgs/include/linkattacher_msgs/linkattacher_msgs/srv
[2.186s] -- Up-to-date: /home/monica/ros2_pelota/install/linkattacher_msgs/include/linkattacher_msgs/linkattacher_msgs/srv/detail
[2.186s] -- Installing: /home/monica/ros2_pelota/install/linkattacher_msgs/include/linkattacher_msgs/linkattacher_msgs/srv/detail/detach_link__type_support.c
[2.187s] -- Installing: /home/monica/ros2_pelota/install/linkattacher_msgs/include/linkattacher_msgs/linkattacher_msgs/srv/detail/attach_link__type_support.c
[2.188s] -- Up-to-date: /home/monica/ros2_pelota/install/linkattacher_msgs/include/linkattacher_msgs/linkattacher_msgs/srv/detail/attach_link__rosidl_typesupport_introspection_c.h
[2.188s] -- Up-to-date: /home/monica/ros2_pelota/install/linkattacher_msgs/include/linkattacher_msgs/linkattacher_msgs/srv/detail/detach_link__rosidl_typesupport_introspection_c.h
[2.189s] -- Up-to-date: /home/monica/ros2_pelota/install/linkattacher_msgs/include/linkattacher_msgs/linkattacher_msgs/msg
[2.189s] -- Up-to-date: /home/monica/ros2_pelota/install/linkattacher_msgs/include/linkattacher_msgs/linkattacher_msgs/msg/rosidl_typesupport_introspection_c__visibility_control.h
[2.190s] -- Up-to-date: /home/monica/ros2_pelota/install/linkattacher_msgs/lib/liblinkattacher_msgs__rosidl_typesupport_introspection_c.so
[2.194s] -- Up-to-date: /home/monica/ros2_pelota/install/linkattacher_msgs/lib/liblinkattacher_msgs__rosidl_typesupport_c.so
[2.194s] -- Up-to-date: /home/monica/ros2_pelota/install/linkattacher_msgs/include/linkattacher_msgs/linkattacher_msgs
[2.194s] -- Up-to-date: /home/monica/ros2_pelota/install/linkattacher_msgs/include/linkattacher_msgs/linkattacher_msgs/srv
[2.195s] -- Up-to-date: /home/monica/ros2_pelota/install/linkattacher_msgs/include/linkattacher_msgs/linkattacher_msgs/srv/attach_link.hpp
[2.195s] -- Up-to-date: /home/monica/ros2_pelota/install/linkattacher_msgs/include/linkattacher_msgs/linkattacher_msgs/srv/detach_link.hpp
[2.195s] -- Up-to-date: /home/monica/ros2_pelota/install/linkattacher_msgs/include/linkattacher_msgs/linkattacher_msgs/srv/detail
[2.195s] -- Up-to-date: /home/monica/ros2_pelota/install/linkattacher_msgs/include/linkattacher_msgs/linkattacher_msgs/srv/detail/detach_link__struct.hpp
[2.195s] -- Up-to-date: /home/monica/ros2_pelota/install/linkattacher_msgs/include/linkattacher_msgs/linkattacher_msgs/srv/detail/attach_link__builder.hpp
[2.198s] -- Up-to-date: /home/monica/ros2_pelota/install/linkattacher_msgs/include/linkattacher_msgs/linkattacher_msgs/srv/detail/detach_link__traits.hpp
[2.198s] -- Up-to-date: /home/monica/ros2_pelota/install/linkattacher_msgs/include/linkattacher_msgs/linkattacher_msgs/srv/detail/detach_link__builder.hpp
[2.198s] -- Up-to-date: /home/monica/ros2_pelota/install/linkattacher_msgs/include/linkattacher_msgs/linkattacher_msgs/srv/detail/attach_link__struct.hpp
[2.198s] -- Up-to-date: /home/monica/ros2_pelota/install/linkattacher_msgs/include/linkattacher_msgs/linkattacher_msgs/srv/detail/attach_link__traits.hpp
[2.198s] -- Up-to-date: /home/monica/ros2_pelota/install/linkattacher_msgs/include/linkattacher_msgs/linkattacher_msgs
[2.199s] -- Up-to-date: /home/monica/ros2_pelota/install/linkattacher_msgs/include/linkattacher_msgs/linkattacher_msgs/srv
[2.199s] -- Up-to-date: /home/monica/ros2_pelota/install/linkattacher_msgs/include/linkattacher_msgs/linkattacher_msgs/srv/detail
[2.199s] -- Up-to-date: /home/monica/ros2_pelota/install/linkattacher_msgs/include/linkattacher_msgs/linkattacher_msgs/srv/detail/dds_fastrtps
[2.199s] -- Up-to-date: /home/monica/ros2_pelota/install/linkattacher_msgs/include/linkattacher_msgs/linkattacher_msgs/srv/detail/attach_link__rosidl_typesupport_fastrtps_cpp.hpp
[2.199s] -- Up-to-date: /home/monica/ros2_pelota/install/linkattacher_msgs/include/linkattacher_msgs/linkattacher_msgs/srv/detail/detach_link__rosidl_typesupport_fastrtps_cpp.hpp
[2.201s] -- Up-to-date: /home/monica/ros2_pelota/install/linkattacher_msgs/include/linkattacher_msgs/linkattacher_msgs/msg
[2.202s] -- Up-to-date: /home/monica/ros2_pelota/install/linkattacher_msgs/include/linkattacher_msgs/linkattacher_msgs/msg/rosidl_typesupport_fastrtps_cpp__visibility_control.h
[2.202s] -- Up-to-date: /home/monica/ros2_pelota/install/linkattacher_msgs/lib/liblinkattacher_msgs__rosidl_typesupport_fastrtps_cpp.so
[2.202s] -- Up-to-date: /home/monica/ros2_pelota/install/linkattacher_msgs/include/linkattacher_msgs/linkattacher_msgs
[2.202s] -- Up-to-date: /home/monica/ros2_pelota/install/linkattacher_msgs/include/linkattacher_msgs/linkattacher_msgs/srv
[2.202s] -- Up-to-date: /home/monica/ros2_pelota/install/linkattacher_msgs/include/linkattacher_msgs/linkattacher_msgs/srv/detail
[2.203s] -- Up-to-date: /home/monica/ros2_pelota/install/linkattacher_msgs/include/linkattacher_msgs/linkattacher_msgs/srv/detail/attach_link__type_support.cpp
[2.203s] -- Up-to-date: /home/monica/ros2_pelota/install/linkattacher_msgs/include/linkattacher_msgs/linkattacher_msgs/srv/detail/detach_link__rosidl_typesupport_introspection_cpp.hpp
[2.203s] -- Up-to-date: /home/monica/ros2_pelota/install/linkattacher_msgs/include/linkattacher_msgs/linkattacher_msgs/srv/detail/attach_link__rosidl_typesupport_introspection_cpp.hpp
[2.203s] -- Up-to-date: /home/monica/ros2_pelota/install/linkattacher_msgs/include/linkattacher_msgs/linkattacher_msgs/srv/detail/detach_link__type_support.cpp
[2.203s] -- Up-to-date: /home/monica/ros2_pelota/install/linkattacher_msgs/lib/liblinkattacher_msgs__rosidl_typesupport_introspection_cpp.so
[2.204s] -- Up-to-date: /home/monica/ros2_pelota/install/linkattacher_msgs/lib/liblinkattacher_msgs__rosidl_typesupport_cpp.so
[2.205s] -- Up-to-date: /home/monica/ros2_pelota/install/linkattacher_msgs/share/linkattacher_msgs/environment/pythonpath.sh
[2.205s] -- Up-to-date: /home/monica/ros2_pelota/install/linkattacher_msgs/share/linkattacher_msgs/environment/pythonpath.dsv
[2.206s] -- Up-to-date: /home/monica/ros2_pelota/install/linkattacher_msgs/lib/python3.10/site-packages/linkattacher_msgs-0.0.0-py3.10.egg-info
[2.206s] -- Installing: /home/monica/ros2_pelota/install/linkattacher_msgs/lib/python3.10/site-packages/linkattacher_msgs-0.0.0-py3.10.egg-info/PKG-INFO
[2.207s] -- Installing: /home/monica/ros2_pelota/install/linkattacher_msgs/lib/python3.10/site-packages/linkattacher_msgs-0.0.0-py3.10.egg-info/top_level.txt
[2.208s] -- Installing: /home/monica/ros2_pelota/install/linkattacher_msgs/lib/python3.10/site-packages/linkattacher_msgs-0.0.0-py3.10.egg-info/dependency_links.txt
[2.208s] -- Installing: /home/monica/ros2_pelota/install/linkattacher_msgs/lib/python3.10/site-packages/linkattacher_msgs-0.0.0-py3.10.egg-info/SOURCES.txt
[2.209s] -- Up-to-date: /home/monica/ros2_pelota/install/linkattacher_msgs/lib/python3.10/site-packages/linkattacher_msgs
[2.209s] -- Up-to-date: /home/monica/ros2_pelota/install/linkattacher_msgs/lib/python3.10/site-packages/linkattacher_msgs/liblinkattacher_msgs__rosidl_generator_py.so
[2.210s] -- Up-to-date: /home/monica/ros2_pelota/install/linkattacher_msgs/lib/python3.10/site-packages/linkattacher_msgs/_linkattacher_msgs_s.ep.rosidl_typesupport_c.c
[2.210s] -- Up-to-date: /home/monica/ros2_pelota/install/linkattacher_msgs/lib/python3.10/site-packages/linkattacher_msgs/_linkattacher_msgs_s.ep.rosidl_typesupport_introspection_c.c
[2.211s] -- Up-to-date: /home/monica/ros2_pelota/install/linkattacher_msgs/lib/python3.10/site-packages/linkattacher_msgs/srv
[2.211s] -- Up-to-date: /home/monica/ros2_pelota/install/linkattacher_msgs/lib/python3.10/site-packages/linkattacher_msgs/srv/_detach_link.py
[2.211s] -- Up-to-date: /home/monica/ros2_pelota/install/linkattacher_msgs/lib/python3.10/site-packages/linkattacher_msgs/srv/_attach_link_s.c
[2.212s] -- Up-to-date: /home/monica/ros2_pelota/install/linkattacher_msgs/lib/python3.10/site-packages/linkattacher_msgs/srv/__init__.py
[2.212s] -- Up-to-date: /home/monica/ros2_pelota/install/linkattacher_msgs/lib/python3.10/site-packages/linkattacher_msgs/srv/_attach_link.py
[2.213s] -- Up-to-date: /home/monica/ros2_pelota/install/linkattacher_msgs/lib/python3.10/site-packages/linkattacher_msgs/srv/_detach_link_s.c
[2.213s] -- Up-to-date: /home/monica/ros2_pelota/install/linkattacher_msgs/lib/python3.10/site-packages/linkattacher_msgs/linkattacher_msgs_s__rosidl_typesupport_c.cpython-310-x86_64-linux-gnu.so
[2.213s] -- Up-to-date: /home/monica/ros2_pelota/install/linkattacher_msgs/lib/python3.10/site-packages/linkattacher_msgs/__init__.py
[2.214s] -- Up-to-date: /home/monica/ros2_pelota/install/linkattacher_msgs/lib/python3.10/site-packages/linkattacher_msgs/linkattacher_msgs_s__rosidl_typesupport_fastrtps_c.cpython-310-x86_64-linux-gnu.so
[2.214s] -- Up-to-date: /home/monica/ros2_pelota/install/linkattacher_msgs/lib/python3.10/site-packages/linkattacher_msgs/_linkattacher_msgs_s.ep.rosidl_typesupport_fastrtps_c.c
[2.215s] -- Up-to-date: /home/monica/ros2_pelota/install/linkattacher_msgs/lib/python3.10/site-packages/linkattacher_msgs/linkattacher_msgs_s__rosidl_typesupport_introspection_c.cpython-310-x86_64-linux-gnu.so
[2.289s] Listing '/home/monica/ros2_pelota/install/linkattacher_msgs/lib/python3.10/site-packages/linkattacher_msgs'...
[2.289s] Listing '/home/monica/ros2_pelota/install/linkattacher_msgs/lib/python3.10/site-packages/linkattacher_msgs/srv'...
[2.301s] -- Up-to-date: /home/monica/ros2_pelota/install/linkattacher_msgs/lib/python3.10/site-packages/linkattacher_msgs/linkattacher_msgs_s__rosidl_typesupport_fastrtps_c.cpython-310-x86_64-linux-gnu.so
[2.303s] -- Up-to-date: /home/monica/ros2_pelota/install/linkattacher_msgs/lib/python3.10/site-packages/linkattacher_msgs/linkattacher_msgs_s__rosidl_typesupport_introspection_c.cpython-310-x86_64-linux-gnu.so
[2.304s] -- Up-to-date: /home/monica/ros2_pelota/install/linkattacher_msgs/lib/python3.10/site-packages/linkattacher_msgs/linkattacher_msgs_s__rosidl_typesupport_c.cpython-310-x86_64-linux-gnu.so
[2.306s] -- Up-to-date: /home/monica/ros2_pelota/install/linkattacher_msgs/lib/liblinkattacher_msgs__rosidl_generator_py.so
[2.307s] -- Up-to-date: /home/monica/ros2_pelota/install/linkattacher_msgs/share/linkattacher_msgs/srv/AttachLink.idl
[2.307s] -- Up-to-date: /home/monica/ros2_pelota/install/linkattacher_msgs/share/linkattacher_msgs/srv/DetachLink.idl
[2.308s] -- Up-to-date: /home/monica/ros2_pelota/install/linkattacher_msgs/share/linkattacher_msgs/srv/AttachLink.srv
[2.308s] -- Up-to-date: /home/monica/ros2_pelota/install/linkattacher_msgs/share/linkattacher_msgs/srv/AttachLink_Request.msg
[2.308s] -- Up-to-date: /home/monica/ros2_pelota/install/linkattacher_msgs/share/linkattacher_msgs/srv/AttachLink_Response.msg
[2.309s] -- Up-to-date: /home/monica/ros2_pelota/install/linkattacher_msgs/share/linkattacher_msgs/srv/DetachLink.srv
[2.309s] -- Up-to-date: /home/monica/ros2_pelota/install/linkattacher_msgs/share/linkattacher_msgs/srv/DetachLink_Request.msg
[2.310s] -- Up-to-date: /home/monica/ros2_pelota/install/linkattacher_msgs/share/linkattacher_msgs/srv/DetachLink_Response.msg
[2.310s] -- Up-to-date: /home/monica/ros2_pelota/install/linkattacher_msgs/share/ament_index/resource_index/package_run_dependencies/linkattacher_msgs
[2.311s] -- Up-to-date: /home/monica/ros2_pelota/install/linkattacher_msgs/share/ament_index/resource_index/parent_prefix_path/linkattacher_msgs
[2.311s] -- Up-to-date: /home/monica/ros2_pelota/install/linkattacher_msgs/share/linkattacher_msgs/environment/ament_prefix_path.sh
[2.311s] -- Up-to-date: /home/monica/ros2_pelota/install/linkattacher_msgs/share/linkattacher_msgs/environment/ament_prefix_path.dsv
[2.312s] -- Up-to-date: /home/monica/ros2_pelota/install/linkattacher_msgs/share/linkattacher_msgs/environment/path.sh
[2.312s] -- Up-to-date: /home/monica/ros2_pelota/install/linkattacher_msgs/share/linkattacher_msgs/environment/path.dsv
[2.313s] -- Up-to-date: /home/monica/ros2_pelota/install/linkattacher_msgs/share/linkattacher_msgs/local_setup.bash
[2.313s] -- Up-to-date: /home/monica/ros2_pelota/install/linkattacher_msgs/share/linkattacher_msgs/local_setup.sh
[2.313s] -- Up-to-date: /home/monica/ros2_pelota/install/linkattacher_msgs/share/linkattacher_msgs/local_setup.zsh
[2.314s] -- Up-to-date: /home/monica/ros2_pelota/install/linkattacher_msgs/share/linkattacher_msgs/local_setup.dsv
[2.314s] -- Installing: /home/monica/ros2_pelota/install/linkattacher_msgs/share/linkattacher_msgs/package.dsv
[2.315s] -- Up-to-date: /home/monica/ros2_pelota/install/linkattacher_msgs/share/ament_index/resource_index/packages/linkattacher_msgs
[2.316s] -- Up-to-date: /home/monica/ros2_pelota/install/linkattacher_msgs/share/linkattacher_msgs/cmake/export_linkattacher_msgs__rosidl_generator_cExport.cmake
[2.316s] -- Up-to-date: /home/monica/ros2_pelota/install/linkattacher_msgs/share/linkattacher_msgs/cmake/export_linkattacher_msgs__rosidl_generator_cExport-noconfig.cmake
[2.317s] -- Up-to-date: /home/monica/ros2_pelota/install/linkattacher_msgs/share/linkattacher_msgs/cmake/export_linkattacher_msgs__rosidl_typesupport_fastrtps_cExport.cmake
[2.317s] -- Up-to-date: /home/monica/ros2_pelota/install/linkattacher_msgs/share/linkattacher_msgs/cmake/export_linkattacher_msgs__rosidl_typesupport_fastrtps_cExport-noconfig.cmake
[2.318s] -- Up-to-date: /home/monica/ros2_pelota/install/linkattacher_msgs/share/linkattacher_msgs/cmake/linkattacher_msgs__rosidl_typesupport_introspection_cExport.cmake
[2.318s] -- Up-to-date: /home/monica/ros2_pelota/install/linkattacher_msgs/share/linkattacher_msgs/cmake/linkattacher_msgs__rosidl_typesupport_introspection_cExport-noconfig.cmake
[2.319s] -- Up-to-date: /home/monica/ros2_pelota/install/linkattacher_msgs/share/linkattacher_msgs/cmake/linkattacher_msgs__rosidl_typesupport_cExport.cmake
[2.319s] -- Up-to-date: /home/monica/ros2_pelota/install/linkattacher_msgs/share/linkattacher_msgs/cmake/linkattacher_msgs__rosidl_typesupport_cExport-noconfig.cmake
[2.320s] -- Up-to-date: /home/monica/ros2_pelota/install/linkattacher_msgs/share/linkattacher_msgs/cmake/export_linkattacher_msgs__rosidl_generator_cppExport.cmake
[2.321s] -- Up-to-date: /home/monica/ros2_pelota/install/linkattacher_msgs/share/linkattacher_msgs/cmake/export_linkattacher_msgs__rosidl_typesupport_fastrtps_cppExport.cmake
[2.321s] -- Up-to-date: /home/monica/ros2_pelota/install/linkattacher_msgs/share/linkattacher_msgs/cmake/export_linkattacher_msgs__rosidl_typesupport_fastrtps_cppExport-noconfig.cmake
[2.321s] -- Up-to-date: /home/monica/ros2_pelota/install/linkattacher_msgs/share/linkattacher_msgs/cmake/linkattacher_msgs__rosidl_typesupport_introspection_cppExport.cmake
[2.322s] -- Up-to-date: /home/monica/ros2_pelota/install/linkattacher_msgs/share/linkattacher_msgs/cmake/linkattacher_msgs__rosidl_typesupport_introspection_cppExport-noconfig.cmake
[2.322s] -- Up-to-date: /home/monica/ros2_pelota/install/linkattacher_msgs/share/linkattacher_msgs/cmake/linkattacher_msgs__rosidl_typesupport_cppExport.cmake
[2.323s] -- Up-to-date: /home/monica/ros2_pelota/install/linkattacher_msgs/share/linkattacher_msgs/cmake/linkattacher_msgs__rosidl_typesupport_cppExport-noconfig.cmake
[2.325s] -- Up-to-date: /home/monica/ros2_pelota/install/linkattacher_msgs/share/linkattacher_msgs/cmake/export_linkattacher_msgs__rosidl_generator_pyExport.cmake
[2.325s] -- Up-to-date: /home/monica/ros2_pelota/install/linkattacher_msgs/share/linkattacher_msgs/cmake/export_linkattacher_msgs__rosidl_generator_pyExport-noconfig.cmake
[2.325s] -- Up-to-date: /home/monica/ros2_pelota/install/linkattacher_msgs/share/linkattacher_msgs/cmake/rosidl_cmake-extras.cmake
[2.325s] -- Up-to-date: /home/monica/ros2_pelota/install/linkattacher_msgs/share/linkattacher_msgs/cmake/ament_cmake_export_dependencies-extras.cmake
[2.326s] -- Up-to-date: /home/monica/ros2_pelota/install/linkattacher_msgs/share/linkattacher_msgs/cmake/ament_cmake_export_include_directories-extras.cmake
[2.326s] -- Up-to-date: /home/monica/ros2_pelota/install/linkattacher_msgs/share/linkattacher_msgs/cmake/ament_cmake_export_libraries-extras.cmake
[2.326s] -- Up-to-date: /home/monica/ros2_pelota/install/linkattacher_msgs/share/linkattacher_msgs/cmake/ament_cmake_export_targets-extras.cmake
[2.326s] -- Up-to-date: /home/monica/ros2_pelota/install/linkattacher_msgs/share/linkattacher_msgs/cmake/rosidl_cmake_export_typesupport_targets-extras.cmake
[2.326s] -- Up-to-date: /home/monica/ros2_pelota/install/linkattacher_msgs/share/linkattacher_msgs/cmake/rosidl_cmake_export_typesupport_libraries-extras.cmake
[2.328s] -- Up-to-date: /home/monica/ros2_pelota/install/linkattacher_msgs/share/linkattacher_msgs/cmake/linkattacher_msgsConfig.cmake
[2.328s] -- Up-to-date: /home/monica/ros2_pelota/install/linkattacher_msgs/share/linkattacher_msgs/cmake/linkattacher_msgsConfig-version.cmake
[2.328s] -- Up-to-date: /home/monica/ros2_pelota/install/linkattacher_msgs/share/linkattacher_msgs/package.xml
[2.333s] Invoked command in '/home/monica/ros2_pelota/build/linkattacher_msgs' returned '0': CMAKE_PREFIX_PATH=${CMAKE_PREFIX_PATH}:/opt/ros/iron /usr/bin/cmake --install /home/monica/ros2_pelota/build/linkattacher_msgs
