[0.143s] Invoking command in '/home/monica/ros2_pelota/build/xolobot_arm_server': CMAKE_PREFIX_PATH=/home/monica/ros2_pelota/install/linkattacher_msgs:/home/monica/ros2_pelota/install/xolobot_control:/home/monica/ros2_pelota/install/xolobot_arm_server:/home/monica/ros2_pelota/install/xolobot_arm:/home/monica/ros2_pelota/install/ros2_linkattacher:/home/monica/ros2_ws/install/xolobot_control:/home/monica/ros2_ws/install/xolobot_arm_server:/home/monica/ros2_ws/install/xolobot_arm:/opt/ros/iron LD_LIBRARY_PATH=/home/monica/ros2_pelota/install/linkattacher_msgs/lib:/home/monica/ros2_pelota/install/ros2_linkattacher/lib:/usr/lib/x86_64-linux-gnu/gazebo-11/plugins:/opt/ros/iron/opt/rviz_ogre_vendor/lib:/opt/ros/iron/lib/x86_64-linux-gnu:/opt/ros/iron/lib:/opt/ros/iron/lib /usr/bin/cmake --build /home/monica/ros2_pelota/build/xolobot_arm_server -- -j2 -l2
[0.954s] [35m[1mConsolidate compiler generated dependencies of target xolobot_arm_server[0m
[1.475s] [100%] Built target xolobot_arm_server
[1.551s] Invoked command in '/home/monica/ros2_pelota/build/xolobot_arm_server' returned '0': CMAKE_PREFIX_PATH=/home/monica/ros2_pelota/install/linkattacher_msgs:/home/monica/ros2_pelota/install/xolobot_control:/home/monica/ros2_pelota/install/xolobot_arm_server:/home/monica/ros2_pelota/install/xolobot_arm:/home/monica/ros2_pelota/install/ros2_linkattacher:/home/monica/ros2_ws/install/xolobot_control:/home/monica/ros2_ws/install/xolobot_arm_server:/home/monica/ros2_ws/install/xolobot_arm:/opt/ros/iron LD_LIBRARY_PATH=/home/monica/ros2_pelota/install/linkattacher_msgs/lib:/home/monica/ros2_pelota/install/ros2_linkattacher/lib:/usr/lib/x86_64-linux-gnu/gazebo-11/plugins:/opt/ros/iron/opt/rviz_ogre_vendor/lib:/opt/ros/iron/lib/x86_64-linux-gnu:/opt/ros/iron/lib:/opt/ros/iron/lib /usr/bin/cmake --build /home/monica/ros2_pelota/build/xolobot_arm_server -- -j2 -l2
[1.558s] Invoking command in '/home/monica/ros2_pelota/build/xolobot_arm_server': CMAKE_PREFIX_PATH=/home/monica/ros2_pelota/install/linkattacher_msgs:/home/monica/ros2_pelota/install/xolobot_control:/home/monica/ros2_pelota/install/xolobot_arm_server:/home/monica/ros2_pelota/install/xolobot_arm:/home/monica/ros2_pelota/install/ros2_linkattacher:/home/monica/ros2_ws/install/xolobot_control:/home/monica/ros2_ws/install/xolobot_arm_server:/home/monica/ros2_ws/install/xolobot_arm:/opt/ros/iron LD_LIBRARY_PATH=/home/monica/ros2_pelota/install/linkattacher_msgs/lib:/home/monica/ros2_pelota/install/ros2_linkattacher/lib:/usr/lib/x86_64-linux-gnu/gazebo-11/plugins:/opt/ros/iron/opt/rviz_ogre_vendor/lib:/opt/ros/iron/lib/x86_64-linux-gnu:/opt/ros/iron/lib:/opt/ros/iron/lib /usr/bin/cmake --install /home/monica/ros2_pelota/build/xolobot_arm_server
[1.614s] -- Install configuration: ""
[1.627s] -- Up-to-date: /home/monica/ros2_pelota/install/xolobot_arm_server/lib/xolobot_arm_server/xolobot_arm_server
[1.628s] -- Up-to-date: /home/monica/ros2_pelota/install/xolobot_arm_server/share/ament_index/resource_index/package_run_dependencies/xolobot_arm_server
[1.630s] -- Up-to-date: /home/monica/ros2_pelota/install/xolobot_arm_server/share/ament_index/resource_index/parent_prefix_path/xolobot_arm_server
[1.631s] -- Up-to-date: /home/monica/ros2_pelota/install/xolobot_arm_server/share/xolobot_arm_server/environment/ament_prefix_path.sh
[1.635s] -- Up-to-date: /home/monica/ros2_pelota/install/xolobot_arm_server/share/xolobot_arm_server/environment/ament_prefix_path.dsv
[1.636s] -- Up-to-date: /home/monica/ros2_pelota/install/xolobot_arm_server/share/xolobot_arm_server/environment/path.sh
[1.636s] -- Up-to-date: /home/monica/ros2_pelota/install/xolobot_arm_server/share/xolobot_arm_server/environment/path.dsv
[1.641s] -- Up-to-date: /home/monica/ros2_pelota/install/xolobot_arm_server/share/xolobot_arm_server/local_setup.bash
[1.642s] -- Up-to-date: /home/monica/ros2_pelota/install/xolobot_arm_server/share/xolobot_arm_server/local_setup.sh
[1.645s] -- Up-to-date: /home/monica/ros2_pelota/install/xolobot_arm_server/share/xolobot_arm_server/local_setup.zsh
[1.646s] -- Up-to-date: /home/monica/ros2_pelota/install/xolobot_arm_server/share/xolobot_arm_server/local_setup.dsv
[1.647s] -- Installing: /home/monica/ros2_pelota/install/xolobot_arm_server/share/xolobot_arm_server/package.dsv
[1.648s] -- Up-to-date: /home/monica/ros2_pelota/install/xolobot_arm_server/share/ament_index/resource_index/packages/xolobot_arm_server
[1.653s] -- Up-to-date: /home/monica/ros2_pelota/install/xolobot_arm_server/share/xolobot_arm_server/cmake/xolobot_arm_serverConfig.cmake
[1.653s] -- Up-to-date: /home/monica/ros2_pelota/install/xolobot_arm_server/share/xolobot_arm_server/cmake/xolobot_arm_serverConfig-version.cmake
[1.654s] -- Up-to-date: /home/monica/ros2_pelota/install/xolobot_arm_server/share/xolobot_arm_server/package.xml
[1.662s] Invoked command in '/home/monica/ros2_pelota/build/xolobot_arm_server' returned '0': CMAKE_PREFIX_PATH=/home/monica/ros2_pelota/install/linkattacher_msgs:/home/monica/ros2_pelota/install/xolobot_control:/home/monica/ros2_pelota/install/xolobot_arm_server:/home/monica/ros2_pelota/install/xolobot_arm:/home/monica/ros2_pelota/install/ros2_linkattacher:/home/monica/ros2_ws/install/xolobot_control:/home/monica/ros2_ws/install/xolobot_arm_server:/home/monica/ros2_ws/install/xolobot_arm:/opt/ros/iron LD_LIBRARY_PATH=/home/monica/ros2_pelota/install/linkattacher_msgs/lib:/home/monica/ros2_pelota/install/ros2_linkattacher/lib:/usr/lib/x86_64-linux-gnu/gazebo-11/plugins:/opt/ros/iron/opt/rviz_ogre_vendor/lib:/opt/ros/iron/lib/x86_64-linux-gnu:/opt/ros/iron/lib:/opt/ros/iron/lib /usr/bin/cmake --install /home/monica/ros2_pelota/build/xolobot_arm_server
