[0.067s] Invoking command in '/home/monica/ros2_pelota/build/xolobot_control': CMAKE_PREFIX_PATH=${CMAKE_PREFIX_PATH}:/opt/ros/iron /usr/bin/cmake --build /home/monica/ros2_pelota/build/xolobot_control -- -j2 -l2
[0.249s] Invoked command in '/home/monica/ros2_pelota/build/xolobot_control' returned '0': CMAKE_PREFIX_PATH=${CMAKE_PREFIX_PATH}:/opt/ros/iron /usr/bin/cmake --build /home/monica/ros2_pelota/build/xolobot_control -- -j2 -l2
[0.257s] Invoking command in '/home/monica/ros2_pelota/build/xolobot_control': CMAKE_PREFIX_PATH=${CMAKE_PREFIX_PATH}:/opt/ros/iron /usr/bin/cmake --install /home/monica/ros2_pelota/build/xolobot_control
[0.296s] -- Install configuration: ""
[0.297s] -- Up-to-date: /home/monica/ros2_pelota/install/xolobot_control/share/xolobot_control/config
[0.298s] -- Up-to-date: /home/monica/ros2_pelota/install/xolobot_control/share/xolobot_control/config/xolobot_control.yaml
[0.299s] -- Up-to-date: /home/monica/ros2_pelota/install/xolobot_control/share/xolobot_control/launch
[0.299s] -- Up-to-date: /home/monica/ros2_pelota/install/xolobot_control/share/xolobot_control/launch/xolobot_control.launch.py
[0.300s] -- Up-to-date: /home/monica/ros2_pelota/install/xolobot_control/share/ament_index/resource_index/package_run_dependencies/xolobot_control
[0.300s] -- Up-to-date: /home/monica/ros2_pelota/install/xolobot_control/share/ament_index/resource_index/parent_prefix_path/xolobot_control
[0.301s] -- Up-to-date: /home/monica/ros2_pelota/install/xolobot_control/share/xolobot_control/environment/ament_prefix_path.sh
[0.301s] -- Up-to-date: /home/monica/ros2_pelota/install/xolobot_control/share/xolobot_control/environment/ament_prefix_path.dsv
[0.301s] -- Up-to-date: /home/monica/ros2_pelota/install/xolobot_control/share/xolobot_control/environment/path.sh
[0.301s] -- Up-to-date: /home/monica/ros2_pelota/install/xolobot_control/share/xolobot_control/environment/path.dsv
[0.302s] -- Up-to-date: /home/monica/ros2_pelota/install/xolobot_control/share/xolobot_control/local_setup.bash
[0.302s] -- Up-to-date: /home/monica/ros2_pelota/install/xolobot_control/share/xolobot_control/local_setup.sh
[0.307s] -- Up-to-date: /home/monica/ros2_pelota/install/xolobot_control/share/xolobot_control/local_setup.zsh
[0.307s] -- Up-to-date: /home/monica/ros2_pelota/install/xolobot_control/share/xolobot_control/local_setup.dsv
[0.307s] -- Installing: /home/monica/ros2_pelota/install/xolobot_control/share/xolobot_control/package.dsv
[0.308s] -- Up-to-date: /home/monica/ros2_pelota/install/xolobot_control/share/ament_index/resource_index/packages/xolobot_control
[0.308s] -- Up-to-date: /home/monica/ros2_pelota/install/xolobot_control/share/xolobot_control/cmake/xolobot_controlConfig.cmake
[0.308s] -- Up-to-date: /home/monica/ros2_pelota/install/xolobot_control/share/xolobot_control/cmake/xolobot_controlConfig-version.cmake
[0.309s] -- Up-to-date: /home/monica/ros2_pelota/install/xolobot_control/share/xolobot_control/package.xml
[0.312s] Invoked command in '/home/monica/ros2_pelota/build/xolobot_control' returned '0': CMAKE_PREFIX_PATH=${CMAKE_PREFIX_PATH}:/opt/ros/iron /usr/bin/cmake --install /home/monica/ros2_pelota/build/xolobot_control
