[0.076s] Invoking command in '/home/monica/ros2_pelota/build/linkattacher_msgs': CMAKE_PREFIX_PATH=${CMAKE_PREFIX_PATH}:/opt/ros/iron /usr/bin/cmake --build /home/monica/ros2_pelota/build/linkattacher_msgs -- -j2 -l2
[0.374s] [  2%] Built target linkattacher_msgs__rosidl_generator_type_description
[0.547s] [  2%] Built target ament_cmake_python_copy_linkattacher_msgs
[0.766s] [ 20%] Built target linkattacher_msgs__rosidl_generator_c
[0.929s] [ 22%] Built target linkattacher_msgs__cpp
[2.327s] running egg_info
[2.330s] writing linkattacher_msgs.egg-info/PKG-INFO
[2.330s] writing dependency_links to linkattacher_msgs.egg-info/dependency_links.txt
[2.333s] writing top-level names to linkattacher_msgs.egg-info/top_level.txt
[2.339s] reading manifest file 'linkattacher_msgs.egg-info/SOURCES.txt'
[2.343s] writing manifest file 'linkattacher_msgs.egg-info/SOURCES.txt'
[2.450s] [ 22%] Built target ament_cmake_python_build_linkattacher_msgs_egg
[2.553s] [ 31%] Built target linkattacher_msgs__rosidl_typesupport_fastrtps_c
[2.636s] [ 40%] Built target linkattacher_msgs__rosidl_typesupport_introspection_c
[2.726s] [ 50%] Built target linkattacher_msgs__rosidl_typesupport_c
[2.819s] [ 59%] Built target linkattacher_msgs__rosidl_typesupport_fastrtps_cpp
[2.981s] [ 68%] Built target linkattacher_msgs__rosidl_typesupport_introspection_cpp
[3.126s] [ 77%] Built target linkattacher_msgs__rosidl_typesupport_cpp
[3.266s] [ 77%] Built target linkattacher_msgs
[3.402s] [ 79%] Built target linkattacher_msgs__py
[3.507s] [ 86%] Built target linkattacher_msgs__rosidl_generator_py
[3.607s] [ 90%] Built target linkattacher_msgs__rosidl_typesupport_fastrtps_c__pyext
[3.717s] [ 95%] Built target linkattacher_msgs__rosidl_typesupport_introspection_c__pyext
[3.834s] [100%] Built target linkattacher_msgs__rosidl_typesupport_c__pyext
[3.899s] Invoked command in '/home/monica/ros2_pelota/build/linkattacher_msgs' returned '0': CMAKE_PREFIX_PATH=${CMAKE_PREFIX_PATH}:/opt/ros/iron /usr/bin/cmake --build /home/monica/ros2_pelota/build/linkattacher_msgs -- -j2 -l2
[3.908s] Invoking command in '/home/monica/ros2_pelota/build/linkattacher_msgs': CMAKE_PREFIX_PATH=${CMAKE_PREFIX_PATH}:/opt/ros/iron /usr/bin/cmake --install /home/monica/ros2_pelota/build/linkattacher_msgs
[3.967s] -- Install configuration: ""
[3.969s] -- Up-to-date: /home/monica/ros2_pelota/install/linkattacher_msgs/share/linkattacher_msgs/srv
[3.970s] -- Up-to-date: /home/monica/ros2_pelota/install/linkattacher_msgs/share/linkattacher_msgs/srv/DetachLink.srv
[3.971s] -- Up-to-date: /home/monica/ros2_pelota/install/linkattacher_msgs/share/linkattacher_msgs/srv/AttachLink.srv
[3.972s] -- Up-to-date: /home/monica/ros2_pelota/install/linkattacher_msgs/share/ament_index/resource_index/rosidl_interfaces/linkattacher_msgs
[3.974s] -- Up-to-date: /home/monica/ros2_pelota/install/linkattacher_msgs/share/linkattacher_msgs/srv/AttachLink.json
[3.975s] -- Up-to-date: /home/monica/ros2_pelota/install/linkattacher_msgs/share/linkattacher_msgs/srv/DetachLink.json
[3.975s] -- Up-to-date: /home/monica/ros2_pelota/install/linkattacher_msgs/include/linkattacher_msgs/linkattacher_msgs
[3.976s] -- Up-to-date: /home/monica/ros2_pelota/install/linkattacher_msgs/include/linkattacher_msgs/linkattacher_msgs/srv
[3.979s] -- Up-to-date: /home/monica/ros2_pelota/install/linkattacher_msgs/include/linkattacher_msgs/linkattacher_msgs/srv/attach_link.h
[3.979s] -- Up-to-date: /home/monica/ros2_pelota/install/linkattacher_msgs/include/linkattacher_msgs/linkattacher_msgs/srv/detach_link.h
[3.980s] -- Up-to-date: /home/monica/ros2_pelota/install/linkattacher_msgs/include/linkattacher_msgs/linkattacher_msgs/srv/detail
[3.981s] -- Installing: /home/monica/ros2_pelota/install/linkattacher_msgs/include/linkattacher_msgs/linkattacher_msgs/srv/detail/detach_link__type_support.c
[3.982s] -- Up-to-date: /home/monica/ros2_pelota/install/linkattacher_msgs/include/linkattacher_msgs/linkattacher_msgs/srv/detail/detach_link__functions.c
[3.983s] -- Up-to-date: /home/monica/ros2_pelota/install/linkattacher_msgs/include/linkattacher_msgs/linkattacher_msgs/srv/detail/detach_link__type_support.h
[3.984s] -- Installing: /home/monica/ros2_pelota/install/linkattacher_msgs/include/linkattacher_msgs/linkattacher_msgs/srv/detail/attach_link__type_support.c
[3.985s] -- Up-to-date: /home/monica/ros2_pelota/install/linkattacher_msgs/include/linkattacher_msgs/linkattacher_msgs/srv/detail/detach_link__struct.h
[3.985s] -- Up-to-date: /home/monica/ros2_pelota/install/linkattacher_msgs/include/linkattacher_msgs/linkattacher_msgs/srv/detail/detach_link__functions.h
[3.985s] -- Up-to-date: /home/monica/ros2_pelota/install/linkattacher_msgs/include/linkattacher_msgs/linkattacher_msgs/srv/detail/attach_link__functions.h
[3.987s] -- Up-to-date: /home/monica/ros2_pelota/install/linkattacher_msgs/include/linkattacher_msgs/linkattacher_msgs/srv/detail/detach_link__description.c
[3.988s] -- Up-to-date: /home/monica/ros2_pelota/install/linkattacher_msgs/include/linkattacher_msgs/linkattacher_msgs/srv/detail/attach_link__functions.c
[3.989s] -- Up-to-date: /home/monica/ros2_pelota/install/linkattacher_msgs/include/linkattacher_msgs/linkattacher_msgs/srv/detail/attach_link__struct.h
[3.990s] -- Up-to-date: /home/monica/ros2_pelota/install/linkattacher_msgs/include/linkattacher_msgs/linkattacher_msgs/srv/detail/attach_link__description.c
[3.993s] -- Up-to-date: /home/monica/ros2_pelota/install/linkattacher_msgs/include/linkattacher_msgs/linkattacher_msgs/srv/detail/attach_link__type_support.h
[3.993s] -- Up-to-date: /home/monica/ros2_pelota/install/linkattacher_msgs/include/linkattacher_msgs/linkattacher_msgs/msg
[3.993s] -- Up-to-date: /home/monica/ros2_pelota/install/linkattacher_msgs/include/linkattacher_msgs/linkattacher_msgs/msg/rosidl_generator_c__visibility_control.h
[3.996s] -- Up-to-date: /home/monica/ros2_pelota/install/linkattacher_msgs/share/linkattacher_msgs/environment/library_path.sh
[4.000s] -- Up-to-date: /home/monica/ros2_pelota/install/linkattacher_msgs/share/linkattacher_msgs/environment/library_path.dsv
[4.000s] -- Up-to-date: /home/monica/ros2_pelota/install/linkattacher_msgs/lib/liblinkattacher_msgs__rosidl_generator_c.so
[4.000s] -- Up-to-date: /home/monica/ros2_pelota/install/linkattacher_msgs/include/linkattacher_msgs/linkattacher_msgs
[4.001s] -- Up-to-date: /home/monica/ros2_pelota/install/linkattacher_msgs/include/linkattacher_msgs/linkattacher_msgs/srv
[4.002s] -- Up-to-date: /home/monica/ros2_pelota/install/linkattacher_msgs/include/linkattacher_msgs/linkattacher_msgs/srv/detail
[4.004s] -- Up-to-date: /home/monica/ros2_pelota/install/linkattacher_msgs/include/linkattacher_msgs/linkattacher_msgs/srv/detail/attach_link__rosidl_typesupport_fastrtps_c.h
[4.005s] -- Up-to-date: /home/monica/ros2_pelota/install/linkattacher_msgs/include/linkattacher_msgs/linkattacher_msgs/srv/detail/detach_link__rosidl_typesupport_fastrtps_c.h
[4.006s] -- Up-to-date: /home/monica/ros2_pelota/install/linkattacher_msgs/include/linkattacher_msgs/linkattacher_msgs/msg
[4.007s] -- Up-to-date: /home/monica/ros2_pelota/install/linkattacher_msgs/include/linkattacher_msgs/linkattacher_msgs/msg/rosidl_typesupport_fastrtps_c__visibility_control.h
[4.008s] -- Up-to-date: /home/monica/ros2_pelota/install/linkattacher_msgs/lib/liblinkattacher_msgs__rosidl_typesupport_fastrtps_c.so
[4.009s] -- Up-to-date: /home/monica/ros2_pelota/install/linkattacher_msgs/include/linkattacher_msgs/linkattacher_msgs
[4.009s] -- Up-to-date: /home/monica/ros2_pelota/install/linkattacher_msgs/include/linkattacher_msgs/linkattacher_msgs/srv
[4.010s] -- Up-to-date: /home/monica/ros2_pelota/install/linkattacher_msgs/include/linkattacher_msgs/linkattacher_msgs/srv/detail
[4.010s] -- Installing: /home/monica/ros2_pelota/install/linkattacher_msgs/include/linkattacher_msgs/linkattacher_msgs/srv/detail/detach_link__type_support.c
[4.010s] -- Installing: /home/monica/ros2_pelota/install/linkattacher_msgs/include/linkattacher_msgs/linkattacher_msgs/srv/detail/attach_link__type_support.c
[4.011s] -- Up-to-date: /home/monica/ros2_pelota/install/linkattacher_msgs/include/linkattacher_msgs/linkattacher_msgs/srv/detail/attach_link__rosidl_typesupport_introspection_c.h
[4.011s] -- Up-to-date: /home/monica/ros2_pelota/install/linkattacher_msgs/include/linkattacher_msgs/linkattacher_msgs/srv/detail/detach_link__rosidl_typesupport_introspection_c.h
[4.014s] -- Up-to-date: /home/monica/ros2_pelota/install/linkattacher_msgs/include/linkattacher_msgs/linkattacher_msgs/msg
[4.015s] -- Up-to-date: /home/monica/ros2_pelota/install/linkattacher_msgs/include/linkattacher_msgs/linkattacher_msgs/msg/rosidl_typesupport_introspection_c__visibility_control.h
[4.017s] -- Up-to-date: /home/monica/ros2_pelota/install/linkattacher_msgs/lib/liblinkattacher_msgs__rosidl_typesupport_introspection_c.so
[4.019s] -- Up-to-date: /home/monica/ros2_pelota/install/linkattacher_msgs/lib/liblinkattacher_msgs__rosidl_typesupport_c.so
[4.020s] -- Up-to-date: /home/monica/ros2_pelota/install/linkattacher_msgs/include/linkattacher_msgs/linkattacher_msgs
[4.020s] -- Up-to-date: /home/monica/ros2_pelota/install/linkattacher_msgs/include/linkattacher_msgs/linkattacher_msgs/srv
[4.021s] -- Up-to-date: /home/monica/ros2_pelota/install/linkattacher_msgs/include/linkattacher_msgs/linkattacher_msgs/srv/attach_link.hpp
[4.021s] -- Up-to-date: /home/monica/ros2_pelota/install/linkattacher_msgs/include/linkattacher_msgs/linkattacher_msgs/srv/detach_link.hpp
[4.023s] -- Up-to-date: /home/monica/ros2_pelota/install/linkattacher_msgs/include/linkattacher_msgs/linkattacher_msgs/srv/detail
[4.024s] -- Up-to-date: /home/monica/ros2_pelota/install/linkattacher_msgs/include/linkattacher_msgs/linkattacher_msgs/srv/detail/detach_link__struct.hpp
[4.024s] -- Up-to-date: /home/monica/ros2_pelota/install/linkattacher_msgs/include/linkattacher_msgs/linkattacher_msgs/srv/detail/attach_link__builder.hpp
[4.025s] -- Up-to-date: /home/monica/ros2_pelota/install/linkattacher_msgs/include/linkattacher_msgs/linkattacher_msgs/srv/detail/detach_link__traits.hpp
[4.027s] -- Up-to-date: /home/monica/ros2_pelota/install/linkattacher_msgs/include/linkattacher_msgs/linkattacher_msgs/srv/detail/detach_link__builder.hpp
[4.028s] -- Up-to-date: /home/monica/ros2_pelota/install/linkattacher_msgs/include/linkattacher_msgs/linkattacher_msgs/srv/detail/attach_link__struct.hpp
[4.028s] -- Up-to-date: /home/monica/ros2_pelota/install/linkattacher_msgs/include/linkattacher_msgs/linkattacher_msgs/srv/detail/attach_link__traits.hpp
[4.030s] -- Up-to-date: /home/monica/ros2_pelota/install/linkattacher_msgs/include/linkattacher_msgs/linkattacher_msgs
[4.030s] -- Up-to-date: /home/monica/ros2_pelota/install/linkattacher_msgs/include/linkattacher_msgs/linkattacher_msgs/srv
[4.031s] -- Up-to-date: /home/monica/ros2_pelota/install/linkattacher_msgs/include/linkattacher_msgs/linkattacher_msgs/srv/detail
[4.031s] -- Up-to-date: /home/monica/ros2_pelota/install/linkattacher_msgs/include/linkattacher_msgs/linkattacher_msgs/srv/detail/dds_fastrtps
[4.032s] -- Up-to-date: /home/monica/ros2_pelota/install/linkattacher_msgs/include/linkattacher_msgs/linkattacher_msgs/srv/detail/attach_link__rosidl_typesupport_fastrtps_cpp.hpp
[4.034s] -- Up-to-date: /home/monica/ros2_pelota/install/linkattacher_msgs/include/linkattacher_msgs/linkattacher_msgs/srv/detail/detach_link__rosidl_typesupport_fastrtps_cpp.hpp
[4.035s] -- Up-to-date: /home/monica/ros2_pelota/install/linkattacher_msgs/include/linkattacher_msgs/linkattacher_msgs/msg
[4.035s] -- Up-to-date: /home/monica/ros2_pelota/install/linkattacher_msgs/include/linkattacher_msgs/linkattacher_msgs/msg/rosidl_typesupport_fastrtps_cpp__visibility_control.h
[4.036s] -- Up-to-date: /home/monica/ros2_pelota/install/linkattacher_msgs/lib/liblinkattacher_msgs__rosidl_typesupport_fastrtps_cpp.so
[4.036s] -- Up-to-date: /home/monica/ros2_pelota/install/linkattacher_msgs/include/linkattacher_msgs/linkattacher_msgs
[4.037s] -- Up-to-date: /home/monica/ros2_pelota/install/linkattacher_msgs/include/linkattacher_msgs/linkattacher_msgs/srv
[4.038s] -- Up-to-date: /home/monica/ros2_pelota/install/linkattacher_msgs/include/linkattacher_msgs/linkattacher_msgs/srv/detail
[4.040s] -- Up-to-date: /home/monica/ros2_pelota/install/linkattacher_msgs/include/linkattacher_msgs/linkattacher_msgs/srv/detail/attach_link__type_support.cpp
[4.041s] -- Up-to-date: /home/monica/ros2_pelota/install/linkattacher_msgs/include/linkattacher_msgs/linkattacher_msgs/srv/detail/detach_link__rosidl_typesupport_introspection_cpp.hpp
[4.041s] -- Up-to-date: /home/monica/ros2_pelota/install/linkattacher_msgs/include/linkattacher_msgs/linkattacher_msgs/srv/detail/attach_link__rosidl_typesupport_introspection_cpp.hpp
[4.041s] -- Up-to-date: /home/monica/ros2_pelota/install/linkattacher_msgs/include/linkattacher_msgs/linkattacher_msgs/srv/detail/detach_link__type_support.cpp
[4.043s] -- Up-to-date: /home/monica/ros2_pelota/install/linkattacher_msgs/lib/liblinkattacher_msgs__rosidl_typesupport_introspection_cpp.so
[4.044s] -- Up-to-date: /home/monica/ros2_pelota/install/linkattacher_msgs/lib/liblinkattacher_msgs__rosidl_typesupport_cpp.so
[4.044s] -- Up-to-date: /home/monica/ros2_pelota/install/linkattacher_msgs/share/linkattacher_msgs/environment/pythonpath.sh
[4.044s] -- Up-to-date: /home/monica/ros2_pelota/install/linkattacher_msgs/share/linkattacher_msgs/environment/pythonpath.dsv
[4.045s] -- Up-to-date: /home/monica/ros2_pelota/install/linkattacher_msgs/lib/python3.10/site-packages/linkattacher_msgs-0.0.0-py3.10.egg-info
[4.046s] -- Installing: /home/monica/ros2_pelota/install/linkattacher_msgs/lib/python3.10/site-packages/linkattacher_msgs-0.0.0-py3.10.egg-info/PKG-INFO
[4.047s] -- Installing: /home/monica/ros2_pelota/install/linkattacher_msgs/lib/python3.10/site-packages/linkattacher_msgs-0.0.0-py3.10.egg-info/top_level.txt
[4.047s] -- Installing: /home/monica/ros2_pelota/install/linkattacher_msgs/lib/python3.10/site-packages/linkattacher_msgs-0.0.0-py3.10.egg-info/dependency_links.txt
[4.047s] -- Installing: /home/monica/ros2_pelota/install/linkattacher_msgs/lib/python3.10/site-packages/linkattacher_msgs-0.0.0-py3.10.egg-info/SOURCES.txt
[4.049s] -- Up-to-date: /home/monica/ros2_pelota/install/linkattacher_msgs/lib/python3.10/site-packages/linkattacher_msgs
[4.050s] -- Up-to-date: /home/monica/ros2_pelota/install/linkattacher_msgs/lib/python3.10/site-packages/linkattacher_msgs/liblinkattacher_msgs__rosidl_generator_py.so
[4.050s] -- Up-to-date: /home/monica/ros2_pelota/install/linkattacher_msgs/lib/python3.10/site-packages/linkattacher_msgs/_linkattacher_msgs_s.ep.rosidl_typesupport_c.c
[4.050s] -- Up-to-date: /home/monica/ros2_pelota/install/linkattacher_msgs/lib/python3.10/site-packages/linkattacher_msgs/_linkattacher_msgs_s.ep.rosidl_typesupport_introspection_c.c
[4.052s] -- Up-to-date: /home/monica/ros2_pelota/install/linkattacher_msgs/lib/python3.10/site-packages/linkattacher_msgs/srv
[4.053s] -- Up-to-date: /home/monica/ros2_pelota/install/linkattacher_msgs/lib/python3.10/site-packages/linkattacher_msgs/srv/_detach_link.py
[4.053s] -- Up-to-date: /home/monica/ros2_pelota/install/linkattacher_msgs/lib/python3.10/site-packages/linkattacher_msgs/srv/_attach_link_s.c
[4.053s] -- Up-to-date: /home/monica/ros2_pelota/install/linkattacher_msgs/lib/python3.10/site-packages/linkattacher_msgs/srv/__init__.py
[4.053s] -- Up-to-date: /home/monica/ros2_pelota/install/linkattacher_msgs/lib/python3.10/site-packages/linkattacher_msgs/srv/_attach_link.py
[4.054s] -- Up-to-date: /home/monica/ros2_pelota/install/linkattacher_msgs/lib/python3.10/site-packages/linkattacher_msgs/srv/_detach_link_s.c
[4.055s] -- Up-to-date: /home/monica/ros2_pelota/install/linkattacher_msgs/lib/python3.10/site-packages/linkattacher_msgs/linkattacher_msgs_s__rosidl_typesupport_c.cpython-310-x86_64-linux-gnu.so
[4.056s] -- Up-to-date: /home/monica/ros2_pelota/install/linkattacher_msgs/lib/python3.10/site-packages/linkattacher_msgs/__init__.py
[4.057s] -- Up-to-date: /home/monica/ros2_pelota/install/linkattacher_msgs/lib/python3.10/site-packages/linkattacher_msgs/linkattacher_msgs_s__rosidl_typesupport_fastrtps_c.cpython-310-x86_64-linux-gnu.so
[4.057s] -- Up-to-date: /home/monica/ros2_pelota/install/linkattacher_msgs/lib/python3.10/site-packages/linkattacher_msgs/_linkattacher_msgs_s.ep.rosidl_typesupport_fastrtps_c.c
[4.057s] -- Up-to-date: /home/monica/ros2_pelota/install/linkattacher_msgs/lib/python3.10/site-packages/linkattacher_msgs/linkattacher_msgs_s__rosidl_typesupport_introspection_c.cpython-310-x86_64-linux-gnu.so
[4.189s] Listing '/home/monica/ros2_pelota/install/linkattacher_msgs/lib/python3.10/site-packages/linkattacher_msgs'...
[4.192s] Listing '/home/monica/ros2_pelota/install/linkattacher_msgs/lib/python3.10/site-packages/linkattacher_msgs/srv'...
[4.229s] -- Up-to-date: /home/monica/ros2_pelota/install/linkattacher_msgs/lib/python3.10/site-packages/linkattacher_msgs/linkattacher_msgs_s__rosidl_typesupport_fastrtps_c.cpython-310-x86_64-linux-gnu.so
[4.233s] -- Up-to-date: /home/monica/ros2_pelota/install/linkattacher_msgs/lib/python3.10/site-packages/linkattacher_msgs/linkattacher_msgs_s__rosidl_typesupport_introspection_c.cpython-310-x86_64-linux-gnu.so
[4.238s] -- Up-to-date: /home/monica/ros2_pelota/install/linkattacher_msgs/lib/python3.10/site-packages/linkattacher_msgs/linkattacher_msgs_s__rosidl_typesupport_c.cpython-310-x86_64-linux-gnu.so
[4.252s] -- Up-to-date: /home/monica/ros2_pelota/install/linkattacher_msgs/lib/liblinkattacher_msgs__rosidl_generator_py.so
[4.252s] -- Up-to-date: /home/monica/ros2_pelota/install/linkattacher_msgs/share/linkattacher_msgs/srv/AttachLink.idl
[4.252s] -- Up-to-date: /home/monica/ros2_pelota/install/linkattacher_msgs/share/linkattacher_msgs/srv/DetachLink.idl
[4.253s] -- Up-to-date: /home/monica/ros2_pelota/install/linkattacher_msgs/share/linkattacher_msgs/srv/AttachLink.srv
[4.259s] -- Up-to-date: /home/monica/ros2_pelota/install/linkattacher_msgs/share/linkattacher_msgs/srv/AttachLink_Request.msg
[4.260s] -- Up-to-date: /home/monica/ros2_pelota/install/linkattacher_msgs/share/linkattacher_msgs/srv/AttachLink_Response.msg
[4.261s] -- Up-to-date: /home/monica/ros2_pelota/install/linkattacher_msgs/share/linkattacher_msgs/srv/DetachLink.srv
[4.264s] -- Up-to-date: /home/monica/ros2_pelota/install/linkattacher_msgs/share/linkattacher_msgs/srv/DetachLink_Request.msg
[4.267s] -- Up-to-date: /home/monica/ros2_pelota/install/linkattacher_msgs/share/linkattacher_msgs/srv/DetachLink_Response.msg
[4.269s] -- Up-to-date: /home/monica/ros2_pelota/install/linkattacher_msgs/share/ament_index/resource_index/package_run_dependencies/linkattacher_msgs
[4.273s] -- Up-to-date: /home/monica/ros2_pelota/install/linkattacher_msgs/share/ament_index/resource_index/parent_prefix_path/linkattacher_msgs
[4.277s] -- Up-to-date: /home/monica/ros2_pelota/install/linkattacher_msgs/share/linkattacher_msgs/environment/ament_prefix_path.sh
[4.278s] -- Up-to-date: /home/monica/ros2_pelota/install/linkattacher_msgs/share/linkattacher_msgs/environment/ament_prefix_path.dsv
[4.279s] -- Up-to-date: /home/monica/ros2_pelota/install/linkattacher_msgs/share/linkattacher_msgs/environment/path.sh
[4.284s] -- Up-to-date: /home/monica/ros2_pelota/install/linkattacher_msgs/share/linkattacher_msgs/environment/path.dsv
[4.285s] -- Up-to-date: /home/monica/ros2_pelota/install/linkattacher_msgs/share/linkattacher_msgs/local_setup.bash
[4.287s] -- Up-to-date: /home/monica/ros2_pelota/install/linkattacher_msgs/share/linkattacher_msgs/local_setup.sh
[4.289s] -- Up-to-date: /home/monica/ros2_pelota/install/linkattacher_msgs/share/linkattacher_msgs/local_setup.zsh
[4.292s] -- Up-to-date: /home/monica/ros2_pelota/install/linkattacher_msgs/share/linkattacher_msgs/local_setup.dsv
[4.293s] -- Installing: /home/monica/ros2_pelota/install/linkattacher_msgs/share/linkattacher_msgs/package.dsv
[4.294s] -- Up-to-date: /home/monica/ros2_pelota/install/linkattacher_msgs/share/ament_index/resource_index/packages/linkattacher_msgs
[4.295s] -- Up-to-date: /home/monica/ros2_pelota/install/linkattacher_msgs/share/linkattacher_msgs/cmake/export_linkattacher_msgs__rosidl_generator_cExport.cmake
[4.296s] -- Up-to-date: /home/monica/ros2_pelota/install/linkattacher_msgs/share/linkattacher_msgs/cmake/export_linkattacher_msgs__rosidl_generator_cExport-noconfig.cmake
[4.297s] -- Up-to-date: /home/monica/ros2_pelota/install/linkattacher_msgs/share/linkattacher_msgs/cmake/export_linkattacher_msgs__rosidl_typesupport_fastrtps_cExport.cmake
[4.298s] -- Up-to-date: /home/monica/ros2_pelota/install/linkattacher_msgs/share/linkattacher_msgs/cmake/export_linkattacher_msgs__rosidl_typesupport_fastrtps_cExport-noconfig.cmake
[4.299s] -- Up-to-date: /home/monica/ros2_pelota/install/linkattacher_msgs/share/linkattacher_msgs/cmake/linkattacher_msgs__rosidl_typesupport_introspection_cExport.cmake
[4.299s] -- Up-to-date: /home/monica/ros2_pelota/install/linkattacher_msgs/share/linkattacher_msgs/cmake/linkattacher_msgs__rosidl_typesupport_introspection_cExport-noconfig.cmake
[4.301s] -- Up-to-date: /home/monica/ros2_pelota/install/linkattacher_msgs/share/linkattacher_msgs/cmake/linkattacher_msgs__rosidl_typesupport_cExport.cmake
[4.301s] -- Up-to-date: /home/monica/ros2_pelota/install/linkattacher_msgs/share/linkattacher_msgs/cmake/linkattacher_msgs__rosidl_typesupport_cExport-noconfig.cmake
[4.303s] -- Up-to-date: /home/monica/ros2_pelota/install/linkattacher_msgs/share/linkattacher_msgs/cmake/export_linkattacher_msgs__rosidl_generator_cppExport.cmake
[4.303s] -- Up-to-date: /home/monica/ros2_pelota/install/linkattacher_msgs/share/linkattacher_msgs/cmake/export_linkattacher_msgs__rosidl_typesupport_fastrtps_cppExport.cmake
[4.304s] -- Up-to-date: /home/monica/ros2_pelota/install/linkattacher_msgs/share/linkattacher_msgs/cmake/export_linkattacher_msgs__rosidl_typesupport_fastrtps_cppExport-noconfig.cmake
[4.306s] -- Up-to-date: /home/monica/ros2_pelota/install/linkattacher_msgs/share/linkattacher_msgs/cmake/linkattacher_msgs__rosidl_typesupport_introspection_cppExport.cmake
[4.308s] -- Up-to-date: /home/monica/ros2_pelota/install/linkattacher_msgs/share/linkattacher_msgs/cmake/linkattacher_msgs__rosidl_typesupport_introspection_cppExport-noconfig.cmake
[4.309s] -- Up-to-date: /home/monica/ros2_pelota/install/linkattacher_msgs/share/linkattacher_msgs/cmake/linkattacher_msgs__rosidl_typesupport_cppExport.cmake
[4.309s] -- Up-to-date: /home/monica/ros2_pelota/install/linkattacher_msgs/share/linkattacher_msgs/cmake/linkattacher_msgs__rosidl_typesupport_cppExport-noconfig.cmake
[4.311s] -- Up-to-date: /home/monica/ros2_pelota/install/linkattacher_msgs/share/linkattacher_msgs/cmake/export_linkattacher_msgs__rosidl_generator_pyExport.cmake
[4.311s] -- Up-to-date: /home/monica/ros2_pelota/install/linkattacher_msgs/share/linkattacher_msgs/cmake/export_linkattacher_msgs__rosidl_generator_pyExport-noconfig.cmake
[4.312s] -- Up-to-date: /home/monica/ros2_pelota/install/linkattacher_msgs/share/linkattacher_msgs/cmake/rosidl_cmake-extras.cmake
[4.314s] -- Up-to-date: /home/monica/ros2_pelota/install/linkattacher_msgs/share/linkattacher_msgs/cmake/ament_cmake_export_dependencies-extras.cmake
[4.315s] -- Up-to-date: /home/monica/ros2_pelota/install/linkattacher_msgs/share/linkattacher_msgs/cmake/ament_cmake_export_include_directories-extras.cmake
[4.316s] -- Up-to-date: /home/monica/ros2_pelota/install/linkattacher_msgs/share/linkattacher_msgs/cmake/ament_cmake_export_libraries-extras.cmake
[4.316s] -- Up-to-date: /home/monica/ros2_pelota/install/linkattacher_msgs/share/linkattacher_msgs/cmake/ament_cmake_export_targets-extras.cmake
[4.318s] -- Up-to-date: /home/monica/ros2_pelota/install/linkattacher_msgs/share/linkattacher_msgs/cmake/rosidl_cmake_export_typesupport_targets-extras.cmake
[4.319s] -- Up-to-date: /home/monica/ros2_pelota/install/linkattacher_msgs/share/linkattacher_msgs/cmake/rosidl_cmake_export_typesupport_libraries-extras.cmake
[4.320s] -- Up-to-date: /home/monica/ros2_pelota/install/linkattacher_msgs/share/linkattacher_msgs/cmake/linkattacher_msgsConfig.cmake
[4.322s] -- Up-to-date: /home/monica/ros2_pelota/install/linkattacher_msgs/share/linkattacher_msgs/cmake/linkattacher_msgsConfig-version.cmake
[4.326s] -- Up-to-date: /home/monica/ros2_pelota/install/linkattacher_msgs/share/linkattacher_msgs/package.xml
[4.327s] Invoked command in '/home/monica/ros2_pelota/build/linkattacher_msgs' returned '0': CMAKE_PREFIX_PATH=${CMAKE_PREFIX_PATH}:/opt/ros/iron /usr/bin/cmake --install /home/monica/ros2_pelota/build/linkattacher_msgs
