[0.086s] Invoking command in '/home/monica/ros2_pelota/build/xolobot_arm': CMAKE_PREFIX_PATH=${CMAKE_PREFIX_PATH}:/opt/ros/iron /usr/bin/cmake --build /home/monica/ros2_pelota/build/xolobot_arm -- -j2 -l2
[0.612s] Invoked command in '/home/monica/ros2_pelota/build/xolobot_arm' returned '0': CMAKE_PREFIX_PATH=${CMAKE_PREFIX_PATH}:/opt/ros/iron /usr/bin/cmake --build /home/monica/ros2_pelota/build/xolobot_arm -- -j2 -l2
[0.667s] Invoking command in '/home/monica/ros2_pelota/build/xolobot_arm': CMAKE_PREFIX_PATH=${CMAKE_PREFIX_PATH}:/opt/ros/iron /usr/bin/cmake --install /home/monica/ros2_pelota/build/xolobot_arm
[0.711s] -- Install configuration: ""
[0.711s] -- Up-to-date: /home/monica/ros2_pelota/install/xolobot_arm/share/xolobot_arm/launch
[0.715s] -- Up-to-date: /home/monica/ros2_pelota/install/xolobot_arm/share/xolobot_arm/launch/xolobot_arm_control.launch.py
[0.715s] -- Up-to-date: /home/monica/ros2_pelota/install/xolobot_arm/share/xolobot_arm/worlds
[0.718s] -- Up-to-date: /home/monica/ros2_pelota/install/xolobot_arm/share/xolobot_arm/worlds/coca_levitando.world
[0.718s] -- Up-to-date: /home/monica/ros2_pelota/install/xolobot_arm/share/xolobot_arm/models
[0.720s] -- Up-to-date: /home/monica/ros2_pelota/install/xolobot_arm/share/xolobot_arm/models/xolobot.urdf
[0.720s] -- Up-to-date: /home/monica/ros2_pelota/install/xolobot_arm/share/xolobot_arm/models/model.config
[0.722s] -- Up-to-date: /home/monica/ros2_pelota/install/xolobot_arm/share/xolobot_arm/models/utileria
[0.722s] -- Up-to-date: /home/monica/ros2_pelota/install/xolobot_arm/share/xolobot_arm/models/utileria/objeto.sdf
[0.722s] -- Up-to-date: /home/monica/ros2_pelota/install/xolobot_arm/share/xolobot_arm/models/utileria/model.config
[0.725s] -- Up-to-date: /home/monica/ros2_pelota/install/xolobot_arm/share/xolobot_arm/models/utileria/objeto2.sdf
[0.725s] -- Up-to-date: /home/monica/ros2_pelota/install/xolobot_arm/share/xolobot_arm/models/utileria/soporte.sdf
[0.726s] -- Up-to-date: /home/monica/ros2_pelota/install/xolobot_arm/share/xolobot_arm/models/utileria/soporte2.sdf
[0.726s] -- Up-to-date: /home/monica/ros2_pelota/install/xolobot_arm/share/xolobot_arm/models/textures
[0.726s] -- Up-to-date: /home/monica/ros2_pelota/install/xolobot_arm/share/xolobot_arm/models/textures/metal.material
[0.732s] -- Up-to-date: /home/monica/ros2_pelota/install/xolobot_arm/share/xolobot_arm/models/textures/images
[0.732s] -- Up-to-date: /home/monica/ros2_pelota/install/xolobot_arm/share/xolobot_arm/models/textures/images/metal-rosa.jpg
[0.732s] -- Up-to-date: /home/monica/ros2_pelota/install/xolobot_arm/share/xolobot_arm/models/textures/images/metal-hoyos.jpg
[0.733s] -- Up-to-date: /home/monica/ros2_pelota/install/xolobot_arm/share/xolobot_arm/models/textures/images/blue-metal.jpg
[0.733s] -- Up-to-date: /home/monica/ros2_pelota/install/xolobot_arm/share/xolobot_arm/models/textures/images/rose-gold.jpg
[0.733s] -- Up-to-date: /home/monica/ros2_pelota/install/xolobot_arm/share/xolobot_arm/models/textures/images/piso-metal-barras.jpg
[0.738s] -- Up-to-date: /home/monica/ros2_pelota/install/xolobot_arm/share/xolobot_arm/models/textures/images/piso-metal-blanco.jpg
[0.738s] -- Up-to-date: /home/monica/ros2_pelota/install/xolobot_arm/share/xolobot_arm/models/textures/model.config
[0.739s] -- Up-to-date: /home/monica/ros2_pelota/install/xolobot_arm/share/xolobot_arm/models/textures/xolobot.material
[0.739s] -- Up-to-date: /home/monica/ros2_pelota/install/xolobot_arm/share/xolobot_arm/models/xolobot_arm.sdf
[0.739s] -- Up-to-date: /home/monica/ros2_pelota/install/xolobot_arm/share/xolobot_arm/models/meshes
[0.743s] -- Up-to-date: /home/monica/ros2_pelota/install/xolobot_arm/share/xolobot_arm/models/meshes/pulgar_2.dae
[0.743s] -- Up-to-date: /home/monica/ros2_pelota/install/xolobot_arm/share/xolobot_arm/models/meshes/antebrazo_mano_izq_2.dae
[0.744s] -- Up-to-date: /home/monica/ros2_pelota/install/xolobot_arm/share/xolobot_arm/models/meshes/biceps_juntos.dae
[0.744s] -- Up-to-date: /home/monica/ros2_pelota/install/xolobot_arm/share/xolobot_arm/models/meshes/biceps_der.dae
[0.744s] -- Up-to-date: /home/monica/ros2_pelota/install/xolobot_arm/share/xolobot_arm/models/meshes/biceps_izq.dae
[0.750s] -- Up-to-date: /home/monica/ros2_pelota/install/xolobot_arm/share/xolobot_arm/models/meshes/banda.blend
[0.751s] -- Up-to-date: /home/monica/ros2_pelota/install/xolobot_arm/share/xolobot_arm/models/meshes/biceps_juntos_nuevo.dae
[0.751s] -- Up-to-date: /home/monica/ros2_pelota/install/xolobot_arm/share/xolobot_arm/models/meshes/antebrazo_mano_izqprueba.dae
[0.751s] -- Up-to-date: /home/monica/ros2_pelota/install/xolobot_arm/share/xolobot_arm/models/meshes/antebrazo_mano_izq_bak.dae
[0.751s] -- Up-to-date: /home/monica/ros2_pelota/install/xolobot_arm/share/xolobot_arm/models/meshes/mono.dae
[0.756s] -- Up-to-date: /home/monica/ros2_pelota/install/xolobot_arm/share/xolobot_arm/models/meshes/hombro_alto.dae
[0.757s] -- Up-to-date: /home/monica/ros2_pelota/install/xolobot_arm/share/xolobot_arm/models/meshes/codo_izq_colision.dae
[0.757s] -- Up-to-date: /home/monica/ros2_pelota/install/xolobot_arm/share/xolobot_arm/models/meshes/hombro_alto_colision.dae
[0.757s] -- Up-to-date: /home/monica/ros2_pelota/install/xolobot_arm/share/xolobot_arm/models/meshes/model.config
[0.761s] -- Up-to-date: /home/monica/ros2_pelota/install/xolobot_arm/share/xolobot_arm/models/meshes/alien.dae
[0.761s] -- Up-to-date: /home/monica/ros2_pelota/install/xolobot_arm/share/xolobot_arm/models/meshes/antebrazo_mano_izq.dae
[0.764s] -- Up-to-date: /home/monica/ros2_pelota/install/xolobot_arm/share/xolobot_arm/models/meshes/codo_izq.dae
[0.764s] -- Up-to-date: /home/monica/ros2_pelota/install/xolobot_arm/share/xolobot_arm/models/meshes/biceps_izq_colision.dae
[0.767s] -- Up-to-date: /home/monica/ros2_pelota/install/xolobot_arm/share/xolobot_arm/models/meshes/backup
[0.767s] -- Up-to-date: /home/monica/ros2_pelota/install/xolobot_arm/share/xolobot_arm/models/meshes/backup/pulgar_2.dae
[0.768s] -- Up-to-date: /home/monica/ros2_pelota/install/xolobot_arm/share/xolobot_arm/models/meshes/backup/biceps_juntos.dae
[0.768s] -- Up-to-date: /home/monica/ros2_pelota/install/xolobot_arm/share/xolobot_arm/models/meshes/backup/biceps_der.dae
[0.768s] -- Up-to-date: /home/monica/ros2_pelota/install/xolobot_arm/share/xolobot_arm/models/meshes/backup/biceps_izq.dae
[0.768s] -- Up-to-date: /home/monica/ros2_pelota/install/xolobot_arm/share/xolobot_arm/models/meshes/backup/biceps_juntos_nuevo.dae
[0.772s] -- Up-to-date: /home/monica/ros2_pelota/install/xolobot_arm/share/xolobot_arm/models/meshes/backup/hombro_alto.dae
[0.773s] -- Up-to-date: /home/monica/ros2_pelota/install/xolobot_arm/share/xolobot_arm/models/meshes/backup/antebrazo_mano_izq.dae
[0.773s] -- Up-to-date: /home/monica/ros2_pelota/install/xolobot_arm/share/xolobot_arm/models/meshes/backup/codo_izq.dae
[0.773s] -- Up-to-date: /home/monica/ros2_pelota/install/xolobot_arm/share/xolobot_arm/models/meshes/backup/hombro_bajo.dae
[0.778s] -- Up-to-date: /home/monica/ros2_pelota/install/xolobot_arm/share/xolobot_arm/models/meshes/backup/dedos
[0.778s] -- Up-to-date: /home/monica/ros2_pelota/install/xolobot_arm/share/xolobot_arm/models/meshes/backup/dedos/dedo_indice.blend1
[0.779s] -- Up-to-date: /home/monica/ros2_pelota/install/xolobot_arm/share/xolobot_arm/models/meshes/backup/dedos/dedo_cordial_1.dae
[0.779s] -- Up-to-date: /home/monica/ros2_pelota/install/xolobot_arm/share/xolobot_arm/models/meshes/backup/dedos/dedo_menique_1.blend
[0.779s] -- Up-to-date: /home/monica/ros2_pelota/install/xolobot_arm/share/xolobot_arm/models/meshes/backup/dedos/dedo_indice_2.dae
[0.786s] -- Up-to-date: /home/monica/ros2_pelota/install/xolobot_arm/share/xolobot_arm/models/meshes/backup/dedos/dedo_cordial.blend
[0.786s] -- Up-to-date: /home/monica/ros2_pelota/install/xolobot_arm/share/xolobot_arm/models/meshes/backup/dedos/dedo_menique_2.blend1
[0.788s] -- Up-to-date: /home/monica/ros2_pelota/install/xolobot_arm/share/xolobot_arm/models/meshes/backup/dedos/dedo_cordial_2.dae
[0.788s] -- Up-to-date: /home/monica/ros2_pelota/install/xolobot_arm/share/xolobot_arm/models/meshes/backup/dedos/dedo_indice_1.dae
[0.788s] -- Up-to-date: /home/monica/ros2_pelota/install/xolobot_arm/share/xolobot_arm/models/meshes/backup/dedos/dedo_menique.blend
[0.791s] -- Up-to-date: /home/monica/ros2_pelota/install/xolobot_arm/share/xolobot_arm/models/meshes/backup/dedos/dedo_menique_1.blend1
[0.791s] -- Up-to-date: /home/monica/ros2_pelota/install/xolobot_arm/share/xolobot_arm/models/meshes/backup/dedos/dedo_menique_2.dae
[0.792s] -- Up-to-date: /home/monica/ros2_pelota/install/xolobot_arm/share/xolobot_arm/models/meshes/backup/dedos/dedo_anular_1.dae
[0.793s] -- Up-to-date: /home/monica/ros2_pelota/install/xolobot_arm/share/xolobot_arm/models/meshes/backup/dedos/dedo_menique_3.dae
[0.793s] -- Up-to-date: /home/monica/ros2_pelota/install/xolobot_arm/share/xolobot_arm/models/meshes/backup/dedos/dedo_cordial_3.dae
[0.793s] -- Up-to-date: /home/monica/ros2_pelota/install/xolobot_arm/share/xolobot_arm/models/meshes/backup/dedos/mano_completa.blend
[0.798s] -- Up-to-date: /home/monica/ros2_pelota/install/xolobot_arm/share/xolobot_arm/models/meshes/backup/dedos/dedo_menique.blend1
[0.798s] -- Up-to-date: /home/monica/ros2_pelota/install/xolobot_arm/share/xolobot_arm/models/meshes/backup/dedos/dedo_menique_2.blend
[0.798s] -- Up-to-date: /home/monica/ros2_pelota/install/xolobot_arm/share/xolobot_arm/models/meshes/backup/dedos/dedo_anular.blend1
[0.799s] -- Up-to-date: /home/monica/ros2_pelota/install/xolobot_arm/share/xolobot_arm/models/meshes/backup/dedos/dedo_menique_3.blend1
[0.799s] -- Up-to-date: /home/monica/ros2_pelota/install/xolobot_arm/share/xolobot_arm/models/meshes/backup/dedos/dedo_menique_3.blend
[0.799s] -- Up-to-date: /home/monica/ros2_pelota/install/xolobot_arm/share/xolobot_arm/models/meshes/backup/dedos/dedo_menique_1.dae
[0.804s] -- Up-to-date: /home/monica/ros2_pelota/install/xolobot_arm/share/xolobot_arm/models/meshes/backup/dedos/dedo_anular.blend
[0.805s] -- Up-to-date: /home/monica/ros2_pelota/install/xolobot_arm/share/xolobot_arm/models/meshes/backup/dedos/dedo_indice.blend
[0.805s] -- Up-to-date: /home/monica/ros2_pelota/install/xolobot_arm/share/xolobot_arm/models/meshes/backup/dedos/mano_completa.blend1
[0.805s] -- Up-to-date: /home/monica/ros2_pelota/install/xolobot_arm/share/xolobot_arm/models/meshes/backup/dedos/dedo_anular_3.dae
[0.809s] -- Up-to-date: /home/monica/ros2_pelota/install/xolobot_arm/share/xolobot_arm/models/meshes/backup/dedos/dedo_anular_2.dae
[0.810s] -- Up-to-date: /home/monica/ros2_pelota/install/xolobot_arm/share/xolobot_arm/models/meshes/backup/dedos/dedo_cordial.blend1
[0.812s] -- Up-to-date: /home/monica/ros2_pelota/install/xolobot_arm/share/xolobot_arm/models/meshes/backup/dedos/dedo_indice_3.dae
[0.812s] -- Up-to-date: /home/monica/ros2_pelota/install/xolobot_arm/share/xolobot_arm/models/meshes/backup/pulgar_1_izq.dae
[0.812s] -- Up-to-date: /home/monica/ros2_pelota/install/xolobot_arm/share/xolobot_arm/models/meshes/backup/pulgar_3.dae
[0.815s] -- Up-to-date: /home/monica/ros2_pelota/install/xolobot_arm/share/xolobot_arm/models/meshes/hombro_bajo.dae
[0.815s] -- Up-to-date: /home/monica/ros2_pelota/install/xolobot_arm/share/xolobot_arm/models/meshes/dedos
[0.815s] -- Up-to-date: /home/monica/ros2_pelota/install/xolobot_arm/share/xolobot_arm/models/meshes/dedos/pulgar_2.dae
[0.818s] -- Up-to-date: /home/monica/ros2_pelota/install/xolobot_arm/share/xolobot_arm/models/meshes/dedos/pulgar_1_izq_colision.dae
[0.820s] -- Up-to-date: /home/monica/ros2_pelota/install/xolobot_arm/share/xolobot_arm/models/meshes/dedos/dedo_menique_3_colision.dae
[0.821s] -- Up-to-date: /home/monica/ros2_pelota/install/xolobot_arm/share/xolobot_arm/models/meshes/dedos/dedo_indice.blend1
[0.821s] -- Up-to-date: /home/monica/ros2_pelota/install/xolobot_arm/share/xolobot_arm/models/meshes/dedos/dedo_cordial_3_colision.dae
[0.821s] -- Up-to-date: /home/monica/ros2_pelota/install/xolobot_arm/share/xolobot_arm/models/meshes/dedos/pulgar_3_colision.dae
[0.825s] -- Up-to-date: /home/monica/ros2_pelota/install/xolobot_arm/share/xolobot_arm/models/meshes/dedos/dedo_cordial_1.dae
[0.825s] -- Up-to-date: /home/monica/ros2_pelota/install/xolobot_arm/share/xolobot_arm/models/meshes/dedos/dedo_menique_2_colision.dae
[0.825s] -- Up-to-date: /home/monica/ros2_pelota/install/xolobot_arm/share/xolobot_arm/models/meshes/dedos/dedo_menique_1.blend
[0.829s] -- Up-to-date: /home/monica/ros2_pelota/install/xolobot_arm/share/xolobot_arm/models/meshes/dedos/dedo_indice_2.dae
[0.829s] -- Up-to-date: /home/monica/ros2_pelota/install/xolobot_arm/share/xolobot_arm/models/meshes/dedos/dedo_indice_3_colision.dae
[0.829s] -- Up-to-date: /home/monica/ros2_pelota/install/xolobot_arm/share/xolobot_arm/models/meshes/dedos/dedo_cordial.blend
[0.831s] -- Up-to-date: /home/monica/ros2_pelota/install/xolobot_arm/share/xolobot_arm/models/meshes/dedos/dedo_menique_2.blend1
[0.833s] -- Up-to-date: /home/monica/ros2_pelota/install/xolobot_arm/share/xolobot_arm/models/meshes/dedos/dedo_cordial_2.dae
[0.834s] -- Up-to-date: /home/monica/ros2_pelota/install/xolobot_arm/share/xolobot_arm/models/meshes/dedos/dedo_indice_1.dae
[0.834s] -- Up-to-date: /home/monica/ros2_pelota/install/xolobot_arm/share/xolobot_arm/models/meshes/dedos/dedo_menique.blend
[0.838s] -- Up-to-date: /home/monica/ros2_pelota/install/xolobot_arm/share/xolobot_arm/models/meshes/dedos/dedo_anular_1_colision.dae
[0.838s] -- Up-to-date: /home/monica/ros2_pelota/install/xolobot_arm/share/xolobot_arm/models/meshes/dedos/dedo_menique_1.blend1
[0.838s] -- Up-to-date: /home/monica/ros2_pelota/install/xolobot_arm/share/xolobot_arm/models/meshes/dedos/dedo_menique_2.dae
[0.840s] -- Up-to-date: /home/monica/ros2_pelota/install/xolobot_arm/share/xolobot_arm/models/meshes/dedos/dedo_anular_1.dae
[0.840s] -- Up-to-date: /home/monica/ros2_pelota/install/xolobot_arm/share/xolobot_arm/models/meshes/dedos/dedo_indice_1_colision.dae
[0.840s] -- Up-to-date: /home/monica/ros2_pelota/install/xolobot_arm/share/xolobot_arm/models/meshes/dedos/dedo_menique_1_colision.dae
[0.841s] -- Up-to-date: /home/monica/ros2_pelota/install/xolobot_arm/share/xolobot_arm/models/meshes/dedos/dedo_menique_3.dae
[0.841s] -- Up-to-date: /home/monica/ros2_pelota/install/xolobot_arm/share/xolobot_arm/models/meshes/dedos/dedo_anular_3_colision.dae
[0.841s] -- Up-to-date: /home/monica/ros2_pelota/install/xolobot_arm/share/xolobot_arm/models/meshes/dedos/dedo_cordial_1_colision.dae
[0.844s] -- Up-to-date: /home/monica/ros2_pelota/install/xolobot_arm/share/xolobot_arm/models/meshes/dedos/dedo_cordial_3.dae
[0.847s] -- Up-to-date: /home/monica/ros2_pelota/install/xolobot_arm/share/xolobot_arm/models/meshes/dedos/pulgar_1_izq.dae
[0.847s] -- Up-to-date: /home/monica/ros2_pelota/install/xolobot_arm/share/xolobot_arm/models/meshes/dedos/mano_completa.blend
[0.852s] -- Up-to-date: /home/monica/ros2_pelota/install/xolobot_arm/share/xolobot_arm/models/meshes/dedos/dedo_menique.blend1
[0.852s] -- Up-to-date: /home/monica/ros2_pelota/install/xolobot_arm/share/xolobot_arm/models/meshes/dedos/dedo_menique_2.blend
[0.853s] -- Up-to-date: /home/monica/ros2_pelota/install/xolobot_arm/share/xolobot_arm/models/meshes/dedos/dedo_indice_2_colision.dae
[0.853s] -- Up-to-date: /home/monica/ros2_pelota/install/xolobot_arm/share/xolobot_arm/models/meshes/dedos/dedo_anular.blend1
[0.853s] -- Up-to-date: /home/monica/ros2_pelota/install/xolobot_arm/share/xolobot_arm/models/meshes/dedos/dedo_cordial_2_colision.dae
[0.857s] -- Up-to-date: /home/monica/ros2_pelota/install/xolobot_arm/share/xolobot_arm/models/meshes/dedos/dedo_menique_3.blend1
[0.857s] -- Up-to-date: /home/monica/ros2_pelota/install/xolobot_arm/share/xolobot_arm/models/meshes/dedos/pulgar_3.dae
[0.858s] -- Up-to-date: /home/monica/ros2_pelota/install/xolobot_arm/share/xolobot_arm/models/meshes/dedos/dedo_menique_3.blend
[0.858s] -- Up-to-date: /home/monica/ros2_pelota/install/xolobot_arm/share/xolobot_arm/models/meshes/dedos/dedo_menique_1.dae
[0.858s] -- Up-to-date: /home/monica/ros2_pelota/install/xolobot_arm/share/xolobot_arm/models/meshes/dedos/dedo_anular.blend
[0.859s] -- Up-to-date: /home/monica/ros2_pelota/install/xolobot_arm/share/xolobot_arm/models/meshes/dedos/dedo_indice.blend
[0.865s] -- Up-to-date: /home/monica/ros2_pelota/install/xolobot_arm/share/xolobot_arm/models/meshes/dedos/mano_completa.blend1
[0.865s] -- Up-to-date: /home/monica/ros2_pelota/install/xolobot_arm/share/xolobot_arm/models/meshes/dedos/dedo_anular_3.dae
[0.866s] -- Up-to-date: /home/monica/ros2_pelota/install/xolobot_arm/share/xolobot_arm/models/meshes/dedos/dedo_anular_2.dae
[0.866s] -- Up-to-date: /home/monica/ros2_pelota/install/xolobot_arm/share/xolobot_arm/models/meshes/dedos/dedo_cordial.blend1
[0.866s] -- Up-to-date: /home/monica/ros2_pelota/install/xolobot_arm/share/xolobot_arm/models/meshes/dedos/pulgar_2_colision.dae
[0.868s] -- Up-to-date: /home/monica/ros2_pelota/install/xolobot_arm/share/xolobot_arm/models/meshes/dedos/dedo_anular_2_colision.dae
[0.872s] -- Up-to-date: /home/monica/ros2_pelota/install/xolobot_arm/share/xolobot_arm/models/meshes/dedos/dedo_indice_3.dae
[0.872s] -- Up-to-date: /home/monica/ros2_pelota/install/xolobot_arm/share/xolobot_arm/models/meshes/pulgar_1_izq.dae
[0.872s] -- Up-to-date: /home/monica/ros2_pelota/install/xolobot_arm/share/xolobot_arm/models/meshes/codo_izq_tuercas.dae
[0.873s] -- Up-to-date: /home/monica/ros2_pelota/install/xolobot_arm/share/xolobot_arm/models/meshes/hombro_bajo_colision.dae
[0.873s] -- Up-to-date: /home/monica/ros2_pelota/install/xolobot_arm/share/xolobot_arm/models/meshes/pulgar_3.dae
[0.873s] -- Up-to-date: /home/monica/ros2_pelota/install/xolobot_arm/share/xolobot_arm/models/meshes/banda_terminada.blend
[0.876s] -- Up-to-date: /home/monica/ros2_pelota/install/xolobot_arm/share/xolobot_arm/models/meshes/palma.dae
[0.876s] -- Up-to-date: /home/monica/ros2_pelota/install/xolobot_arm/share/ament_index/resource_index/package_run_dependencies/xolobot_arm
[0.876s] -- Up-to-date: /home/monica/ros2_pelota/install/xolobot_arm/share/ament_index/resource_index/parent_prefix_path/xolobot_arm
[0.882s] -- Up-to-date: /home/monica/ros2_pelota/install/xolobot_arm/share/xolobot_arm/environment/ament_prefix_path.sh
[0.882s] -- Up-to-date: /home/monica/ros2_pelota/install/xolobot_arm/share/xolobot_arm/environment/ament_prefix_path.dsv
[0.882s] -- Up-to-date: /home/monica/ros2_pelota/install/xolobot_arm/share/xolobot_arm/environment/path.sh
[0.883s] -- Up-to-date: /home/monica/ros2_pelota/install/xolobot_arm/share/xolobot_arm/environment/path.dsv
[0.883s] -- Up-to-date: /home/monica/ros2_pelota/install/xolobot_arm/share/xolobot_arm/local_setup.bash
[0.883s] -- Up-to-date: /home/monica/ros2_pelota/install/xolobot_arm/share/xolobot_arm/local_setup.sh
[0.887s] -- Up-to-date: /home/monica/ros2_pelota/install/xolobot_arm/share/xolobot_arm/local_setup.zsh
[0.887s] -- Up-to-date: /home/monica/ros2_pelota/install/xolobot_arm/share/xolobot_arm/local_setup.dsv
[0.887s] -- Installing: /home/monica/ros2_pelota/install/xolobot_arm/share/xolobot_arm/package.dsv
[0.888s] -- Up-to-date: /home/monica/ros2_pelota/install/xolobot_arm/share/ament_index/resource_index/packages/xolobot_arm
[0.888s] -- Up-to-date: /home/monica/ros2_pelota/install/xolobot_arm/share/xolobot_arm/cmake/xolobot_armConfig.cmake
[0.888s] -- Up-to-date: /home/monica/ros2_pelota/install/xolobot_arm/share/xolobot_arm/cmake/xolobot_armConfig-version.cmake
[0.894s] -- Up-to-date: /home/monica/ros2_pelota/install/xolobot_arm/share/xolobot_arm/package.xml
[0.895s] Invoked command in '/home/monica/ros2_pelota/build/xolobot_arm' returned '0': CMAKE_PREFIX_PATH=${CMAKE_PREFIX_PATH}:/opt/ros/iron /usr/bin/cmake --install /home/monica/ros2_pelota/build/xolobot_arm
