[0.526s] DEBUG:colcon:Command line arguments: ['/usr/bin/colcon', 'build']
[0.526s] DEBUG:colcon:Parsed command line arguments: Namespace(log_base=None, log_level=None, verb_name='build', build_base='build', install_base='install', merge_install=False, symlink_install=False, test_result_base=None, continue_on_error=False, executor='parallel', parallel_workers=2, event_handlers=None, ignore_user_meta=False, metas=['./colcon.meta'], base_paths=['.'], packages_ignore=None, packages_ignore_regex=None, paths=None, packages_up_to=None, packages_up_to_regex=None, packages_above=None, packages_above_and_dependencies=None, packages_above_depth=None, packages_select_by_dep=None, packages_skip_by_dep=None, packages_skip_up_to=None, packages_select_build_failed=False, packages_skip_build_finished=False, packages_select_test_failures=False, packages_skip_test_passed=False, packages_select=None, packages_skip=None, packages_select_regex=None, packages_skip_regex=None, packages_start=None, packages_end=None, allow_overriding=[], cmake_args=None, cmake_target=None, cmake_target_skip_unavailable=False, cmake_clean_cache=False, cmake_clean_first=False, cmake_force_configure=False, ament_cmake_args=None, catkin_cmake_args=None, catkin_skip_building_tests=False, mixin_files=None, mixin=None, verb_parser=<colcon_mixin.mixin.mixin_argument.MixinArgumentDecorator object at 0x7e6523362b30>, verb_extension=<colcon_core.verb.build.BuildVerb object at 0x7e6523362650>, main=<bound method BuildVerb.main of <colcon_core.verb.build.BuildVerb object at 0x7e6523362650>>, mixin_verb=('build',))
[1.512s] Level 1:colcon.colcon_core.package_discovery:discover_packages(colcon_meta) check parameters
[1.512s] Level 1:colcon.colcon_core.package_discovery:discover_packages(recursive) check parameters
[1.512s] Level 1:colcon.colcon_core.package_discovery:discover_packages(ignore) check parameters
[1.512s] Level 1:colcon.colcon_core.package_discovery:discover_packages(path) check parameters
[1.512s] Level 1:colcon.colcon_core.package_discovery:discover_packages(colcon_meta) discover
[1.513s] Level 1:colcon.colcon_core.package_discovery:discover_packages(recursive) discover
[1.513s] INFO:colcon.colcon_core.package_discovery:Crawling recursively for packages in '/home/monica/ros2_pelota'
[1.513s] Level 1:colcon.colcon_core.package_identification:_identify(.) by extensions ['ignore', 'ignore_ament_install']
[1.513s] Level 1:colcon.colcon_core.package_identification:_identify(.) by extension 'ignore'
[1.513s] Level 1:colcon.colcon_core.package_identification:_identify(.) by extension 'ignore_ament_install'
[1.513s] Level 1:colcon.colcon_core.package_identification:_identify(.) by extensions ['colcon_pkg']
[1.514s] Level 1:colcon.colcon_core.package_identification:_identify(.) by extension 'colcon_pkg'
[1.514s] Level 1:colcon.colcon_core.package_identification:_identify(.) by extensions ['colcon_meta']
[1.514s] Level 1:colcon.colcon_core.package_identification:_identify(.) by extension 'colcon_meta'
[1.514s] Level 1:colcon.colcon_core.package_identification:_identify(.) by extensions ['ros']
[1.514s] Level 1:colcon.colcon_core.package_identification:_identify(.) by extension 'ros'
[1.545s] Level 1:colcon.colcon_core.package_identification:_identify(.) by extensions ['cmake', 'python']
[1.545s] Level 1:colcon.colcon_core.package_identification:_identify(.) by extension 'cmake'
[1.546s] Level 1:colcon.colcon_core.package_identification:_identify(.) by extension 'python'
[1.546s] Level 1:colcon.colcon_core.package_identification:_identify(.) by extensions ['python_setup_py']
[1.546s] Level 1:colcon.colcon_core.package_identification:_identify(.) by extension 'python_setup_py'
[1.546s] Level 1:colcon.colcon_core.package_identification:_identify(build) by extensions ['ignore', 'ignore_ament_install']
[1.546s] Level 1:colcon.colcon_core.package_identification:_identify(build) by extension 'ignore'
[1.546s] Level 1:colcon.colcon_core.package_identification:_identify(build) ignored
[1.547s] Level 1:colcon.colcon_core.package_identification:_identify(install) by extensions ['ignore', 'ignore_ament_install']
[1.547s] Level 1:colcon.colcon_core.package_identification:_identify(install) by extension 'ignore'
[1.547s] Level 1:colcon.colcon_core.package_identification:_identify(install) ignored
[1.547s] Level 1:colcon.colcon_core.package_identification:_identify(log) by extensions ['ignore', 'ignore_ament_install']
[1.548s] Level 1:colcon.colcon_core.package_identification:_identify(log) by extension 'ignore'
[1.548s] Level 1:colcon.colcon_core.package_identification:_identify(log) ignored
[1.548s] Level 1:colcon.colcon_core.package_identification:_identify(src) by extensions ['ignore', 'ignore_ament_install']
[1.548s] Level 1:colcon.colcon_core.package_identification:_identify(src) by extension 'ignore'
[1.548s] Level 1:colcon.colcon_core.package_identification:_identify(src) by extension 'ignore_ament_install'
[1.548s] Level 1:colcon.colcon_core.package_identification:_identify(src) by extensions ['colcon_pkg']
[1.548s] Level 1:colcon.colcon_core.package_identification:_identify(src) by extension 'colcon_pkg'
[1.549s] Level 1:colcon.colcon_core.package_identification:_identify(src) by extensions ['colcon_meta']
[1.549s] Level 1:colcon.colcon_core.package_identification:_identify(src) by extension 'colcon_meta'
[1.549s] Level 1:colcon.colcon_core.package_identification:_identify(src) by extensions ['ros']
[1.549s] Level 1:colcon.colcon_core.package_identification:_identify(src) by extension 'ros'
[1.549s] Level 1:colcon.colcon_core.package_identification:_identify(src) by extensions ['cmake', 'python']
[1.549s] Level 1:colcon.colcon_core.package_identification:_identify(src) by extension 'cmake'
[1.549s] Level 1:colcon.colcon_core.package_identification:_identify(src) by extension 'python'
[1.549s] Level 1:colcon.colcon_core.package_identification:_identify(src) by extensions ['python_setup_py']
[1.549s] Level 1:colcon.colcon_core.package_identification:_identify(src) by extension 'python_setup_py'
[1.550s] Level 1:colcon.colcon_core.package_identification:_identify(src/linkattacher_msgs) by extensions ['ignore', 'ignore_ament_install']
[1.550s] Level 1:colcon.colcon_core.package_identification:_identify(src/linkattacher_msgs) by extension 'ignore'
[1.550s] Level 1:colcon.colcon_core.package_identification:_identify(src/linkattacher_msgs) by extension 'ignore_ament_install'
[1.550s] Level 1:colcon.colcon_core.package_identification:_identify(src/linkattacher_msgs) by extensions ['colcon_pkg']
[1.550s] Level 1:colcon.colcon_core.package_identification:_identify(src/linkattacher_msgs) by extension 'colcon_pkg'
[1.550s] Level 1:colcon.colcon_core.package_identification:_identify(src/linkattacher_msgs) by extensions ['colcon_meta']
[1.550s] Level 1:colcon.colcon_core.package_identification:_identify(src/linkattacher_msgs) by extension 'colcon_meta'
[1.551s] Level 1:colcon.colcon_core.package_identification:_identify(src/linkattacher_msgs) by extensions ['ros']
[1.551s] Level 1:colcon.colcon_core.package_identification:_identify(src/linkattacher_msgs) by extension 'ros'
[1.558s] DEBUG:colcon.colcon_core.package_identification:Package 'src/linkattacher_msgs' with type 'ros.ament_cmake' and name 'linkattacher_msgs'
[1.558s] Level 1:colcon.colcon_core.package_identification:_identify(src/ros2_linkattacher) by extensions ['ignore', 'ignore_ament_install']
[1.559s] Level 1:colcon.colcon_core.package_identification:_identify(src/ros2_linkattacher) by extension 'ignore'
[1.559s] Level 1:colcon.colcon_core.package_identification:_identify(src/ros2_linkattacher) by extension 'ignore_ament_install'
[1.559s] Level 1:colcon.colcon_core.package_identification:_identify(src/ros2_linkattacher) by extensions ['colcon_pkg']
[1.559s] Level 1:colcon.colcon_core.package_identification:_identify(src/ros2_linkattacher) by extension 'colcon_pkg'
[1.559s] Level 1:colcon.colcon_core.package_identification:_identify(src/ros2_linkattacher) by extensions ['colcon_meta']
[1.559s] Level 1:colcon.colcon_core.package_identification:_identify(src/ros2_linkattacher) by extension 'colcon_meta'
[1.559s] Level 1:colcon.colcon_core.package_identification:_identify(src/ros2_linkattacher) by extensions ['ros']
[1.559s] Level 1:colcon.colcon_core.package_identification:_identify(src/ros2_linkattacher) by extension 'ros'
[1.584s] DEBUG:colcon.colcon_core.package_identification:Package 'src/ros2_linkattacher' with type 'ros.ament_cmake' and name 'ros2_linkattacher'
[1.585s] Level 1:colcon.colcon_core.package_identification:_identify(src/xolobot_arm) by extensions ['ignore', 'ignore_ament_install']
[1.585s] Level 1:colcon.colcon_core.package_identification:_identify(src/xolobot_arm) by extension 'ignore'
[1.585s] Level 1:colcon.colcon_core.package_identification:_identify(src/xolobot_arm) by extension 'ignore_ament_install'
[1.585s] Level 1:colcon.colcon_core.package_identification:_identify(src/xolobot_arm) by extensions ['colcon_pkg']
[1.585s] Level 1:colcon.colcon_core.package_identification:_identify(src/xolobot_arm) by extension 'colcon_pkg'
[1.585s] Level 1:colcon.colcon_core.package_identification:_identify(src/xolobot_arm) by extensions ['colcon_meta']
[1.585s] Level 1:colcon.colcon_core.package_identification:_identify(src/xolobot_arm) by extension 'colcon_meta'
[1.586s] Level 1:colcon.colcon_core.package_identification:_identify(src/xolobot_arm) by extensions ['ros']
[1.586s] Level 1:colcon.colcon_core.package_identification:_identify(src/xolobot_arm) by extension 'ros'
[1.588s] DEBUG:colcon.colcon_core.package_identification:Package 'src/xolobot_arm' with type 'ros.ament_cmake' and name 'xolobot_arm'
[1.588s] Level 1:colcon.colcon_core.package_identification:_identify(src/xolobot_arm_server) by extensions ['ignore', 'ignore_ament_install']
[1.588s] Level 1:colcon.colcon_core.package_identification:_identify(src/xolobot_arm_server) by extension 'ignore'
[1.588s] Level 1:colcon.colcon_core.package_identification:_identify(src/xolobot_arm_server) by extension 'ignore_ament_install'
[1.588s] Level 1:colcon.colcon_core.package_identification:_identify(src/xolobot_arm_server) by extensions ['colcon_pkg']
[1.588s] Level 1:colcon.colcon_core.package_identification:_identify(src/xolobot_arm_server) by extension 'colcon_pkg'
[1.588s] Level 1:colcon.colcon_core.package_identification:_identify(src/xolobot_arm_server) by extensions ['colcon_meta']
[1.588s] Level 1:colcon.colcon_core.package_identification:_identify(src/xolobot_arm_server) by extension 'colcon_meta'
[1.589s] Level 1:colcon.colcon_core.package_identification:_identify(src/xolobot_arm_server) by extensions ['ros']
[1.589s] Level 1:colcon.colcon_core.package_identification:_identify(src/xolobot_arm_server) by extension 'ros'
[1.591s] DEBUG:colcon.colcon_core.package_identification:Package 'src/xolobot_arm_server' with type 'ros.ament_cmake' and name 'xolobot_arm_server'
[1.592s] Level 1:colcon.colcon_core.package_identification:_identify(src/xolobot_control) by extensions ['ignore', 'ignore_ament_install']
[1.592s] Level 1:colcon.colcon_core.package_identification:_identify(src/xolobot_control) by extension 'ignore'
[1.592s] Level 1:colcon.colcon_core.package_identification:_identify(src/xolobot_control) by extension 'ignore_ament_install'
[1.592s] Level 1:colcon.colcon_core.package_identification:_identify(src/xolobot_control) by extensions ['colcon_pkg']
[1.592s] Level 1:colcon.colcon_core.package_identification:_identify(src/xolobot_control) by extension 'colcon_pkg'
[1.592s] Level 1:colcon.colcon_core.package_identification:_identify(src/xolobot_control) by extensions ['colcon_meta']
[1.592s] Level 1:colcon.colcon_core.package_identification:_identify(src/xolobot_control) by extension 'colcon_meta'
[1.592s] Level 1:colcon.colcon_core.package_identification:_identify(src/xolobot_control) by extensions ['ros']
[1.593s] Level 1:colcon.colcon_core.package_identification:_identify(src/xolobot_control) by extension 'ros'
[1.594s] DEBUG:colcon.colcon_core.package_identification:Package 'src/xolobot_control' with type 'ros.ament_cmake' and name 'xolobot_control'
[1.594s] Level 1:colcon.colcon_core.package_discovery:discover_packages(recursive) using defaults
[1.595s] Level 1:colcon.colcon_core.package_discovery:discover_packages(ignore) discover
[1.595s] Level 1:colcon.colcon_core.package_discovery:discover_packages(ignore) using defaults
[1.595s] Level 1:colcon.colcon_core.package_discovery:discover_packages(path) discover
[1.595s] Level 1:colcon.colcon_core.package_discovery:discover_packages(path) using defaults
[1.656s] Level 1:colcon.colcon_core.package_discovery:discover_packages(prefix_path) check parameters
[1.656s] Level 1:colcon.colcon_core.package_discovery:discover_packages(prefix_path) discover
[1.665s] DEBUG:colcon.colcon_installed_package_information.package_discovery:Found 5 installed packages in /home/monica/ros2_pelota/install
[1.666s] DEBUG:colcon.colcon_installed_package_information.package_discovery:Found 3 installed packages in /home/monica/ros2_ws/install
[1.674s] DEBUG:colcon.colcon_installed_package_information.package_discovery:Found 355 installed packages in /opt/ros/iron
[1.679s] Level 1:colcon.colcon_core.package_discovery:discover_packages(prefix_path) using defaults
[1.945s] Level 5:colcon.colcon_core.verb:set package 'linkattacher_msgs' build argument 'cmake_args' from command line to 'None'
[1.946s] Level 5:colcon.colcon_core.verb:set package 'linkattacher_msgs' build argument 'cmake_target' from command line to 'None'
[1.946s] Level 5:colcon.colcon_core.verb:set package 'linkattacher_msgs' build argument 'cmake_target_skip_unavailable' from command line to 'False'
[1.946s] Level 5:colcon.colcon_core.verb:set package 'linkattacher_msgs' build argument 'cmake_clean_cache' from command line to 'False'
[1.946s] Level 5:colcon.colcon_core.verb:set package 'linkattacher_msgs' build argument 'cmake_clean_first' from command line to 'False'
[1.946s] Level 5:colcon.colcon_core.verb:set package 'linkattacher_msgs' build argument 'cmake_force_configure' from command line to 'False'
[1.946s] Level 5:colcon.colcon_core.verb:set package 'linkattacher_msgs' build argument 'ament_cmake_args' from command line to 'None'
[1.946s] Level 5:colcon.colcon_core.verb:set package 'linkattacher_msgs' build argument 'catkin_cmake_args' from command line to 'None'
[1.946s] Level 5:colcon.colcon_core.verb:set package 'linkattacher_msgs' build argument 'catkin_skip_building_tests' from command line to 'False'
[1.946s] DEBUG:colcon.colcon_core.verb:Building package 'linkattacher_msgs' with the following arguments: {'ament_cmake_args': None, 'build_base': '/home/monica/ros2_pelota/build/linkattacher_msgs', 'catkin_cmake_args': None, 'catkin_skip_building_tests': False, 'cmake_args': None, 'cmake_clean_cache': False, 'cmake_clean_first': False, 'cmake_force_configure': False, 'cmake_target': None, 'cmake_target_skip_unavailable': False, 'install_base': '/home/monica/ros2_pelota/install/linkattacher_msgs', 'merge_install': False, 'path': '/home/monica/ros2_pelota/src/linkattacher_msgs', 'symlink_install': False, 'test_result_base': None}
[1.947s] Level 5:colcon.colcon_core.verb:set package 'xolobot_arm' build argument 'cmake_args' from command line to 'None'
[1.947s] Level 5:colcon.colcon_core.verb:set package 'xolobot_arm' build argument 'cmake_target' from command line to 'None'
[1.947s] Level 5:colcon.colcon_core.verb:set package 'xolobot_arm' build argument 'cmake_target_skip_unavailable' from command line to 'False'
[1.947s] Level 5:colcon.colcon_core.verb:set package 'xolobot_arm' build argument 'cmake_clean_cache' from command line to 'False'
[1.947s] Level 5:colcon.colcon_core.verb:set package 'xolobot_arm' build argument 'cmake_clean_first' from command line to 'False'
[1.948s] Level 5:colcon.colcon_core.verb:set package 'xolobot_arm' build argument 'cmake_force_configure' from command line to 'False'
[1.948s] Level 5:colcon.colcon_core.verb:set package 'xolobot_arm' build argument 'ament_cmake_args' from command line to 'None'
[1.948s] Level 5:colcon.colcon_core.verb:set package 'xolobot_arm' build argument 'catkin_cmake_args' from command line to 'None'
[1.948s] Level 5:colcon.colcon_core.verb:set package 'xolobot_arm' build argument 'catkin_skip_building_tests' from command line to 'False'
[1.948s] DEBUG:colcon.colcon_core.verb:Building package 'xolobot_arm' with the following arguments: {'ament_cmake_args': None, 'build_base': '/home/monica/ros2_pelota/build/xolobot_arm', 'catkin_cmake_args': None, 'catkin_skip_building_tests': False, 'cmake_args': None, 'cmake_clean_cache': False, 'cmake_clean_first': False, 'cmake_force_configure': False, 'cmake_target': None, 'cmake_target_skip_unavailable': False, 'install_base': '/home/monica/ros2_pelota/install/xolobot_arm', 'merge_install': False, 'path': '/home/monica/ros2_pelota/src/xolobot_arm', 'symlink_install': False, 'test_result_base': None}
[1.949s] Level 5:colcon.colcon_core.verb:set package 'xolobot_control' build argument 'cmake_args' from command line to 'None'
[1.949s] Level 5:colcon.colcon_core.verb:set package 'xolobot_control' build argument 'cmake_target' from command line to 'None'
[1.949s] Level 5:colcon.colcon_core.verb:set package 'xolobot_control' build argument 'cmake_target_skip_unavailable' from command line to 'False'
[1.949s] Level 5:colcon.colcon_core.verb:set package 'xolobot_control' build argument 'cmake_clean_cache' from command line to 'False'
[1.949s] Level 5:colcon.colcon_core.verb:set package 'xolobot_control' build argument 'cmake_clean_first' from command line to 'False'
[1.949s] Level 5:colcon.colcon_core.verb:set package 'xolobot_control' build argument 'cmake_force_configure' from command line to 'False'
[1.949s] Level 5:colcon.colcon_core.verb:set package 'xolobot_control' build argument 'ament_cmake_args' from command line to 'None'
[1.949s] Level 5:colcon.colcon_core.verb:set package 'xolobot_control' build argument 'catkin_cmake_args' from command line to 'None'
[1.949s] Level 5:colcon.colcon_core.verb:set package 'xolobot_control' build argument 'catkin_skip_building_tests' from command line to 'False'
[1.949s] DEBUG:colcon.colcon_core.verb:Building package 'xolobot_control' with the following arguments: {'ament_cmake_args': None, 'build_base': '/home/monica/ros2_pelota/build/xolobot_control', 'catkin_cmake_args': None, 'catkin_skip_building_tests': False, 'cmake_args': None, 'cmake_clean_cache': False, 'cmake_clean_first': False, 'cmake_force_configure': False, 'cmake_target': None, 'cmake_target_skip_unavailable': False, 'install_base': '/home/monica/ros2_pelota/install/xolobot_control', 'merge_install': False, 'path': '/home/monica/ros2_pelota/src/xolobot_control', 'symlink_install': False, 'test_result_base': None}
[1.950s] Level 5:colcon.colcon_core.verb:set package 'ros2_linkattacher' build argument 'cmake_args' from command line to 'None'
[1.950s] Level 5:colcon.colcon_core.verb:set package 'ros2_linkattacher' build argument 'cmake_target' from command line to 'None'
[1.950s] Level 5:colcon.colcon_core.verb:set package 'ros2_linkattacher' build argument 'cmake_target_skip_unavailable' from command line to 'False'
[1.950s] Level 5:colcon.colcon_core.verb:set package 'ros2_linkattacher' build argument 'cmake_clean_cache' from command line to 'False'
[1.950s] Level 5:colcon.colcon_core.verb:set package 'ros2_linkattacher' build argument 'cmake_clean_first' from command line to 'False'
[1.950s] Level 5:colcon.colcon_core.verb:set package 'ros2_linkattacher' build argument 'cmake_force_configure' from command line to 'False'
[1.951s] Level 5:colcon.colcon_core.verb:set package 'ros2_linkattacher' build argument 'ament_cmake_args' from command line to 'None'
[1.951s] Level 5:colcon.colcon_core.verb:set package 'ros2_linkattacher' build argument 'catkin_cmake_args' from command line to 'None'
[1.951s] Level 5:colcon.colcon_core.verb:set package 'ros2_linkattacher' build argument 'catkin_skip_building_tests' from command line to 'False'
[1.951s] DEBUG:colcon.colcon_core.verb:Building package 'ros2_linkattacher' with the following arguments: {'ament_cmake_args': None, 'build_base': '/home/monica/ros2_pelota/build/ros2_linkattacher', 'catkin_cmake_args': None, 'catkin_skip_building_tests': False, 'cmake_args': None, 'cmake_clean_cache': False, 'cmake_clean_first': False, 'cmake_force_configure': False, 'cmake_target': None, 'cmake_target_skip_unavailable': False, 'install_base': '/home/monica/ros2_pelota/install/ros2_linkattacher', 'merge_install': False, 'path': '/home/monica/ros2_pelota/src/ros2_linkattacher', 'symlink_install': False, 'test_result_base': None}
[1.952s] Level 5:colcon.colcon_core.verb:set package 'xolobot_arm_server' build argument 'cmake_args' from command line to 'None'
[1.952s] Level 5:colcon.colcon_core.verb:set package 'xolobot_arm_server' build argument 'cmake_target' from command line to 'None'
[1.952s] Level 5:colcon.colcon_core.verb:set package 'xolobot_arm_server' build argument 'cmake_target_skip_unavailable' from command line to 'False'
[1.952s] Level 5:colcon.colcon_core.verb:set package 'xolobot_arm_server' build argument 'cmake_clean_cache' from command line to 'False'
[1.952s] Level 5:colcon.colcon_core.verb:set package 'xolobot_arm_server' build argument 'cmake_clean_first' from command line to 'False'
[1.952s] Level 5:colcon.colcon_core.verb:set package 'xolobot_arm_server' build argument 'cmake_force_configure' from command line to 'False'
[1.952s] Level 5:colcon.colcon_core.verb:set package 'xolobot_arm_server' build argument 'ament_cmake_args' from command line to 'None'
[1.952s] Level 5:colcon.colcon_core.verb:set package 'xolobot_arm_server' build argument 'catkin_cmake_args' from command line to 'None'
[1.952s] Level 5:colcon.colcon_core.verb:set package 'xolobot_arm_server' build argument 'catkin_skip_building_tests' from command line to 'False'
[1.952s] DEBUG:colcon.colcon_core.verb:Building package 'xolobot_arm_server' with the following arguments: {'ament_cmake_args': None, 'build_base': '/home/monica/ros2_pelota/build/xolobot_arm_server', 'catkin_cmake_args': None, 'catkin_skip_building_tests': False, 'cmake_args': None, 'cmake_clean_cache': False, 'cmake_clean_first': False, 'cmake_force_configure': False, 'cmake_target': None, 'cmake_target_skip_unavailable': False, 'install_base': '/home/monica/ros2_pelota/install/xolobot_arm_server', 'merge_install': False, 'path': '/home/monica/ros2_pelota/src/xolobot_arm_server', 'symlink_install': False, 'test_result_base': None}
[1.953s] INFO:colcon.colcon_core.executor:Executing jobs using 'parallel' executor
[1.955s] DEBUG:colcon.colcon_parallel_executor.executor.parallel:run_until_complete
[1.955s] INFO:colcon.colcon_ros.task.ament_cmake.build:Building ROS package in '/home/monica/ros2_pelota/src/linkattacher_msgs' with build type 'ament_cmake'
[1.955s] INFO:colcon.colcon_cmake.task.cmake.build:Building CMake package in '/home/monica/ros2_pelota/src/linkattacher_msgs'
[1.964s] INFO:colcon.colcon_core.plugin_system:Skipping extension 'colcon_core.shell.bat': Not used on non-Windows systems
[1.964s] INFO:colcon.colcon_core.shell:Skip shell extension 'powershell' for command environment: Not usable outside of PowerShell
[1.964s] DEBUG:colcon.colcon_core.shell:Skip shell extension 'dsv' for command environment
[1.979s] INFO:colcon.colcon_ros.task.ament_cmake.build:Building ROS package in '/home/monica/ros2_pelota/src/xolobot_arm' with build type 'ament_cmake'
[1.980s] INFO:colcon.colcon_cmake.task.cmake.build:Building CMake package in '/home/monica/ros2_pelota/src/xolobot_arm'
[1.981s] INFO:colcon.colcon_core.shell:Skip shell extension 'powershell' for command environment: Not usable outside of PowerShell
[1.981s] DEBUG:colcon.colcon_core.shell:Skip shell extension 'dsv' for command environment
[2.006s] DEBUG:colcon.colcon_core.event_handler.log_command:Invoking command in '/home/monica/ros2_pelota/build/linkattacher_msgs': CMAKE_PREFIX_PATH=${CMAKE_PREFIX_PATH}:/opt/ros/iron /usr/bin/cmake --build /home/monica/ros2_pelota/build/linkattacher_msgs -- -j2 -l2
[2.021s] DEBUG:colcon.colcon_core.event_handler.log_command:Invoking command in '/home/monica/ros2_pelota/build/xolobot_arm': CMAKE_PREFIX_PATH=${CMAKE_PREFIX_PATH}:/opt/ros/iron /usr/bin/cmake --build /home/monica/ros2_pelota/build/xolobot_arm -- -j2 -l2
[2.179s] DEBUG:colcon.colcon_core.event_handler.log_command:Invoked command in '/home/monica/ros2_pelota/build/xolobot_arm' returned '0': CMAKE_PREFIX_PATH=${CMAKE_PREFIX_PATH}:/opt/ros/iron /usr/bin/cmake --build /home/monica/ros2_pelota/build/xolobot_arm -- -j2 -l2
[2.221s] DEBUG:colcon.colcon_core.event_handler.log_command:Invoking command in '/home/monica/ros2_pelota/build/xolobot_arm': CMAKE_PREFIX_PATH=${CMAKE_PREFIX_PATH}:/opt/ros/iron /usr/bin/cmake --install /home/monica/ros2_pelota/build/xolobot_arm
[2.290s] Level 1:colcon.colcon_core.environment:create_environment_scripts_only(xolobot_arm)
[2.308s] Level 1:colcon.colcon_core.environment:checking '/home/monica/ros2_pelota/install/xolobot_arm' for CMake module files
[2.312s] Level 1:colcon.colcon_core.environment:checking '/home/monica/ros2_pelota/install/xolobot_arm' for CMake config files
[2.312s] Level 1:colcon.colcon_core.shell:create_environment_hook('xolobot_arm', 'cmake_prefix_path')
[2.313s] INFO:colcon.colcon_core.shell:Creating environment hook '/home/monica/ros2_pelota/install/xolobot_arm/share/xolobot_arm/hook/cmake_prefix_path.ps1'
[2.315s] INFO:colcon.colcon_core.shell:Creating environment descriptor '/home/monica/ros2_pelota/install/xolobot_arm/share/xolobot_arm/hook/cmake_prefix_path.dsv'
[2.318s] INFO:colcon.colcon_core.shell:Creating environment hook '/home/monica/ros2_pelota/install/xolobot_arm/share/xolobot_arm/hook/cmake_prefix_path.sh'
[2.321s] Level 1:colcon.colcon_core.environment:checking '/home/monica/ros2_pelota/install/xolobot_arm/bin'
[2.321s] Level 1:colcon.colcon_core.environment:checking '/home/monica/ros2_pelota/install/xolobot_arm/lib/pkgconfig/xolobot_arm.pc'
[2.322s] Level 1:colcon.colcon_core.environment:checking '/home/monica/ros2_pelota/install/xolobot_arm/lib/python3.10/site-packages'
[2.323s] DEBUG:colcon.colcon_core.event_handler.log_command:Invoked command in '/home/monica/ros2_pelota/build/xolobot_arm' returned '0': CMAKE_PREFIX_PATH=${CMAKE_PREFIX_PATH}:/opt/ros/iron /usr/bin/cmake --install /home/monica/ros2_pelota/build/xolobot_arm
[2.324s] Level 1:colcon.colcon_core.environment:checking '/home/monica/ros2_pelota/install/xolobot_arm/bin'
[2.325s] INFO:colcon.colcon_core.shell:Creating package script '/home/monica/ros2_pelota/install/xolobot_arm/share/xolobot_arm/package.ps1'
[2.326s] INFO:colcon.colcon_core.shell:Creating package descriptor '/home/monica/ros2_pelota/install/xolobot_arm/share/xolobot_arm/package.dsv'
[2.328s] INFO:colcon.colcon_core.shell:Creating package script '/home/monica/ros2_pelota/install/xolobot_arm/share/xolobot_arm/package.sh'
[2.329s] INFO:colcon.colcon_core.shell:Creating package script '/home/monica/ros2_pelota/install/xolobot_arm/share/xolobot_arm/package.bash'
[2.331s] INFO:colcon.colcon_core.shell:Creating package script '/home/monica/ros2_pelota/install/xolobot_arm/share/xolobot_arm/package.zsh'
[2.333s] Level 1:colcon.colcon_core.environment:create_file_with_runtime_dependencies(/home/monica/ros2_pelota/install/xolobot_arm/share/colcon-core/packages/xolobot_arm)
[2.335s] Level 1:colcon.colcon_core.environment:create_environment_scripts_only(xolobot_arm)
[2.335s] Level 1:colcon.colcon_core.environment:checking '/home/monica/ros2_pelota/install/xolobot_arm' for CMake module files
[2.336s] Level 1:colcon.colcon_core.environment:checking '/home/monica/ros2_pelota/install/xolobot_arm' for CMake config files
[2.337s] Level 1:colcon.colcon_core.shell:create_environment_hook('xolobot_arm', 'cmake_prefix_path')
[2.338s] INFO:colcon.colcon_core.shell:Creating environment hook '/home/monica/ros2_pelota/install/xolobot_arm/share/xolobot_arm/hook/cmake_prefix_path.ps1'
[2.338s] INFO:colcon.colcon_core.shell:Creating environment descriptor '/home/monica/ros2_pelota/install/xolobot_arm/share/xolobot_arm/hook/cmake_prefix_path.dsv'
[2.339s] INFO:colcon.colcon_core.shell:Creating environment hook '/home/monica/ros2_pelota/install/xolobot_arm/share/xolobot_arm/hook/cmake_prefix_path.sh'
[2.340s] Level 1:colcon.colcon_core.environment:checking '/home/monica/ros2_pelota/install/xolobot_arm/bin'
[2.340s] Level 1:colcon.colcon_core.environment:checking '/home/monica/ros2_pelota/install/xolobot_arm/lib/pkgconfig/xolobot_arm.pc'
[2.341s] Level 1:colcon.colcon_core.environment:checking '/home/monica/ros2_pelota/install/xolobot_arm/lib/python3.10/site-packages'
[2.341s] Level 1:colcon.colcon_core.environment:checking '/home/monica/ros2_pelota/install/xolobot_arm/bin'
[2.342s] INFO:colcon.colcon_core.shell:Creating package script '/home/monica/ros2_pelota/install/xolobot_arm/share/xolobot_arm/package.ps1'
[2.343s] INFO:colcon.colcon_core.shell:Creating package descriptor '/home/monica/ros2_pelota/install/xolobot_arm/share/xolobot_arm/package.dsv'
[2.344s] INFO:colcon.colcon_core.shell:Creating package script '/home/monica/ros2_pelota/install/xolobot_arm/share/xolobot_arm/package.sh'
[2.345s] INFO:colcon.colcon_core.shell:Creating package script '/home/monica/ros2_pelota/install/xolobot_arm/share/xolobot_arm/package.bash'
[2.346s] INFO:colcon.colcon_core.shell:Creating package script '/home/monica/ros2_pelota/install/xolobot_arm/share/xolobot_arm/package.zsh'
[2.346s] Level 1:colcon.colcon_core.environment:create_file_with_runtime_dependencies(/home/monica/ros2_pelota/install/xolobot_arm/share/colcon-core/packages/xolobot_arm)
[2.347s] INFO:colcon.colcon_ros.task.ament_cmake.build:Building ROS package in '/home/monica/ros2_pelota/src/xolobot_control' with build type 'ament_cmake'
[2.347s] INFO:colcon.colcon_cmake.task.cmake.build:Building CMake package in '/home/monica/ros2_pelota/src/xolobot_control'
[2.348s] INFO:colcon.colcon_core.shell:Skip shell extension 'powershell' for command environment: Not usable outside of PowerShell
[2.348s] DEBUG:colcon.colcon_core.shell:Skip shell extension 'dsv' for command environment
[2.416s] DEBUG:colcon.colcon_core.event_handler.log_command:Invoking command in '/home/monica/ros2_pelota/build/xolobot_control': CMAKE_PREFIX_PATH=${CMAKE_PREFIX_PATH}:/opt/ros/iron /usr/bin/cmake --build /home/monica/ros2_pelota/build/xolobot_control -- -j2 -l2
[2.641s] DEBUG:colcon.colcon_core.event_handler.log_command:Invoked command in '/home/monica/ros2_pelota/build/xolobot_control' returned '0': CMAKE_PREFIX_PATH=${CMAKE_PREFIX_PATH}:/opt/ros/iron /usr/bin/cmake --build /home/monica/ros2_pelota/build/xolobot_control -- -j2 -l2
[2.647s] DEBUG:colcon.colcon_core.event_handler.log_command:Invoking command in '/home/monica/ros2_pelota/build/xolobot_control': CMAKE_PREFIX_PATH=${CMAKE_PREFIX_PATH}:/opt/ros/iron /usr/bin/cmake --install /home/monica/ros2_pelota/build/xolobot_control
[2.698s] Level 1:colcon.colcon_core.environment:create_environment_scripts_only(xolobot_control)
[2.701s] Level 1:colcon.colcon_core.environment:checking '/home/monica/ros2_pelota/install/xolobot_control' for CMake module files
[2.704s] DEBUG:colcon.colcon_core.event_handler.log_command:Invoked command in '/home/monica/ros2_pelota/build/xolobot_control' returned '0': CMAKE_PREFIX_PATH=${CMAKE_PREFIX_PATH}:/opt/ros/iron /usr/bin/cmake --install /home/monica/ros2_pelota/build/xolobot_control
[2.712s] Level 1:colcon.colcon_core.environment:checking '/home/monica/ros2_pelota/install/xolobot_control' for CMake config files
[2.715s] Level 1:colcon.colcon_core.shell:create_environment_hook('xolobot_control', 'cmake_prefix_path')
[2.717s] INFO:colcon.colcon_core.shell:Creating environment hook '/home/monica/ros2_pelota/install/xolobot_control/share/xolobot_control/hook/cmake_prefix_path.ps1'
[2.719s] INFO:colcon.colcon_core.shell:Creating environment descriptor '/home/monica/ros2_pelota/install/xolobot_control/share/xolobot_control/hook/cmake_prefix_path.dsv'
[2.721s] INFO:colcon.colcon_core.shell:Creating environment hook '/home/monica/ros2_pelota/install/xolobot_control/share/xolobot_control/hook/cmake_prefix_path.sh'
[2.724s] Level 1:colcon.colcon_core.environment:checking '/home/monica/ros2_pelota/install/xolobot_control/bin'
[2.724s] Level 1:colcon.colcon_core.environment:checking '/home/monica/ros2_pelota/install/xolobot_control/lib/pkgconfig/xolobot_control.pc'
[2.725s] Level 1:colcon.colcon_core.environment:checking '/home/monica/ros2_pelota/install/xolobot_control/lib/python3.10/site-packages'
[2.726s] Level 1:colcon.colcon_core.environment:checking '/home/monica/ros2_pelota/install/xolobot_control/bin'
[2.727s] INFO:colcon.colcon_core.shell:Creating package script '/home/monica/ros2_pelota/install/xolobot_control/share/xolobot_control/package.ps1'
[2.729s] INFO:colcon.colcon_core.shell:Creating package descriptor '/home/monica/ros2_pelota/install/xolobot_control/share/xolobot_control/package.dsv'
[2.731s] INFO:colcon.colcon_core.shell:Creating package script '/home/monica/ros2_pelota/install/xolobot_control/share/xolobot_control/package.sh'
[2.733s] INFO:colcon.colcon_core.shell:Creating package script '/home/monica/ros2_pelota/install/xolobot_control/share/xolobot_control/package.bash'
[2.734s] INFO:colcon.colcon_core.shell:Creating package script '/home/monica/ros2_pelota/install/xolobot_control/share/xolobot_control/package.zsh'
[2.736s] Level 1:colcon.colcon_core.environment:create_file_with_runtime_dependencies(/home/monica/ros2_pelota/install/xolobot_control/share/colcon-core/packages/xolobot_control)
[2.739s] Level 1:colcon.colcon_core.environment:create_environment_scripts_only(xolobot_control)
[2.741s] Level 1:colcon.colcon_core.environment:checking '/home/monica/ros2_pelota/install/xolobot_control' for CMake module files
[2.747s] Level 1:colcon.colcon_core.environment:checking '/home/monica/ros2_pelota/install/xolobot_control' for CMake config files
[2.749s] Level 1:colcon.colcon_core.shell:create_environment_hook('xolobot_control', 'cmake_prefix_path')
[2.751s] INFO:colcon.colcon_core.shell:Creating environment hook '/home/monica/ros2_pelota/install/xolobot_control/share/xolobot_control/hook/cmake_prefix_path.ps1'
[2.754s] INFO:colcon.colcon_core.shell:Creating environment descriptor '/home/monica/ros2_pelota/install/xolobot_control/share/xolobot_control/hook/cmake_prefix_path.dsv'
[2.758s] INFO:colcon.colcon_core.shell:Creating environment hook '/home/monica/ros2_pelota/install/xolobot_control/share/xolobot_control/hook/cmake_prefix_path.sh'
[2.763s] Level 1:colcon.colcon_core.environment:checking '/home/monica/ros2_pelota/install/xolobot_control/bin'
[2.763s] Level 1:colcon.colcon_core.environment:checking '/home/monica/ros2_pelota/install/xolobot_control/lib/pkgconfig/xolobot_control.pc'
[2.768s] Level 1:colcon.colcon_core.environment:checking '/home/monica/ros2_pelota/install/xolobot_control/lib/python3.10/site-packages'
[2.772s] Level 1:colcon.colcon_core.environment:checking '/home/monica/ros2_pelota/install/xolobot_control/bin'
[2.775s] INFO:colcon.colcon_core.shell:Creating package script '/home/monica/ros2_pelota/install/xolobot_control/share/xolobot_control/package.ps1'
[2.785s] INFO:colcon.colcon_core.shell:Creating package descriptor '/home/monica/ros2_pelota/install/xolobot_control/share/xolobot_control/package.dsv'
[2.791s] INFO:colcon.colcon_core.shell:Creating package script '/home/monica/ros2_pelota/install/xolobot_control/share/xolobot_control/package.sh'
[2.796s] INFO:colcon.colcon_core.shell:Creating package script '/home/monica/ros2_pelota/install/xolobot_control/share/xolobot_control/package.bash'
[2.803s] INFO:colcon.colcon_core.shell:Creating package script '/home/monica/ros2_pelota/install/xolobot_control/share/xolobot_control/package.zsh'
[2.809s] Level 1:colcon.colcon_core.environment:create_file_with_runtime_dependencies(/home/monica/ros2_pelota/install/xolobot_control/share/colcon-core/packages/xolobot_control)
[4.819s] DEBUG:colcon.colcon_core.event_handler.log_command:Invoked command in '/home/monica/ros2_pelota/build/linkattacher_msgs' returned '0': CMAKE_PREFIX_PATH=${CMAKE_PREFIX_PATH}:/opt/ros/iron /usr/bin/cmake --build /home/monica/ros2_pelota/build/linkattacher_msgs -- -j2 -l2
[4.834s] DEBUG:colcon.colcon_core.event_handler.log_command:Invoking command in '/home/monica/ros2_pelota/build/linkattacher_msgs': CMAKE_PREFIX_PATH=${CMAKE_PREFIX_PATH}:/opt/ros/iron /usr/bin/cmake --install /home/monica/ros2_pelota/build/linkattacher_msgs
[5.140s] Level 1:colcon.colcon_core.environment:create_environment_scripts_only(linkattacher_msgs)
[5.141s] Level 1:colcon.colcon_core.environment:checking '/home/monica/ros2_pelota/install/linkattacher_msgs' for CMake module files
[5.143s] DEBUG:colcon.colcon_core.event_handler.log_command:Invoked command in '/home/monica/ros2_pelota/build/linkattacher_msgs' returned '0': CMAKE_PREFIX_PATH=${CMAKE_PREFIX_PATH}:/opt/ros/iron /usr/bin/cmake --install /home/monica/ros2_pelota/build/linkattacher_msgs
[5.145s] Level 1:colcon.colcon_core.environment:checking '/home/monica/ros2_pelota/install/linkattacher_msgs' for CMake config files
[5.147s] Level 1:colcon.colcon_core.shell:create_environment_hook('linkattacher_msgs', 'cmake_prefix_path')
[5.148s] INFO:colcon.colcon_core.shell:Creating environment hook '/home/monica/ros2_pelota/install/linkattacher_msgs/share/linkattacher_msgs/hook/cmake_prefix_path.ps1'
[5.149s] INFO:colcon.colcon_core.shell:Creating environment descriptor '/home/monica/ros2_pelota/install/linkattacher_msgs/share/linkattacher_msgs/hook/cmake_prefix_path.dsv'
[5.150s] INFO:colcon.colcon_core.shell:Creating environment hook '/home/monica/ros2_pelota/install/linkattacher_msgs/share/linkattacher_msgs/hook/cmake_prefix_path.sh'
[5.152s] Level 1:colcon.colcon_core.environment:checking '/home/monica/ros2_pelota/install/linkattacher_msgs/lib'
[5.152s] Level 1:colcon.colcon_core.shell:create_environment_hook('linkattacher_msgs', 'ld_library_path_lib')
[5.153s] INFO:colcon.colcon_core.shell:Creating environment hook '/home/monica/ros2_pelota/install/linkattacher_msgs/share/linkattacher_msgs/hook/ld_library_path_lib.ps1'
[5.155s] INFO:colcon.colcon_core.shell:Creating environment descriptor '/home/monica/ros2_pelota/install/linkattacher_msgs/share/linkattacher_msgs/hook/ld_library_path_lib.dsv'
[5.156s] INFO:colcon.colcon_core.shell:Creating environment hook '/home/monica/ros2_pelota/install/linkattacher_msgs/share/linkattacher_msgs/hook/ld_library_path_lib.sh'
[5.157s] Level 1:colcon.colcon_core.environment:checking '/home/monica/ros2_pelota/install/linkattacher_msgs/bin'
[5.157s] Level 1:colcon.colcon_core.environment:checking '/home/monica/ros2_pelota/install/linkattacher_msgs/lib/pkgconfig/linkattacher_msgs.pc'
[5.158s] Level 1:colcon.colcon_core.environment:checking '/home/monica/ros2_pelota/install/linkattacher_msgs/lib/python3.10/site-packages'
[5.158s] Level 1:colcon.colcon_core.shell:create_environment_hook('linkattacher_msgs', 'pythonpath')
[5.159s] INFO:colcon.colcon_core.shell:Creating environment hook '/home/monica/ros2_pelota/install/linkattacher_msgs/share/linkattacher_msgs/hook/pythonpath.ps1'
[5.160s] INFO:colcon.colcon_core.shell:Creating environment descriptor '/home/monica/ros2_pelota/install/linkattacher_msgs/share/linkattacher_msgs/hook/pythonpath.dsv'
[5.161s] INFO:colcon.colcon_core.shell:Creating environment hook '/home/monica/ros2_pelota/install/linkattacher_msgs/share/linkattacher_msgs/hook/pythonpath.sh'
[5.162s] Level 1:colcon.colcon_core.environment:checking '/home/monica/ros2_pelota/install/linkattacher_msgs/bin'
[5.163s] INFO:colcon.colcon_core.shell:Creating package script '/home/monica/ros2_pelota/install/linkattacher_msgs/share/linkattacher_msgs/package.ps1'
[5.165s] INFO:colcon.colcon_core.shell:Creating package descriptor '/home/monica/ros2_pelota/install/linkattacher_msgs/share/linkattacher_msgs/package.dsv'
[5.166s] INFO:colcon.colcon_core.shell:Creating package script '/home/monica/ros2_pelota/install/linkattacher_msgs/share/linkattacher_msgs/package.sh'
[5.168s] INFO:colcon.colcon_core.shell:Creating package script '/home/monica/ros2_pelota/install/linkattacher_msgs/share/linkattacher_msgs/package.bash'
[5.169s] INFO:colcon.colcon_core.shell:Creating package script '/home/monica/ros2_pelota/install/linkattacher_msgs/share/linkattacher_msgs/package.zsh'
[5.170s] Level 1:colcon.colcon_core.environment:create_file_with_runtime_dependencies(/home/monica/ros2_pelota/install/linkattacher_msgs/share/colcon-core/packages/linkattacher_msgs)
[5.171s] Level 1:colcon.colcon_core.environment:create_environment_scripts_only(linkattacher_msgs)
[5.172s] Level 1:colcon.colcon_core.environment:checking '/home/monica/ros2_pelota/install/linkattacher_msgs' for CMake module files
[5.175s] Level 1:colcon.colcon_core.environment:checking '/home/monica/ros2_pelota/install/linkattacher_msgs' for CMake config files
[5.177s] Level 1:colcon.colcon_core.shell:create_environment_hook('linkattacher_msgs', 'cmake_prefix_path')
[5.177s] INFO:colcon.colcon_core.shell:Creating environment hook '/home/monica/ros2_pelota/install/linkattacher_msgs/share/linkattacher_msgs/hook/cmake_prefix_path.ps1'
[5.178s] INFO:colcon.colcon_core.shell:Creating environment descriptor '/home/monica/ros2_pelota/install/linkattacher_msgs/share/linkattacher_msgs/hook/cmake_prefix_path.dsv'
[5.179s] INFO:colcon.colcon_core.shell:Creating environment hook '/home/monica/ros2_pelota/install/linkattacher_msgs/share/linkattacher_msgs/hook/cmake_prefix_path.sh'
[5.181s] Level 1:colcon.colcon_core.environment:checking '/home/monica/ros2_pelota/install/linkattacher_msgs/lib'
[5.181s] Level 1:colcon.colcon_core.shell:create_environment_hook('linkattacher_msgs', 'ld_library_path_lib')
[5.183s] INFO:colcon.colcon_core.shell:Creating environment hook '/home/monica/ros2_pelota/install/linkattacher_msgs/share/linkattacher_msgs/hook/ld_library_path_lib.ps1'
[5.184s] INFO:colcon.colcon_core.shell:Creating environment descriptor '/home/monica/ros2_pelota/install/linkattacher_msgs/share/linkattacher_msgs/hook/ld_library_path_lib.dsv'
[5.185s] INFO:colcon.colcon_core.shell:Creating environment hook '/home/monica/ros2_pelota/install/linkattacher_msgs/share/linkattacher_msgs/hook/ld_library_path_lib.sh'
[5.187s] Level 1:colcon.colcon_core.environment:checking '/home/monica/ros2_pelota/install/linkattacher_msgs/bin'
[5.187s] Level 1:colcon.colcon_core.environment:checking '/home/monica/ros2_pelota/install/linkattacher_msgs/lib/pkgconfig/linkattacher_msgs.pc'
[5.187s] Level 1:colcon.colcon_core.environment:checking '/home/monica/ros2_pelota/install/linkattacher_msgs/lib/python3.10/site-packages'
[5.188s] Level 1:colcon.colcon_core.shell:create_environment_hook('linkattacher_msgs', 'pythonpath')
[5.188s] INFO:colcon.colcon_core.shell:Creating environment hook '/home/monica/ros2_pelota/install/linkattacher_msgs/share/linkattacher_msgs/hook/pythonpath.ps1'
[5.189s] INFO:colcon.colcon_core.shell:Creating environment descriptor '/home/monica/ros2_pelota/install/linkattacher_msgs/share/linkattacher_msgs/hook/pythonpath.dsv'
[5.191s] INFO:colcon.colcon_core.shell:Creating environment hook '/home/monica/ros2_pelota/install/linkattacher_msgs/share/linkattacher_msgs/hook/pythonpath.sh'
[5.193s] Level 1:colcon.colcon_core.environment:checking '/home/monica/ros2_pelota/install/linkattacher_msgs/bin'
[5.195s] INFO:colcon.colcon_core.shell:Creating package script '/home/monica/ros2_pelota/install/linkattacher_msgs/share/linkattacher_msgs/package.ps1'
[5.196s] INFO:colcon.colcon_core.shell:Creating package descriptor '/home/monica/ros2_pelota/install/linkattacher_msgs/share/linkattacher_msgs/package.dsv'
[5.199s] INFO:colcon.colcon_core.shell:Creating package script '/home/monica/ros2_pelota/install/linkattacher_msgs/share/linkattacher_msgs/package.sh'
[5.201s] INFO:colcon.colcon_core.shell:Creating package script '/home/monica/ros2_pelota/install/linkattacher_msgs/share/linkattacher_msgs/package.bash'
[5.202s] INFO:colcon.colcon_core.shell:Creating package script '/home/monica/ros2_pelota/install/linkattacher_msgs/share/linkattacher_msgs/package.zsh'
[5.203s] Level 1:colcon.colcon_core.environment:create_file_with_runtime_dependencies(/home/monica/ros2_pelota/install/linkattacher_msgs/share/colcon-core/packages/linkattacher_msgs)
[5.205s] INFO:colcon.colcon_ros.task.ament_cmake.build:Building ROS package in '/home/monica/ros2_pelota/src/ros2_linkattacher' with build type 'ament_cmake'
[5.206s] INFO:colcon.colcon_cmake.task.cmake.build:Building CMake package in '/home/monica/ros2_pelota/src/ros2_linkattacher'
[5.206s] INFO:colcon.colcon_core.shell:Skip shell extension 'powershell' for command environment: Not usable outside of PowerShell
[5.206s] DEBUG:colcon.colcon_core.shell:Skip shell extension 'dsv' for command environment
[5.233s] INFO:colcon.colcon_ros.task.ament_cmake.build:Building ROS package in '/home/monica/ros2_pelota/src/xolobot_arm_server' with build type 'ament_cmake'
[5.233s] INFO:colcon.colcon_cmake.task.cmake.build:Building CMake package in '/home/monica/ros2_pelota/src/xolobot_arm_server'
[5.234s] INFO:colcon.colcon_core.shell:Skip shell extension 'powershell' for command environment: Not usable outside of PowerShell
[5.234s] DEBUG:colcon.colcon_core.shell:Skip shell extension 'dsv' for command environment
[5.307s] DEBUG:colcon.colcon_core.event_handler.log_command:Invoking command in '/home/monica/ros2_pelota/build/ros2_linkattacher': CMAKE_PREFIX_PATH=/home/monica/ros2_pelota/install/linkattacher_msgs:/home/monica/ros2_pelota/install/xolobot_control:/home/monica/ros2_pelota/install/xolobot_arm_server:/home/monica/ros2_pelota/install/xolobot_arm:/home/monica/ros2_pelota/install/ros2_linkattacher:/home/monica/ros2_ws/install/xolobot_control:/home/monica/ros2_ws/install/xolobot_arm_server:/home/monica/ros2_ws/install/xolobot_arm:/opt/ros/iron LD_LIBRARY_PATH=/home/monica/ros2_pelota/install/linkattacher_msgs/lib:/home/monica/ros2_pelota/install/ros2_linkattacher/lib:/usr/lib/x86_64-linux-gnu/gazebo-11/plugins:/opt/ros/iron/opt/rviz_ogre_vendor/lib:/opt/ros/iron/lib/x86_64-linux-gnu:/opt/ros/iron/lib:/opt/ros/iron/lib /usr/bin/cmake --build /home/monica/ros2_pelota/build/ros2_linkattacher -- -j2 -l2
[5.333s] DEBUG:colcon.colcon_core.event_handler.log_command:Invoking command in '/home/monica/ros2_pelota/build/xolobot_arm_server': CMAKE_PREFIX_PATH=/home/monica/ros2_pelota/install/linkattacher_msgs:/home/monica/ros2_pelota/install/xolobot_control:/home/monica/ros2_pelota/install/xolobot_arm_server:/home/monica/ros2_pelota/install/xolobot_arm:/home/monica/ros2_pelota/install/ros2_linkattacher:/home/monica/ros2_ws/install/xolobot_control:/home/monica/ros2_ws/install/xolobot_arm_server:/home/monica/ros2_ws/install/xolobot_arm:/opt/ros/iron LD_LIBRARY_PATH=/home/monica/ros2_pelota/install/linkattacher_msgs/lib:/home/monica/ros2_pelota/install/ros2_linkattacher/lib:/usr/lib/x86_64-linux-gnu/gazebo-11/plugins:/opt/ros/iron/opt/rviz_ogre_vendor/lib:/opt/ros/iron/lib/x86_64-linux-gnu:/opt/ros/iron/lib:/opt/ros/iron/lib /usr/bin/cmake --build /home/monica/ros2_pelota/build/xolobot_arm_server -- -j2 -l2
[5.696s] DEBUG:colcon.colcon_core.event_handler.log_command:Invoked command in '/home/monica/ros2_pelota/build/ros2_linkattacher' returned '0': CMAKE_PREFIX_PATH=/home/monica/ros2_pelota/install/linkattacher_msgs:/home/monica/ros2_pelota/install/xolobot_control:/home/monica/ros2_pelota/install/xolobot_arm_server:/home/monica/ros2_pelota/install/xolobot_arm:/home/monica/ros2_pelota/install/ros2_linkattacher:/home/monica/ros2_ws/install/xolobot_control:/home/monica/ros2_ws/install/xolobot_arm_server:/home/monica/ros2_ws/install/xolobot_arm:/opt/ros/iron LD_LIBRARY_PATH=/home/monica/ros2_pelota/install/linkattacher_msgs/lib:/home/monica/ros2_pelota/install/ros2_linkattacher/lib:/usr/lib/x86_64-linux-gnu/gazebo-11/plugins:/opt/ros/iron/opt/rviz_ogre_vendor/lib:/opt/ros/iron/lib/x86_64-linux-gnu:/opt/ros/iron/lib:/opt/ros/iron/lib /usr/bin/cmake --build /home/monica/ros2_pelota/build/ros2_linkattacher -- -j2 -l2
[5.704s] DEBUG:colcon.colcon_core.event_handler.log_command:Invoking command in '/home/monica/ros2_pelota/build/ros2_linkattacher': CMAKE_PREFIX_PATH=/home/monica/ros2_pelota/install/linkattacher_msgs:/home/monica/ros2_pelota/install/xolobot_control:/home/monica/ros2_pelota/install/xolobot_arm_server:/home/monica/ros2_pelota/install/xolobot_arm:/home/monica/ros2_pelota/install/ros2_linkattacher:/home/monica/ros2_ws/install/xolobot_control:/home/monica/ros2_ws/install/xolobot_arm_server:/home/monica/ros2_ws/install/xolobot_arm:/opt/ros/iron LD_LIBRARY_PATH=/home/monica/ros2_pelota/install/linkattacher_msgs/lib:/home/monica/ros2_pelota/install/ros2_linkattacher/lib:/usr/lib/x86_64-linux-gnu/gazebo-11/plugins:/opt/ros/iron/opt/rviz_ogre_vendor/lib:/opt/ros/iron/lib/x86_64-linux-gnu:/opt/ros/iron/lib:/opt/ros/iron/lib /usr/bin/cmake --install /home/monica/ros2_pelota/build/ros2_linkattacher
[5.773s] Level 1:colcon.colcon_core.environment:create_environment_scripts_only(ros2_linkattacher)
[5.776s] Level 1:colcon.colcon_core.environment:checking '/home/monica/ros2_pelota/install/ros2_linkattacher' for CMake module files
[5.779s] DEBUG:colcon.colcon_core.event_handler.log_command:Invoked command in '/home/monica/ros2_pelota/build/ros2_linkattacher' returned '0': CMAKE_PREFIX_PATH=/home/monica/ros2_pelota/install/linkattacher_msgs:/home/monica/ros2_pelota/install/xolobot_control:/home/monica/ros2_pelota/install/xolobot_arm_server:/home/monica/ros2_pelota/install/xolobot_arm:/home/monica/ros2_pelota/install/ros2_linkattacher:/home/monica/ros2_ws/install/xolobot_control:/home/monica/ros2_ws/install/xolobot_arm_server:/home/monica/ros2_ws/install/xolobot_arm:/opt/ros/iron LD_LIBRARY_PATH=/home/monica/ros2_pelota/install/linkattacher_msgs/lib:/home/monica/ros2_pelota/install/ros2_linkattacher/lib:/usr/lib/x86_64-linux-gnu/gazebo-11/plugins:/opt/ros/iron/opt/rviz_ogre_vendor/lib:/opt/ros/iron/lib/x86_64-linux-gnu:/opt/ros/iron/lib:/opt/ros/iron/lib /usr/bin/cmake --install /home/monica/ros2_pelota/build/ros2_linkattacher
[5.783s] Level 1:colcon.colcon_core.environment:checking '/home/monica/ros2_pelota/install/ros2_linkattacher' for CMake config files
[5.784s] Level 1:colcon.colcon_core.shell:create_environment_hook('ros2_linkattacher', 'cmake_prefix_path')
[5.788s] INFO:colcon.colcon_core.shell:Creating environment hook '/home/monica/ros2_pelota/install/ros2_linkattacher/share/ros2_linkattacher/hook/cmake_prefix_path.ps1'
[5.789s] INFO:colcon.colcon_core.shell:Creating environment descriptor '/home/monica/ros2_pelota/install/ros2_linkattacher/share/ros2_linkattacher/hook/cmake_prefix_path.dsv'
[5.793s] INFO:colcon.colcon_core.shell:Creating environment hook '/home/monica/ros2_pelota/install/ros2_linkattacher/share/ros2_linkattacher/hook/cmake_prefix_path.sh'
[5.801s] Level 1:colcon.colcon_core.environment:checking '/home/monica/ros2_pelota/install/ros2_linkattacher/lib'
[5.801s] Level 1:colcon.colcon_core.shell:create_environment_hook('ros2_linkattacher', 'ld_library_path_lib')
[5.802s] INFO:colcon.colcon_core.shell:Creating environment hook '/home/monica/ros2_pelota/install/ros2_linkattacher/share/ros2_linkattacher/hook/ld_library_path_lib.ps1'
[5.809s] INFO:colcon.colcon_core.shell:Creating environment descriptor '/home/monica/ros2_pelota/install/ros2_linkattacher/share/ros2_linkattacher/hook/ld_library_path_lib.dsv'
[5.810s] INFO:colcon.colcon_core.shell:Creating environment hook '/home/monica/ros2_pelota/install/ros2_linkattacher/share/ros2_linkattacher/hook/ld_library_path_lib.sh'
[5.817s] Level 1:colcon.colcon_core.environment:checking '/home/monica/ros2_pelota/install/ros2_linkattacher/bin'
[5.817s] Level 1:colcon.colcon_core.environment:checking '/home/monica/ros2_pelota/install/ros2_linkattacher/lib/pkgconfig/ros2_linkattacher.pc'
[5.818s] Level 1:colcon.colcon_core.environment:checking '/home/monica/ros2_pelota/install/ros2_linkattacher/lib/python3.10/site-packages'
[5.821s] Level 1:colcon.colcon_core.environment:checking '/home/monica/ros2_pelota/install/ros2_linkattacher/bin'
[5.823s] INFO:colcon.colcon_core.shell:Creating package script '/home/monica/ros2_pelota/install/ros2_linkattacher/share/ros2_linkattacher/package.ps1'
[5.829s] INFO:colcon.colcon_core.shell:Creating package descriptor '/home/monica/ros2_pelota/install/ros2_linkattacher/share/ros2_linkattacher/package.dsv'
[5.832s] INFO:colcon.colcon_core.shell:Creating package script '/home/monica/ros2_pelota/install/ros2_linkattacher/share/ros2_linkattacher/package.sh'
[5.833s] INFO:colcon.colcon_core.shell:Creating package script '/home/monica/ros2_pelota/install/ros2_linkattacher/share/ros2_linkattacher/package.bash'
[5.839s] INFO:colcon.colcon_core.shell:Creating package script '/home/monica/ros2_pelota/install/ros2_linkattacher/share/ros2_linkattacher/package.zsh'
[5.842s] Level 1:colcon.colcon_core.environment:create_file_with_runtime_dependencies(/home/monica/ros2_pelota/install/ros2_linkattacher/share/colcon-core/packages/ros2_linkattacher)
[5.844s] Level 1:colcon.colcon_core.environment:create_environment_scripts_only(ros2_linkattacher)
[5.845s] Level 1:colcon.colcon_core.environment:checking '/home/monica/ros2_pelota/install/ros2_linkattacher' for CMake module files
[5.847s] Level 1:colcon.colcon_core.environment:checking '/home/monica/ros2_pelota/install/ros2_linkattacher' for CMake config files
[5.850s] Level 1:colcon.colcon_core.shell:create_environment_hook('ros2_linkattacher', 'cmake_prefix_path')
[5.851s] INFO:colcon.colcon_core.shell:Creating environment hook '/home/monica/ros2_pelota/install/ros2_linkattacher/share/ros2_linkattacher/hook/cmake_prefix_path.ps1'
[5.855s] INFO:colcon.colcon_core.shell:Creating environment descriptor '/home/monica/ros2_pelota/install/ros2_linkattacher/share/ros2_linkattacher/hook/cmake_prefix_path.dsv'
[5.858s] INFO:colcon.colcon_core.shell:Creating environment hook '/home/monica/ros2_pelota/install/ros2_linkattacher/share/ros2_linkattacher/hook/cmake_prefix_path.sh'
[5.861s] Level 1:colcon.colcon_core.environment:checking '/home/monica/ros2_pelota/install/ros2_linkattacher/lib'
[5.861s] Level 1:colcon.colcon_core.shell:create_environment_hook('ros2_linkattacher', 'ld_library_path_lib')
[5.862s] INFO:colcon.colcon_core.shell:Creating environment hook '/home/monica/ros2_pelota/install/ros2_linkattacher/share/ros2_linkattacher/hook/ld_library_path_lib.ps1'
[5.863s] INFO:colcon.colcon_core.shell:Creating environment descriptor '/home/monica/ros2_pelota/install/ros2_linkattacher/share/ros2_linkattacher/hook/ld_library_path_lib.dsv'
[5.864s] INFO:colcon.colcon_core.shell:Creating environment hook '/home/monica/ros2_pelota/install/ros2_linkattacher/share/ros2_linkattacher/hook/ld_library_path_lib.sh'
[5.865s] Level 1:colcon.colcon_core.environment:checking '/home/monica/ros2_pelota/install/ros2_linkattacher/bin'
[5.865s] Level 1:colcon.colcon_core.environment:checking '/home/monica/ros2_pelota/install/ros2_linkattacher/lib/pkgconfig/ros2_linkattacher.pc'
[5.866s] Level 1:colcon.colcon_core.environment:checking '/home/monica/ros2_pelota/install/ros2_linkattacher/lib/python3.10/site-packages'
[5.867s] Level 1:colcon.colcon_core.environment:checking '/home/monica/ros2_pelota/install/ros2_linkattacher/bin'
[5.868s] INFO:colcon.colcon_core.shell:Creating package script '/home/monica/ros2_pelota/install/ros2_linkattacher/share/ros2_linkattacher/package.ps1'
[5.871s] INFO:colcon.colcon_core.shell:Creating package descriptor '/home/monica/ros2_pelota/install/ros2_linkattacher/share/ros2_linkattacher/package.dsv'
[5.873s] INFO:colcon.colcon_core.shell:Creating package script '/home/monica/ros2_pelota/install/ros2_linkattacher/share/ros2_linkattacher/package.sh'
[5.875s] INFO:colcon.colcon_core.shell:Creating package script '/home/monica/ros2_pelota/install/ros2_linkattacher/share/ros2_linkattacher/package.bash'
[5.876s] INFO:colcon.colcon_core.shell:Creating package script '/home/monica/ros2_pelota/install/ros2_linkattacher/share/ros2_linkattacher/package.zsh'
[5.877s] Level 1:colcon.colcon_core.environment:create_file_with_runtime_dependencies(/home/monica/ros2_pelota/install/ros2_linkattacher/share/colcon-core/packages/ros2_linkattacher)
[5.882s] DEBUG:colcon.colcon_core.event_handler.log_command:Invoked command in '/home/monica/ros2_pelota/build/xolobot_arm_server' returned '0': CMAKE_PREFIX_PATH=/home/monica/ros2_pelota/install/linkattacher_msgs:/home/monica/ros2_pelota/install/xolobot_control:/home/monica/ros2_pelota/install/xolobot_arm_server:/home/monica/ros2_pelota/install/xolobot_arm:/home/monica/ros2_pelota/install/ros2_linkattacher:/home/monica/ros2_ws/install/xolobot_control:/home/monica/ros2_ws/install/xolobot_arm_server:/home/monica/ros2_ws/install/xolobot_arm:/opt/ros/iron LD_LIBRARY_PATH=/home/monica/ros2_pelota/install/linkattacher_msgs/lib:/home/monica/ros2_pelota/install/ros2_linkattacher/lib:/usr/lib/x86_64-linux-gnu/gazebo-11/plugins:/opt/ros/iron/opt/rviz_ogre_vendor/lib:/opt/ros/iron/lib/x86_64-linux-gnu:/opt/ros/iron/lib:/opt/ros/iron/lib /usr/bin/cmake --build /home/monica/ros2_pelota/build/xolobot_arm_server -- -j2 -l2
[5.891s] DEBUG:colcon.colcon_core.event_handler.log_command:Invoking command in '/home/monica/ros2_pelota/build/xolobot_arm_server': CMAKE_PREFIX_PATH=/home/monica/ros2_pelota/install/linkattacher_msgs:/home/monica/ros2_pelota/install/xolobot_control:/home/monica/ros2_pelota/install/xolobot_arm_server:/home/monica/ros2_pelota/install/xolobot_arm:/home/monica/ros2_pelota/install/ros2_linkattacher:/home/monica/ros2_ws/install/xolobot_control:/home/monica/ros2_ws/install/xolobot_arm_server:/home/monica/ros2_ws/install/xolobot_arm:/opt/ros/iron LD_LIBRARY_PATH=/home/monica/ros2_pelota/install/linkattacher_msgs/lib:/home/monica/ros2_pelota/install/ros2_linkattacher/lib:/usr/lib/x86_64-linux-gnu/gazebo-11/plugins:/opt/ros/iron/opt/rviz_ogre_vendor/lib:/opt/ros/iron/lib/x86_64-linux-gnu:/opt/ros/iron/lib:/opt/ros/iron/lib /usr/bin/cmake --install /home/monica/ros2_pelota/build/xolobot_arm_server
[5.946s] Level 1:colcon.colcon_core.environment:create_environment_scripts_only(xolobot_arm_server)
[5.947s] Level 1:colcon.colcon_core.environment:checking '/home/monica/ros2_pelota/install/xolobot_arm_server' for CMake module files
[5.952s] DEBUG:colcon.colcon_core.event_handler.log_command:Invoked command in '/home/monica/ros2_pelota/build/xolobot_arm_server' returned '0': CMAKE_PREFIX_PATH=/home/monica/ros2_pelota/install/linkattacher_msgs:/home/monica/ros2_pelota/install/xolobot_control:/home/monica/ros2_pelota/install/xolobot_arm_server:/home/monica/ros2_pelota/install/xolobot_arm:/home/monica/ros2_pelota/install/ros2_linkattacher:/home/monica/ros2_ws/install/xolobot_control:/home/monica/ros2_ws/install/xolobot_arm_server:/home/monica/ros2_ws/install/xolobot_arm:/opt/ros/iron LD_LIBRARY_PATH=/home/monica/ros2_pelota/install/linkattacher_msgs/lib:/home/monica/ros2_pelota/install/ros2_linkattacher/lib:/usr/lib/x86_64-linux-gnu/gazebo-11/plugins:/opt/ros/iron/opt/rviz_ogre_vendor/lib:/opt/ros/iron/lib/x86_64-linux-gnu:/opt/ros/iron/lib:/opt/ros/iron/lib /usr/bin/cmake --install /home/monica/ros2_pelota/build/xolobot_arm_server
[5.953s] Level 1:colcon.colcon_core.environment:checking '/home/monica/ros2_pelota/install/xolobot_arm_server' for CMake config files
[5.954s] Level 1:colcon.colcon_core.shell:create_environment_hook('xolobot_arm_server', 'cmake_prefix_path')
[5.956s] INFO:colcon.colcon_core.shell:Creating environment hook '/home/monica/ros2_pelota/install/xolobot_arm_server/share/xolobot_arm_server/hook/cmake_prefix_path.ps1'
[5.958s] INFO:colcon.colcon_core.shell:Creating environment descriptor '/home/monica/ros2_pelota/install/xolobot_arm_server/share/xolobot_arm_server/hook/cmake_prefix_path.dsv'
[5.960s] INFO:colcon.colcon_core.shell:Creating environment hook '/home/monica/ros2_pelota/install/xolobot_arm_server/share/xolobot_arm_server/hook/cmake_prefix_path.sh'
[5.962s] Level 1:colcon.colcon_core.environment:checking '/home/monica/ros2_pelota/install/xolobot_arm_server/lib'
[5.962s] Level 1:colcon.colcon_core.environment:checking '/home/monica/ros2_pelota/install/xolobot_arm_server/bin'
[5.962s] Level 1:colcon.colcon_core.environment:checking '/home/monica/ros2_pelota/install/xolobot_arm_server/lib/pkgconfig/xolobot_arm_server.pc'
[5.963s] Level 1:colcon.colcon_core.environment:checking '/home/monica/ros2_pelota/install/xolobot_arm_server/lib/python3.10/site-packages'
[5.964s] Level 1:colcon.colcon_core.environment:checking '/home/monica/ros2_pelota/install/xolobot_arm_server/bin'
[5.965s] INFO:colcon.colcon_core.shell:Creating package script '/home/monica/ros2_pelota/install/xolobot_arm_server/share/xolobot_arm_server/package.ps1'
[5.966s] INFO:colcon.colcon_core.shell:Creating package descriptor '/home/monica/ros2_pelota/install/xolobot_arm_server/share/xolobot_arm_server/package.dsv'
[5.968s] INFO:colcon.colcon_core.shell:Creating package script '/home/monica/ros2_pelota/install/xolobot_arm_server/share/xolobot_arm_server/package.sh'
[5.969s] INFO:colcon.colcon_core.shell:Creating package script '/home/monica/ros2_pelota/install/xolobot_arm_server/share/xolobot_arm_server/package.bash'
[5.970s] INFO:colcon.colcon_core.shell:Creating package script '/home/monica/ros2_pelota/install/xolobot_arm_server/share/xolobot_arm_server/package.zsh'
[5.971s] Level 1:colcon.colcon_core.environment:create_file_with_runtime_dependencies(/home/monica/ros2_pelota/install/xolobot_arm_server/share/colcon-core/packages/xolobot_arm_server)
[5.973s] Level 1:colcon.colcon_core.environment:create_environment_scripts_only(xolobot_arm_server)
[5.974s] Level 1:colcon.colcon_core.environment:checking '/home/monica/ros2_pelota/install/xolobot_arm_server' for CMake module files
[5.975s] Level 1:colcon.colcon_core.environment:checking '/home/monica/ros2_pelota/install/xolobot_arm_server' for CMake config files
[5.977s] Level 1:colcon.colcon_core.shell:create_environment_hook('xolobot_arm_server', 'cmake_prefix_path')
[5.978s] INFO:colcon.colcon_core.shell:Creating environment hook '/home/monica/ros2_pelota/install/xolobot_arm_server/share/xolobot_arm_server/hook/cmake_prefix_path.ps1'
[5.979s] INFO:colcon.colcon_core.shell:Creating environment descriptor '/home/monica/ros2_pelota/install/xolobot_arm_server/share/xolobot_arm_server/hook/cmake_prefix_path.dsv'
[5.980s] INFO:colcon.colcon_core.shell:Creating environment hook '/home/monica/ros2_pelota/install/xolobot_arm_server/share/xolobot_arm_server/hook/cmake_prefix_path.sh'
[5.982s] Level 1:colcon.colcon_core.environment:checking '/home/monica/ros2_pelota/install/xolobot_arm_server/lib'
[5.982s] Level 1:colcon.colcon_core.environment:checking '/home/monica/ros2_pelota/install/xolobot_arm_server/bin'
[5.982s] Level 1:colcon.colcon_core.environment:checking '/home/monica/ros2_pelota/install/xolobot_arm_server/lib/pkgconfig/xolobot_arm_server.pc'
[5.983s] Level 1:colcon.colcon_core.environment:checking '/home/monica/ros2_pelota/install/xolobot_arm_server/lib/python3.10/site-packages'
[5.984s] Level 1:colcon.colcon_core.environment:checking '/home/monica/ros2_pelota/install/xolobot_arm_server/bin'
[5.985s] INFO:colcon.colcon_core.shell:Creating package script '/home/monica/ros2_pelota/install/xolobot_arm_server/share/xolobot_arm_server/package.ps1'
[5.986s] INFO:colcon.colcon_core.shell:Creating package descriptor '/home/monica/ros2_pelota/install/xolobot_arm_server/share/xolobot_arm_server/package.dsv'
[5.988s] INFO:colcon.colcon_core.shell:Creating package script '/home/monica/ros2_pelota/install/xolobot_arm_server/share/xolobot_arm_server/package.sh'
[5.989s] INFO:colcon.colcon_core.shell:Creating package script '/home/monica/ros2_pelota/install/xolobot_arm_server/share/xolobot_arm_server/package.bash'
[5.991s] INFO:colcon.colcon_core.shell:Creating package script '/home/monica/ros2_pelota/install/xolobot_arm_server/share/xolobot_arm_server/package.zsh'
[5.992s] Level 1:colcon.colcon_core.environment:create_file_with_runtime_dependencies(/home/monica/ros2_pelota/install/xolobot_arm_server/share/colcon-core/packages/xolobot_arm_server)
[5.994s] DEBUG:colcon.colcon_parallel_executor.executor.parallel:closing loop
[5.995s] DEBUG:colcon.colcon_parallel_executor.executor.parallel:loop closed
[5.995s] DEBUG:colcon.colcon_parallel_executor.executor.parallel:run_until_complete finished with '0'
[5.995s] DEBUG:colcon.colcon_core.event_reactor:joining thread
[6.027s] INFO:colcon.colcon_core.plugin_system:Skipping extension 'colcon_notification.desktop_notification.terminal_notifier': Not used on non-Darwin systems
[6.028s] INFO:colcon.colcon_core.plugin_system:Skipping extension 'colcon_notification.desktop_notification.win32': Not used on non-Windows systems
[6.028s] INFO:colcon.colcon_notification.desktop_notification:Sending desktop notification using 'notify2'
[6.068s] DEBUG:colcon.colcon_core.event_reactor:joined thread
[6.069s] INFO:colcon.colcon_core.shell:Creating prefix script '/home/monica/ros2_pelota/install/local_setup.ps1'
[6.073s] INFO:colcon.colcon_core.shell:Creating prefix util module '/home/monica/ros2_pelota/install/_local_setup_util_ps1.py'
[6.078s] INFO:colcon.colcon_core.shell:Creating prefix chain script '/home/monica/ros2_pelota/install/setup.ps1'
[6.085s] INFO:colcon.colcon_core.shell:Creating prefix script '/home/monica/ros2_pelota/install/local_setup.sh'
[6.089s] INFO:colcon.colcon_core.shell:Creating prefix util module '/home/monica/ros2_pelota/install/_local_setup_util_sh.py'
[6.091s] INFO:colcon.colcon_core.shell:Creating prefix chain script '/home/monica/ros2_pelota/install/setup.sh'
[6.099s] INFO:colcon.colcon_core.shell:Creating prefix script '/home/monica/ros2_pelota/install/local_setup.bash'
[6.104s] INFO:colcon.colcon_core.shell:Creating prefix chain script '/home/monica/ros2_pelota/install/setup.bash'
[6.110s] INFO:colcon.colcon_core.shell:Creating prefix script '/home/monica/ros2_pelota/install/local_setup.zsh'
[6.113s] INFO:colcon.colcon_core.shell:Creating prefix chain script '/home/monica/ros2_pelota/install/setup.zsh'
