[0.091s] Invoking command in '/home/monica/ros2_pelota/build/xolobot_arm_server': CMAKE_PREFIX_PATH=/home/monica/ros2_pelota/install/linkattacher_msgs:/home/monica/ros2_pelota/install/xolobot_control:/home/monica/ros2_pelota/install/xolobot_arm_server:/home/monica/ros2_pelota/install/xolobot_arm:/home/monica/ros2_pelota/install/ros2_linkattacher:/home/monica/ros2_ws/install/xolobot_control:/home/monica/ros2_ws/install/xolobot_arm_server:/home/monica/ros2_ws/install/xolobot_arm:/opt/ros/iron LD_LIBRARY_PATH=/home/monica/ros2_pelota/install/linkattacher_msgs/lib:/home/monica/ros2_pelota/install/ros2_linkattacher/lib:/usr/lib/x86_64-linux-gnu/gazebo-11/plugins:/opt/ros/iron/opt/rviz_ogre_vendor/lib:/opt/ros/iron/lib/x86_64-linux-gnu:/opt/ros/iron/lib:/opt/ros/iron/lib /usr/bin/cmake --build /home/monica/ros2_pelota/build/xolobot_arm_server -- -j2 -l2
[0.501s] [35m[1mConsolidate compiler generated dependencies of target xolobot_arm_server[0m
[0.710s] [100%] Built target xolobot_arm_server
[0.779s] Invoked command in '/home/monica/ros2_pelota/build/xolobot_arm_server' returned '0': CMAKE_PREFIX_PATH=/home/monica/ros2_pelota/install/linkattacher_msgs:/home/monica/ros2_pelota/install/xolobot_control:/home/monica/ros2_pelota/install/xolobot_arm_server:/home/monica/ros2_pelota/install/xolobot_arm:/home/monica/ros2_pelota/install/ros2_linkattacher:/home/monica/ros2_ws/install/xolobot_control:/home/monica/ros2_ws/install/xolobot_arm_server:/home/monica/ros2_ws/install/xolobot_arm:/opt/ros/iron LD_LIBRARY_PATH=/home/monica/ros2_pelota/install/linkattacher_msgs/lib:/home/monica/ros2_pelota/install/ros2_linkattacher/lib:/usr/lib/x86_64-linux-gnu/gazebo-11/plugins:/opt/ros/iron/opt/rviz_ogre_vendor/lib:/opt/ros/iron/lib/x86_64-linux-gnu:/opt/ros/iron/lib:/opt/ros/iron/lib /usr/bin/cmake --build /home/monica/ros2_pelota/build/xolobot_arm_server -- -j2 -l2
[0.806s] Invoking command in '/home/monica/ros2_pelota/build/xolobot_arm_server': CMAKE_PREFIX_PATH=/home/monica/ros2_pelota/install/linkattacher_msgs:/home/monica/ros2_pelota/install/xolobot_control:/home/monica/ros2_pelota/install/xolobot_arm_server:/home/monica/ros2_pelota/install/xolobot_arm:/home/monica/ros2_pelota/install/ros2_linkattacher:/home/monica/ros2_ws/install/xolobot_control:/home/monica/ros2_ws/install/xolobot_arm_server:/home/monica/ros2_ws/install/xolobot_arm:/opt/ros/iron LD_LIBRARY_PATH=/home/monica/ros2_pelota/install/linkattacher_msgs/lib:/home/monica/ros2_pelota/install/ros2_linkattacher/lib:/usr/lib/x86_64-linux-gnu/gazebo-11/plugins:/opt/ros/iron/opt/rviz_ogre_vendor/lib:/opt/ros/iron/lib/x86_64-linux-gnu:/opt/ros/iron/lib:/opt/ros/iron/lib /usr/bin/cmake --install /home/monica/ros2_pelota/build/xolobot_arm_server
[0.862s] -- Install configuration: ""
[0.870s] -- Up-to-date: /home/monica/ros2_pelota/install/xolobot_arm_server/lib/xolobot_arm_server/xolobot_arm_server
[0.870s] -- Up-to-date: /home/monica/ros2_pelota/install/xolobot_arm_server/share/ament_index/resource_index/package_run_dependencies/xolobot_arm_server
[0.877s] -- Up-to-date: /home/monica/ros2_pelota/install/xolobot_arm_server/share/ament_index/resource_index/parent_prefix_path/xolobot_arm_server
[0.878s] -- Up-to-date: /home/monica/ros2_pelota/install/xolobot_arm_server/share/xolobot_arm_server/environment/ament_prefix_path.sh
[0.878s] -- Up-to-date: /home/monica/ros2_pelota/install/xolobot_arm_server/share/xolobot_arm_server/environment/ament_prefix_path.dsv
[0.878s] -- Up-to-date: /home/monica/ros2_pelota/install/xolobot_arm_server/share/xolobot_arm_server/environment/path.sh
[0.878s] -- Up-to-date: /home/monica/ros2_pelota/install/xolobot_arm_server/share/xolobot_arm_server/environment/path.dsv
[0.878s] -- Up-to-date: /home/monica/ros2_pelota/install/xolobot_arm_server/share/xolobot_arm_server/local_setup.bash
[0.882s] -- Up-to-date: /home/monica/ros2_pelota/install/xolobot_arm_server/share/xolobot_arm_server/local_setup.sh
[0.885s] -- Up-to-date: /home/monica/ros2_pelota/install/xolobot_arm_server/share/xolobot_arm_server/local_setup.zsh
[0.885s] -- Up-to-date: /home/monica/ros2_pelota/install/xolobot_arm_server/share/xolobot_arm_server/local_setup.dsv
[0.885s] -- Installing: /home/monica/ros2_pelota/install/xolobot_arm_server/share/xolobot_arm_server/package.dsv
[0.885s] -- Up-to-date: /home/monica/ros2_pelota/install/xolobot_arm_server/share/ament_index/resource_index/packages/xolobot_arm_server
[0.886s] -- Up-to-date: /home/monica/ros2_pelota/install/xolobot_arm_server/share/xolobot_arm_server/cmake/xolobot_arm_serverConfig.cmake
[0.886s] -- Up-to-date: /home/monica/ros2_pelota/install/xolobot_arm_server/share/xolobot_arm_server/cmake/xolobot_arm_serverConfig-version.cmake
[0.886s] -- Up-to-date: /home/monica/ros2_pelota/install/xolobot_arm_server/share/xolobot_arm_server/package.xml
[0.923s] Invoked command in '/home/monica/ros2_pelota/build/xolobot_arm_server' returned '0': CMAKE_PREFIX_PATH=/home/monica/ros2_pelota/install/linkattacher_msgs:/home/monica/ros2_pelota/install/xolobot_control:/home/monica/ros2_pelota/install/xolobot_arm_server:/home/monica/ros2_pelota/install/xolobot_arm:/home/monica/ros2_pelota/install/ros2_linkattacher:/home/monica/ros2_ws/install/xolobot_control:/home/monica/ros2_ws/install/xolobot_arm_server:/home/monica/ros2_ws/install/xolobot_arm:/opt/ros/iron LD_LIBRARY_PATH=/home/monica/ros2_pelota/install/linkattacher_msgs/lib:/home/monica/ros2_pelota/install/ros2_linkattacher/lib:/usr/lib/x86_64-linux-gnu/gazebo-11/plugins:/opt/ros/iron/opt/rviz_ogre_vendor/lib:/opt/ros/iron/lib/x86_64-linux-gnu:/opt/ros/iron/lib:/opt/ros/iron/lib /usr/bin/cmake --install /home/monica/ros2_pelota/build/xolobot_arm_server
