[0.105s] Invoking command in '/home/monica/ros2_pelota/build/xolobot_control': CMAKE_PREFIX_PATH=${CMAKE_PREFIX_PATH}:/opt/ros/iron /usr/bin/cmake --build /home/monica/ros2_pelota/build/xolobot_control -- -j2 -l2
[0.619s] Invoked command in '/home/monica/ros2_pelota/build/xolobot_control' returned '0': CMAKE_PREFIX_PATH=${CMAKE_PREFIX_PATH}:/opt/ros/iron /usr/bin/cmake --build /home/monica/ros2_pelota/build/xolobot_control -- -j2 -l2
[0.634s] Invoking command in '/home/monica/ros2_pelota/build/xolobot_control': CMAKE_PREFIX_PATH=${CMAKE_PREFIX_PATH}:/opt/ros/iron /usr/bin/cmake --install /home/monica/ros2_pelota/build/xolobot_control
[0.741s] -- Install configuration: ""
[0.744s] -- Up-to-date: /home/monica/ros2_pelota/install/xolobot_control/share/xolobot_control/config
[0.747s] -- Up-to-date: /home/monica/ros2_pelota/install/xolobot_control/share/xolobot_control/config/xolobot_control.yaml
[0.747s] -- Up-to-date: /home/monica/ros2_pelota/install/xolobot_control/share/xolobot_control/launch
[0.748s] -- Up-to-date: /home/monica/ros2_pelota/install/xolobot_control/share/xolobot_control/launch/xolobot_control.launch.py
[0.753s] -- Up-to-date: /home/monica/ros2_pelota/install/xolobot_control/share/ament_index/resource_index/package_run_dependencies/xolobot_control
[0.753s] -- Up-to-date: /home/monica/ros2_pelota/install/xolobot_control/share/ament_index/resource_index/parent_prefix_path/xolobot_control
[0.759s] -- Up-to-date: /home/monica/ros2_pelota/install/xolobot_control/share/xolobot_control/environment/ament_prefix_path.sh
[0.762s] -- Up-to-date: /home/monica/ros2_pelota/install/xolobot_control/share/xolobot_control/environment/ament_prefix_path.dsv
[0.762s] -- Up-to-date: /home/monica/ros2_pelota/install/xolobot_control/share/xolobot_control/environment/path.sh
[0.769s] -- Up-to-date: /home/monica/ros2_pelota/install/xolobot_control/share/xolobot_control/environment/path.dsv
[0.769s] -- Up-to-date: /home/monica/ros2_pelota/install/xolobot_control/share/xolobot_control/local_setup.bash
[0.769s] -- Up-to-date: /home/monica/ros2_pelota/install/xolobot_control/share/xolobot_control/local_setup.sh
[0.770s] -- Up-to-date: /home/monica/ros2_pelota/install/xolobot_control/share/xolobot_control/local_setup.zsh
[0.770s] -- Up-to-date: /home/monica/ros2_pelota/install/xolobot_control/share/xolobot_control/local_setup.dsv
[0.770s] -- Installing: /home/monica/ros2_pelota/install/xolobot_control/share/xolobot_control/package.dsv
[0.784s] -- Up-to-date: /home/monica/ros2_pelota/install/xolobot_control/share/ament_index/resource_index/packages/xolobot_control
[0.787s] -- Up-to-date: /home/monica/ros2_pelota/install/xolobot_control/share/xolobot_control/cmake/xolobot_controlConfig.cmake
[0.793s] -- Up-to-date: /home/monica/ros2_pelota/install/xolobot_control/share/xolobot_control/cmake/xolobot_controlConfig-version.cmake
[0.796s] -- Up-to-date: /home/monica/ros2_pelota/install/xolobot_control/share/xolobot_control/package.xml
[0.824s] Invoked command in '/home/monica/ros2_pelota/build/xolobot_control' returned '0': CMAKE_PREFIX_PATH=${CMAKE_PREFIX_PATH}:/opt/ros/iron /usr/bin/cmake --install /home/monica/ros2_pelota/build/xolobot_control
