[0.099s] Invoking command in '/home/monica/ros2_pelota/build/linkattacher_msgs': CMAKE_PREFIX_PATH=${CMAKE_PREFIX_PATH}:/opt/ros/iron /usr/bin/cmake --build /home/monica/ros2_pelota/build/linkattacher_msgs -- -j2 -l2
[0.680s] [  2%] Built target linkattacher_msgs__rosidl_generator_type_description
[1.154s] [  2%] Built target ament_cmake_python_copy_linkattacher_msgs
[1.242s] [ 20%] Built target linkattacher_msgs__rosidl_generator_c
[1.491s] [ 22%] Built target linkattacher_msgs__cpp
[3.252s] running egg_info
[3.255s] writing linkattacher_msgs.egg-info/PKG-INFO
[3.258s] writing dependency_links to linkattacher_msgs.egg-info/dependency_links.txt
[3.259s] writing top-level names to linkattacher_msgs.egg-info/top_level.txt
[3.278s] reading manifest file 'linkattacher_msgs.egg-info/SOURCES.txt'
[3.284s] writing manifest file 'linkattacher_msgs.egg-info/SOURCES.txt'
[3.414s] [ 22%] Built target ament_cmake_python_build_linkattacher_msgs_egg
[3.562s] [ 31%] Built target linkattacher_msgs__rosidl_typesupport_fastrtps_c
[3.684s] [ 40%] Built target linkattacher_msgs__rosidl_typesupport_introspection_c
[3.796s] [ 50%] Built target linkattacher_msgs__rosidl_typesupport_c
[3.949s] [ 59%] Built target linkattacher_msgs__rosidl_typesupport_fastrtps_cpp
[4.085s] [ 68%] Built target linkattacher_msgs__rosidl_typesupport_introspection_cpp
[4.193s] [ 77%] Built target linkattacher_msgs__rosidl_typesupport_cpp
[4.301s] [ 77%] Built target linkattacher_msgs
[4.394s] [ 79%] Built target linkattacher_msgs__py
[4.536s] [ 86%] Built target linkattacher_msgs__rosidl_generator_py
[4.671s] [ 90%] Built target linkattacher_msgs__rosidl_typesupport_fastrtps_c__pyext
[4.806s] [ 95%] Built target linkattacher_msgs__rosidl_typesupport_introspection_c__pyext
[4.924s] [100%] Built target linkattacher_msgs__rosidl_typesupport_c__pyext
[4.989s] Invoked command in '/home/monica/ros2_pelota/build/linkattacher_msgs' returned '0': CMAKE_PREFIX_PATH=${CMAKE_PREFIX_PATH}:/opt/ros/iron /usr/bin/cmake --build /home/monica/ros2_pelota/build/linkattacher_msgs -- -j2 -l2
[4.998s] Invoking command in '/home/monica/ros2_pelota/build/linkattacher_msgs': CMAKE_PREFIX_PATH=${CMAKE_PREFIX_PATH}:/opt/ros/iron /usr/bin/cmake --install /home/monica/ros2_pelota/build/linkattacher_msgs
[5.054s] -- Install configuration: ""
[5.062s] -- Up-to-date: /home/monica/ros2_pelota/install/linkattacher_msgs/share/linkattacher_msgs/srv
[5.063s] -- Up-to-date: /home/monica/ros2_pelota/install/linkattacher_msgs/share/linkattacher_msgs/srv/DetachLink.srv
[5.063s] -- Up-to-date: /home/monica/ros2_pelota/install/linkattacher_msgs/share/linkattacher_msgs/srv/AttachLink.srv
[5.064s] -- Up-to-date: /home/monica/ros2_pelota/install/linkattacher_msgs/share/ament_index/resource_index/rosidl_interfaces/linkattacher_msgs
[5.065s] -- Up-to-date: /home/monica/ros2_pelota/install/linkattacher_msgs/share/linkattacher_msgs/srv/AttachLink.json
[5.069s] -- Up-to-date: /home/monica/ros2_pelota/install/linkattacher_msgs/share/linkattacher_msgs/srv/DetachLink.json
[5.071s] -- Up-to-date: /home/monica/ros2_pelota/install/linkattacher_msgs/include/linkattacher_msgs/linkattacher_msgs
[5.073s] -- Up-to-date: /home/monica/ros2_pelota/install/linkattacher_msgs/include/linkattacher_msgs/linkattacher_msgs/srv
[5.073s] -- Up-to-date: /home/monica/ros2_pelota/install/linkattacher_msgs/include/linkattacher_msgs/linkattacher_msgs/srv/attach_link.h
[5.074s] -- Up-to-date: /home/monica/ros2_pelota/install/linkattacher_msgs/include/linkattacher_msgs/linkattacher_msgs/srv/detach_link.h
[5.077s] -- Up-to-date: /home/monica/ros2_pelota/install/linkattacher_msgs/include/linkattacher_msgs/linkattacher_msgs/srv/detail
[5.078s] -- Installing: /home/monica/ros2_pelota/install/linkattacher_msgs/include/linkattacher_msgs/linkattacher_msgs/srv/detail/detach_link__type_support.c
[5.081s] -- Up-to-date: /home/monica/ros2_pelota/install/linkattacher_msgs/include/linkattacher_msgs/linkattacher_msgs/srv/detail/detach_link__functions.c
[5.082s] -- Up-to-date: /home/monica/ros2_pelota/install/linkattacher_msgs/include/linkattacher_msgs/linkattacher_msgs/srv/detail/detach_link__type_support.h
[5.083s] -- Installing: /home/monica/ros2_pelota/install/linkattacher_msgs/include/linkattacher_msgs/linkattacher_msgs/srv/detail/attach_link__type_support.c
[5.085s] -- Up-to-date: /home/monica/ros2_pelota/install/linkattacher_msgs/include/linkattacher_msgs/linkattacher_msgs/srv/detail/detach_link__struct.h
[5.085s] -- Up-to-date: /home/monica/ros2_pelota/install/linkattacher_msgs/include/linkattacher_msgs/linkattacher_msgs/srv/detail/detach_link__functions.h
[5.086s] -- Up-to-date: /home/monica/ros2_pelota/install/linkattacher_msgs/include/linkattacher_msgs/linkattacher_msgs/srv/detail/attach_link__functions.h
[5.086s] -- Up-to-date: /home/monica/ros2_pelota/install/linkattacher_msgs/include/linkattacher_msgs/linkattacher_msgs/srv/detail/detach_link__description.c
[5.086s] -- Up-to-date: /home/monica/ros2_pelota/install/linkattacher_msgs/include/linkattacher_msgs/linkattacher_msgs/srv/detail/attach_link__functions.c
[5.091s] -- Up-to-date: /home/monica/ros2_pelota/install/linkattacher_msgs/include/linkattacher_msgs/linkattacher_msgs/srv/detail/attach_link__struct.h
[5.095s] -- Up-to-date: /home/monica/ros2_pelota/install/linkattacher_msgs/include/linkattacher_msgs/linkattacher_msgs/srv/detail/attach_link__description.c
[5.095s] -- Up-to-date: /home/monica/ros2_pelota/install/linkattacher_msgs/include/linkattacher_msgs/linkattacher_msgs/srv/detail/attach_link__type_support.h
[5.096s] -- Up-to-date: /home/monica/ros2_pelota/install/linkattacher_msgs/include/linkattacher_msgs/linkattacher_msgs/msg
[5.096s] -- Up-to-date: /home/monica/ros2_pelota/install/linkattacher_msgs/include/linkattacher_msgs/linkattacher_msgs/msg/rosidl_generator_c__visibility_control.h
[5.097s] -- Up-to-date: /home/monica/ros2_pelota/install/linkattacher_msgs/share/linkattacher_msgs/environment/library_path.sh
[5.097s] -- Up-to-date: /home/monica/ros2_pelota/install/linkattacher_msgs/share/linkattacher_msgs/environment/library_path.dsv
[5.098s] -- Up-to-date: /home/monica/ros2_pelota/install/linkattacher_msgs/lib/liblinkattacher_msgs__rosidl_generator_c.so
[5.099s] -- Up-to-date: /home/monica/ros2_pelota/install/linkattacher_msgs/include/linkattacher_msgs/linkattacher_msgs
[5.101s] -- Up-to-date: /home/monica/ros2_pelota/install/linkattacher_msgs/include/linkattacher_msgs/linkattacher_msgs/srv
[5.101s] -- Up-to-date: /home/monica/ros2_pelota/install/linkattacher_msgs/include/linkattacher_msgs/linkattacher_msgs/srv/detail
[5.101s] -- Up-to-date: /home/monica/ros2_pelota/install/linkattacher_msgs/include/linkattacher_msgs/linkattacher_msgs/srv/detail/attach_link__rosidl_typesupport_fastrtps_c.h
[5.101s] -- Up-to-date: /home/monica/ros2_pelota/install/linkattacher_msgs/include/linkattacher_msgs/linkattacher_msgs/srv/detail/detach_link__rosidl_typesupport_fastrtps_c.h
[5.102s] -- Up-to-date: /home/monica/ros2_pelota/install/linkattacher_msgs/include/linkattacher_msgs/linkattacher_msgs/msg
[5.106s] -- Up-to-date: /home/monica/ros2_pelota/install/linkattacher_msgs/include/linkattacher_msgs/linkattacher_msgs/msg/rosidl_typesupport_fastrtps_c__visibility_control.h
[5.108s] -- Up-to-date: /home/monica/ros2_pelota/install/linkattacher_msgs/lib/liblinkattacher_msgs__rosidl_typesupport_fastrtps_c.so
[5.108s] -- Up-to-date: /home/monica/ros2_pelota/install/linkattacher_msgs/include/linkattacher_msgs/linkattacher_msgs
[5.108s] -- Up-to-date: /home/monica/ros2_pelota/install/linkattacher_msgs/include/linkattacher_msgs/linkattacher_msgs/srv
[5.109s] -- Up-to-date: /home/monica/ros2_pelota/install/linkattacher_msgs/include/linkattacher_msgs/linkattacher_msgs/srv/detail
[5.111s] -- Installing: /home/monica/ros2_pelota/install/linkattacher_msgs/include/linkattacher_msgs/linkattacher_msgs/srv/detail/detach_link__type_support.c
[5.113s] -- Installing: /home/monica/ros2_pelota/install/linkattacher_msgs/include/linkattacher_msgs/linkattacher_msgs/srv/detail/attach_link__type_support.c
[5.115s] -- Up-to-date: /home/monica/ros2_pelota/install/linkattacher_msgs/include/linkattacher_msgs/linkattacher_msgs/srv/detail/attach_link__rosidl_typesupport_introspection_c.h
[5.115s] -- Up-to-date: /home/monica/ros2_pelota/install/linkattacher_msgs/include/linkattacher_msgs/linkattacher_msgs/srv/detail/detach_link__rosidl_typesupport_introspection_c.h
[5.116s] -- Up-to-date: /home/monica/ros2_pelota/install/linkattacher_msgs/include/linkattacher_msgs/linkattacher_msgs/msg
[5.116s] -- Up-to-date: /home/monica/ros2_pelota/install/linkattacher_msgs/include/linkattacher_msgs/linkattacher_msgs/msg/rosidl_typesupport_introspection_c__visibility_control.h
[5.119s] -- Up-to-date: /home/monica/ros2_pelota/install/linkattacher_msgs/lib/liblinkattacher_msgs__rosidl_typesupport_introspection_c.so
[5.125s] -- Up-to-date: /home/monica/ros2_pelota/install/linkattacher_msgs/lib/liblinkattacher_msgs__rosidl_typesupport_c.so
[5.129s] -- Up-to-date: /home/monica/ros2_pelota/install/linkattacher_msgs/include/linkattacher_msgs/linkattacher_msgs
[5.130s] -- Up-to-date: /home/monica/ros2_pelota/install/linkattacher_msgs/include/linkattacher_msgs/linkattacher_msgs/srv
[5.130s] -- Up-to-date: /home/monica/ros2_pelota/install/linkattacher_msgs/include/linkattacher_msgs/linkattacher_msgs/srv/attach_link.hpp
[5.130s] -- Up-to-date: /home/monica/ros2_pelota/install/linkattacher_msgs/include/linkattacher_msgs/linkattacher_msgs/srv/detach_link.hpp
[5.131s] -- Up-to-date: /home/monica/ros2_pelota/install/linkattacher_msgs/include/linkattacher_msgs/linkattacher_msgs/srv/detail
[5.136s] -- Up-to-date: /home/monica/ros2_pelota/install/linkattacher_msgs/include/linkattacher_msgs/linkattacher_msgs/srv/detail/detach_link__struct.hpp
[5.136s] -- Up-to-date: /home/monica/ros2_pelota/install/linkattacher_msgs/include/linkattacher_msgs/linkattacher_msgs/srv/detail/attach_link__builder.hpp
[5.136s] -- Up-to-date: /home/monica/ros2_pelota/install/linkattacher_msgs/include/linkattacher_msgs/linkattacher_msgs/srv/detail/detach_link__traits.hpp
[5.137s] -- Up-to-date: /home/monica/ros2_pelota/install/linkattacher_msgs/include/linkattacher_msgs/linkattacher_msgs/srv/detail/detach_link__builder.hpp
[5.139s] -- Up-to-date: /home/monica/ros2_pelota/install/linkattacher_msgs/include/linkattacher_msgs/linkattacher_msgs/srv/detail/attach_link__struct.hpp
[5.141s] -- Up-to-date: /home/monica/ros2_pelota/install/linkattacher_msgs/include/linkattacher_msgs/linkattacher_msgs/srv/detail/attach_link__traits.hpp
[5.143s] -- Up-to-date: /home/monica/ros2_pelota/install/linkattacher_msgs/include/linkattacher_msgs/linkattacher_msgs
[5.145s] -- Up-to-date: /home/monica/ros2_pelota/install/linkattacher_msgs/include/linkattacher_msgs/linkattacher_msgs/srv
[5.145s] -- Up-to-date: /home/monica/ros2_pelota/install/linkattacher_msgs/include/linkattacher_msgs/linkattacher_msgs/srv/detail
[5.146s] -- Up-to-date: /home/monica/ros2_pelota/install/linkattacher_msgs/include/linkattacher_msgs/linkattacher_msgs/srv/detail/dds_fastrtps
[5.149s] -- Up-to-date: /home/monica/ros2_pelota/install/linkattacher_msgs/include/linkattacher_msgs/linkattacher_msgs/srv/detail/attach_link__rosidl_typesupport_fastrtps_cpp.hpp
[5.150s] -- Up-to-date: /home/monica/ros2_pelota/install/linkattacher_msgs/include/linkattacher_msgs/linkattacher_msgs/srv/detail/detach_link__rosidl_typesupport_fastrtps_cpp.hpp
[5.151s] -- Up-to-date: /home/monica/ros2_pelota/install/linkattacher_msgs/include/linkattacher_msgs/linkattacher_msgs/msg
[5.151s] -- Up-to-date: /home/monica/ros2_pelota/install/linkattacher_msgs/include/linkattacher_msgs/linkattacher_msgs/msg/rosidl_typesupport_fastrtps_cpp__visibility_control.h
[5.154s] -- Up-to-date: /home/monica/ros2_pelota/install/linkattacher_msgs/lib/liblinkattacher_msgs__rosidl_typesupport_fastrtps_cpp.so
[5.155s] -- Up-to-date: /home/monica/ros2_pelota/install/linkattacher_msgs/include/linkattacher_msgs/linkattacher_msgs
[5.156s] -- Up-to-date: /home/monica/ros2_pelota/install/linkattacher_msgs/include/linkattacher_msgs/linkattacher_msgs/srv
[5.156s] -- Up-to-date: /home/monica/ros2_pelota/install/linkattacher_msgs/include/linkattacher_msgs/linkattacher_msgs/srv/detail
[5.160s] -- Up-to-date: /home/monica/ros2_pelota/install/linkattacher_msgs/include/linkattacher_msgs/linkattacher_msgs/srv/detail/attach_link__type_support.cpp
[5.160s] -- Up-to-date: /home/monica/ros2_pelota/install/linkattacher_msgs/include/linkattacher_msgs/linkattacher_msgs/srv/detail/detach_link__rosidl_typesupport_introspection_cpp.hpp
[5.161s] -- Up-to-date: /home/monica/ros2_pelota/install/linkattacher_msgs/include/linkattacher_msgs/linkattacher_msgs/srv/detail/attach_link__rosidl_typesupport_introspection_cpp.hpp
[5.163s] -- Up-to-date: /home/monica/ros2_pelota/install/linkattacher_msgs/include/linkattacher_msgs/linkattacher_msgs/srv/detail/detach_link__type_support.cpp
[5.164s] -- Up-to-date: /home/monica/ros2_pelota/install/linkattacher_msgs/lib/liblinkattacher_msgs__rosidl_typesupport_introspection_cpp.so
[5.166s] -- Up-to-date: /home/monica/ros2_pelota/install/linkattacher_msgs/lib/liblinkattacher_msgs__rosidl_typesupport_cpp.so
[5.169s] -- Up-to-date: /home/monica/ros2_pelota/install/linkattacher_msgs/share/linkattacher_msgs/environment/pythonpath.sh
[5.171s] -- Up-to-date: /home/monica/ros2_pelota/install/linkattacher_msgs/share/linkattacher_msgs/environment/pythonpath.dsv
[5.172s] -- Up-to-date: /home/monica/ros2_pelota/install/linkattacher_msgs/lib/python3.10/site-packages/linkattacher_msgs-0.0.0-py3.10.egg-info
[5.174s] -- Installing: /home/monica/ros2_pelota/install/linkattacher_msgs/lib/python3.10/site-packages/linkattacher_msgs-0.0.0-py3.10.egg-info/PKG-INFO
[5.176s] -- Installing: /home/monica/ros2_pelota/install/linkattacher_msgs/lib/python3.10/site-packages/linkattacher_msgs-0.0.0-py3.10.egg-info/top_level.txt
[5.177s] -- Installing: /home/monica/ros2_pelota/install/linkattacher_msgs/lib/python3.10/site-packages/linkattacher_msgs-0.0.0-py3.10.egg-info/dependency_links.txt
[5.180s] -- Installing: /home/monica/ros2_pelota/install/linkattacher_msgs/lib/python3.10/site-packages/linkattacher_msgs-0.0.0-py3.10.egg-info/SOURCES.txt
[5.182s] -- Up-to-date: /home/monica/ros2_pelota/install/linkattacher_msgs/lib/python3.10/site-packages/linkattacher_msgs
[5.183s] -- Up-to-date: /home/monica/ros2_pelota/install/linkattacher_msgs/lib/python3.10/site-packages/linkattacher_msgs/liblinkattacher_msgs__rosidl_generator_py.so
[5.183s] -- Up-to-date: /home/monica/ros2_pelota/install/linkattacher_msgs/lib/python3.10/site-packages/linkattacher_msgs/_linkattacher_msgs_s.ep.rosidl_typesupport_c.c
[5.186s] -- Up-to-date: /home/monica/ros2_pelota/install/linkattacher_msgs/lib/python3.10/site-packages/linkattacher_msgs/_linkattacher_msgs_s.ep.rosidl_typesupport_introspection_c.c
[5.188s] -- Up-to-date: /home/monica/ros2_pelota/install/linkattacher_msgs/lib/python3.10/site-packages/linkattacher_msgs/srv
[5.188s] -- Up-to-date: /home/monica/ros2_pelota/install/linkattacher_msgs/lib/python3.10/site-packages/linkattacher_msgs/srv/_detach_link.py
[5.189s] -- Up-to-date: /home/monica/ros2_pelota/install/linkattacher_msgs/lib/python3.10/site-packages/linkattacher_msgs/srv/_attach_link_s.c
[5.191s] -- Up-to-date: /home/monica/ros2_pelota/install/linkattacher_msgs/lib/python3.10/site-packages/linkattacher_msgs/srv/__init__.py
[5.192s] -- Up-to-date: /home/monica/ros2_pelota/install/linkattacher_msgs/lib/python3.10/site-packages/linkattacher_msgs/srv/_attach_link.py
[5.192s] -- Up-to-date: /home/monica/ros2_pelota/install/linkattacher_msgs/lib/python3.10/site-packages/linkattacher_msgs/srv/_detach_link_s.c
[5.196s] -- Up-to-date: /home/monica/ros2_pelota/install/linkattacher_msgs/lib/python3.10/site-packages/linkattacher_msgs/linkattacher_msgs_s__rosidl_typesupport_c.cpython-310-x86_64-linux-gnu.so
[5.196s] -- Up-to-date: /home/monica/ros2_pelota/install/linkattacher_msgs/lib/python3.10/site-packages/linkattacher_msgs/__init__.py
[5.200s] -- Up-to-date: /home/monica/ros2_pelota/install/linkattacher_msgs/lib/python3.10/site-packages/linkattacher_msgs/linkattacher_msgs_s__rosidl_typesupport_fastrtps_c.cpython-310-x86_64-linux-gnu.so
[5.200s] -- Up-to-date: /home/monica/ros2_pelota/install/linkattacher_msgs/lib/python3.10/site-packages/linkattacher_msgs/_linkattacher_msgs_s.ep.rosidl_typesupport_fastrtps_c.c
[5.201s] -- Up-to-date: /home/monica/ros2_pelota/install/linkattacher_msgs/lib/python3.10/site-packages/linkattacher_msgs/linkattacher_msgs_s__rosidl_typesupport_introspection_c.cpython-310-x86_64-linux-gnu.so
[5.365s] Listing '/home/monica/ros2_pelota/install/linkattacher_msgs/lib/python3.10/site-packages/linkattacher_msgs'...
[5.368s] Listing '/home/monica/ros2_pelota/install/linkattacher_msgs/lib/python3.10/site-packages/linkattacher_msgs/srv'...
[5.397s] -- Up-to-date: /home/monica/ros2_pelota/install/linkattacher_msgs/lib/python3.10/site-packages/linkattacher_msgs/linkattacher_msgs_s__rosidl_typesupport_fastrtps_c.cpython-310-x86_64-linux-gnu.so
[5.404s] -- Up-to-date: /home/monica/ros2_pelota/install/linkattacher_msgs/lib/python3.10/site-packages/linkattacher_msgs/linkattacher_msgs_s__rosidl_typesupport_introspection_c.cpython-310-x86_64-linux-gnu.so
[5.408s] -- Up-to-date: /home/monica/ros2_pelota/install/linkattacher_msgs/lib/python3.10/site-packages/linkattacher_msgs/linkattacher_msgs_s__rosidl_typesupport_c.cpython-310-x86_64-linux-gnu.so
[5.414s] -- Up-to-date: /home/monica/ros2_pelota/install/linkattacher_msgs/lib/liblinkattacher_msgs__rosidl_generator_py.so
[5.416s] -- Up-to-date: /home/monica/ros2_pelota/install/linkattacher_msgs/share/linkattacher_msgs/srv/AttachLink.idl
[5.417s] -- Up-to-date: /home/monica/ros2_pelota/install/linkattacher_msgs/share/linkattacher_msgs/srv/DetachLink.idl
[5.418s] -- Up-to-date: /home/monica/ros2_pelota/install/linkattacher_msgs/share/linkattacher_msgs/srv/AttachLink.srv
[5.418s] -- Up-to-date: /home/monica/ros2_pelota/install/linkattacher_msgs/share/linkattacher_msgs/srv/AttachLink_Request.msg
[5.420s] -- Up-to-date: /home/monica/ros2_pelota/install/linkattacher_msgs/share/linkattacher_msgs/srv/AttachLink_Response.msg
[5.421s] -- Up-to-date: /home/monica/ros2_pelota/install/linkattacher_msgs/share/linkattacher_msgs/srv/DetachLink.srv
[5.423s] -- Up-to-date: /home/monica/ros2_pelota/install/linkattacher_msgs/share/linkattacher_msgs/srv/DetachLink_Request.msg
[5.423s] -- Up-to-date: /home/monica/ros2_pelota/install/linkattacher_msgs/share/linkattacher_msgs/srv/DetachLink_Response.msg
[5.423s] -- Up-to-date: /home/monica/ros2_pelota/install/linkattacher_msgs/share/ament_index/resource_index/package_run_dependencies/linkattacher_msgs
[5.424s] -- Up-to-date: /home/monica/ros2_pelota/install/linkattacher_msgs/share/ament_index/resource_index/parent_prefix_path/linkattacher_msgs
[5.424s] -- Up-to-date: /home/monica/ros2_pelota/install/linkattacher_msgs/share/linkattacher_msgs/environment/ament_prefix_path.sh
[5.424s] -- Up-to-date: /home/monica/ros2_pelota/install/linkattacher_msgs/share/linkattacher_msgs/environment/ament_prefix_path.dsv
[5.426s] -- Up-to-date: /home/monica/ros2_pelota/install/linkattacher_msgs/share/linkattacher_msgs/environment/path.sh
[5.426s] -- Up-to-date: /home/monica/ros2_pelota/install/linkattacher_msgs/share/linkattacher_msgs/environment/path.dsv
[5.426s] -- Up-to-date: /home/monica/ros2_pelota/install/linkattacher_msgs/share/linkattacher_msgs/local_setup.bash
[5.427s] -- Up-to-date: /home/monica/ros2_pelota/install/linkattacher_msgs/share/linkattacher_msgs/local_setup.sh
[5.427s] -- Up-to-date: /home/monica/ros2_pelota/install/linkattacher_msgs/share/linkattacher_msgs/local_setup.zsh
[5.428s] -- Up-to-date: /home/monica/ros2_pelota/install/linkattacher_msgs/share/linkattacher_msgs/local_setup.dsv
[5.429s] -- Installing: /home/monica/ros2_pelota/install/linkattacher_msgs/share/linkattacher_msgs/package.dsv
[5.435s] -- Up-to-date: /home/monica/ros2_pelota/install/linkattacher_msgs/share/ament_index/resource_index/packages/linkattacher_msgs
[5.438s] -- Up-to-date: /home/monica/ros2_pelota/install/linkattacher_msgs/share/linkattacher_msgs/cmake/export_linkattacher_msgs__rosidl_generator_cExport.cmake
[5.438s] -- Up-to-date: /home/monica/ros2_pelota/install/linkattacher_msgs/share/linkattacher_msgs/cmake/export_linkattacher_msgs__rosidl_generator_cExport-noconfig.cmake
[5.441s] -- Up-to-date: /home/monica/ros2_pelota/install/linkattacher_msgs/share/linkattacher_msgs/cmake/export_linkattacher_msgs__rosidl_typesupport_fastrtps_cExport.cmake
[5.441s] -- Up-to-date: /home/monica/ros2_pelota/install/linkattacher_msgs/share/linkattacher_msgs/cmake/export_linkattacher_msgs__rosidl_typesupport_fastrtps_cExport-noconfig.cmake
[5.447s] -- Up-to-date: /home/monica/ros2_pelota/install/linkattacher_msgs/share/linkattacher_msgs/cmake/linkattacher_msgs__rosidl_typesupport_introspection_cExport.cmake
[5.448s] -- Up-to-date: /home/monica/ros2_pelota/install/linkattacher_msgs/share/linkattacher_msgs/cmake/linkattacher_msgs__rosidl_typesupport_introspection_cExport-noconfig.cmake
[5.452s] -- Up-to-date: /home/monica/ros2_pelota/install/linkattacher_msgs/share/linkattacher_msgs/cmake/linkattacher_msgs__rosidl_typesupport_cExport.cmake
[5.452s] -- Up-to-date: /home/monica/ros2_pelota/install/linkattacher_msgs/share/linkattacher_msgs/cmake/linkattacher_msgs__rosidl_typesupport_cExport-noconfig.cmake
[5.456s] -- Up-to-date: /home/monica/ros2_pelota/install/linkattacher_msgs/share/linkattacher_msgs/cmake/export_linkattacher_msgs__rosidl_generator_cppExport.cmake
[5.459s] -- Up-to-date: /home/monica/ros2_pelota/install/linkattacher_msgs/share/linkattacher_msgs/cmake/export_linkattacher_msgs__rosidl_typesupport_fastrtps_cppExport.cmake
[5.460s] -- Up-to-date: /home/monica/ros2_pelota/install/linkattacher_msgs/share/linkattacher_msgs/cmake/export_linkattacher_msgs__rosidl_typesupport_fastrtps_cppExport-noconfig.cmake
[5.462s] -- Up-to-date: /home/monica/ros2_pelota/install/linkattacher_msgs/share/linkattacher_msgs/cmake/linkattacher_msgs__rosidl_typesupport_introspection_cppExport.cmake
[5.463s] -- Up-to-date: /home/monica/ros2_pelota/install/linkattacher_msgs/share/linkattacher_msgs/cmake/linkattacher_msgs__rosidl_typesupport_introspection_cppExport-noconfig.cmake
[5.465s] -- Up-to-date: /home/monica/ros2_pelota/install/linkattacher_msgs/share/linkattacher_msgs/cmake/linkattacher_msgs__rosidl_typesupport_cppExport.cmake
[5.467s] -- Up-to-date: /home/monica/ros2_pelota/install/linkattacher_msgs/share/linkattacher_msgs/cmake/linkattacher_msgs__rosidl_typesupport_cppExport-noconfig.cmake
[5.470s] -- Up-to-date: /home/monica/ros2_pelota/install/linkattacher_msgs/share/linkattacher_msgs/cmake/export_linkattacher_msgs__rosidl_generator_pyExport.cmake
[5.471s] -- Up-to-date: /home/monica/ros2_pelota/install/linkattacher_msgs/share/linkattacher_msgs/cmake/export_linkattacher_msgs__rosidl_generator_pyExport-noconfig.cmake
[5.472s] -- Up-to-date: /home/monica/ros2_pelota/install/linkattacher_msgs/share/linkattacher_msgs/cmake/rosidl_cmake-extras.cmake
[5.473s] -- Up-to-date: /home/monica/ros2_pelota/install/linkattacher_msgs/share/linkattacher_msgs/cmake/ament_cmake_export_dependencies-extras.cmake
[5.476s] -- Up-to-date: /home/monica/ros2_pelota/install/linkattacher_msgs/share/linkattacher_msgs/cmake/ament_cmake_export_include_directories-extras.cmake
[5.477s] -- Up-to-date: /home/monica/ros2_pelota/install/linkattacher_msgs/share/linkattacher_msgs/cmake/ament_cmake_export_libraries-extras.cmake
[5.479s] -- Up-to-date: /home/monica/ros2_pelota/install/linkattacher_msgs/share/linkattacher_msgs/cmake/ament_cmake_export_targets-extras.cmake
[5.480s] -- Up-to-date: /home/monica/ros2_pelota/install/linkattacher_msgs/share/linkattacher_msgs/cmake/rosidl_cmake_export_typesupport_targets-extras.cmake
[5.482s] -- Up-to-date: /home/monica/ros2_pelota/install/linkattacher_msgs/share/linkattacher_msgs/cmake/rosidl_cmake_export_typesupport_libraries-extras.cmake
[5.483s] -- Up-to-date: /home/monica/ros2_pelota/install/linkattacher_msgs/share/linkattacher_msgs/cmake/linkattacher_msgsConfig.cmake
[5.486s] -- Up-to-date: /home/monica/ros2_pelota/install/linkattacher_msgs/share/linkattacher_msgs/cmake/linkattacher_msgsConfig-version.cmake
[5.487s] -- Up-to-date: /home/monica/ros2_pelota/install/linkattacher_msgs/share/linkattacher_msgs/package.xml
[5.506s] Invoked command in '/home/monica/ros2_pelota/build/linkattacher_msgs' returned '0': CMAKE_PREFIX_PATH=${CMAKE_PREFIX_PATH}:/opt/ros/iron /usr/bin/cmake --install /home/monica/ros2_pelota/build/linkattacher_msgs
