[0.133s] Invoking command in '/home/monica/ros2_pelota/build/ros2_linkattacher': CMAKE_PREFIX_PATH=/home/monica/ros2_pelota/install/linkattacher_msgs:/home/monica/ros2_pelota/install/xolobot_control:/home/monica/ros2_pelota/install/xolobot_arm_server:/home/monica/ros2_pelota/install/xolobot_arm:/home/monica/ros2_pelota/install/ros2_linkattacher:/home/monica/ros2_ws/install/xolobot_control:/home/monica/ros2_ws/install/xolobot_arm_server:/home/monica/ros2_ws/install/xolobot_arm:/opt/ros/iron LD_LIBRARY_PATH=/home/monica/ros2_pelota/install/linkattacher_msgs/lib:/home/monica/ros2_pelota/install/ros2_linkattacher/lib:/usr/lib/x86_64-linux-gnu/gazebo-11/plugins:/opt/ros/iron/opt/rviz_ogre_vendor/lib:/opt/ros/iron/lib/x86_64-linux-gnu:/opt/ros/iron/lib:/opt/ros/iron/lib /usr/bin/cmake --build /home/monica/ros2_pelota/build/ros2_linkattacher -- -j2 -l2
[0.778s] [100%] Built target gazebo_link_attacher
[0.852s] Invoked command in '/home/monica/ros2_pelota/build/ros2_linkattacher' returned '0': CMAKE_PREFIX_PATH=/home/monica/ros2_pelota/install/linkattacher_msgs:/home/monica/ros2_pelota/install/xolobot_control:/home/monica/ros2_pelota/install/xolobot_arm_server:/home/monica/ros2_pelota/install/xolobot_arm:/home/monica/ros2_pelota/install/ros2_linkattacher:/home/monica/ros2_ws/install/xolobot_control:/home/monica/ros2_ws/install/xolobot_arm_server:/home/monica/ros2_ws/install/xolobot_arm:/opt/ros/iron LD_LIBRARY_PATH=/home/monica/ros2_pelota/install/linkattacher_msgs/lib:/home/monica/ros2_pelota/install/ros2_linkattacher/lib:/usr/lib/x86_64-linux-gnu/gazebo-11/plugins:/opt/ros/iron/opt/rviz_ogre_vendor/lib:/opt/ros/iron/lib/x86_64-linux-gnu:/opt/ros/iron/lib:/opt/ros/iron/lib /usr/bin/cmake --build /home/monica/ros2_pelota/build/ros2_linkattacher -- -j2 -l2
[0.864s] Invoking command in '/home/monica/ros2_pelota/build/ros2_linkattacher': CMAKE_PREFIX_PATH=/home/monica/ros2_pelota/install/linkattacher_msgs:/home/monica/ros2_pelota/install/xolobot_control:/home/monica/ros2_pelota/install/xolobot_arm_server:/home/monica/ros2_pelota/install/xolobot_arm:/home/monica/ros2_pelota/install/ros2_linkattacher:/home/monica/ros2_ws/install/xolobot_control:/home/monica/ros2_ws/install/xolobot_arm_server:/home/monica/ros2_ws/install/xolobot_arm:/opt/ros/iron LD_LIBRARY_PATH=/home/monica/ros2_pelota/install/linkattacher_msgs/lib:/home/monica/ros2_pelota/install/ros2_linkattacher/lib:/usr/lib/x86_64-linux-gnu/gazebo-11/plugins:/opt/ros/iron/opt/rviz_ogre_vendor/lib:/opt/ros/iron/lib/x86_64-linux-gnu:/opt/ros/iron/lib:/opt/ros/iron/lib /usr/bin/cmake --install /home/monica/ros2_pelota/build/ros2_linkattacher
[0.933s] -- Install configuration: ""
[0.933s] -- Up-to-date: /home/monica/ros2_pelota/install/ros2_linkattacher/share/ros2_linkattacher/environment/library_path.sh
[0.936s] -- Up-to-date: /home/monica/ros2_pelota/install/ros2_linkattacher/share/ros2_linkattacher/environment/library_path.dsv
[0.937s] -- Up-to-date: /home/monica/ros2_pelota/install/ros2_linkattacher/lib/libgazebo_link_attacher.so
[0.941s] -- Up-to-date: /home/monica/ros2_pelota/install/ros2_linkattacher/share/ament_index/resource_index/package_run_dependencies/ros2_linkattacher
[0.945s] -- Up-to-date: /home/monica/ros2_pelota/install/ros2_linkattacher/share/ament_index/resource_index/parent_prefix_path/ros2_linkattacher
[0.945s] -- Up-to-date: /home/monica/ros2_pelota/install/ros2_linkattacher/share/ros2_linkattacher/environment/ament_prefix_path.sh
[0.950s] -- Up-to-date: /home/monica/ros2_pelota/install/ros2_linkattacher/share/ros2_linkattacher/environment/ament_prefix_path.dsv
[0.950s] -- Up-to-date: /home/monica/ros2_pelota/install/ros2_linkattacher/share/ros2_linkattacher/environment/path.sh
[0.951s] -- Up-to-date: /home/monica/ros2_pelota/install/ros2_linkattacher/share/ros2_linkattacher/environment/path.dsv
[0.951s] -- Up-to-date: /home/monica/ros2_pelota/install/ros2_linkattacher/share/ros2_linkattacher/local_setup.bash
[0.951s] -- Up-to-date: /home/monica/ros2_pelota/install/ros2_linkattacher/share/ros2_linkattacher/local_setup.sh
[0.967s] -- Up-to-date: /home/monica/ros2_pelota/install/ros2_linkattacher/share/ros2_linkattacher/local_setup.zsh
[0.968s] -- Up-to-date: /home/monica/ros2_pelota/install/ros2_linkattacher/share/ros2_linkattacher/local_setup.dsv
[0.968s] -- Installing: /home/monica/ros2_pelota/install/ros2_linkattacher/share/ros2_linkattacher/package.dsv
[0.968s] -- Up-to-date: /home/monica/ros2_pelota/install/ros2_linkattacher/share/ament_index/resource_index/packages/ros2_linkattacher
[0.978s] -- Up-to-date: /home/monica/ros2_pelota/install/ros2_linkattacher/share/ros2_linkattacher/cmake/ament_cmake_export_libraries-extras.cmake
[0.978s] -- Up-to-date: /home/monica/ros2_pelota/install/ros2_linkattacher/share/ros2_linkattacher/cmake/ros2_linkattacherConfig.cmake
[0.979s] -- Up-to-date: /home/monica/ros2_pelota/install/ros2_linkattacher/share/ros2_linkattacher/cmake/ros2_linkattacherConfig-version.cmake
[0.979s] -- Up-to-date: /home/monica/ros2_pelota/install/ros2_linkattacher/share/ros2_linkattacher/package.xml
[1.004s] Invoked command in '/home/monica/ros2_pelota/build/ros2_linkattacher' returned '0': CMAKE_PREFIX_PATH=/home/monica/ros2_pelota/install/linkattacher_msgs:/home/monica/ros2_pelota/install/xolobot_control:/home/monica/ros2_pelota/install/xolobot_arm_server:/home/monica/ros2_pelota/install/xolobot_arm:/home/monica/ros2_pelota/install/ros2_linkattacher:/home/monica/ros2_ws/install/xolobot_control:/home/monica/ros2_ws/install/xolobot_arm_server:/home/monica/ros2_ws/install/xolobot_arm:/opt/ros/iron LD_LIBRARY_PATH=/home/monica/ros2_pelota/install/linkattacher_msgs/lib:/home/monica/ros2_pelota/install/ros2_linkattacher/lib:/usr/lib/x86_64-linux-gnu/gazebo-11/plugins:/opt/ros/iron/opt/rviz_ogre_vendor/lib:/opt/ros/iron/lib/x86_64-linux-gnu:/opt/ros/iron/lib:/opt/ros/iron/lib /usr/bin/cmake --install /home/monica/ros2_pelota/build/ros2_linkattacher
