[3.150s] DEBUG:colcon:Command line arguments: ['/usr/bin/colcon', 'build']
[3.150s] DEBUG:colcon:Parsed command line arguments: Namespace(log_base=None, log_level=None, verb_name='build', build_base='build', install_base='install', merge_install=False, symlink_install=False, test_result_base=None, continue_on_error=False, executor='parallel', parallel_workers=2, event_handlers=None, ignore_user_meta=False, metas=['./colcon.meta'], base_paths=['.'], packages_ignore=None, packages_ignore_regex=None, paths=None, packages_up_to=None, packages_up_to_regex=None, packages_above=None, packages_above_and_dependencies=None, packages_above_depth=None, packages_select_by_dep=None, packages_skip_by_dep=None, packages_skip_up_to=None, packages_select_build_failed=False, packages_skip_build_finished=False, packages_select_test_failures=False, packages_skip_test_passed=False, packages_select=None, packages_skip=None, packages_select_regex=None, packages_skip_regex=None, packages_start=None, packages_end=None, allow_overriding=[], cmake_args=None, cmake_target=None, cmake_target_skip_unavailable=False, cmake_clean_cache=False, cmake_clean_first=False, cmake_force_configure=False, ament_cmake_args=None, catkin_cmake_args=None, catkin_skip_building_tests=False, mixin_files=None, mixin=None, verb_parser=<colcon_mixin.mixin.mixin_argument.MixinArgumentDecorator object at 0x70227f15a8c0>, verb_extension=<colcon_core.verb.build.BuildVerb object at 0x70227f15a3e0>, main=<bound method BuildVerb.main of <colcon_core.verb.build.BuildVerb object at 0x70227f15a3e0>>, mixin_verb=('build',))
[6.500s] Level 1:colcon.colcon_core.package_discovery:discover_packages(colcon_meta) check parameters
[6.500s] Level 1:colcon.colcon_core.package_discovery:discover_packages(recursive) check parameters
[6.500s] Level 1:colcon.colcon_core.package_discovery:discover_packages(ignore) check parameters
[6.500s] Level 1:colcon.colcon_core.package_discovery:discover_packages(path) check parameters
[6.500s] Level 1:colcon.colcon_core.package_discovery:discover_packages(colcon_meta) discover
[6.500s] Level 1:colcon.colcon_core.package_discovery:discover_packages(recursive) discover
[6.500s] INFO:colcon.colcon_core.package_discovery:Crawling recursively for packages in '/home/monica/ros2_pelota'
[6.501s] Level 1:colcon.colcon_core.package_identification:_identify(.) by extensions ['ignore', 'ignore_ament_install']
[6.501s] Level 1:colcon.colcon_core.package_identification:_identify(.) by extension 'ignore'
[6.501s] Level 1:colcon.colcon_core.package_identification:_identify(.) by extension 'ignore_ament_install'
[6.501s] Level 1:colcon.colcon_core.package_identification:_identify(.) by extensions ['colcon_pkg']
[6.501s] Level 1:colcon.colcon_core.package_identification:_identify(.) by extension 'colcon_pkg'
[6.501s] Level 1:colcon.colcon_core.package_identification:_identify(.) by extensions ['colcon_meta']
[6.501s] Level 1:colcon.colcon_core.package_identification:_identify(.) by extension 'colcon_meta'
[6.502s] Level 1:colcon.colcon_core.package_identification:_identify(.) by extensions ['ros']
[6.502s] Level 1:colcon.colcon_core.package_identification:_identify(.) by extension 'ros'
[6.579s] Level 1:colcon.colcon_core.package_identification:_identify(.) by extensions ['cmake', 'python']
[6.580s] Level 1:colcon.colcon_core.package_identification:_identify(.) by extension 'cmake'
[6.580s] Level 1:colcon.colcon_core.package_identification:_identify(.) by extension 'python'
[6.580s] Level 1:colcon.colcon_core.package_identification:_identify(.) by extensions ['python_setup_py']
[6.580s] Level 1:colcon.colcon_core.package_identification:_identify(.) by extension 'python_setup_py'
[6.580s] Level 1:colcon.colcon_core.package_identification:_identify(build) by extensions ['ignore', 'ignore_ament_install']
[6.580s] Level 1:colcon.colcon_core.package_identification:_identify(build) by extension 'ignore'
[6.581s] Level 1:colcon.colcon_core.package_identification:_identify(build) ignored
[6.581s] Level 1:colcon.colcon_core.package_identification:_identify(install) by extensions ['ignore', 'ignore_ament_install']
[6.581s] Level 1:colcon.colcon_core.package_identification:_identify(install) by extension 'ignore'
[6.581s] Level 1:colcon.colcon_core.package_identification:_identify(install) ignored
[6.581s] Level 1:colcon.colcon_core.package_identification:_identify(log) by extensions ['ignore', 'ignore_ament_install']
[6.581s] Level 1:colcon.colcon_core.package_identification:_identify(log) by extension 'ignore'
[6.582s] Level 1:colcon.colcon_core.package_identification:_identify(log) ignored
[6.583s] Level 1:colcon.colcon_core.package_identification:_identify(src) by extensions ['ignore', 'ignore_ament_install']
[6.583s] Level 1:colcon.colcon_core.package_identification:_identify(src) by extension 'ignore'
[6.583s] Level 1:colcon.colcon_core.package_identification:_identify(src) by extension 'ignore_ament_install'
[6.583s] Level 1:colcon.colcon_core.package_identification:_identify(src) by extensions ['colcon_pkg']
[6.583s] Level 1:colcon.colcon_core.package_identification:_identify(src) by extension 'colcon_pkg'
[6.583s] Level 1:colcon.colcon_core.package_identification:_identify(src) by extensions ['colcon_meta']
[6.583s] Level 1:colcon.colcon_core.package_identification:_identify(src) by extension 'colcon_meta'
[6.583s] Level 1:colcon.colcon_core.package_identification:_identify(src) by extensions ['ros']
[6.583s] Level 1:colcon.colcon_core.package_identification:_identify(src) by extension 'ros'
[6.584s] Level 1:colcon.colcon_core.package_identification:_identify(src) by extensions ['cmake', 'python']
[6.584s] Level 1:colcon.colcon_core.package_identification:_identify(src) by extension 'cmake'
[6.584s] Level 1:colcon.colcon_core.package_identification:_identify(src) by extension 'python'
[6.584s] Level 1:colcon.colcon_core.package_identification:_identify(src) by extensions ['python_setup_py']
[6.584s] Level 1:colcon.colcon_core.package_identification:_identify(src) by extension 'python_setup_py'
[6.585s] Level 1:colcon.colcon_core.package_identification:_identify(src/linkattacher_msgs) by extensions ['ignore', 'ignore_ament_install']
[6.585s] Level 1:colcon.colcon_core.package_identification:_identify(src/linkattacher_msgs) by extension 'ignore'
[6.586s] Level 1:colcon.colcon_core.package_identification:_identify(src/linkattacher_msgs) by extension 'ignore_ament_install'
[6.586s] Level 1:colcon.colcon_core.package_identification:_identify(src/linkattacher_msgs) by extensions ['colcon_pkg']
[6.586s] Level 1:colcon.colcon_core.package_identification:_identify(src/linkattacher_msgs) by extension 'colcon_pkg'
[6.586s] Level 1:colcon.colcon_core.package_identification:_identify(src/linkattacher_msgs) by extensions ['colcon_meta']
[6.586s] Level 1:colcon.colcon_core.package_identification:_identify(src/linkattacher_msgs) by extension 'colcon_meta'
[6.586s] Level 1:colcon.colcon_core.package_identification:_identify(src/linkattacher_msgs) by extensions ['ros']
[6.586s] Level 1:colcon.colcon_core.package_identification:_identify(src/linkattacher_msgs) by extension 'ros'
[6.624s] DEBUG:colcon.colcon_core.package_identification:Package 'src/linkattacher_msgs' with type 'ros.ament_cmake' and name 'linkattacher_msgs'
[6.626s] Level 1:colcon.colcon_core.package_identification:_identify(src/ros2_linkattacher) by extensions ['ignore', 'ignore_ament_install']
[6.626s] Level 1:colcon.colcon_core.package_identification:_identify(src/ros2_linkattacher) by extension 'ignore'
[6.626s] Level 1:colcon.colcon_core.package_identification:_identify(src/ros2_linkattacher) by extension 'ignore_ament_install'
[6.627s] Level 1:colcon.colcon_core.package_identification:_identify(src/ros2_linkattacher) by extensions ['colcon_pkg']
[6.627s] Level 1:colcon.colcon_core.package_identification:_identify(src/ros2_linkattacher) by extension 'colcon_pkg'
[6.627s] Level 1:colcon.colcon_core.package_identification:_identify(src/ros2_linkattacher) by extensions ['colcon_meta']
[6.627s] Level 1:colcon.colcon_core.package_identification:_identify(src/ros2_linkattacher) by extension 'colcon_meta'
[6.627s] Level 1:colcon.colcon_core.package_identification:_identify(src/ros2_linkattacher) by extensions ['ros']
[6.627s] Level 1:colcon.colcon_core.package_identification:_identify(src/ros2_linkattacher) by extension 'ros'
[6.658s] DEBUG:colcon.colcon_core.package_identification:Package 'src/ros2_linkattacher' with type 'ros.ament_cmake' and name 'ros2_linkattacher'
[6.664s] Level 1:colcon.colcon_core.package_identification:_identify(src/xolobot_arm) by extensions ['ignore', 'ignore_ament_install']
[6.664s] Level 1:colcon.colcon_core.package_identification:_identify(src/xolobot_arm) by extension 'ignore'
[6.665s] Level 1:colcon.colcon_core.package_identification:_identify(src/xolobot_arm) by extension 'ignore_ament_install'
[6.665s] Level 1:colcon.colcon_core.package_identification:_identify(src/xolobot_arm) by extensions ['colcon_pkg']
[6.665s] Level 1:colcon.colcon_core.package_identification:_identify(src/xolobot_arm) by extension 'colcon_pkg'
[6.665s] Level 1:colcon.colcon_core.package_identification:_identify(src/xolobot_arm) by extensions ['colcon_meta']
[6.665s] Level 1:colcon.colcon_core.package_identification:_identify(src/xolobot_arm) by extension 'colcon_meta'
[6.665s] Level 1:colcon.colcon_core.package_identification:_identify(src/xolobot_arm) by extensions ['ros']
[6.665s] Level 1:colcon.colcon_core.package_identification:_identify(src/xolobot_arm) by extension 'ros'
[6.669s] DEBUG:colcon.colcon_core.package_identification:Package 'src/xolobot_arm' with type 'ros.ament_cmake' and name 'xolobot_arm'
[6.673s] Level 1:colcon.colcon_core.package_identification:_identify(src/xolobot_arm_server) by extensions ['ignore', 'ignore_ament_install']
[6.673s] Level 1:colcon.colcon_core.package_identification:_identify(src/xolobot_arm_server) by extension 'ignore'
[6.673s] Level 1:colcon.colcon_core.package_identification:_identify(src/xolobot_arm_server) by extension 'ignore_ament_install'
[6.673s] Level 1:colcon.colcon_core.package_identification:_identify(src/xolobot_arm_server) by extensions ['colcon_pkg']
[6.673s] Level 1:colcon.colcon_core.package_identification:_identify(src/xolobot_arm_server) by extension 'colcon_pkg'
[6.673s] Level 1:colcon.colcon_core.package_identification:_identify(src/xolobot_arm_server) by extensions ['colcon_meta']
[6.673s] Level 1:colcon.colcon_core.package_identification:_identify(src/xolobot_arm_server) by extension 'colcon_meta'
[6.674s] Level 1:colcon.colcon_core.package_identification:_identify(src/xolobot_arm_server) by extensions ['ros']
[6.674s] Level 1:colcon.colcon_core.package_identification:_identify(src/xolobot_arm_server) by extension 'ros'
[6.677s] DEBUG:colcon.colcon_core.package_identification:Package 'src/xolobot_arm_server' with type 'ros.ament_cmake' and name 'xolobot_arm_server'
[6.678s] Level 1:colcon.colcon_core.package_identification:_identify(src/xolobot_control) by extensions ['ignore', 'ignore_ament_install']
[6.678s] Level 1:colcon.colcon_core.package_identification:_identify(src/xolobot_control) by extension 'ignore'
[6.678s] Level 1:colcon.colcon_core.package_identification:_identify(src/xolobot_control) by extension 'ignore_ament_install'
[6.678s] Level 1:colcon.colcon_core.package_identification:_identify(src/xolobot_control) by extensions ['colcon_pkg']
[6.678s] Level 1:colcon.colcon_core.package_identification:_identify(src/xolobot_control) by extension 'colcon_pkg'
[6.678s] Level 1:colcon.colcon_core.package_identification:_identify(src/xolobot_control) by extensions ['colcon_meta']
[6.678s] Level 1:colcon.colcon_core.package_identification:_identify(src/xolobot_control) by extension 'colcon_meta'
[6.679s] Level 1:colcon.colcon_core.package_identification:_identify(src/xolobot_control) by extensions ['ros']
[6.679s] Level 1:colcon.colcon_core.package_identification:_identify(src/xolobot_control) by extension 'ros'
[6.683s] DEBUG:colcon.colcon_core.package_identification:Package 'src/xolobot_control' with type 'ros.ament_cmake' and name 'xolobot_control'
[6.683s] Level 1:colcon.colcon_core.package_discovery:discover_packages(recursive) using defaults
[6.683s] Level 1:colcon.colcon_core.package_discovery:discover_packages(ignore) discover
[6.684s] Level 1:colcon.colcon_core.package_discovery:discover_packages(ignore) using defaults
[6.684s] Level 1:colcon.colcon_core.package_discovery:discover_packages(path) discover
[6.684s] Level 1:colcon.colcon_core.package_discovery:discover_packages(path) using defaults
[6.905s] Level 1:colcon.colcon_core.package_discovery:discover_packages(prefix_path) check parameters
[6.905s] Level 1:colcon.colcon_core.package_discovery:discover_packages(prefix_path) discover
[6.941s] DEBUG:colcon.colcon_installed_package_information.package_discovery:Found 3 installed packages in /home/monica/ros2_ws/install
[6.948s] DEBUG:colcon.colcon_installed_package_information.package_discovery:Found 355 installed packages in /opt/ros/iron
[6.956s] Level 1:colcon.colcon_core.package_discovery:discover_packages(prefix_path) using defaults
[7.167s] Level 5:colcon.colcon_core.verb:set package 'linkattacher_msgs' build argument 'cmake_args' from command line to 'None'
[7.168s] Level 5:colcon.colcon_core.verb:set package 'linkattacher_msgs' build argument 'cmake_target' from command line to 'None'
[7.168s] Level 5:colcon.colcon_core.verb:set package 'linkattacher_msgs' build argument 'cmake_target_skip_unavailable' from command line to 'False'
[7.168s] Level 5:colcon.colcon_core.verb:set package 'linkattacher_msgs' build argument 'cmake_clean_cache' from command line to 'False'
[7.168s] Level 5:colcon.colcon_core.verb:set package 'linkattacher_msgs' build argument 'cmake_clean_first' from command line to 'False'
[7.168s] Level 5:colcon.colcon_core.verb:set package 'linkattacher_msgs' build argument 'cmake_force_configure' from command line to 'False'
[7.168s] Level 5:colcon.colcon_core.verb:set package 'linkattacher_msgs' build argument 'ament_cmake_args' from command line to 'None'
[7.168s] Level 5:colcon.colcon_core.verb:set package 'linkattacher_msgs' build argument 'catkin_cmake_args' from command line to 'None'
[7.168s] Level 5:colcon.colcon_core.verb:set package 'linkattacher_msgs' build argument 'catkin_skip_building_tests' from command line to 'False'
[7.168s] DEBUG:colcon.colcon_core.verb:Building package 'linkattacher_msgs' with the following arguments: {'ament_cmake_args': None, 'build_base': '/home/monica/ros2_pelota/build/linkattacher_msgs', 'catkin_cmake_args': None, 'catkin_skip_building_tests': False, 'cmake_args': None, 'cmake_clean_cache': False, 'cmake_clean_first': False, 'cmake_force_configure': False, 'cmake_target': None, 'cmake_target_skip_unavailable': False, 'install_base': '/home/monica/ros2_pelota/install/linkattacher_msgs', 'merge_install': False, 'path': '/home/monica/ros2_pelota/src/linkattacher_msgs', 'symlink_install': False, 'test_result_base': None}
[7.169s] Level 5:colcon.colcon_core.verb:set package 'xolobot_arm' build argument 'cmake_args' from command line to 'None'
[7.169s] Level 5:colcon.colcon_core.verb:set package 'xolobot_arm' build argument 'cmake_target' from command line to 'None'
[7.169s] Level 5:colcon.colcon_core.verb:set package 'xolobot_arm' build argument 'cmake_target_skip_unavailable' from command line to 'False'
[7.169s] Level 5:colcon.colcon_core.verb:set package 'xolobot_arm' build argument 'cmake_clean_cache' from command line to 'False'
[7.169s] Level 5:colcon.colcon_core.verb:set package 'xolobot_arm' build argument 'cmake_clean_first' from command line to 'False'
[7.169s] Level 5:colcon.colcon_core.verb:set package 'xolobot_arm' build argument 'cmake_force_configure' from command line to 'False'
[7.169s] Level 5:colcon.colcon_core.verb:set package 'xolobot_arm' build argument 'ament_cmake_args' from command line to 'None'
[7.170s] Level 5:colcon.colcon_core.verb:set package 'xolobot_arm' build argument 'catkin_cmake_args' from command line to 'None'
[7.170s] Level 5:colcon.colcon_core.verb:set package 'xolobot_arm' build argument 'catkin_skip_building_tests' from command line to 'False'
[7.170s] DEBUG:colcon.colcon_core.verb:Building package 'xolobot_arm' with the following arguments: {'ament_cmake_args': None, 'build_base': '/home/monica/ros2_pelota/build/xolobot_arm', 'catkin_cmake_args': None, 'catkin_skip_building_tests': False, 'cmake_args': None, 'cmake_clean_cache': False, 'cmake_clean_first': False, 'cmake_force_configure': False, 'cmake_target': None, 'cmake_target_skip_unavailable': False, 'install_base': '/home/monica/ros2_pelota/install/xolobot_arm', 'merge_install': False, 'path': '/home/monica/ros2_pelota/src/xolobot_arm', 'symlink_install': False, 'test_result_base': None}
[7.171s] Level 5:colcon.colcon_core.verb:set package 'xolobot_control' build argument 'cmake_args' from command line to 'None'
[7.171s] Level 5:colcon.colcon_core.verb:set package 'xolobot_control' build argument 'cmake_target' from command line to 'None'
[7.171s] Level 5:colcon.colcon_core.verb:set package 'xolobot_control' build argument 'cmake_target_skip_unavailable' from command line to 'False'
[7.171s] Level 5:colcon.colcon_core.verb:set package 'xolobot_control' build argument 'cmake_clean_cache' from command line to 'False'
[7.171s] Level 5:colcon.colcon_core.verb:set package 'xolobot_control' build argument 'cmake_clean_first' from command line to 'False'
[7.171s] Level 5:colcon.colcon_core.verb:set package 'xolobot_control' build argument 'cmake_force_configure' from command line to 'False'
[7.171s] Level 5:colcon.colcon_core.verb:set package 'xolobot_control' build argument 'ament_cmake_args' from command line to 'None'
[7.171s] Level 5:colcon.colcon_core.verb:set package 'xolobot_control' build argument 'catkin_cmake_args' from command line to 'None'
[7.171s] Level 5:colcon.colcon_core.verb:set package 'xolobot_control' build argument 'catkin_skip_building_tests' from command line to 'False'
[7.171s] DEBUG:colcon.colcon_core.verb:Building package 'xolobot_control' with the following arguments: {'ament_cmake_args': None, 'build_base': '/home/monica/ros2_pelota/build/xolobot_control', 'catkin_cmake_args': None, 'catkin_skip_building_tests': False, 'cmake_args': None, 'cmake_clean_cache': False, 'cmake_clean_first': False, 'cmake_force_configure': False, 'cmake_target': None, 'cmake_target_skip_unavailable': False, 'install_base': '/home/monica/ros2_pelota/install/xolobot_control', 'merge_install': False, 'path': '/home/monica/ros2_pelota/src/xolobot_control', 'symlink_install': False, 'test_result_base': None}
[7.172s] Level 5:colcon.colcon_core.verb:set package 'ros2_linkattacher' build argument 'cmake_args' from command line to 'None'
[7.172s] Level 5:colcon.colcon_core.verb:set package 'ros2_linkattacher' build argument 'cmake_target' from command line to 'None'
[7.172s] Level 5:colcon.colcon_core.verb:set package 'ros2_linkattacher' build argument 'cmake_target_skip_unavailable' from command line to 'False'
[7.172s] Level 5:colcon.colcon_core.verb:set package 'ros2_linkattacher' build argument 'cmake_clean_cache' from command line to 'False'
[7.172s] Level 5:colcon.colcon_core.verb:set package 'ros2_linkattacher' build argument 'cmake_clean_first' from command line to 'False'
[7.172s] Level 5:colcon.colcon_core.verb:set package 'ros2_linkattacher' build argument 'cmake_force_configure' from command line to 'False'
[7.172s] Level 5:colcon.colcon_core.verb:set package 'ros2_linkattacher' build argument 'ament_cmake_args' from command line to 'None'
[7.172s] Level 5:colcon.colcon_core.verb:set package 'ros2_linkattacher' build argument 'catkin_cmake_args' from command line to 'None'
[7.173s] Level 5:colcon.colcon_core.verb:set package 'ros2_linkattacher' build argument 'catkin_skip_building_tests' from command line to 'False'
[7.173s] DEBUG:colcon.colcon_core.verb:Building package 'ros2_linkattacher' with the following arguments: {'ament_cmake_args': None, 'build_base': '/home/monica/ros2_pelota/build/ros2_linkattacher', 'catkin_cmake_args': None, 'catkin_skip_building_tests': False, 'cmake_args': None, 'cmake_clean_cache': False, 'cmake_clean_first': False, 'cmake_force_configure': False, 'cmake_target': None, 'cmake_target_skip_unavailable': False, 'install_base': '/home/monica/ros2_pelota/install/ros2_linkattacher', 'merge_install': False, 'path': '/home/monica/ros2_pelota/src/ros2_linkattacher', 'symlink_install': False, 'test_result_base': None}
[7.173s] Level 5:colcon.colcon_core.verb:set package 'xolobot_arm_server' build argument 'cmake_args' from command line to 'None'
[7.173s] Level 5:colcon.colcon_core.verb:set package 'xolobot_arm_server' build argument 'cmake_target' from command line to 'None'
[7.174s] Level 5:colcon.colcon_core.verb:set package 'xolobot_arm_server' build argument 'cmake_target_skip_unavailable' from command line to 'False'
[7.174s] Level 5:colcon.colcon_core.verb:set package 'xolobot_arm_server' build argument 'cmake_clean_cache' from command line to 'False'
[7.174s] Level 5:colcon.colcon_core.verb:set package 'xolobot_arm_server' build argument 'cmake_clean_first' from command line to 'False'
[7.174s] Level 5:colcon.colcon_core.verb:set package 'xolobot_arm_server' build argument 'cmake_force_configure' from command line to 'False'
[7.174s] Level 5:colcon.colcon_core.verb:set package 'xolobot_arm_server' build argument 'ament_cmake_args' from command line to 'None'
[7.174s] Level 5:colcon.colcon_core.verb:set package 'xolobot_arm_server' build argument 'catkin_cmake_args' from command line to 'None'
[7.174s] Level 5:colcon.colcon_core.verb:set package 'xolobot_arm_server' build argument 'catkin_skip_building_tests' from command line to 'False'
[7.174s] DEBUG:colcon.colcon_core.verb:Building package 'xolobot_arm_server' with the following arguments: {'ament_cmake_args': None, 'build_base': '/home/monica/ros2_pelota/build/xolobot_arm_server', 'catkin_cmake_args': None, 'catkin_skip_building_tests': False, 'cmake_args': None, 'cmake_clean_cache': False, 'cmake_clean_first': False, 'cmake_force_configure': False, 'cmake_target': None, 'cmake_target_skip_unavailable': False, 'install_base': '/home/monica/ros2_pelota/install/xolobot_arm_server', 'merge_install': False, 'path': '/home/monica/ros2_pelota/src/xolobot_arm_server', 'symlink_install': False, 'test_result_base': None}
[7.174s] INFO:colcon.colcon_core.executor:Executing jobs using 'parallel' executor
[7.177s] DEBUG:colcon.colcon_parallel_executor.executor.parallel:run_until_complete
[7.177s] INFO:colcon.colcon_ros.task.ament_cmake.build:Building ROS package in '/home/monica/ros2_pelota/src/linkattacher_msgs' with build type 'ament_cmake'
[7.177s] INFO:colcon.colcon_cmake.task.cmake.build:Building CMake package in '/home/monica/ros2_pelota/src/linkattacher_msgs'
[7.252s] INFO:colcon.colcon_core.plugin_system:Skipping extension 'colcon_core.shell.bat': Not used on non-Windows systems
[7.253s] INFO:colcon.colcon_core.shell:Skip shell extension 'powershell' for command environment: Not usable outside of PowerShell
[7.253s] DEBUG:colcon.colcon_core.shell:Skip shell extension 'dsv' for command environment
[7.279s] INFO:colcon.colcon_ros.task.ament_cmake.build:Building ROS package in '/home/monica/ros2_pelota/src/xolobot_arm' with build type 'ament_cmake'
[7.279s] INFO:colcon.colcon_cmake.task.cmake.build:Building CMake package in '/home/monica/ros2_pelota/src/xolobot_arm'
[7.280s] INFO:colcon.colcon_core.shell:Skip shell extension 'powershell' for command environment: Not usable outside of PowerShell
[7.281s] DEBUG:colcon.colcon_core.shell:Skip shell extension 'dsv' for command environment
[7.314s] DEBUG:colcon.colcon_core.event_handler.log_command:Invoking command in '/home/monica/ros2_pelota/build/linkattacher_msgs': CMAKE_PREFIX_PATH=${CMAKE_PREFIX_PATH}:/opt/ros/iron /usr/bin/cmake --build /home/monica/ros2_pelota/build/linkattacher_msgs -- -j2 -l2
[7.362s] DEBUG:colcon.colcon_core.event_handler.log_command:Invoking command in '/home/monica/ros2_pelota/build/xolobot_arm': CMAKE_PREFIX_PATH=${CMAKE_PREFIX_PATH}:/opt/ros/iron /usr/bin/cmake --build /home/monica/ros2_pelota/build/xolobot_arm -- -j2 -l2
[8.572s] DEBUG:colcon.colcon_core.event_handler.log_command:Invoked command in '/home/monica/ros2_pelota/build/xolobot_arm' returned '0': CMAKE_PREFIX_PATH=${CMAKE_PREFIX_PATH}:/opt/ros/iron /usr/bin/cmake --build /home/monica/ros2_pelota/build/xolobot_arm -- -j2 -l2
[8.641s] DEBUG:colcon.colcon_core.event_handler.log_command:Invoking command in '/home/monica/ros2_pelota/build/xolobot_arm': CMAKE_PREFIX_PATH=${CMAKE_PREFIX_PATH}:/opt/ros/iron /usr/bin/cmake --install /home/monica/ros2_pelota/build/xolobot_arm
[8.859s] Level 1:colcon.colcon_core.environment:create_environment_scripts_only(xolobot_arm)
[8.861s] DEBUG:colcon.colcon_core.event_handler.log_command:Invoked command in '/home/monica/ros2_pelota/build/xolobot_arm' returned '0': CMAKE_PREFIX_PATH=${CMAKE_PREFIX_PATH}:/opt/ros/iron /usr/bin/cmake --install /home/monica/ros2_pelota/build/xolobot_arm
[8.909s] Level 1:colcon.colcon_core.environment:checking '/home/monica/ros2_pelota/install/xolobot_arm' for CMake module files
[8.911s] Level 1:colcon.colcon_core.environment:checking '/home/monica/ros2_pelota/install/xolobot_arm' for CMake config files
[8.925s] Level 1:colcon.colcon_core.shell:create_environment_hook('xolobot_arm', 'cmake_prefix_path')
[8.926s] INFO:colcon.colcon_core.shell:Creating environment hook '/home/monica/ros2_pelota/install/xolobot_arm/share/xolobot_arm/hook/cmake_prefix_path.ps1'
[8.939s] INFO:colcon.colcon_core.shell:Creating environment descriptor '/home/monica/ros2_pelota/install/xolobot_arm/share/xolobot_arm/hook/cmake_prefix_path.dsv'
[8.942s] INFO:colcon.colcon_core.shell:Creating environment hook '/home/monica/ros2_pelota/install/xolobot_arm/share/xolobot_arm/hook/cmake_prefix_path.sh'
[8.949s] Level 1:colcon.colcon_core.environment:checking '/home/monica/ros2_pelota/install/xolobot_arm/bin'
[8.950s] Level 1:colcon.colcon_core.environment:checking '/home/monica/ros2_pelota/install/xolobot_arm/lib/pkgconfig/xolobot_arm.pc'
[8.950s] Level 1:colcon.colcon_core.environment:checking '/home/monica/ros2_pelota/install/xolobot_arm/lib/python3.10/site-packages'
[8.950s] Level 1:colcon.colcon_core.environment:checking '/home/monica/ros2_pelota/install/xolobot_arm/bin'
[8.952s] INFO:colcon.colcon_core.shell:Creating package script '/home/monica/ros2_pelota/install/xolobot_arm/share/xolobot_arm/package.ps1'
[8.959s] INFO:colcon.colcon_core.shell:Creating package descriptor '/home/monica/ros2_pelota/install/xolobot_arm/share/xolobot_arm/package.dsv'
[8.967s] INFO:colcon.colcon_core.shell:Creating package script '/home/monica/ros2_pelota/install/xolobot_arm/share/xolobot_arm/package.sh'
[8.973s] INFO:colcon.colcon_core.shell:Creating package script '/home/monica/ros2_pelota/install/xolobot_arm/share/xolobot_arm/package.bash'
[8.991s] INFO:colcon.colcon_core.shell:Creating package script '/home/monica/ros2_pelota/install/xolobot_arm/share/xolobot_arm/package.zsh'
[9.000s] Level 1:colcon.colcon_core.environment:create_file_with_runtime_dependencies(/home/monica/ros2_pelota/install/xolobot_arm/share/colcon-core/packages/xolobot_arm)
[9.002s] Level 1:colcon.colcon_core.environment:create_environment_scripts_only(xolobot_arm)
[9.005s] Level 1:colcon.colcon_core.environment:checking '/home/monica/ros2_pelota/install/xolobot_arm' for CMake module files
[9.008s] Level 1:colcon.colcon_core.environment:checking '/home/monica/ros2_pelota/install/xolobot_arm' for CMake config files
[9.010s] Level 1:colcon.colcon_core.shell:create_environment_hook('xolobot_arm', 'cmake_prefix_path')
[9.011s] INFO:colcon.colcon_core.shell:Creating environment hook '/home/monica/ros2_pelota/install/xolobot_arm/share/xolobot_arm/hook/cmake_prefix_path.ps1'
[9.013s] INFO:colcon.colcon_core.shell:Creating environment descriptor '/home/monica/ros2_pelota/install/xolobot_arm/share/xolobot_arm/hook/cmake_prefix_path.dsv'
[9.014s] INFO:colcon.colcon_core.shell:Creating environment hook '/home/monica/ros2_pelota/install/xolobot_arm/share/xolobot_arm/hook/cmake_prefix_path.sh'
[9.020s] Level 1:colcon.colcon_core.environment:checking '/home/monica/ros2_pelota/install/xolobot_arm/bin'
[9.021s] Level 1:colcon.colcon_core.environment:checking '/home/monica/ros2_pelota/install/xolobot_arm/lib/pkgconfig/xolobot_arm.pc'
[9.022s] Level 1:colcon.colcon_core.environment:checking '/home/monica/ros2_pelota/install/xolobot_arm/lib/python3.10/site-packages'
[9.026s] Level 1:colcon.colcon_core.environment:checking '/home/monica/ros2_pelota/install/xolobot_arm/bin'
[9.026s] INFO:colcon.colcon_core.shell:Creating package script '/home/monica/ros2_pelota/install/xolobot_arm/share/xolobot_arm/package.ps1'
[9.029s] INFO:colcon.colcon_core.shell:Creating package descriptor '/home/monica/ros2_pelota/install/xolobot_arm/share/xolobot_arm/package.dsv'
[9.031s] INFO:colcon.colcon_core.shell:Creating package script '/home/monica/ros2_pelota/install/xolobot_arm/share/xolobot_arm/package.sh'
[9.035s] INFO:colcon.colcon_core.shell:Creating package script '/home/monica/ros2_pelota/install/xolobot_arm/share/xolobot_arm/package.bash'
[9.041s] INFO:colcon.colcon_core.shell:Creating package script '/home/monica/ros2_pelota/install/xolobot_arm/share/xolobot_arm/package.zsh'
[9.043s] Level 1:colcon.colcon_core.environment:create_file_with_runtime_dependencies(/home/monica/ros2_pelota/install/xolobot_arm/share/colcon-core/packages/xolobot_arm)
[9.045s] INFO:colcon.colcon_ros.task.ament_cmake.build:Building ROS package in '/home/monica/ros2_pelota/src/xolobot_control' with build type 'ament_cmake'
[9.046s] INFO:colcon.colcon_cmake.task.cmake.build:Building CMake package in '/home/monica/ros2_pelota/src/xolobot_control'
[9.046s] INFO:colcon.colcon_core.shell:Skip shell extension 'powershell' for command environment: Not usable outside of PowerShell
[9.046s] DEBUG:colcon.colcon_core.shell:Skip shell extension 'dsv' for command environment
[9.092s] DEBUG:colcon.colcon_core.event_handler.log_command:Invoking command in '/home/monica/ros2_pelota/build/xolobot_control': CMAKE_PREFIX_PATH=${CMAKE_PREFIX_PATH}:/opt/ros/iron /usr/bin/cmake --build /home/monica/ros2_pelota/build/xolobot_control -- -j2 -l2
[9.393s] DEBUG:colcon.colcon_core.event_handler.log_command:Invoked command in '/home/monica/ros2_pelota/build/xolobot_control' returned '0': CMAKE_PREFIX_PATH=${CMAKE_PREFIX_PATH}:/opt/ros/iron /usr/bin/cmake --build /home/monica/ros2_pelota/build/xolobot_control -- -j2 -l2
[9.422s] DEBUG:colcon.colcon_core.event_handler.log_command:Invoking command in '/home/monica/ros2_pelota/build/xolobot_control': CMAKE_PREFIX_PATH=${CMAKE_PREFIX_PATH}:/opt/ros/iron /usr/bin/cmake --install /home/monica/ros2_pelota/build/xolobot_control
[9.521s] Level 1:colcon.colcon_core.environment:create_environment_scripts_only(xolobot_control)
[9.522s] Level 1:colcon.colcon_core.environment:checking '/home/monica/ros2_pelota/install/xolobot_control' for CMake module files
[9.530s] DEBUG:colcon.colcon_core.event_handler.log_command:Invoked command in '/home/monica/ros2_pelota/build/xolobot_control' returned '0': CMAKE_PREFIX_PATH=${CMAKE_PREFIX_PATH}:/opt/ros/iron /usr/bin/cmake --install /home/monica/ros2_pelota/build/xolobot_control
[9.531s] Level 1:colcon.colcon_core.environment:checking '/home/monica/ros2_pelota/install/xolobot_control' for CMake config files
[9.531s] Level 1:colcon.colcon_core.shell:create_environment_hook('xolobot_control', 'cmake_prefix_path')
[9.532s] INFO:colcon.colcon_core.shell:Creating environment hook '/home/monica/ros2_pelota/install/xolobot_control/share/xolobot_control/hook/cmake_prefix_path.ps1'
[9.538s] INFO:colcon.colcon_core.shell:Creating environment descriptor '/home/monica/ros2_pelota/install/xolobot_control/share/xolobot_control/hook/cmake_prefix_path.dsv'
[9.539s] INFO:colcon.colcon_core.shell:Creating environment hook '/home/monica/ros2_pelota/install/xolobot_control/share/xolobot_control/hook/cmake_prefix_path.sh'
[9.544s] Level 1:colcon.colcon_core.environment:checking '/home/monica/ros2_pelota/install/xolobot_control/bin'
[9.544s] Level 1:colcon.colcon_core.environment:checking '/home/monica/ros2_pelota/install/xolobot_control/lib/pkgconfig/xolobot_control.pc'
[9.545s] Level 1:colcon.colcon_core.environment:checking '/home/monica/ros2_pelota/install/xolobot_control/lib/python3.10/site-packages'
[9.545s] Level 1:colcon.colcon_core.environment:checking '/home/monica/ros2_pelota/install/xolobot_control/bin'
[9.546s] INFO:colcon.colcon_core.shell:Creating package script '/home/monica/ros2_pelota/install/xolobot_control/share/xolobot_control/package.ps1'
[9.551s] INFO:colcon.colcon_core.shell:Creating package descriptor '/home/monica/ros2_pelota/install/xolobot_control/share/xolobot_control/package.dsv'
[9.552s] INFO:colcon.colcon_core.shell:Creating package script '/home/monica/ros2_pelota/install/xolobot_control/share/xolobot_control/package.sh'
[9.555s] INFO:colcon.colcon_core.shell:Creating package script '/home/monica/ros2_pelota/install/xolobot_control/share/xolobot_control/package.bash'
[9.556s] INFO:colcon.colcon_core.shell:Creating package script '/home/monica/ros2_pelota/install/xolobot_control/share/xolobot_control/package.zsh'
[9.558s] Level 1:colcon.colcon_core.environment:create_file_with_runtime_dependencies(/home/monica/ros2_pelota/install/xolobot_control/share/colcon-core/packages/xolobot_control)
[9.561s] Level 1:colcon.colcon_core.environment:create_environment_scripts_only(xolobot_control)
[9.561s] Level 1:colcon.colcon_core.environment:checking '/home/monica/ros2_pelota/install/xolobot_control' for CMake module files
[9.567s] Level 1:colcon.colcon_core.environment:checking '/home/monica/ros2_pelota/install/xolobot_control' for CMake config files
[9.568s] Level 1:colcon.colcon_core.shell:create_environment_hook('xolobot_control', 'cmake_prefix_path')
[9.570s] INFO:colcon.colcon_core.shell:Creating environment hook '/home/monica/ros2_pelota/install/xolobot_control/share/xolobot_control/hook/cmake_prefix_path.ps1'
[9.571s] INFO:colcon.colcon_core.shell:Creating environment descriptor '/home/monica/ros2_pelota/install/xolobot_control/share/xolobot_control/hook/cmake_prefix_path.dsv'
[9.574s] INFO:colcon.colcon_core.shell:Creating environment hook '/home/monica/ros2_pelota/install/xolobot_control/share/xolobot_control/hook/cmake_prefix_path.sh'
[9.577s] Level 1:colcon.colcon_core.environment:checking '/home/monica/ros2_pelota/install/xolobot_control/bin'
[9.577s] Level 1:colcon.colcon_core.environment:checking '/home/monica/ros2_pelota/install/xolobot_control/lib/pkgconfig/xolobot_control.pc'
[9.578s] Level 1:colcon.colcon_core.environment:checking '/home/monica/ros2_pelota/install/xolobot_control/lib/python3.10/site-packages'
[9.578s] Level 1:colcon.colcon_core.environment:checking '/home/monica/ros2_pelota/install/xolobot_control/bin'
[9.581s] INFO:colcon.colcon_core.shell:Creating package script '/home/monica/ros2_pelota/install/xolobot_control/share/xolobot_control/package.ps1'
[9.582s] INFO:colcon.colcon_core.shell:Creating package descriptor '/home/monica/ros2_pelota/install/xolobot_control/share/xolobot_control/package.dsv'
[9.585s] INFO:colcon.colcon_core.shell:Creating package script '/home/monica/ros2_pelota/install/xolobot_control/share/xolobot_control/package.sh'
[9.587s] INFO:colcon.colcon_core.shell:Creating package script '/home/monica/ros2_pelota/install/xolobot_control/share/xolobot_control/package.bash'
[9.590s] INFO:colcon.colcon_core.shell:Creating package script '/home/monica/ros2_pelota/install/xolobot_control/share/xolobot_control/package.zsh'
[9.593s] Level 1:colcon.colcon_core.environment:create_file_with_runtime_dependencies(/home/monica/ros2_pelota/install/xolobot_control/share/colcon-core/packages/xolobot_control)
[13.299s] DEBUG:colcon.colcon_core.event_handler.log_command:Invoked command in '/home/monica/ros2_pelota/build/linkattacher_msgs' returned '0': CMAKE_PREFIX_PATH=${CMAKE_PREFIX_PATH}:/opt/ros/iron /usr/bin/cmake --build /home/monica/ros2_pelota/build/linkattacher_msgs -- -j2 -l2
[13.338s] DEBUG:colcon.colcon_core.event_handler.log_command:Invoking command in '/home/monica/ros2_pelota/build/linkattacher_msgs': CMAKE_PREFIX_PATH=${CMAKE_PREFIX_PATH}:/opt/ros/iron /usr/bin/cmake --install /home/monica/ros2_pelota/build/linkattacher_msgs
[14.098s] Level 1:colcon.colcon_core.environment:create_environment_scripts_only(linkattacher_msgs)
[14.103s] Level 1:colcon.colcon_core.environment:checking '/home/monica/ros2_pelota/install/linkattacher_msgs' for CMake module files
[14.106s] DEBUG:colcon.colcon_core.event_handler.log_command:Invoked command in '/home/monica/ros2_pelota/build/linkattacher_msgs' returned '0': CMAKE_PREFIX_PATH=${CMAKE_PREFIX_PATH}:/opt/ros/iron /usr/bin/cmake --install /home/monica/ros2_pelota/build/linkattacher_msgs
[14.110s] Level 1:colcon.colcon_core.environment:checking '/home/monica/ros2_pelota/install/linkattacher_msgs' for CMake config files
[14.117s] Level 1:colcon.colcon_core.shell:create_environment_hook('linkattacher_msgs', 'cmake_prefix_path')
[14.119s] INFO:colcon.colcon_core.shell:Creating environment hook '/home/monica/ros2_pelota/install/linkattacher_msgs/share/linkattacher_msgs/hook/cmake_prefix_path.ps1'
[14.123s] INFO:colcon.colcon_core.shell:Creating environment descriptor '/home/monica/ros2_pelota/install/linkattacher_msgs/share/linkattacher_msgs/hook/cmake_prefix_path.dsv'
[14.126s] INFO:colcon.colcon_core.shell:Creating environment hook '/home/monica/ros2_pelota/install/linkattacher_msgs/share/linkattacher_msgs/hook/cmake_prefix_path.sh'
[14.130s] Level 1:colcon.colcon_core.environment:checking '/home/monica/ros2_pelota/install/linkattacher_msgs/lib'
[14.131s] Level 1:colcon.colcon_core.shell:create_environment_hook('linkattacher_msgs', 'ld_library_path_lib')
[14.132s] INFO:colcon.colcon_core.shell:Creating environment hook '/home/monica/ros2_pelota/install/linkattacher_msgs/share/linkattacher_msgs/hook/ld_library_path_lib.ps1'
[14.135s] INFO:colcon.colcon_core.shell:Creating environment descriptor '/home/monica/ros2_pelota/install/linkattacher_msgs/share/linkattacher_msgs/hook/ld_library_path_lib.dsv'
[14.138s] INFO:colcon.colcon_core.shell:Creating environment hook '/home/monica/ros2_pelota/install/linkattacher_msgs/share/linkattacher_msgs/hook/ld_library_path_lib.sh'
[14.139s] Level 1:colcon.colcon_core.environment:checking '/home/monica/ros2_pelota/install/linkattacher_msgs/bin'
[14.140s] Level 1:colcon.colcon_core.environment:checking '/home/monica/ros2_pelota/install/linkattacher_msgs/lib/pkgconfig/linkattacher_msgs.pc'
[14.142s] Level 1:colcon.colcon_core.environment:checking '/home/monica/ros2_pelota/install/linkattacher_msgs/lib/python3.10/site-packages'
[14.142s] Level 1:colcon.colcon_core.shell:create_environment_hook('linkattacher_msgs', 'pythonpath')
[14.143s] INFO:colcon.colcon_core.shell:Creating environment hook '/home/monica/ros2_pelota/install/linkattacher_msgs/share/linkattacher_msgs/hook/pythonpath.ps1'
[14.145s] INFO:colcon.colcon_core.shell:Creating environment descriptor '/home/monica/ros2_pelota/install/linkattacher_msgs/share/linkattacher_msgs/hook/pythonpath.dsv'
[14.148s] INFO:colcon.colcon_core.shell:Creating environment hook '/home/monica/ros2_pelota/install/linkattacher_msgs/share/linkattacher_msgs/hook/pythonpath.sh'
[14.152s] Level 1:colcon.colcon_core.environment:checking '/home/monica/ros2_pelota/install/linkattacher_msgs/bin'
[14.153s] INFO:colcon.colcon_core.shell:Creating package script '/home/monica/ros2_pelota/install/linkattacher_msgs/share/linkattacher_msgs/package.ps1'
[14.158s] INFO:colcon.colcon_core.shell:Creating package descriptor '/home/monica/ros2_pelota/install/linkattacher_msgs/share/linkattacher_msgs/package.dsv'
[14.162s] INFO:colcon.colcon_core.shell:Creating package script '/home/monica/ros2_pelota/install/linkattacher_msgs/share/linkattacher_msgs/package.sh'
[14.167s] INFO:colcon.colcon_core.shell:Creating package script '/home/monica/ros2_pelota/install/linkattacher_msgs/share/linkattacher_msgs/package.bash'
[14.168s] INFO:colcon.colcon_core.shell:Creating package script '/home/monica/ros2_pelota/install/linkattacher_msgs/share/linkattacher_msgs/package.zsh'
[14.172s] Level 1:colcon.colcon_core.environment:create_file_with_runtime_dependencies(/home/monica/ros2_pelota/install/linkattacher_msgs/share/colcon-core/packages/linkattacher_msgs)
[14.177s] Level 1:colcon.colcon_core.environment:create_environment_scripts_only(linkattacher_msgs)
[14.180s] Level 1:colcon.colcon_core.environment:checking '/home/monica/ros2_pelota/install/linkattacher_msgs' for CMake module files
[14.185s] Level 1:colcon.colcon_core.environment:checking '/home/monica/ros2_pelota/install/linkattacher_msgs' for CMake config files
[14.191s] Level 1:colcon.colcon_core.shell:create_environment_hook('linkattacher_msgs', 'cmake_prefix_path')
[14.191s] INFO:colcon.colcon_core.shell:Creating environment hook '/home/monica/ros2_pelota/install/linkattacher_msgs/share/linkattacher_msgs/hook/cmake_prefix_path.ps1'
[14.197s] INFO:colcon.colcon_core.shell:Creating environment descriptor '/home/monica/ros2_pelota/install/linkattacher_msgs/share/linkattacher_msgs/hook/cmake_prefix_path.dsv'
[14.198s] INFO:colcon.colcon_core.shell:Creating environment hook '/home/monica/ros2_pelota/install/linkattacher_msgs/share/linkattacher_msgs/hook/cmake_prefix_path.sh'
[14.201s] Level 1:colcon.colcon_core.environment:checking '/home/monica/ros2_pelota/install/linkattacher_msgs/lib'
[14.202s] Level 1:colcon.colcon_core.shell:create_environment_hook('linkattacher_msgs', 'ld_library_path_lib')
[14.208s] INFO:colcon.colcon_core.shell:Creating environment hook '/home/monica/ros2_pelota/install/linkattacher_msgs/share/linkattacher_msgs/hook/ld_library_path_lib.ps1'
[14.212s] INFO:colcon.colcon_core.shell:Creating environment descriptor '/home/monica/ros2_pelota/install/linkattacher_msgs/share/linkattacher_msgs/hook/ld_library_path_lib.dsv'
[14.217s] INFO:colcon.colcon_core.shell:Creating environment hook '/home/monica/ros2_pelota/install/linkattacher_msgs/share/linkattacher_msgs/hook/ld_library_path_lib.sh'
[14.219s] Level 1:colcon.colcon_core.environment:checking '/home/monica/ros2_pelota/install/linkattacher_msgs/bin'
[14.219s] Level 1:colcon.colcon_core.environment:checking '/home/monica/ros2_pelota/install/linkattacher_msgs/lib/pkgconfig/linkattacher_msgs.pc'
[14.222s] Level 1:colcon.colcon_core.environment:checking '/home/monica/ros2_pelota/install/linkattacher_msgs/lib/python3.10/site-packages'
[14.222s] Level 1:colcon.colcon_core.shell:create_environment_hook('linkattacher_msgs', 'pythonpath')
[14.223s] INFO:colcon.colcon_core.shell:Creating environment hook '/home/monica/ros2_pelota/install/linkattacher_msgs/share/linkattacher_msgs/hook/pythonpath.ps1'
[14.226s] INFO:colcon.colcon_core.shell:Creating environment descriptor '/home/monica/ros2_pelota/install/linkattacher_msgs/share/linkattacher_msgs/hook/pythonpath.dsv'
[14.229s] INFO:colcon.colcon_core.shell:Creating environment hook '/home/monica/ros2_pelota/install/linkattacher_msgs/share/linkattacher_msgs/hook/pythonpath.sh'
[14.232s] Level 1:colcon.colcon_core.environment:checking '/home/monica/ros2_pelota/install/linkattacher_msgs/bin'
[14.235s] INFO:colcon.colcon_core.shell:Creating package script '/home/monica/ros2_pelota/install/linkattacher_msgs/share/linkattacher_msgs/package.ps1'
[14.238s] INFO:colcon.colcon_core.shell:Creating package descriptor '/home/monica/ros2_pelota/install/linkattacher_msgs/share/linkattacher_msgs/package.dsv'
[14.242s] INFO:colcon.colcon_core.shell:Creating package script '/home/monica/ros2_pelota/install/linkattacher_msgs/share/linkattacher_msgs/package.sh'
[14.245s] INFO:colcon.colcon_core.shell:Creating package script '/home/monica/ros2_pelota/install/linkattacher_msgs/share/linkattacher_msgs/package.bash'
[14.248s] INFO:colcon.colcon_core.shell:Creating package script '/home/monica/ros2_pelota/install/linkattacher_msgs/share/linkattacher_msgs/package.zsh'
[14.250s] Level 1:colcon.colcon_core.environment:create_file_with_runtime_dependencies(/home/monica/ros2_pelota/install/linkattacher_msgs/share/colcon-core/packages/linkattacher_msgs)
[14.253s] INFO:colcon.colcon_ros.task.ament_cmake.build:Building ROS package in '/home/monica/ros2_pelota/src/ros2_linkattacher' with build type 'ament_cmake'
[14.253s] INFO:colcon.colcon_cmake.task.cmake.build:Building CMake package in '/home/monica/ros2_pelota/src/ros2_linkattacher'
[14.254s] INFO:colcon.colcon_core.shell:Skip shell extension 'powershell' for command environment: Not usable outside of PowerShell
[14.254s] DEBUG:colcon.colcon_core.shell:Skip shell extension 'dsv' for command environment
[14.588s] INFO:colcon.colcon_ros.task.ament_cmake.build:Building ROS package in '/home/monica/ros2_pelota/src/xolobot_arm_server' with build type 'ament_cmake'
[14.589s] INFO:colcon.colcon_cmake.task.cmake.build:Building CMake package in '/home/monica/ros2_pelota/src/xolobot_arm_server'
[14.590s] INFO:colcon.colcon_core.shell:Skip shell extension 'powershell' for command environment: Not usable outside of PowerShell
[14.590s] DEBUG:colcon.colcon_core.shell:Skip shell extension 'dsv' for command environment
[14.747s] DEBUG:colcon.colcon_core.event_handler.log_command:Invoking command in '/home/monica/ros2_pelota/build/xolobot_arm_server': AMENT_PREFIX_PATH=/home/monica/ros2_pelota/install/linkattacher_msgs:${AMENT_PREFIX_PATH} CMAKE_PREFIX_PATH=/home/monica/ros2_pelota/install/linkattacher_msgs:/home/monica/ros2_ws/install/xolobot_control:/home/monica/ros2_ws/install/xolobot_arm_server:/home/monica/ros2_ws/install/xolobot_arm:/opt/ros/iron LD_LIBRARY_PATH=/home/monica/ros2_pelota/install/linkattacher_msgs/lib:${LD_LIBRARY_PATH} PYTHONPATH=/home/monica/ros2_pelota/install/linkattacher_msgs/lib/python3.10/site-packages:${PYTHONPATH} /usr/bin/cmake --build /home/monica/ros2_pelota/build/xolobot_arm_server -- -j2 -l2
[14.796s] DEBUG:colcon.colcon_core.event_handler.log_command:Invoking command in '/home/monica/ros2_pelota/build/ros2_linkattacher': AMENT_PREFIX_PATH=/home/monica/ros2_pelota/install/linkattacher_msgs:${AMENT_PREFIX_PATH} CMAKE_PREFIX_PATH=/home/monica/ros2_pelota/install/linkattacher_msgs:/home/monica/ros2_ws/install/xolobot_control:/home/monica/ros2_ws/install/xolobot_arm_server:/home/monica/ros2_ws/install/xolobot_arm:/opt/ros/iron LD_LIBRARY_PATH=/home/monica/ros2_pelota/install/linkattacher_msgs/lib:${LD_LIBRARY_PATH} PYTHONPATH=/home/monica/ros2_pelota/install/linkattacher_msgs/lib/python3.10/site-packages:${PYTHONPATH} /usr/bin/cmake --build /home/monica/ros2_pelota/build/ros2_linkattacher -- -j2 -l2
[16.789s] DEBUG:colcon.colcon_core.event_handler.log_command:Invoked command in '/home/monica/ros2_pelota/build/ros2_linkattacher' returned '0': AMENT_PREFIX_PATH=/home/monica/ros2_pelota/install/linkattacher_msgs:${AMENT_PREFIX_PATH} CMAKE_PREFIX_PATH=/home/monica/ros2_pelota/install/linkattacher_msgs:/home/monica/ros2_ws/install/xolobot_control:/home/monica/ros2_ws/install/xolobot_arm_server:/home/monica/ros2_ws/install/xolobot_arm:/opt/ros/iron LD_LIBRARY_PATH=/home/monica/ros2_pelota/install/linkattacher_msgs/lib:${LD_LIBRARY_PATH} PYTHONPATH=/home/monica/ros2_pelota/install/linkattacher_msgs/lib/python3.10/site-packages:${PYTHONPATH} /usr/bin/cmake --build /home/monica/ros2_pelota/build/ros2_linkattacher -- -j2 -l2
[16.800s] DEBUG:colcon.colcon_core.event_handler.log_command:Invoking command in '/home/monica/ros2_pelota/build/ros2_linkattacher': AMENT_PREFIX_PATH=/home/monica/ros2_pelota/install/linkattacher_msgs:${AMENT_PREFIX_PATH} CMAKE_PREFIX_PATH=/home/monica/ros2_pelota/install/linkattacher_msgs:/home/monica/ros2_ws/install/xolobot_control:/home/monica/ros2_ws/install/xolobot_arm_server:/home/monica/ros2_ws/install/xolobot_arm:/opt/ros/iron LD_LIBRARY_PATH=/home/monica/ros2_pelota/install/linkattacher_msgs/lib:${LD_LIBRARY_PATH} PYTHONPATH=/home/monica/ros2_pelota/install/linkattacher_msgs/lib/python3.10/site-packages:${PYTHONPATH} /usr/bin/cmake --install /home/monica/ros2_pelota/build/ros2_linkattacher
[16.812s] DEBUG:colcon.colcon_core.event_handler.log_command:Invoked command in '/home/monica/ros2_pelota/build/xolobot_arm_server' returned '0': AMENT_PREFIX_PATH=/home/monica/ros2_pelota/install/linkattacher_msgs:${AMENT_PREFIX_PATH} CMAKE_PREFIX_PATH=/home/monica/ros2_pelota/install/linkattacher_msgs:/home/monica/ros2_ws/install/xolobot_control:/home/monica/ros2_ws/install/xolobot_arm_server:/home/monica/ros2_ws/install/xolobot_arm:/opt/ros/iron LD_LIBRARY_PATH=/home/monica/ros2_pelota/install/linkattacher_msgs/lib:${LD_LIBRARY_PATH} PYTHONPATH=/home/monica/ros2_pelota/install/linkattacher_msgs/lib/python3.10/site-packages:${PYTHONPATH} /usr/bin/cmake --build /home/monica/ros2_pelota/build/xolobot_arm_server -- -j2 -l2
[16.841s] DEBUG:colcon.colcon_core.event_handler.log_command:Invoking command in '/home/monica/ros2_pelota/build/xolobot_arm_server': AMENT_PREFIX_PATH=/home/monica/ros2_pelota/install/linkattacher_msgs:${AMENT_PREFIX_PATH} CMAKE_PREFIX_PATH=/home/monica/ros2_pelota/install/linkattacher_msgs:/home/monica/ros2_ws/install/xolobot_control:/home/monica/ros2_ws/install/xolobot_arm_server:/home/monica/ros2_ws/install/xolobot_arm:/opt/ros/iron LD_LIBRARY_PATH=/home/monica/ros2_pelota/install/linkattacher_msgs/lib:${LD_LIBRARY_PATH} PYTHONPATH=/home/monica/ros2_pelota/install/linkattacher_msgs/lib/python3.10/site-packages:${PYTHONPATH} /usr/bin/cmake --install /home/monica/ros2_pelota/build/xolobot_arm_server
[16.979s] Level 1:colcon.colcon_core.environment:create_environment_scripts_only(ros2_linkattacher)
[16.980s] Level 1:colcon.colcon_core.environment:checking '/home/monica/ros2_pelota/install/ros2_linkattacher' for CMake module files
[16.984s] DEBUG:colcon.colcon_core.event_handler.log_command:Invoked command in '/home/monica/ros2_pelota/build/ros2_linkattacher' returned '0': AMENT_PREFIX_PATH=/home/monica/ros2_pelota/install/linkattacher_msgs:${AMENT_PREFIX_PATH} CMAKE_PREFIX_PATH=/home/monica/ros2_pelota/install/linkattacher_msgs:/home/monica/ros2_ws/install/xolobot_control:/home/monica/ros2_ws/install/xolobot_arm_server:/home/monica/ros2_ws/install/xolobot_arm:/opt/ros/iron LD_LIBRARY_PATH=/home/monica/ros2_pelota/install/linkattacher_msgs/lib:${LD_LIBRARY_PATH} PYTHONPATH=/home/monica/ros2_pelota/install/linkattacher_msgs/lib/python3.10/site-packages:${PYTHONPATH} /usr/bin/cmake --install /home/monica/ros2_pelota/build/ros2_linkattacher
[16.991s] Level 1:colcon.colcon_core.environment:checking '/home/monica/ros2_pelota/install/ros2_linkattacher' for CMake config files
[17.001s] Level 1:colcon.colcon_core.shell:create_environment_hook('ros2_linkattacher', 'cmake_prefix_path')
[17.004s] INFO:colcon.colcon_core.shell:Creating environment hook '/home/monica/ros2_pelota/install/ros2_linkattacher/share/ros2_linkattacher/hook/cmake_prefix_path.ps1'
[17.015s] INFO:colcon.colcon_core.shell:Creating environment descriptor '/home/monica/ros2_pelota/install/ros2_linkattacher/share/ros2_linkattacher/hook/cmake_prefix_path.dsv'
[17.022s] INFO:colcon.colcon_core.shell:Creating environment hook '/home/monica/ros2_pelota/install/ros2_linkattacher/share/ros2_linkattacher/hook/cmake_prefix_path.sh'
[17.032s] Level 1:colcon.colcon_core.environment:checking '/home/monica/ros2_pelota/install/ros2_linkattacher/lib'
[17.036s] Level 1:colcon.colcon_core.shell:create_environment_hook('ros2_linkattacher', 'ld_library_path_lib')
[17.041s] INFO:colcon.colcon_core.shell:Creating environment hook '/home/monica/ros2_pelota/install/ros2_linkattacher/share/ros2_linkattacher/hook/ld_library_path_lib.ps1'
[17.043s] INFO:colcon.colcon_core.shell:Creating environment descriptor '/home/monica/ros2_pelota/install/ros2_linkattacher/share/ros2_linkattacher/hook/ld_library_path_lib.dsv'
[17.048s] INFO:colcon.colcon_core.shell:Creating environment hook '/home/monica/ros2_pelota/install/ros2_linkattacher/share/ros2_linkattacher/hook/ld_library_path_lib.sh'
[17.053s] Level 1:colcon.colcon_core.environment:checking '/home/monica/ros2_pelota/install/ros2_linkattacher/bin'
[17.054s] Level 1:colcon.colcon_core.environment:checking '/home/monica/ros2_pelota/install/ros2_linkattacher/lib/pkgconfig/ros2_linkattacher.pc'
[17.057s] Level 1:colcon.colcon_core.environment:checking '/home/monica/ros2_pelota/install/ros2_linkattacher/lib/python3.10/site-packages'
[17.058s] Level 1:colcon.colcon_core.environment:checking '/home/monica/ros2_pelota/install/ros2_linkattacher/bin'
[17.060s] INFO:colcon.colcon_core.shell:Creating package script '/home/monica/ros2_pelota/install/ros2_linkattacher/share/ros2_linkattacher/package.ps1'
[17.065s] INFO:colcon.colcon_core.shell:Creating package descriptor '/home/monica/ros2_pelota/install/ros2_linkattacher/share/ros2_linkattacher/package.dsv'
[17.069s] INFO:colcon.colcon_core.shell:Creating package script '/home/monica/ros2_pelota/install/ros2_linkattacher/share/ros2_linkattacher/package.sh'
[17.072s] INFO:colcon.colcon_core.shell:Creating package script '/home/monica/ros2_pelota/install/ros2_linkattacher/share/ros2_linkattacher/package.bash'
[17.073s] INFO:colcon.colcon_core.shell:Creating package script '/home/monica/ros2_pelota/install/ros2_linkattacher/share/ros2_linkattacher/package.zsh'
[17.077s] Level 1:colcon.colcon_core.environment:create_file_with_runtime_dependencies(/home/monica/ros2_pelota/install/ros2_linkattacher/share/colcon-core/packages/ros2_linkattacher)
[17.081s] Level 1:colcon.colcon_core.environment:create_environment_scripts_only(ros2_linkattacher)
[17.082s] Level 1:colcon.colcon_core.environment:checking '/home/monica/ros2_pelota/install/ros2_linkattacher' for CMake module files
[17.088s] Level 1:colcon.colcon_core.environment:checking '/home/monica/ros2_pelota/install/ros2_linkattacher' for CMake config files
[17.091s] Level 1:colcon.colcon_core.shell:create_environment_hook('ros2_linkattacher', 'cmake_prefix_path')
[17.092s] INFO:colcon.colcon_core.shell:Creating environment hook '/home/monica/ros2_pelota/install/ros2_linkattacher/share/ros2_linkattacher/hook/cmake_prefix_path.ps1'
[17.095s] INFO:colcon.colcon_core.shell:Creating environment descriptor '/home/monica/ros2_pelota/install/ros2_linkattacher/share/ros2_linkattacher/hook/cmake_prefix_path.dsv'
[17.098s] INFO:colcon.colcon_core.shell:Creating environment hook '/home/monica/ros2_pelota/install/ros2_linkattacher/share/ros2_linkattacher/hook/cmake_prefix_path.sh'
[17.100s] Level 1:colcon.colcon_core.environment:checking '/home/monica/ros2_pelota/install/ros2_linkattacher/lib'
[17.102s] Level 1:colcon.colcon_core.shell:create_environment_hook('ros2_linkattacher', 'ld_library_path_lib')
[17.103s] INFO:colcon.colcon_core.shell:Creating environment hook '/home/monica/ros2_pelota/install/ros2_linkattacher/share/ros2_linkattacher/hook/ld_library_path_lib.ps1'
[17.106s] INFO:colcon.colcon_core.shell:Creating environment descriptor '/home/monica/ros2_pelota/install/ros2_linkattacher/share/ros2_linkattacher/hook/ld_library_path_lib.dsv'
[17.107s] INFO:colcon.colcon_core.shell:Creating environment hook '/home/monica/ros2_pelota/install/ros2_linkattacher/share/ros2_linkattacher/hook/ld_library_path_lib.sh'
[17.110s] Level 1:colcon.colcon_core.environment:checking '/home/monica/ros2_pelota/install/ros2_linkattacher/bin'
[17.110s] Level 1:colcon.colcon_core.environment:checking '/home/monica/ros2_pelota/install/ros2_linkattacher/lib/pkgconfig/ros2_linkattacher.pc'
[17.111s] Level 1:colcon.colcon_core.environment:checking '/home/monica/ros2_pelota/install/ros2_linkattacher/lib/python3.10/site-packages'
[17.114s] Level 1:colcon.colcon_core.environment:checking '/home/monica/ros2_pelota/install/ros2_linkattacher/bin'
[17.116s] INFO:colcon.colcon_core.shell:Creating package script '/home/monica/ros2_pelota/install/ros2_linkattacher/share/ros2_linkattacher/package.ps1'
[17.122s] INFO:colcon.colcon_core.shell:Creating package descriptor '/home/monica/ros2_pelota/install/ros2_linkattacher/share/ros2_linkattacher/package.dsv'
[17.126s] INFO:colcon.colcon_core.shell:Creating package script '/home/monica/ros2_pelota/install/ros2_linkattacher/share/ros2_linkattacher/package.sh'
[17.128s] INFO:colcon.colcon_core.shell:Creating package script '/home/monica/ros2_pelota/install/ros2_linkattacher/share/ros2_linkattacher/package.bash'
[17.131s] INFO:colcon.colcon_core.shell:Creating package script '/home/monica/ros2_pelota/install/ros2_linkattacher/share/ros2_linkattacher/package.zsh'
[17.135s] Level 1:colcon.colcon_core.environment:create_file_with_runtime_dependencies(/home/monica/ros2_pelota/install/ros2_linkattacher/share/colcon-core/packages/ros2_linkattacher)
[17.146s] Level 1:colcon.colcon_core.environment:create_environment_scripts_only(xolobot_arm_server)
[17.147s] Level 1:colcon.colcon_core.environment:checking '/home/monica/ros2_pelota/install/xolobot_arm_server' for CMake module files
[17.153s] DEBUG:colcon.colcon_core.event_handler.log_command:Invoked command in '/home/monica/ros2_pelota/build/xolobot_arm_server' returned '0': AMENT_PREFIX_PATH=/home/monica/ros2_pelota/install/linkattacher_msgs:${AMENT_PREFIX_PATH} CMAKE_PREFIX_PATH=/home/monica/ros2_pelota/install/linkattacher_msgs:/home/monica/ros2_ws/install/xolobot_control:/home/monica/ros2_ws/install/xolobot_arm_server:/home/monica/ros2_ws/install/xolobot_arm:/opt/ros/iron LD_LIBRARY_PATH=/home/monica/ros2_pelota/install/linkattacher_msgs/lib:${LD_LIBRARY_PATH} PYTHONPATH=/home/monica/ros2_pelota/install/linkattacher_msgs/lib/python3.10/site-packages:${PYTHONPATH} /usr/bin/cmake --install /home/monica/ros2_pelota/build/xolobot_arm_server
[17.157s] Level 1:colcon.colcon_core.environment:checking '/home/monica/ros2_pelota/install/xolobot_arm_server' for CMake config files
[17.171s] Level 1:colcon.colcon_core.shell:create_environment_hook('xolobot_arm_server', 'cmake_prefix_path')
[17.172s] INFO:colcon.colcon_core.shell:Creating environment hook '/home/monica/ros2_pelota/install/xolobot_arm_server/share/xolobot_arm_server/hook/cmake_prefix_path.ps1'
[17.181s] INFO:colcon.colcon_core.shell:Creating environment descriptor '/home/monica/ros2_pelota/install/xolobot_arm_server/share/xolobot_arm_server/hook/cmake_prefix_path.dsv'
[17.182s] INFO:colcon.colcon_core.shell:Creating environment hook '/home/monica/ros2_pelota/install/xolobot_arm_server/share/xolobot_arm_server/hook/cmake_prefix_path.sh'
[17.188s] Level 1:colcon.colcon_core.environment:checking '/home/monica/ros2_pelota/install/xolobot_arm_server/lib'
[17.188s] Level 1:colcon.colcon_core.environment:checking '/home/monica/ros2_pelota/install/xolobot_arm_server/bin'
[17.189s] Level 1:colcon.colcon_core.environment:checking '/home/monica/ros2_pelota/install/xolobot_arm_server/lib/pkgconfig/xolobot_arm_server.pc'
[17.191s] Level 1:colcon.colcon_core.environment:checking '/home/monica/ros2_pelota/install/xolobot_arm_server/lib/python3.10/site-packages'
[17.192s] Level 1:colcon.colcon_core.environment:checking '/home/monica/ros2_pelota/install/xolobot_arm_server/bin'
[17.193s] INFO:colcon.colcon_core.shell:Creating package script '/home/monica/ros2_pelota/install/xolobot_arm_server/share/xolobot_arm_server/package.ps1'
[17.195s] INFO:colcon.colcon_core.shell:Creating package descriptor '/home/monica/ros2_pelota/install/xolobot_arm_server/share/xolobot_arm_server/package.dsv'
[17.196s] INFO:colcon.colcon_core.shell:Creating package script '/home/monica/ros2_pelota/install/xolobot_arm_server/share/xolobot_arm_server/package.sh'
[17.197s] INFO:colcon.colcon_core.shell:Creating package script '/home/monica/ros2_pelota/install/xolobot_arm_server/share/xolobot_arm_server/package.bash'
[17.198s] INFO:colcon.colcon_core.shell:Creating package script '/home/monica/ros2_pelota/install/xolobot_arm_server/share/xolobot_arm_server/package.zsh'
[17.199s] Level 1:colcon.colcon_core.environment:create_file_with_runtime_dependencies(/home/monica/ros2_pelota/install/xolobot_arm_server/share/colcon-core/packages/xolobot_arm_server)
[17.201s] Level 1:colcon.colcon_core.environment:create_environment_scripts_only(xolobot_arm_server)
[17.202s] Level 1:colcon.colcon_core.environment:checking '/home/monica/ros2_pelota/install/xolobot_arm_server' for CMake module files
[17.204s] Level 1:colcon.colcon_core.environment:checking '/home/monica/ros2_pelota/install/xolobot_arm_server' for CMake config files
[17.206s] Level 1:colcon.colcon_core.shell:create_environment_hook('xolobot_arm_server', 'cmake_prefix_path')
[17.207s] INFO:colcon.colcon_core.shell:Creating environment hook '/home/monica/ros2_pelota/install/xolobot_arm_server/share/xolobot_arm_server/hook/cmake_prefix_path.ps1'
[17.208s] INFO:colcon.colcon_core.shell:Creating environment descriptor '/home/monica/ros2_pelota/install/xolobot_arm_server/share/xolobot_arm_server/hook/cmake_prefix_path.dsv'
[17.209s] INFO:colcon.colcon_core.shell:Creating environment hook '/home/monica/ros2_pelota/install/xolobot_arm_server/share/xolobot_arm_server/hook/cmake_prefix_path.sh'
[17.211s] Level 1:colcon.colcon_core.environment:checking '/home/monica/ros2_pelota/install/xolobot_arm_server/lib'
[17.211s] Level 1:colcon.colcon_core.environment:checking '/home/monica/ros2_pelota/install/xolobot_arm_server/bin'
[17.211s] Level 1:colcon.colcon_core.environment:checking '/home/monica/ros2_pelota/install/xolobot_arm_server/lib/pkgconfig/xolobot_arm_server.pc'
[17.212s] Level 1:colcon.colcon_core.environment:checking '/home/monica/ros2_pelota/install/xolobot_arm_server/lib/python3.10/site-packages'
[17.213s] Level 1:colcon.colcon_core.environment:checking '/home/monica/ros2_pelota/install/xolobot_arm_server/bin'
[17.213s] INFO:colcon.colcon_core.shell:Creating package script '/home/monica/ros2_pelota/install/xolobot_arm_server/share/xolobot_arm_server/package.ps1'
[17.215s] INFO:colcon.colcon_core.shell:Creating package descriptor '/home/monica/ros2_pelota/install/xolobot_arm_server/share/xolobot_arm_server/package.dsv'
[17.217s] INFO:colcon.colcon_core.shell:Creating package script '/home/monica/ros2_pelota/install/xolobot_arm_server/share/xolobot_arm_server/package.sh'
[17.218s] INFO:colcon.colcon_core.shell:Creating package script '/home/monica/ros2_pelota/install/xolobot_arm_server/share/xolobot_arm_server/package.bash'
[17.220s] INFO:colcon.colcon_core.shell:Creating package script '/home/monica/ros2_pelota/install/xolobot_arm_server/share/xolobot_arm_server/package.zsh'
[17.221s] Level 1:colcon.colcon_core.environment:create_file_with_runtime_dependencies(/home/monica/ros2_pelota/install/xolobot_arm_server/share/colcon-core/packages/xolobot_arm_server)
[17.222s] DEBUG:colcon.colcon_parallel_executor.executor.parallel:closing loop
[17.224s] DEBUG:colcon.colcon_parallel_executor.executor.parallel:loop closed
[17.224s] DEBUG:colcon.colcon_parallel_executor.executor.parallel:run_until_complete finished with '0'
[17.224s] DEBUG:colcon.colcon_core.event_reactor:joining thread
[17.246s] INFO:colcon.colcon_core.plugin_system:Skipping extension 'colcon_notification.desktop_notification.terminal_notifier': Not used on non-Darwin systems
[17.248s] INFO:colcon.colcon_core.plugin_system:Skipping extension 'colcon_notification.desktop_notification.win32': Not used on non-Windows systems
[17.248s] INFO:colcon.colcon_notification.desktop_notification:Sending desktop notification using 'notify2'
[17.343s] DEBUG:colcon.colcon_core.event_reactor:joined thread
[17.346s] INFO:colcon.colcon_core.shell:Creating prefix script '/home/monica/ros2_pelota/install/local_setup.ps1'
[17.357s] INFO:colcon.colcon_core.shell:Creating prefix util module '/home/monica/ros2_pelota/install/_local_setup_util_ps1.py'
[17.382s] INFO:colcon.colcon_core.shell:Creating prefix chain script '/home/monica/ros2_pelota/install/setup.ps1'
[17.400s] INFO:colcon.colcon_core.shell:Creating prefix script '/home/monica/ros2_pelota/install/local_setup.sh'
[17.408s] INFO:colcon.colcon_core.shell:Creating prefix util module '/home/monica/ros2_pelota/install/_local_setup_util_sh.py'
[17.412s] INFO:colcon.colcon_core.shell:Creating prefix chain script '/home/monica/ros2_pelota/install/setup.sh'
[17.422s] INFO:colcon.colcon_core.shell:Creating prefix script '/home/monica/ros2_pelota/install/local_setup.bash'
[17.424s] INFO:colcon.colcon_core.shell:Creating prefix chain script '/home/monica/ros2_pelota/install/setup.bash'
[17.434s] INFO:colcon.colcon_core.shell:Creating prefix script '/home/monica/ros2_pelota/install/local_setup.zsh'
[17.440s] INFO:colcon.colcon_core.shell:Creating prefix chain script '/home/monica/ros2_pelota/install/setup.zsh'
