[0.341s] DEBUG:colcon:Command line arguments: ['/usr/bin/colcon', 'build']
[0.341s] DEBUG:colcon:Parsed command line arguments: Namespace(log_base=None, log_level=None, verb_name='build', build_base='build', install_base='install', merge_install=False, symlink_install=False, test_result_base=None, continue_on_error=False, executor='parallel', parallel_workers=2, event_handlers=None, ignore_user_meta=False, metas=['./colcon.meta'], base_paths=['.'], packages_ignore=None, packages_ignore_regex=None, paths=None, packages_up_to=None, packages_up_to_regex=None, packages_above=None, packages_above_and_dependencies=None, packages_above_depth=None, packages_select_by_dep=None, packages_skip_by_dep=None, packages_skip_up_to=None, packages_select_build_failed=False, packages_skip_build_finished=False, packages_select_test_failures=False, packages_skip_test_passed=False, packages_select=None, packages_skip=None, packages_select_regex=None, packages_skip_regex=None, packages_start=None, packages_end=None, allow_overriding=[], cmake_args=None, cmake_target=None, cmake_target_skip_unavailable=False, cmake_clean_cache=False, cmake_clean_first=False, cmake_force_configure=False, ament_cmake_args=None, catkin_cmake_args=None, catkin_skip_building_tests=False, mixin_files=None, mixin=None, verb_parser=<colcon_mixin.mixin.mixin_argument.MixinArgumentDecorator object at 0x7d91c405ab30>, verb_extension=<colcon_core.verb.build.BuildVerb object at 0x7d91c405a650>, main=<bound method BuildVerb.main of <colcon_core.verb.build.BuildVerb object at 0x7d91c405a650>>, mixin_verb=('build',))
[0.783s] Level 1:colcon.colcon_core.package_discovery:discover_packages(colcon_meta) check parameters
[0.784s] Level 1:colcon.colcon_core.package_discovery:discover_packages(recursive) check parameters
[0.784s] Level 1:colcon.colcon_core.package_discovery:discover_packages(ignore) check parameters
[0.784s] Level 1:colcon.colcon_core.package_discovery:discover_packages(path) check parameters
[0.784s] Level 1:colcon.colcon_core.package_discovery:discover_packages(colcon_meta) discover
[0.784s] Level 1:colcon.colcon_core.package_discovery:discover_packages(recursive) discover
[0.784s] INFO:colcon.colcon_core.package_discovery:Crawling recursively for packages in '/home/monica/ros2_pelota'
[0.784s] Level 1:colcon.colcon_core.package_identification:_identify(.) by extensions ['ignore', 'ignore_ament_install']
[0.784s] Level 1:colcon.colcon_core.package_identification:_identify(.) by extension 'ignore'
[0.785s] Level 1:colcon.colcon_core.package_identification:_identify(.) by extension 'ignore_ament_install'
[0.785s] Level 1:colcon.colcon_core.package_identification:_identify(.) by extensions ['colcon_pkg']
[0.785s] Level 1:colcon.colcon_core.package_identification:_identify(.) by extension 'colcon_pkg'
[0.785s] Level 1:colcon.colcon_core.package_identification:_identify(.) by extensions ['colcon_meta']
[0.785s] Level 1:colcon.colcon_core.package_identification:_identify(.) by extension 'colcon_meta'
[0.785s] Level 1:colcon.colcon_core.package_identification:_identify(.) by extensions ['ros']
[0.785s] Level 1:colcon.colcon_core.package_identification:_identify(.) by extension 'ros'
[0.819s] Level 1:colcon.colcon_core.package_identification:_identify(.) by extensions ['cmake', 'python']
[0.819s] Level 1:colcon.colcon_core.package_identification:_identify(.) by extension 'cmake'
[0.819s] Level 1:colcon.colcon_core.package_identification:_identify(.) by extension 'python'
[0.820s] Level 1:colcon.colcon_core.package_identification:_identify(.) by extensions ['python_setup_py']
[0.820s] Level 1:colcon.colcon_core.package_identification:_identify(.) by extension 'python_setup_py'
[0.820s] Level 1:colcon.colcon_core.package_identification:_identify(build) by extensions ['ignore', 'ignore_ament_install']
[0.820s] Level 1:colcon.colcon_core.package_identification:_identify(build) by extension 'ignore'
[0.820s] Level 1:colcon.colcon_core.package_identification:_identify(build) ignored
[0.821s] Level 1:colcon.colcon_core.package_identification:_identify(install) by extensions ['ignore', 'ignore_ament_install']
[0.821s] Level 1:colcon.colcon_core.package_identification:_identify(install) by extension 'ignore'
[0.821s] Level 1:colcon.colcon_core.package_identification:_identify(install) ignored
[0.821s] Level 1:colcon.colcon_core.package_identification:_identify(log) by extensions ['ignore', 'ignore_ament_install']
[0.821s] Level 1:colcon.colcon_core.package_identification:_identify(log) by extension 'ignore'
[0.822s] Level 1:colcon.colcon_core.package_identification:_identify(log) ignored
[0.822s] Level 1:colcon.colcon_core.package_identification:_identify(src) by extensions ['ignore', 'ignore_ament_install']
[0.822s] Level 1:colcon.colcon_core.package_identification:_identify(src) by extension 'ignore'
[0.822s] Level 1:colcon.colcon_core.package_identification:_identify(src) by extension 'ignore_ament_install'
[0.822s] Level 1:colcon.colcon_core.package_identification:_identify(src) by extensions ['colcon_pkg']
[0.822s] Level 1:colcon.colcon_core.package_identification:_identify(src) by extension 'colcon_pkg'
[0.822s] Level 1:colcon.colcon_core.package_identification:_identify(src) by extensions ['colcon_meta']
[0.823s] Level 1:colcon.colcon_core.package_identification:_identify(src) by extension 'colcon_meta'
[0.823s] Level 1:colcon.colcon_core.package_identification:_identify(src) by extensions ['ros']
[0.823s] Level 1:colcon.colcon_core.package_identification:_identify(src) by extension 'ros'
[0.823s] Level 1:colcon.colcon_core.package_identification:_identify(src) by extensions ['cmake', 'python']
[0.823s] Level 1:colcon.colcon_core.package_identification:_identify(src) by extension 'cmake'
[0.823s] Level 1:colcon.colcon_core.package_identification:_identify(src) by extension 'python'
[0.823s] Level 1:colcon.colcon_core.package_identification:_identify(src) by extensions ['python_setup_py']
[0.823s] Level 1:colcon.colcon_core.package_identification:_identify(src) by extension 'python_setup_py'
[0.824s] Level 1:colcon.colcon_core.package_identification:_identify(src/linkattacher_msgs) by extensions ['ignore', 'ignore_ament_install']
[0.824s] Level 1:colcon.colcon_core.package_identification:_identify(src/linkattacher_msgs) by extension 'ignore'
[0.824s] Level 1:colcon.colcon_core.package_identification:_identify(src/linkattacher_msgs) by extension 'ignore_ament_install'
[0.824s] Level 1:colcon.colcon_core.package_identification:_identify(src/linkattacher_msgs) by extensions ['colcon_pkg']
[0.824s] Level 1:colcon.colcon_core.package_identification:_identify(src/linkattacher_msgs) by extension 'colcon_pkg'
[0.824s] Level 1:colcon.colcon_core.package_identification:_identify(src/linkattacher_msgs) by extensions ['colcon_meta']
[0.824s] Level 1:colcon.colcon_core.package_identification:_identify(src/linkattacher_msgs) by extension 'colcon_meta'
[0.825s] Level 1:colcon.colcon_core.package_identification:_identify(src/linkattacher_msgs) by extensions ['ros']
[0.825s] Level 1:colcon.colcon_core.package_identification:_identify(src/linkattacher_msgs) by extension 'ros'
[0.832s] DEBUG:colcon.colcon_core.package_identification:Package 'src/linkattacher_msgs' with type 'ros.ament_cmake' and name 'linkattacher_msgs'
[0.832s] Level 1:colcon.colcon_core.package_identification:_identify(src/ros2_linkattacher) by extensions ['ignore', 'ignore_ament_install']
[0.833s] Level 1:colcon.colcon_core.package_identification:_identify(src/ros2_linkattacher) by extension 'ignore'
[0.833s] Level 1:colcon.colcon_core.package_identification:_identify(src/ros2_linkattacher) by extension 'ignore_ament_install'
[0.833s] Level 1:colcon.colcon_core.package_identification:_identify(src/ros2_linkattacher) by extensions ['colcon_pkg']
[0.833s] Level 1:colcon.colcon_core.package_identification:_identify(src/ros2_linkattacher) by extension 'colcon_pkg'
[0.833s] Level 1:colcon.colcon_core.package_identification:_identify(src/ros2_linkattacher) by extensions ['colcon_meta']
[0.833s] Level 1:colcon.colcon_core.package_identification:_identify(src/ros2_linkattacher) by extension 'colcon_meta'
[0.833s] Level 1:colcon.colcon_core.package_identification:_identify(src/ros2_linkattacher) by extensions ['ros']
[0.833s] Level 1:colcon.colcon_core.package_identification:_identify(src/ros2_linkattacher) by extension 'ros'
[0.858s] DEBUG:colcon.colcon_core.package_identification:Package 'src/ros2_linkattacher' with type 'ros.ament_cmake' and name 'ros2_linkattacher'
[0.859s] Level 1:colcon.colcon_core.package_identification:_identify(src/xolobot_arm) by extensions ['ignore', 'ignore_ament_install']
[0.859s] Level 1:colcon.colcon_core.package_identification:_identify(src/xolobot_arm) by extension 'ignore'
[0.859s] Level 1:colcon.colcon_core.package_identification:_identify(src/xolobot_arm) by extension 'ignore_ament_install'
[0.859s] Level 1:colcon.colcon_core.package_identification:_identify(src/xolobot_arm) by extensions ['colcon_pkg']
[0.859s] Level 1:colcon.colcon_core.package_identification:_identify(src/xolobot_arm) by extension 'colcon_pkg'
[0.859s] Level 1:colcon.colcon_core.package_identification:_identify(src/xolobot_arm) by extensions ['colcon_meta']
[0.859s] Level 1:colcon.colcon_core.package_identification:_identify(src/xolobot_arm) by extension 'colcon_meta'
[0.860s] Level 1:colcon.colcon_core.package_identification:_identify(src/xolobot_arm) by extensions ['ros']
[0.860s] Level 1:colcon.colcon_core.package_identification:_identify(src/xolobot_arm) by extension 'ros'
[0.862s] DEBUG:colcon.colcon_core.package_identification:Package 'src/xolobot_arm' with type 'ros.ament_cmake' and name 'xolobot_arm'
[0.862s] Level 1:colcon.colcon_core.package_identification:_identify(src/xolobot_arm_server) by extensions ['ignore', 'ignore_ament_install']
[0.862s] Level 1:colcon.colcon_core.package_identification:_identify(src/xolobot_arm_server) by extension 'ignore'
[0.862s] Level 1:colcon.colcon_core.package_identification:_identify(src/xolobot_arm_server) by extension 'ignore_ament_install'
[0.862s] Level 1:colcon.colcon_core.package_identification:_identify(src/xolobot_arm_server) by extensions ['colcon_pkg']
[0.862s] Level 1:colcon.colcon_core.package_identification:_identify(src/xolobot_arm_server) by extension 'colcon_pkg'
[0.863s] Level 1:colcon.colcon_core.package_identification:_identify(src/xolobot_arm_server) by extensions ['colcon_meta']
[0.863s] Level 1:colcon.colcon_core.package_identification:_identify(src/xolobot_arm_server) by extension 'colcon_meta'
[0.863s] Level 1:colcon.colcon_core.package_identification:_identify(src/xolobot_arm_server) by extensions ['ros']
[0.863s] Level 1:colcon.colcon_core.package_identification:_identify(src/xolobot_arm_server) by extension 'ros'
[0.865s] DEBUG:colcon.colcon_core.package_identification:Package 'src/xolobot_arm_server' with type 'ros.ament_cmake' and name 'xolobot_arm_server'
[0.865s] Level 1:colcon.colcon_core.package_identification:_identify(src/xolobot_control) by extensions ['ignore', 'ignore_ament_install']
[0.866s] Level 1:colcon.colcon_core.package_identification:_identify(src/xolobot_control) by extension 'ignore'
[0.866s] Level 1:colcon.colcon_core.package_identification:_identify(src/xolobot_control) by extension 'ignore_ament_install'
[0.866s] Level 1:colcon.colcon_core.package_identification:_identify(src/xolobot_control) by extensions ['colcon_pkg']
[0.866s] Level 1:colcon.colcon_core.package_identification:_identify(src/xolobot_control) by extension 'colcon_pkg'
[0.866s] Level 1:colcon.colcon_core.package_identification:_identify(src/xolobot_control) by extensions ['colcon_meta']
[0.866s] Level 1:colcon.colcon_core.package_identification:_identify(src/xolobot_control) by extension 'colcon_meta'
[0.866s] Level 1:colcon.colcon_core.package_identification:_identify(src/xolobot_control) by extensions ['ros']
[0.866s] Level 1:colcon.colcon_core.package_identification:_identify(src/xolobot_control) by extension 'ros'
[0.868s] DEBUG:colcon.colcon_core.package_identification:Package 'src/xolobot_control' with type 'ros.ament_cmake' and name 'xolobot_control'
[0.868s] Level 1:colcon.colcon_core.package_discovery:discover_packages(recursive) using defaults
[0.868s] Level 1:colcon.colcon_core.package_discovery:discover_packages(ignore) discover
[0.868s] Level 1:colcon.colcon_core.package_discovery:discover_packages(ignore) using defaults
[0.868s] Level 1:colcon.colcon_core.package_discovery:discover_packages(path) discover
[0.868s] Level 1:colcon.colcon_core.package_discovery:discover_packages(path) using defaults
[0.924s] Level 1:colcon.colcon_core.package_discovery:discover_packages(prefix_path) check parameters
[0.924s] Level 1:colcon.colcon_core.package_discovery:discover_packages(prefix_path) discover
[0.933s] DEBUG:colcon.colcon_installed_package_information.package_discovery:Found 5 installed packages in /home/monica/ros2_pelota/install
[0.934s] DEBUG:colcon.colcon_installed_package_information.package_discovery:Found 3 installed packages in /home/monica/ros2_ws/install
[0.941s] DEBUG:colcon.colcon_installed_package_information.package_discovery:Found 355 installed packages in /opt/ros/iron
[0.946s] Level 1:colcon.colcon_core.package_discovery:discover_packages(prefix_path) using defaults
[1.078s] Level 5:colcon.colcon_core.verb:set package 'linkattacher_msgs' build argument 'cmake_args' from command line to 'None'
[1.078s] Level 5:colcon.colcon_core.verb:set package 'linkattacher_msgs' build argument 'cmake_target' from command line to 'None'
[1.078s] Level 5:colcon.colcon_core.verb:set package 'linkattacher_msgs' build argument 'cmake_target_skip_unavailable' from command line to 'False'
[1.078s] Level 5:colcon.colcon_core.verb:set package 'linkattacher_msgs' build argument 'cmake_clean_cache' from command line to 'False'
[1.078s] Level 5:colcon.colcon_core.verb:set package 'linkattacher_msgs' build argument 'cmake_clean_first' from command line to 'False'
[1.078s] Level 5:colcon.colcon_core.verb:set package 'linkattacher_msgs' build argument 'cmake_force_configure' from command line to 'False'
[1.078s] Level 5:colcon.colcon_core.verb:set package 'linkattacher_msgs' build argument 'ament_cmake_args' from command line to 'None'
[1.078s] Level 5:colcon.colcon_core.verb:set package 'linkattacher_msgs' build argument 'catkin_cmake_args' from command line to 'None'
[1.078s] Level 5:colcon.colcon_core.verb:set package 'linkattacher_msgs' build argument 'catkin_skip_building_tests' from command line to 'False'
[1.078s] DEBUG:colcon.colcon_core.verb:Building package 'linkattacher_msgs' with the following arguments: {'ament_cmake_args': None, 'build_base': '/home/monica/ros2_pelota/build/linkattacher_msgs', 'catkin_cmake_args': None, 'catkin_skip_building_tests': False, 'cmake_args': None, 'cmake_clean_cache': False, 'cmake_clean_first': False, 'cmake_force_configure': False, 'cmake_target': None, 'cmake_target_skip_unavailable': False, 'install_base': '/home/monica/ros2_pelota/install/linkattacher_msgs', 'merge_install': False, 'path': '/home/monica/ros2_pelota/src/linkattacher_msgs', 'symlink_install': False, 'test_result_base': None}
[1.079s] Level 5:colcon.colcon_core.verb:set package 'xolobot_arm' build argument 'cmake_args' from command line to 'None'
[1.079s] Level 5:colcon.colcon_core.verb:set package 'xolobot_arm' build argument 'cmake_target' from command line to 'None'
[1.080s] Level 5:colcon.colcon_core.verb:set package 'xolobot_arm' build argument 'cmake_target_skip_unavailable' from command line to 'False'
[1.080s] Level 5:colcon.colcon_core.verb:set package 'xolobot_arm' build argument 'cmake_clean_cache' from command line to 'False'
[1.080s] Level 5:colcon.colcon_core.verb:set package 'xolobot_arm' build argument 'cmake_clean_first' from command line to 'False'
[1.080s] Level 5:colcon.colcon_core.verb:set package 'xolobot_arm' build argument 'cmake_force_configure' from command line to 'False'
[1.080s] Level 5:colcon.colcon_core.verb:set package 'xolobot_arm' build argument 'ament_cmake_args' from command line to 'None'
[1.080s] Level 5:colcon.colcon_core.verb:set package 'xolobot_arm' build argument 'catkin_cmake_args' from command line to 'None'
[1.080s] Level 5:colcon.colcon_core.verb:set package 'xolobot_arm' build argument 'catkin_skip_building_tests' from command line to 'False'
[1.080s] DEBUG:colcon.colcon_core.verb:Building package 'xolobot_arm' with the following arguments: {'ament_cmake_args': None, 'build_base': '/home/monica/ros2_pelota/build/xolobot_arm', 'catkin_cmake_args': None, 'catkin_skip_building_tests': False, 'cmake_args': None, 'cmake_clean_cache': False, 'cmake_clean_first': False, 'cmake_force_configure': False, 'cmake_target': None, 'cmake_target_skip_unavailable': False, 'install_base': '/home/monica/ros2_pelota/install/xolobot_arm', 'merge_install': False, 'path': '/home/monica/ros2_pelota/src/xolobot_arm', 'symlink_install': False, 'test_result_base': None}
[1.081s] Level 5:colcon.colcon_core.verb:set package 'xolobot_control' build argument 'cmake_args' from command line to 'None'
[1.081s] Level 5:colcon.colcon_core.verb:set package 'xolobot_control' build argument 'cmake_target' from command line to 'None'
[1.081s] Level 5:colcon.colcon_core.verb:set package 'xolobot_control' build argument 'cmake_target_skip_unavailable' from command line to 'False'
[1.081s] Level 5:colcon.colcon_core.verb:set package 'xolobot_control' build argument 'cmake_clean_cache' from command line to 'False'
[1.081s] Level 5:colcon.colcon_core.verb:set package 'xolobot_control' build argument 'cmake_clean_first' from command line to 'False'
[1.081s] Level 5:colcon.colcon_core.verb:set package 'xolobot_control' build argument 'cmake_force_configure' from command line to 'False'
[1.081s] Level 5:colcon.colcon_core.verb:set package 'xolobot_control' build argument 'ament_cmake_args' from command line to 'None'
[1.081s] Level 5:colcon.colcon_core.verb:set package 'xolobot_control' build argument 'catkin_cmake_args' from command line to 'None'
[1.081s] Level 5:colcon.colcon_core.verb:set package 'xolobot_control' build argument 'catkin_skip_building_tests' from command line to 'False'
[1.081s] DEBUG:colcon.colcon_core.verb:Building package 'xolobot_control' with the following arguments: {'ament_cmake_args': None, 'build_base': '/home/monica/ros2_pelota/build/xolobot_control', 'catkin_cmake_args': None, 'catkin_skip_building_tests': False, 'cmake_args': None, 'cmake_clean_cache': False, 'cmake_clean_first': False, 'cmake_force_configure': False, 'cmake_target': None, 'cmake_target_skip_unavailable': False, 'install_base': '/home/monica/ros2_pelota/install/xolobot_control', 'merge_install': False, 'path': '/home/monica/ros2_pelota/src/xolobot_control', 'symlink_install': False, 'test_result_base': None}
[1.082s] Level 5:colcon.colcon_core.verb:set package 'ros2_linkattacher' build argument 'cmake_args' from command line to 'None'
[1.082s] Level 5:colcon.colcon_core.verb:set package 'ros2_linkattacher' build argument 'cmake_target' from command line to 'None'
[1.082s] Level 5:colcon.colcon_core.verb:set package 'ros2_linkattacher' build argument 'cmake_target_skip_unavailable' from command line to 'False'
[1.082s] Level 5:colcon.colcon_core.verb:set package 'ros2_linkattacher' build argument 'cmake_clean_cache' from command line to 'False'
[1.083s] Level 5:colcon.colcon_core.verb:set package 'ros2_linkattacher' build argument 'cmake_clean_first' from command line to 'False'
[1.083s] Level 5:colcon.colcon_core.verb:set package 'ros2_linkattacher' build argument 'cmake_force_configure' from command line to 'False'
[1.083s] Level 5:colcon.colcon_core.verb:set package 'ros2_linkattacher' build argument 'ament_cmake_args' from command line to 'None'
[1.083s] Level 5:colcon.colcon_core.verb:set package 'ros2_linkattacher' build argument 'catkin_cmake_args' from command line to 'None'
[1.083s] Level 5:colcon.colcon_core.verb:set package 'ros2_linkattacher' build argument 'catkin_skip_building_tests' from command line to 'False'
[1.083s] DEBUG:colcon.colcon_core.verb:Building package 'ros2_linkattacher' with the following arguments: {'ament_cmake_args': None, 'build_base': '/home/monica/ros2_pelota/build/ros2_linkattacher', 'catkin_cmake_args': None, 'catkin_skip_building_tests': False, 'cmake_args': None, 'cmake_clean_cache': False, 'cmake_clean_first': False, 'cmake_force_configure': False, 'cmake_target': None, 'cmake_target_skip_unavailable': False, 'install_base': '/home/monica/ros2_pelota/install/ros2_linkattacher', 'merge_install': False, 'path': '/home/monica/ros2_pelota/src/ros2_linkattacher', 'symlink_install': False, 'test_result_base': None}
[1.084s] Level 5:colcon.colcon_core.verb:set package 'xolobot_arm_server' build argument 'cmake_args' from command line to 'None'
[1.084s] Level 5:colcon.colcon_core.verb:set package 'xolobot_arm_server' build argument 'cmake_target' from command line to 'None'
[1.084s] Level 5:colcon.colcon_core.verb:set package 'xolobot_arm_server' build argument 'cmake_target_skip_unavailable' from command line to 'False'
[1.084s] Level 5:colcon.colcon_core.verb:set package 'xolobot_arm_server' build argument 'cmake_clean_cache' from command line to 'False'
[1.084s] Level 5:colcon.colcon_core.verb:set package 'xolobot_arm_server' build argument 'cmake_clean_first' from command line to 'False'
[1.084s] Level 5:colcon.colcon_core.verb:set package 'xolobot_arm_server' build argument 'cmake_force_configure' from command line to 'False'
[1.084s] Level 5:colcon.colcon_core.verb:set package 'xolobot_arm_server' build argument 'ament_cmake_args' from command line to 'None'
[1.084s] Level 5:colcon.colcon_core.verb:set package 'xolobot_arm_server' build argument 'catkin_cmake_args' from command line to 'None'
[1.084s] Level 5:colcon.colcon_core.verb:set package 'xolobot_arm_server' build argument 'catkin_skip_building_tests' from command line to 'False'
[1.084s] DEBUG:colcon.colcon_core.verb:Building package 'xolobot_arm_server' with the following arguments: {'ament_cmake_args': None, 'build_base': '/home/monica/ros2_pelota/build/xolobot_arm_server', 'catkin_cmake_args': None, 'catkin_skip_building_tests': False, 'cmake_args': None, 'cmake_clean_cache': False, 'cmake_clean_first': False, 'cmake_force_configure': False, 'cmake_target': None, 'cmake_target_skip_unavailable': False, 'install_base': '/home/monica/ros2_pelota/install/xolobot_arm_server', 'merge_install': False, 'path': '/home/monica/ros2_pelota/src/xolobot_arm_server', 'symlink_install': False, 'test_result_base': None}
[1.085s] INFO:colcon.colcon_core.executor:Executing jobs using 'parallel' executor
[1.087s] DEBUG:colcon.colcon_parallel_executor.executor.parallel:run_until_complete
[1.087s] INFO:colcon.colcon_ros.task.ament_cmake.build:Building ROS package in '/home/monica/ros2_pelota/src/linkattacher_msgs' with build type 'ament_cmake'
[1.088s] INFO:colcon.colcon_cmake.task.cmake.build:Building CMake package in '/home/monica/ros2_pelota/src/linkattacher_msgs'
[1.106s] INFO:colcon.colcon_core.plugin_system:Skipping extension 'colcon_core.shell.bat': Not used on non-Windows systems
[1.107s] INFO:colcon.colcon_core.shell:Skip shell extension 'powershell' for command environment: Not usable outside of PowerShell
[1.107s] DEBUG:colcon.colcon_core.shell:Skip shell extension 'dsv' for command environment
[1.120s] INFO:colcon.colcon_ros.task.ament_cmake.build:Building ROS package in '/home/monica/ros2_pelota/src/xolobot_arm' with build type 'ament_cmake'
[1.120s] INFO:colcon.colcon_cmake.task.cmake.build:Building CMake package in '/home/monica/ros2_pelota/src/xolobot_arm'
[1.121s] INFO:colcon.colcon_core.shell:Skip shell extension 'powershell' for command environment: Not usable outside of PowerShell
[1.121s] DEBUG:colcon.colcon_core.shell:Skip shell extension 'dsv' for command environment
[1.140s] DEBUG:colcon.colcon_core.event_handler.log_command:Invoking command in '/home/monica/ros2_pelota/build/linkattacher_msgs': CMAKE_PREFIX_PATH=${CMAKE_PREFIX_PATH}:/opt/ros/iron /usr/bin/cmake --build /home/monica/ros2_pelota/build/linkattacher_msgs -- -j2 -l2
[1.154s] DEBUG:colcon.colcon_core.event_handler.log_command:Invoking command in '/home/monica/ros2_pelota/build/xolobot_arm': CMAKE_PREFIX_PATH=${CMAKE_PREFIX_PATH}:/opt/ros/iron /usr/bin/cmake --build /home/monica/ros2_pelota/build/xolobot_arm -- -j2 -l2
[1.273s] DEBUG:colcon.colcon_core.event_handler.log_command:Invoked command in '/home/monica/ros2_pelota/build/xolobot_arm' returned '0': CMAKE_PREFIX_PATH=${CMAKE_PREFIX_PATH}:/opt/ros/iron /usr/bin/cmake --build /home/monica/ros2_pelota/build/xolobot_arm -- -j2 -l2
[1.298s] DEBUG:colcon.colcon_core.event_handler.log_command:Invoking command in '/home/monica/ros2_pelota/build/xolobot_arm': CMAKE_PREFIX_PATH=${CMAKE_PREFIX_PATH}:/opt/ros/iron /usr/bin/cmake --install /home/monica/ros2_pelota/build/xolobot_arm
[1.393s] Level 1:colcon.colcon_core.environment:create_environment_scripts_only(xolobot_arm)
[1.424s] DEBUG:colcon.colcon_core.event_handler.log_command:Invoked command in '/home/monica/ros2_pelota/build/xolobot_arm' returned '0': CMAKE_PREFIX_PATH=${CMAKE_PREFIX_PATH}:/opt/ros/iron /usr/bin/cmake --install /home/monica/ros2_pelota/build/xolobot_arm
[1.431s] Level 1:colcon.colcon_core.environment:checking '/home/monica/ros2_pelota/install/xolobot_arm' for CMake module files
[1.434s] Level 1:colcon.colcon_core.environment:checking '/home/monica/ros2_pelota/install/xolobot_arm' for CMake config files
[1.435s] Level 1:colcon.colcon_core.shell:create_environment_hook('xolobot_arm', 'cmake_prefix_path')
[1.435s] INFO:colcon.colcon_core.shell:Creating environment hook '/home/monica/ros2_pelota/install/xolobot_arm/share/xolobot_arm/hook/cmake_prefix_path.ps1'
[1.437s] INFO:colcon.colcon_core.shell:Creating environment descriptor '/home/monica/ros2_pelota/install/xolobot_arm/share/xolobot_arm/hook/cmake_prefix_path.dsv'
[1.438s] INFO:colcon.colcon_core.shell:Creating environment hook '/home/monica/ros2_pelota/install/xolobot_arm/share/xolobot_arm/hook/cmake_prefix_path.sh'
[1.439s] Level 1:colcon.colcon_core.environment:checking '/home/monica/ros2_pelota/install/xolobot_arm/bin'
[1.439s] Level 1:colcon.colcon_core.environment:checking '/home/monica/ros2_pelota/install/xolobot_arm/lib/pkgconfig/xolobot_arm.pc'
[1.440s] Level 1:colcon.colcon_core.environment:checking '/home/monica/ros2_pelota/install/xolobot_arm/lib/python3.10/site-packages'
[1.440s] Level 1:colcon.colcon_core.environment:checking '/home/monica/ros2_pelota/install/xolobot_arm/bin'
[1.441s] INFO:colcon.colcon_core.shell:Creating package script '/home/monica/ros2_pelota/install/xolobot_arm/share/xolobot_arm/package.ps1'
[1.442s] INFO:colcon.colcon_core.shell:Creating package descriptor '/home/monica/ros2_pelota/install/xolobot_arm/share/xolobot_arm/package.dsv'
[1.444s] INFO:colcon.colcon_core.shell:Creating package script '/home/monica/ros2_pelota/install/xolobot_arm/share/xolobot_arm/package.sh'
[1.445s] INFO:colcon.colcon_core.shell:Creating package script '/home/monica/ros2_pelota/install/xolobot_arm/share/xolobot_arm/package.bash'
[1.449s] INFO:colcon.colcon_core.shell:Creating package script '/home/monica/ros2_pelota/install/xolobot_arm/share/xolobot_arm/package.zsh'
[1.452s] Level 1:colcon.colcon_core.environment:create_file_with_runtime_dependencies(/home/monica/ros2_pelota/install/xolobot_arm/share/colcon-core/packages/xolobot_arm)
[1.454s] Level 1:colcon.colcon_core.environment:create_environment_scripts_only(xolobot_arm)
[1.454s] Level 1:colcon.colcon_core.environment:checking '/home/monica/ros2_pelota/install/xolobot_arm' for CMake module files
[1.457s] Level 1:colcon.colcon_core.environment:checking '/home/monica/ros2_pelota/install/xolobot_arm' for CMake config files
[1.462s] Level 1:colcon.colcon_core.shell:create_environment_hook('xolobot_arm', 'cmake_prefix_path')
[1.463s] INFO:colcon.colcon_core.shell:Creating environment hook '/home/monica/ros2_pelota/install/xolobot_arm/share/xolobot_arm/hook/cmake_prefix_path.ps1'
[1.464s] INFO:colcon.colcon_core.shell:Creating environment descriptor '/home/monica/ros2_pelota/install/xolobot_arm/share/xolobot_arm/hook/cmake_prefix_path.dsv'
[1.466s] INFO:colcon.colcon_core.shell:Creating environment hook '/home/monica/ros2_pelota/install/xolobot_arm/share/xolobot_arm/hook/cmake_prefix_path.sh'
[1.470s] Level 1:colcon.colcon_core.environment:checking '/home/monica/ros2_pelota/install/xolobot_arm/bin'
[1.470s] Level 1:colcon.colcon_core.environment:checking '/home/monica/ros2_pelota/install/xolobot_arm/lib/pkgconfig/xolobot_arm.pc'
[1.471s] Level 1:colcon.colcon_core.environment:checking '/home/monica/ros2_pelota/install/xolobot_arm/lib/python3.10/site-packages'
[1.471s] Level 1:colcon.colcon_core.environment:checking '/home/monica/ros2_pelota/install/xolobot_arm/bin'
[1.472s] INFO:colcon.colcon_core.shell:Creating package script '/home/monica/ros2_pelota/install/xolobot_arm/share/xolobot_arm/package.ps1'
[1.475s] INFO:colcon.colcon_core.shell:Creating package descriptor '/home/monica/ros2_pelota/install/xolobot_arm/share/xolobot_arm/package.dsv'
[1.478s] INFO:colcon.colcon_core.shell:Creating package script '/home/monica/ros2_pelota/install/xolobot_arm/share/xolobot_arm/package.sh'
[1.480s] INFO:colcon.colcon_core.shell:Creating package script '/home/monica/ros2_pelota/install/xolobot_arm/share/xolobot_arm/package.bash'
[1.482s] INFO:colcon.colcon_core.shell:Creating package script '/home/monica/ros2_pelota/install/xolobot_arm/share/xolobot_arm/package.zsh'
[1.483s] Level 1:colcon.colcon_core.environment:create_file_with_runtime_dependencies(/home/monica/ros2_pelota/install/xolobot_arm/share/colcon-core/packages/xolobot_arm)
[1.487s] INFO:colcon.colcon_ros.task.ament_cmake.build:Building ROS package in '/home/monica/ros2_pelota/src/xolobot_control' with build type 'ament_cmake'
[1.488s] INFO:colcon.colcon_cmake.task.cmake.build:Building CMake package in '/home/monica/ros2_pelota/src/xolobot_control'
[1.490s] INFO:colcon.colcon_core.shell:Skip shell extension 'powershell' for command environment: Not usable outside of PowerShell
[1.490s] DEBUG:colcon.colcon_core.shell:Skip shell extension 'dsv' for command environment
[1.548s] DEBUG:colcon.colcon_core.event_handler.log_command:Invoking command in '/home/monica/ros2_pelota/build/xolobot_control': CMAKE_PREFIX_PATH=${CMAKE_PREFIX_PATH}:/opt/ros/iron /usr/bin/cmake --build /home/monica/ros2_pelota/build/xolobot_control -- -j2 -l2
[1.671s] DEBUG:colcon.colcon_core.event_handler.log_command:Invoked command in '/home/monica/ros2_pelota/build/xolobot_control' returned '0': CMAKE_PREFIX_PATH=${CMAKE_PREFIX_PATH}:/opt/ros/iron /usr/bin/cmake --build /home/monica/ros2_pelota/build/xolobot_control -- -j2 -l2
[1.673s] DEBUG:colcon.colcon_core.event_handler.log_command:Invoking command in '/home/monica/ros2_pelota/build/xolobot_control': CMAKE_PREFIX_PATH=${CMAKE_PREFIX_PATH}:/opt/ros/iron /usr/bin/cmake --install /home/monica/ros2_pelota/build/xolobot_control
[1.724s] Level 1:colcon.colcon_core.environment:create_environment_scripts_only(xolobot_control)
[1.725s] Level 1:colcon.colcon_core.environment:checking '/home/monica/ros2_pelota/install/xolobot_control' for CMake module files
[1.730s] DEBUG:colcon.colcon_core.event_handler.log_command:Invoked command in '/home/monica/ros2_pelota/build/xolobot_control' returned '0': CMAKE_PREFIX_PATH=${CMAKE_PREFIX_PATH}:/opt/ros/iron /usr/bin/cmake --install /home/monica/ros2_pelota/build/xolobot_control
[1.732s] Level 1:colcon.colcon_core.environment:checking '/home/monica/ros2_pelota/install/xolobot_control' for CMake config files
[1.733s] Level 1:colcon.colcon_core.shell:create_environment_hook('xolobot_control', 'cmake_prefix_path')
[1.734s] INFO:colcon.colcon_core.shell:Creating environment hook '/home/monica/ros2_pelota/install/xolobot_control/share/xolobot_control/hook/cmake_prefix_path.ps1'
[1.738s] INFO:colcon.colcon_core.shell:Creating environment descriptor '/home/monica/ros2_pelota/install/xolobot_control/share/xolobot_control/hook/cmake_prefix_path.dsv'
[1.742s] INFO:colcon.colcon_core.shell:Creating environment hook '/home/monica/ros2_pelota/install/xolobot_control/share/xolobot_control/hook/cmake_prefix_path.sh'
[1.747s] Level 1:colcon.colcon_core.environment:checking '/home/monica/ros2_pelota/install/xolobot_control/bin'
[1.748s] Level 1:colcon.colcon_core.environment:checking '/home/monica/ros2_pelota/install/xolobot_control/lib/pkgconfig/xolobot_control.pc'
[1.748s] Level 1:colcon.colcon_core.environment:checking '/home/monica/ros2_pelota/install/xolobot_control/lib/python3.10/site-packages'
[1.750s] Level 1:colcon.colcon_core.environment:checking '/home/monica/ros2_pelota/install/xolobot_control/bin'
[1.751s] INFO:colcon.colcon_core.shell:Creating package script '/home/monica/ros2_pelota/install/xolobot_control/share/xolobot_control/package.ps1'
[1.754s] INFO:colcon.colcon_core.shell:Creating package descriptor '/home/monica/ros2_pelota/install/xolobot_control/share/xolobot_control/package.dsv'
[1.759s] INFO:colcon.colcon_core.shell:Creating package script '/home/monica/ros2_pelota/install/xolobot_control/share/xolobot_control/package.sh'
[1.760s] INFO:colcon.colcon_core.shell:Creating package script '/home/monica/ros2_pelota/install/xolobot_control/share/xolobot_control/package.bash'
[1.763s] INFO:colcon.colcon_core.shell:Creating package script '/home/monica/ros2_pelota/install/xolobot_control/share/xolobot_control/package.zsh'
[1.765s] Level 1:colcon.colcon_core.environment:create_file_with_runtime_dependencies(/home/monica/ros2_pelota/install/xolobot_control/share/colcon-core/packages/xolobot_control)
[1.770s] Level 1:colcon.colcon_core.environment:create_environment_scripts_only(xolobot_control)
[1.773s] Level 1:colcon.colcon_core.environment:checking '/home/monica/ros2_pelota/install/xolobot_control' for CMake module files
[1.776s] Level 1:colcon.colcon_core.environment:checking '/home/monica/ros2_pelota/install/xolobot_control' for CMake config files
[1.778s] Level 1:colcon.colcon_core.shell:create_environment_hook('xolobot_control', 'cmake_prefix_path')
[1.778s] INFO:colcon.colcon_core.shell:Creating environment hook '/home/monica/ros2_pelota/install/xolobot_control/share/xolobot_control/hook/cmake_prefix_path.ps1'
[1.779s] INFO:colcon.colcon_core.shell:Creating environment descriptor '/home/monica/ros2_pelota/install/xolobot_control/share/xolobot_control/hook/cmake_prefix_path.dsv'
[1.780s] INFO:colcon.colcon_core.shell:Creating environment hook '/home/monica/ros2_pelota/install/xolobot_control/share/xolobot_control/hook/cmake_prefix_path.sh'
[1.781s] Level 1:colcon.colcon_core.environment:checking '/home/monica/ros2_pelota/install/xolobot_control/bin'
[1.782s] Level 1:colcon.colcon_core.environment:checking '/home/monica/ros2_pelota/install/xolobot_control/lib/pkgconfig/xolobot_control.pc'
[1.782s] Level 1:colcon.colcon_core.environment:checking '/home/monica/ros2_pelota/install/xolobot_control/lib/python3.10/site-packages'
[1.783s] Level 1:colcon.colcon_core.environment:checking '/home/monica/ros2_pelota/install/xolobot_control/bin'
[1.786s] INFO:colcon.colcon_core.shell:Creating package script '/home/monica/ros2_pelota/install/xolobot_control/share/xolobot_control/package.ps1'
[1.787s] INFO:colcon.colcon_core.shell:Creating package descriptor '/home/monica/ros2_pelota/install/xolobot_control/share/xolobot_control/package.dsv'
[1.788s] INFO:colcon.colcon_core.shell:Creating package script '/home/monica/ros2_pelota/install/xolobot_control/share/xolobot_control/package.sh'
[1.789s] INFO:colcon.colcon_core.shell:Creating package script '/home/monica/ros2_pelota/install/xolobot_control/share/xolobot_control/package.bash'
[1.792s] INFO:colcon.colcon_core.shell:Creating package script '/home/monica/ros2_pelota/install/xolobot_control/share/xolobot_control/package.zsh'
[1.793s] Level 1:colcon.colcon_core.environment:create_file_with_runtime_dependencies(/home/monica/ros2_pelota/install/xolobot_control/share/colcon-core/packages/xolobot_control)
[3.103s] DEBUG:colcon.colcon_core.event_handler.log_command:Invoked command in '/home/monica/ros2_pelota/build/linkattacher_msgs' returned '0': CMAKE_PREFIX_PATH=${CMAKE_PREFIX_PATH}:/opt/ros/iron /usr/bin/cmake --build /home/monica/ros2_pelota/build/linkattacher_msgs -- -j2 -l2
[3.107s] DEBUG:colcon.colcon_core.event_handler.log_command:Invoking command in '/home/monica/ros2_pelota/build/linkattacher_msgs': CMAKE_PREFIX_PATH=${CMAKE_PREFIX_PATH}:/opt/ros/iron /usr/bin/cmake --install /home/monica/ros2_pelota/build/linkattacher_msgs
[3.320s] Level 1:colcon.colcon_core.environment:create_environment_scripts_only(linkattacher_msgs)
[3.321s] Level 1:colcon.colcon_core.environment:checking '/home/monica/ros2_pelota/install/linkattacher_msgs' for CMake module files
[3.322s] DEBUG:colcon.colcon_core.event_handler.log_command:Invoked command in '/home/monica/ros2_pelota/build/linkattacher_msgs' returned '0': CMAKE_PREFIX_PATH=${CMAKE_PREFIX_PATH}:/opt/ros/iron /usr/bin/cmake --install /home/monica/ros2_pelota/build/linkattacher_msgs
[3.325s] Level 1:colcon.colcon_core.environment:checking '/home/monica/ros2_pelota/install/linkattacher_msgs' for CMake config files
[3.327s] Level 1:colcon.colcon_core.shell:create_environment_hook('linkattacher_msgs', 'cmake_prefix_path')
[3.328s] INFO:colcon.colcon_core.shell:Creating environment hook '/home/monica/ros2_pelota/install/linkattacher_msgs/share/linkattacher_msgs/hook/cmake_prefix_path.ps1'
[3.329s] INFO:colcon.colcon_core.shell:Creating environment descriptor '/home/monica/ros2_pelota/install/linkattacher_msgs/share/linkattacher_msgs/hook/cmake_prefix_path.dsv'
[3.332s] INFO:colcon.colcon_core.shell:Creating environment hook '/home/monica/ros2_pelota/install/linkattacher_msgs/share/linkattacher_msgs/hook/cmake_prefix_path.sh'
[3.334s] Level 1:colcon.colcon_core.environment:checking '/home/monica/ros2_pelota/install/linkattacher_msgs/lib'
[3.335s] Level 1:colcon.colcon_core.shell:create_environment_hook('linkattacher_msgs', 'ld_library_path_lib')
[3.335s] INFO:colcon.colcon_core.shell:Creating environment hook '/home/monica/ros2_pelota/install/linkattacher_msgs/share/linkattacher_msgs/hook/ld_library_path_lib.ps1'
[3.338s] INFO:colcon.colcon_core.shell:Creating environment descriptor '/home/monica/ros2_pelota/install/linkattacher_msgs/share/linkattacher_msgs/hook/ld_library_path_lib.dsv'
[3.339s] INFO:colcon.colcon_core.shell:Creating environment hook '/home/monica/ros2_pelota/install/linkattacher_msgs/share/linkattacher_msgs/hook/ld_library_path_lib.sh'
[3.342s] Level 1:colcon.colcon_core.environment:checking '/home/monica/ros2_pelota/install/linkattacher_msgs/bin'
[3.342s] Level 1:colcon.colcon_core.environment:checking '/home/monica/ros2_pelota/install/linkattacher_msgs/lib/pkgconfig/linkattacher_msgs.pc'
[3.342s] Level 1:colcon.colcon_core.environment:checking '/home/monica/ros2_pelota/install/linkattacher_msgs/lib/python3.10/site-packages'
[3.343s] Level 1:colcon.colcon_core.shell:create_environment_hook('linkattacher_msgs', 'pythonpath')
[3.344s] INFO:colcon.colcon_core.shell:Creating environment hook '/home/monica/ros2_pelota/install/linkattacher_msgs/share/linkattacher_msgs/hook/pythonpath.ps1'
[3.345s] INFO:colcon.colcon_core.shell:Creating environment descriptor '/home/monica/ros2_pelota/install/linkattacher_msgs/share/linkattacher_msgs/hook/pythonpath.dsv'
[3.346s] INFO:colcon.colcon_core.shell:Creating environment hook '/home/monica/ros2_pelota/install/linkattacher_msgs/share/linkattacher_msgs/hook/pythonpath.sh'
[3.349s] Level 1:colcon.colcon_core.environment:checking '/home/monica/ros2_pelota/install/linkattacher_msgs/bin'
[3.350s] INFO:colcon.colcon_core.shell:Creating package script '/home/monica/ros2_pelota/install/linkattacher_msgs/share/linkattacher_msgs/package.ps1'
[3.351s] INFO:colcon.colcon_core.shell:Creating package descriptor '/home/monica/ros2_pelota/install/linkattacher_msgs/share/linkattacher_msgs/package.dsv'
[3.353s] INFO:colcon.colcon_core.shell:Creating package script '/home/monica/ros2_pelota/install/linkattacher_msgs/share/linkattacher_msgs/package.sh'
[3.354s] INFO:colcon.colcon_core.shell:Creating package script '/home/monica/ros2_pelota/install/linkattacher_msgs/share/linkattacher_msgs/package.bash'
[3.355s] INFO:colcon.colcon_core.shell:Creating package script '/home/monica/ros2_pelota/install/linkattacher_msgs/share/linkattacher_msgs/package.zsh'
[3.356s] Level 1:colcon.colcon_core.environment:create_file_with_runtime_dependencies(/home/monica/ros2_pelota/install/linkattacher_msgs/share/colcon-core/packages/linkattacher_msgs)
[3.358s] Level 1:colcon.colcon_core.environment:create_environment_scripts_only(linkattacher_msgs)
[3.359s] Level 1:colcon.colcon_core.environment:checking '/home/monica/ros2_pelota/install/linkattacher_msgs' for CMake module files
[3.361s] Level 1:colcon.colcon_core.environment:checking '/home/monica/ros2_pelota/install/linkattacher_msgs' for CMake config files
[3.363s] Level 1:colcon.colcon_core.shell:create_environment_hook('linkattacher_msgs', 'cmake_prefix_path')
[3.364s] INFO:colcon.colcon_core.shell:Creating environment hook '/home/monica/ros2_pelota/install/linkattacher_msgs/share/linkattacher_msgs/hook/cmake_prefix_path.ps1'
[3.365s] INFO:colcon.colcon_core.shell:Creating environment descriptor '/home/monica/ros2_pelota/install/linkattacher_msgs/share/linkattacher_msgs/hook/cmake_prefix_path.dsv'
[3.366s] INFO:colcon.colcon_core.shell:Creating environment hook '/home/monica/ros2_pelota/install/linkattacher_msgs/share/linkattacher_msgs/hook/cmake_prefix_path.sh'
[3.368s] Level 1:colcon.colcon_core.environment:checking '/home/monica/ros2_pelota/install/linkattacher_msgs/lib'
[3.368s] Level 1:colcon.colcon_core.shell:create_environment_hook('linkattacher_msgs', 'ld_library_path_lib')
[3.369s] INFO:colcon.colcon_core.shell:Creating environment hook '/home/monica/ros2_pelota/install/linkattacher_msgs/share/linkattacher_msgs/hook/ld_library_path_lib.ps1'
[3.370s] INFO:colcon.colcon_core.shell:Creating environment descriptor '/home/monica/ros2_pelota/install/linkattacher_msgs/share/linkattacher_msgs/hook/ld_library_path_lib.dsv'
[3.371s] INFO:colcon.colcon_core.shell:Creating environment hook '/home/monica/ros2_pelota/install/linkattacher_msgs/share/linkattacher_msgs/hook/ld_library_path_lib.sh'
[3.372s] Level 1:colcon.colcon_core.environment:checking '/home/monica/ros2_pelota/install/linkattacher_msgs/bin'
[3.372s] Level 1:colcon.colcon_core.environment:checking '/home/monica/ros2_pelota/install/linkattacher_msgs/lib/pkgconfig/linkattacher_msgs.pc'
[3.374s] Level 1:colcon.colcon_core.environment:checking '/home/monica/ros2_pelota/install/linkattacher_msgs/lib/python3.10/site-packages'
[3.374s] Level 1:colcon.colcon_core.shell:create_environment_hook('linkattacher_msgs', 'pythonpath')
[3.374s] INFO:colcon.colcon_core.shell:Creating environment hook '/home/monica/ros2_pelota/install/linkattacher_msgs/share/linkattacher_msgs/hook/pythonpath.ps1'
[3.375s] INFO:colcon.colcon_core.shell:Creating environment descriptor '/home/monica/ros2_pelota/install/linkattacher_msgs/share/linkattacher_msgs/hook/pythonpath.dsv'
[3.377s] INFO:colcon.colcon_core.shell:Creating environment hook '/home/monica/ros2_pelota/install/linkattacher_msgs/share/linkattacher_msgs/hook/pythonpath.sh'
[3.378s] Level 1:colcon.colcon_core.environment:checking '/home/monica/ros2_pelota/install/linkattacher_msgs/bin'
[3.379s] INFO:colcon.colcon_core.shell:Creating package script '/home/monica/ros2_pelota/install/linkattacher_msgs/share/linkattacher_msgs/package.ps1'
[3.381s] INFO:colcon.colcon_core.shell:Creating package descriptor '/home/monica/ros2_pelota/install/linkattacher_msgs/share/linkattacher_msgs/package.dsv'
[3.382s] INFO:colcon.colcon_core.shell:Creating package script '/home/monica/ros2_pelota/install/linkattacher_msgs/share/linkattacher_msgs/package.sh'
[3.383s] INFO:colcon.colcon_core.shell:Creating package script '/home/monica/ros2_pelota/install/linkattacher_msgs/share/linkattacher_msgs/package.bash'
[3.384s] INFO:colcon.colcon_core.shell:Creating package script '/home/monica/ros2_pelota/install/linkattacher_msgs/share/linkattacher_msgs/package.zsh'
[3.385s] Level 1:colcon.colcon_core.environment:create_file_with_runtime_dependencies(/home/monica/ros2_pelota/install/linkattacher_msgs/share/colcon-core/packages/linkattacher_msgs)
[3.386s] INFO:colcon.colcon_ros.task.ament_cmake.build:Building ROS package in '/home/monica/ros2_pelota/src/ros2_linkattacher' with build type 'ament_cmake'
[3.387s] INFO:colcon.colcon_cmake.task.cmake.build:Building CMake package in '/home/monica/ros2_pelota/src/ros2_linkattacher'
[3.387s] INFO:colcon.colcon_core.shell:Skip shell extension 'powershell' for command environment: Not usable outside of PowerShell
[3.388s] DEBUG:colcon.colcon_core.shell:Skip shell extension 'dsv' for command environment
[3.403s] INFO:colcon.colcon_ros.task.ament_cmake.build:Building ROS package in '/home/monica/ros2_pelota/src/xolobot_arm_server' with build type 'ament_cmake'
[3.404s] INFO:colcon.colcon_cmake.task.cmake.build:Building CMake package in '/home/monica/ros2_pelota/src/xolobot_arm_server'
[3.404s] INFO:colcon.colcon_core.shell:Skip shell extension 'powershell' for command environment: Not usable outside of PowerShell
[3.404s] DEBUG:colcon.colcon_core.shell:Skip shell extension 'dsv' for command environment
[3.450s] DEBUG:colcon.colcon_core.event_handler.log_command:Invoking command in '/home/monica/ros2_pelota/build/ros2_linkattacher': CMAKE_PREFIX_PATH=/home/monica/ros2_pelota/install/linkattacher_msgs:/home/monica/ros2_pelota/install/xolobot_control:/home/monica/ros2_pelota/install/xolobot_arm_server:/home/monica/ros2_pelota/install/xolobot_arm:/home/monica/ros2_pelota/install/ros2_linkattacher:/home/monica/ros2_ws/install/xolobot_control:/home/monica/ros2_ws/install/xolobot_arm_server:/home/monica/ros2_ws/install/xolobot_arm:/opt/ros/iron LD_LIBRARY_PATH=/home/monica/ros2_pelota/install/linkattacher_msgs/lib:/home/monica/ros2_pelota/install/ros2_linkattacher/lib:/usr/lib/x86_64-linux-gnu/gazebo-11/plugins:/opt/ros/iron/opt/rviz_ogre_vendor/lib:/opt/ros/iron/lib/x86_64-linux-gnu:/opt/ros/iron/lib:/opt/ros/iron/lib /usr/bin/cmake --build /home/monica/ros2_pelota/build/ros2_linkattacher -- -j2 -l2
[3.477s] DEBUG:colcon.colcon_core.event_handler.log_command:Invoking command in '/home/monica/ros2_pelota/build/xolobot_arm_server': CMAKE_PREFIX_PATH=/home/monica/ros2_pelota/install/linkattacher_msgs:/home/monica/ros2_pelota/install/xolobot_control:/home/monica/ros2_pelota/install/xolobot_arm_server:/home/monica/ros2_pelota/install/xolobot_arm:/home/monica/ros2_pelota/install/ros2_linkattacher:/home/monica/ros2_ws/install/xolobot_control:/home/monica/ros2_ws/install/xolobot_arm_server:/home/monica/ros2_ws/install/xolobot_arm:/opt/ros/iron LD_LIBRARY_PATH=/home/monica/ros2_pelota/install/linkattacher_msgs/lib:/home/monica/ros2_pelota/install/ros2_linkattacher/lib:/usr/lib/x86_64-linux-gnu/gazebo-11/plugins:/opt/ros/iron/opt/rviz_ogre_vendor/lib:/opt/ros/iron/lib/x86_64-linux-gnu:/opt/ros/iron/lib:/opt/ros/iron/lib /usr/bin/cmake --build /home/monica/ros2_pelota/build/xolobot_arm_server -- -j2 -l2
[3.750s] DEBUG:colcon.colcon_core.event_handler.log_command:Invoked command in '/home/monica/ros2_pelota/build/ros2_linkattacher' returned '0': CMAKE_PREFIX_PATH=/home/monica/ros2_pelota/install/linkattacher_msgs:/home/monica/ros2_pelota/install/xolobot_control:/home/monica/ros2_pelota/install/xolobot_arm_server:/home/monica/ros2_pelota/install/xolobot_arm:/home/monica/ros2_pelota/install/ros2_linkattacher:/home/monica/ros2_ws/install/xolobot_control:/home/monica/ros2_ws/install/xolobot_arm_server:/home/monica/ros2_ws/install/xolobot_arm:/opt/ros/iron LD_LIBRARY_PATH=/home/monica/ros2_pelota/install/linkattacher_msgs/lib:/home/monica/ros2_pelota/install/ros2_linkattacher/lib:/usr/lib/x86_64-linux-gnu/gazebo-11/plugins:/opt/ros/iron/opt/rviz_ogre_vendor/lib:/opt/ros/iron/lib/x86_64-linux-gnu:/opt/ros/iron/lib:/opt/ros/iron/lib /usr/bin/cmake --build /home/monica/ros2_pelota/build/ros2_linkattacher -- -j2 -l2
[3.758s] DEBUG:colcon.colcon_core.event_handler.log_command:Invoking command in '/home/monica/ros2_pelota/build/ros2_linkattacher': CMAKE_PREFIX_PATH=/home/monica/ros2_pelota/install/linkattacher_msgs:/home/monica/ros2_pelota/install/xolobot_control:/home/monica/ros2_pelota/install/xolobot_arm_server:/home/monica/ros2_pelota/install/xolobot_arm:/home/monica/ros2_pelota/install/ros2_linkattacher:/home/monica/ros2_ws/install/xolobot_control:/home/monica/ros2_ws/install/xolobot_arm_server:/home/monica/ros2_ws/install/xolobot_arm:/opt/ros/iron LD_LIBRARY_PATH=/home/monica/ros2_pelota/install/linkattacher_msgs/lib:/home/monica/ros2_pelota/install/ros2_linkattacher/lib:/usr/lib/x86_64-linux-gnu/gazebo-11/plugins:/opt/ros/iron/opt/rviz_ogre_vendor/lib:/opt/ros/iron/lib/x86_64-linux-gnu:/opt/ros/iron/lib:/opt/ros/iron/lib /usr/bin/cmake --install /home/monica/ros2_pelota/build/ros2_linkattacher
[3.825s] Level 1:colcon.colcon_core.environment:create_environment_scripts_only(ros2_linkattacher)
[3.828s] Level 1:colcon.colcon_core.environment:checking '/home/monica/ros2_pelota/install/ros2_linkattacher' for CMake module files
[3.827s] DEBUG:colcon.colcon_core.event_handler.log_command:Invoked command in '/home/monica/ros2_pelota/build/ros2_linkattacher' returned '0': CMAKE_PREFIX_PATH=/home/monica/ros2_pelota/install/linkattacher_msgs:/home/monica/ros2_pelota/install/xolobot_control:/home/monica/ros2_pelota/install/xolobot_arm_server:/home/monica/ros2_pelota/install/xolobot_arm:/home/monica/ros2_pelota/install/ros2_linkattacher:/home/monica/ros2_ws/install/xolobot_control:/home/monica/ros2_ws/install/xolobot_arm_server:/home/monica/ros2_ws/install/xolobot_arm:/opt/ros/iron LD_LIBRARY_PATH=/home/monica/ros2_pelota/install/linkattacher_msgs/lib:/home/monica/ros2_pelota/install/ros2_linkattacher/lib:/usr/lib/x86_64-linux-gnu/gazebo-11/plugins:/opt/ros/iron/opt/rviz_ogre_vendor/lib:/opt/ros/iron/lib/x86_64-linux-gnu:/opt/ros/iron/lib:/opt/ros/iron/lib /usr/bin/cmake --install /home/monica/ros2_pelota/build/ros2_linkattacher
[3.835s] Level 1:colcon.colcon_core.environment:checking '/home/monica/ros2_pelota/install/ros2_linkattacher' for CMake config files
[3.838s] Level 1:colcon.colcon_core.shell:create_environment_hook('ros2_linkattacher', 'cmake_prefix_path')
[3.839s] INFO:colcon.colcon_core.shell:Creating environment hook '/home/monica/ros2_pelota/install/ros2_linkattacher/share/ros2_linkattacher/hook/cmake_prefix_path.ps1'
[3.842s] INFO:colcon.colcon_core.shell:Creating environment descriptor '/home/monica/ros2_pelota/install/ros2_linkattacher/share/ros2_linkattacher/hook/cmake_prefix_path.dsv'
[3.843s] INFO:colcon.colcon_core.shell:Creating environment hook '/home/monica/ros2_pelota/install/ros2_linkattacher/share/ros2_linkattacher/hook/cmake_prefix_path.sh'
[3.848s] Level 1:colcon.colcon_core.environment:checking '/home/monica/ros2_pelota/install/ros2_linkattacher/lib'
[3.849s] Level 1:colcon.colcon_core.shell:create_environment_hook('ros2_linkattacher', 'ld_library_path_lib')
[3.849s] INFO:colcon.colcon_core.shell:Creating environment hook '/home/monica/ros2_pelota/install/ros2_linkattacher/share/ros2_linkattacher/hook/ld_library_path_lib.ps1'
[3.852s] INFO:colcon.colcon_core.shell:Creating environment descriptor '/home/monica/ros2_pelota/install/ros2_linkattacher/share/ros2_linkattacher/hook/ld_library_path_lib.dsv'
[3.853s] INFO:colcon.colcon_core.shell:Creating environment hook '/home/monica/ros2_pelota/install/ros2_linkattacher/share/ros2_linkattacher/hook/ld_library_path_lib.sh'
[3.854s] Level 1:colcon.colcon_core.environment:checking '/home/monica/ros2_pelota/install/ros2_linkattacher/bin'
[3.854s] Level 1:colcon.colcon_core.environment:checking '/home/monica/ros2_pelota/install/ros2_linkattacher/lib/pkgconfig/ros2_linkattacher.pc'
[3.854s] Level 1:colcon.colcon_core.environment:checking '/home/monica/ros2_pelota/install/ros2_linkattacher/lib/python3.10/site-packages'
[3.855s] Level 1:colcon.colcon_core.environment:checking '/home/monica/ros2_pelota/install/ros2_linkattacher/bin'
[3.856s] INFO:colcon.colcon_core.shell:Creating package script '/home/monica/ros2_pelota/install/ros2_linkattacher/share/ros2_linkattacher/package.ps1'
[3.857s] INFO:colcon.colcon_core.shell:Creating package descriptor '/home/monica/ros2_pelota/install/ros2_linkattacher/share/ros2_linkattacher/package.dsv'
[3.858s] INFO:colcon.colcon_core.shell:Creating package script '/home/monica/ros2_pelota/install/ros2_linkattacher/share/ros2_linkattacher/package.sh'
[3.858s] INFO:colcon.colcon_core.shell:Creating package script '/home/monica/ros2_pelota/install/ros2_linkattacher/share/ros2_linkattacher/package.bash'
[3.859s] INFO:colcon.colcon_core.shell:Creating package script '/home/monica/ros2_pelota/install/ros2_linkattacher/share/ros2_linkattacher/package.zsh'
[3.860s] Level 1:colcon.colcon_core.environment:create_file_with_runtime_dependencies(/home/monica/ros2_pelota/install/ros2_linkattacher/share/colcon-core/packages/ros2_linkattacher)
[3.861s] Level 1:colcon.colcon_core.environment:create_environment_scripts_only(ros2_linkattacher)
[3.862s] Level 1:colcon.colcon_core.environment:checking '/home/monica/ros2_pelota/install/ros2_linkattacher' for CMake module files
[3.863s] Level 1:colcon.colcon_core.environment:checking '/home/monica/ros2_pelota/install/ros2_linkattacher' for CMake config files
[3.864s] Level 1:colcon.colcon_core.shell:create_environment_hook('ros2_linkattacher', 'cmake_prefix_path')
[3.864s] INFO:colcon.colcon_core.shell:Creating environment hook '/home/monica/ros2_pelota/install/ros2_linkattacher/share/ros2_linkattacher/hook/cmake_prefix_path.ps1'
[3.865s] INFO:colcon.colcon_core.shell:Creating environment descriptor '/home/monica/ros2_pelota/install/ros2_linkattacher/share/ros2_linkattacher/hook/cmake_prefix_path.dsv'
[3.866s] INFO:colcon.colcon_core.shell:Creating environment hook '/home/monica/ros2_pelota/install/ros2_linkattacher/share/ros2_linkattacher/hook/cmake_prefix_path.sh'
[3.867s] Level 1:colcon.colcon_core.environment:checking '/home/monica/ros2_pelota/install/ros2_linkattacher/lib'
[3.867s] Level 1:colcon.colcon_core.shell:create_environment_hook('ros2_linkattacher', 'ld_library_path_lib')
[3.868s] INFO:colcon.colcon_core.shell:Creating environment hook '/home/monica/ros2_pelota/install/ros2_linkattacher/share/ros2_linkattacher/hook/ld_library_path_lib.ps1'
[3.869s] INFO:colcon.colcon_core.shell:Creating environment descriptor '/home/monica/ros2_pelota/install/ros2_linkattacher/share/ros2_linkattacher/hook/ld_library_path_lib.dsv'
[3.870s] INFO:colcon.colcon_core.shell:Creating environment hook '/home/monica/ros2_pelota/install/ros2_linkattacher/share/ros2_linkattacher/hook/ld_library_path_lib.sh'
[3.870s] Level 1:colcon.colcon_core.environment:checking '/home/monica/ros2_pelota/install/ros2_linkattacher/bin'
[3.870s] Level 1:colcon.colcon_core.environment:checking '/home/monica/ros2_pelota/install/ros2_linkattacher/lib/pkgconfig/ros2_linkattacher.pc'
[3.871s] Level 1:colcon.colcon_core.environment:checking '/home/monica/ros2_pelota/install/ros2_linkattacher/lib/python3.10/site-packages'
[3.871s] Level 1:colcon.colcon_core.environment:checking '/home/monica/ros2_pelota/install/ros2_linkattacher/bin'
[3.872s] INFO:colcon.colcon_core.shell:Creating package script '/home/monica/ros2_pelota/install/ros2_linkattacher/share/ros2_linkattacher/package.ps1'
[3.874s] INFO:colcon.colcon_core.shell:Creating package descriptor '/home/monica/ros2_pelota/install/ros2_linkattacher/share/ros2_linkattacher/package.dsv'
[3.875s] INFO:colcon.colcon_core.shell:Creating package script '/home/monica/ros2_pelota/install/ros2_linkattacher/share/ros2_linkattacher/package.sh'
[3.876s] INFO:colcon.colcon_core.shell:Creating package script '/home/monica/ros2_pelota/install/ros2_linkattacher/share/ros2_linkattacher/package.bash'
[3.877s] INFO:colcon.colcon_core.shell:Creating package script '/home/monica/ros2_pelota/install/ros2_linkattacher/share/ros2_linkattacher/package.zsh'
[3.878s] Level 1:colcon.colcon_core.environment:create_file_with_runtime_dependencies(/home/monica/ros2_pelota/install/ros2_linkattacher/share/colcon-core/packages/ros2_linkattacher)
[3.881s] DEBUG:colcon.colcon_core.event_handler.log_command:Invoked command in '/home/monica/ros2_pelota/build/xolobot_arm_server' returned '0': CMAKE_PREFIX_PATH=/home/monica/ros2_pelota/install/linkattacher_msgs:/home/monica/ros2_pelota/install/xolobot_control:/home/monica/ros2_pelota/install/xolobot_arm_server:/home/monica/ros2_pelota/install/xolobot_arm:/home/monica/ros2_pelota/install/ros2_linkattacher:/home/monica/ros2_ws/install/xolobot_control:/home/monica/ros2_ws/install/xolobot_arm_server:/home/monica/ros2_ws/install/xolobot_arm:/opt/ros/iron LD_LIBRARY_PATH=/home/monica/ros2_pelota/install/linkattacher_msgs/lib:/home/monica/ros2_pelota/install/ros2_linkattacher/lib:/usr/lib/x86_64-linux-gnu/gazebo-11/plugins:/opt/ros/iron/opt/rviz_ogre_vendor/lib:/opt/ros/iron/lib/x86_64-linux-gnu:/opt/ros/iron/lib:/opt/ros/iron/lib /usr/bin/cmake --build /home/monica/ros2_pelota/build/xolobot_arm_server -- -j2 -l2
[3.885s] DEBUG:colcon.colcon_core.event_handler.log_command:Invoking command in '/home/monica/ros2_pelota/build/xolobot_arm_server': CMAKE_PREFIX_PATH=/home/monica/ros2_pelota/install/linkattacher_msgs:/home/monica/ros2_pelota/install/xolobot_control:/home/monica/ros2_pelota/install/xolobot_arm_server:/home/monica/ros2_pelota/install/xolobot_arm:/home/monica/ros2_pelota/install/ros2_linkattacher:/home/monica/ros2_ws/install/xolobot_control:/home/monica/ros2_ws/install/xolobot_arm_server:/home/monica/ros2_ws/install/xolobot_arm:/opt/ros/iron LD_LIBRARY_PATH=/home/monica/ros2_pelota/install/linkattacher_msgs/lib:/home/monica/ros2_pelota/install/ros2_linkattacher/lib:/usr/lib/x86_64-linux-gnu/gazebo-11/plugins:/opt/ros/iron/opt/rviz_ogre_vendor/lib:/opt/ros/iron/lib/x86_64-linux-gnu:/opt/ros/iron/lib:/opt/ros/iron/lib /usr/bin/cmake --install /home/monica/ros2_pelota/build/xolobot_arm_server
[3.920s] Level 1:colcon.colcon_core.environment:create_environment_scripts_only(xolobot_arm_server)
[3.921s] Level 1:colcon.colcon_core.environment:checking '/home/monica/ros2_pelota/install/xolobot_arm_server' for CMake module files
[3.924s] DEBUG:colcon.colcon_core.event_handler.log_command:Invoked command in '/home/monica/ros2_pelota/build/xolobot_arm_server' returned '0': CMAKE_PREFIX_PATH=/home/monica/ros2_pelota/install/linkattacher_msgs:/home/monica/ros2_pelota/install/xolobot_control:/home/monica/ros2_pelota/install/xolobot_arm_server:/home/monica/ros2_pelota/install/xolobot_arm:/home/monica/ros2_pelota/install/ros2_linkattacher:/home/monica/ros2_ws/install/xolobot_control:/home/monica/ros2_ws/install/xolobot_arm_server:/home/monica/ros2_ws/install/xolobot_arm:/opt/ros/iron LD_LIBRARY_PATH=/home/monica/ros2_pelota/install/linkattacher_msgs/lib:/home/monica/ros2_pelota/install/ros2_linkattacher/lib:/usr/lib/x86_64-linux-gnu/gazebo-11/plugins:/opt/ros/iron/opt/rviz_ogre_vendor/lib:/opt/ros/iron/lib/x86_64-linux-gnu:/opt/ros/iron/lib:/opt/ros/iron/lib /usr/bin/cmake --install /home/monica/ros2_pelota/build/xolobot_arm_server
[3.925s] Level 1:colcon.colcon_core.environment:checking '/home/monica/ros2_pelota/install/xolobot_arm_server' for CMake config files
[3.928s] Level 1:colcon.colcon_core.shell:create_environment_hook('xolobot_arm_server', 'cmake_prefix_path')
[3.928s] INFO:colcon.colcon_core.shell:Creating environment hook '/home/monica/ros2_pelota/install/xolobot_arm_server/share/xolobot_arm_server/hook/cmake_prefix_path.ps1'
[3.930s] INFO:colcon.colcon_core.shell:Creating environment descriptor '/home/monica/ros2_pelota/install/xolobot_arm_server/share/xolobot_arm_server/hook/cmake_prefix_path.dsv'
[3.931s] INFO:colcon.colcon_core.shell:Creating environment hook '/home/monica/ros2_pelota/install/xolobot_arm_server/share/xolobot_arm_server/hook/cmake_prefix_path.sh'
[3.932s] Level 1:colcon.colcon_core.environment:checking '/home/monica/ros2_pelota/install/xolobot_arm_server/lib'
[3.932s] Level 1:colcon.colcon_core.environment:checking '/home/monica/ros2_pelota/install/xolobot_arm_server/bin'
[3.932s] Level 1:colcon.colcon_core.environment:checking '/home/monica/ros2_pelota/install/xolobot_arm_server/lib/pkgconfig/xolobot_arm_server.pc'
[3.933s] Level 1:colcon.colcon_core.environment:checking '/home/monica/ros2_pelota/install/xolobot_arm_server/lib/python3.10/site-packages'
[3.933s] Level 1:colcon.colcon_core.environment:checking '/home/monica/ros2_pelota/install/xolobot_arm_server/bin'
[3.934s] INFO:colcon.colcon_core.shell:Creating package script '/home/monica/ros2_pelota/install/xolobot_arm_server/share/xolobot_arm_server/package.ps1'
[3.937s] INFO:colcon.colcon_core.shell:Creating package descriptor '/home/monica/ros2_pelota/install/xolobot_arm_server/share/xolobot_arm_server/package.dsv'
[3.938s] INFO:colcon.colcon_core.shell:Creating package script '/home/monica/ros2_pelota/install/xolobot_arm_server/share/xolobot_arm_server/package.sh'
[3.939s] INFO:colcon.colcon_core.shell:Creating package script '/home/monica/ros2_pelota/install/xolobot_arm_server/share/xolobot_arm_server/package.bash'
[3.940s] INFO:colcon.colcon_core.shell:Creating package script '/home/monica/ros2_pelota/install/xolobot_arm_server/share/xolobot_arm_server/package.zsh'
[3.940s] Level 1:colcon.colcon_core.environment:create_file_with_runtime_dependencies(/home/monica/ros2_pelota/install/xolobot_arm_server/share/colcon-core/packages/xolobot_arm_server)
[3.942s] Level 1:colcon.colcon_core.environment:create_environment_scripts_only(xolobot_arm_server)
[3.942s] Level 1:colcon.colcon_core.environment:checking '/home/monica/ros2_pelota/install/xolobot_arm_server' for CMake module files
[3.945s] Level 1:colcon.colcon_core.environment:checking '/home/monica/ros2_pelota/install/xolobot_arm_server' for CMake config files
[3.946s] Level 1:colcon.colcon_core.shell:create_environment_hook('xolobot_arm_server', 'cmake_prefix_path')
[3.947s] INFO:colcon.colcon_core.shell:Creating environment hook '/home/monica/ros2_pelota/install/xolobot_arm_server/share/xolobot_arm_server/hook/cmake_prefix_path.ps1'
[3.949s] INFO:colcon.colcon_core.shell:Creating environment descriptor '/home/monica/ros2_pelota/install/xolobot_arm_server/share/xolobot_arm_server/hook/cmake_prefix_path.dsv'
[3.950s] INFO:colcon.colcon_core.shell:Creating environment hook '/home/monica/ros2_pelota/install/xolobot_arm_server/share/xolobot_arm_server/hook/cmake_prefix_path.sh'
[3.953s] Level 1:colcon.colcon_core.environment:checking '/home/monica/ros2_pelota/install/xolobot_arm_server/lib'
[3.953s] Level 1:colcon.colcon_core.environment:checking '/home/monica/ros2_pelota/install/xolobot_arm_server/bin'
[3.953s] Level 1:colcon.colcon_core.environment:checking '/home/monica/ros2_pelota/install/xolobot_arm_server/lib/pkgconfig/xolobot_arm_server.pc'
[3.955s] Level 1:colcon.colcon_core.environment:checking '/home/monica/ros2_pelota/install/xolobot_arm_server/lib/python3.10/site-packages'
[3.956s] Level 1:colcon.colcon_core.environment:checking '/home/monica/ros2_pelota/install/xolobot_arm_server/bin'
[3.957s] INFO:colcon.colcon_core.shell:Creating package script '/home/monica/ros2_pelota/install/xolobot_arm_server/share/xolobot_arm_server/package.ps1'
[3.959s] INFO:colcon.colcon_core.shell:Creating package descriptor '/home/monica/ros2_pelota/install/xolobot_arm_server/share/xolobot_arm_server/package.dsv'
[3.960s] INFO:colcon.colcon_core.shell:Creating package script '/home/monica/ros2_pelota/install/xolobot_arm_server/share/xolobot_arm_server/package.sh'
[3.961s] INFO:colcon.colcon_core.shell:Creating package script '/home/monica/ros2_pelota/install/xolobot_arm_server/share/xolobot_arm_server/package.bash'
[3.962s] INFO:colcon.colcon_core.shell:Creating package script '/home/monica/ros2_pelota/install/xolobot_arm_server/share/xolobot_arm_server/package.zsh'
[3.963s] Level 1:colcon.colcon_core.environment:create_file_with_runtime_dependencies(/home/monica/ros2_pelota/install/xolobot_arm_server/share/colcon-core/packages/xolobot_arm_server)
[3.964s] DEBUG:colcon.colcon_parallel_executor.executor.parallel:closing loop
[3.965s] DEBUG:colcon.colcon_parallel_executor.executor.parallel:loop closed
[3.965s] DEBUG:colcon.colcon_parallel_executor.executor.parallel:run_until_complete finished with '0'
[3.965s] DEBUG:colcon.colcon_core.event_reactor:joining thread
[3.986s] INFO:colcon.colcon_core.plugin_system:Skipping extension 'colcon_notification.desktop_notification.terminal_notifier': Not used on non-Darwin systems
[3.987s] INFO:colcon.colcon_core.plugin_system:Skipping extension 'colcon_notification.desktop_notification.win32': Not used on non-Windows systems
[3.988s] INFO:colcon.colcon_notification.desktop_notification:Sending desktop notification using 'notify2'
[4.023s] DEBUG:colcon.colcon_core.event_reactor:joined thread
[4.024s] INFO:colcon.colcon_core.shell:Creating prefix script '/home/monica/ros2_pelota/install/local_setup.ps1'
[4.029s] INFO:colcon.colcon_core.shell:Creating prefix util module '/home/monica/ros2_pelota/install/_local_setup_util_ps1.py'
[4.034s] INFO:colcon.colcon_core.shell:Creating prefix chain script '/home/monica/ros2_pelota/install/setup.ps1'
[4.038s] INFO:colcon.colcon_core.shell:Creating prefix script '/home/monica/ros2_pelota/install/local_setup.sh'
[4.040s] INFO:colcon.colcon_core.shell:Creating prefix util module '/home/monica/ros2_pelota/install/_local_setup_util_sh.py'
[4.041s] INFO:colcon.colcon_core.shell:Creating prefix chain script '/home/monica/ros2_pelota/install/setup.sh'
[4.047s] INFO:colcon.colcon_core.shell:Creating prefix script '/home/monica/ros2_pelota/install/local_setup.bash'
[4.051s] INFO:colcon.colcon_core.shell:Creating prefix chain script '/home/monica/ros2_pelota/install/setup.bash'
[4.056s] INFO:colcon.colcon_core.shell:Creating prefix script '/home/monica/ros2_pelota/install/local_setup.zsh'
[4.057s] INFO:colcon.colcon_core.shell:Creating prefix chain script '/home/monica/ros2_pelota/install/setup.zsh'
